[2026-01-09T03:57:22.471+0000] {local_task_job_runner.py:123} INFO - ::group::Pre task execution logs
[2026-01-09T03:57:22.481+0000] {taskinstance.py:2613} INFO - Dependencies all met for dep_context=non-requeueable deps ti=<TaskInstance: retail_dbt_daily_pipeline.dbt_deps manual__2026-01-09T03:57:21+00:00 [queued]>
[2026-01-09T03:57:22.485+0000] {taskinstance.py:2613} INFO - Dependencies all met for dep_context=requeueable deps ti=<TaskInstance: retail_dbt_daily_pipeline.dbt_deps manual__2026-01-09T03:57:21+00:00 [queued]>
[2026-01-09T03:57:22.486+0000] {taskinstance.py:2866} INFO - Starting attempt 1 of 2
[2026-01-09T03:57:22.492+0000] {taskinstance.py:2889} INFO - Executing <Task(BashOperator): dbt_deps> on 2026-01-09 03:57:21+00:00
[2026-01-09T03:57:22.497+0000] {logging_mixin.py:190} WARNING - /home/***/.local/lib/python3.12/site-packages/***/task/task_runner/standard_task_runner.py:70 DeprecationWarning: This process (pid=199) is multi-threaded, use of fork() may lead to deadlocks in the child.
[2026-01-09T03:57:22.497+0000] {standard_task_runner.py:72} INFO - Started process 200 to run task
[2026-01-09T03:57:22.497+0000] {standard_task_runner.py:104} INFO - Running: ['***', 'tasks', 'run', 'retail_dbt_daily_pipeline', 'dbt_deps', 'manual__2026-01-09T03:57:21+00:00', '--job-id', '103', '--raw', '--subdir', 'DAGS_FOLDER/retail_dbt_daily_pipeline.py', '--cfg-path', '/tmp/tmpq532cku3']
[2026-01-09T03:57:22.498+0000] {standard_task_runner.py:105} INFO - Job 103: Subtask dbt_deps
[2026-01-09T03:57:22.525+0000] {task_command.py:467} INFO - Running <TaskInstance: retail_dbt_daily_pipeline.dbt_deps manual__2026-01-09T03:57:21+00:00 [running]> on host a1f5ea7d51b7
[2026-01-09T03:57:22.574+0000] {taskinstance.py:3132} INFO - Exporting env vars: AIRFLOW_CTX_DAG_OWNER='data-engineering' AIRFLOW_CTX_DAG_ID='retail_dbt_daily_pipeline' AIRFLOW_CTX_TASK_ID='dbt_deps' AIRFLOW_CTX_EXECUTION_DATE='2026-01-09T03:57:21+00:00' AIRFLOW_CTX_TRY_NUMBER='1' AIRFLOW_CTX_DAG_RUN_ID='manual__2026-01-09T03:57:21+00:00'
[2026-01-09T03:57:22.574+0000] {taskinstance.py:731} INFO - ::endgroup::
[2026-01-09T03:57:22.584+0000] {subprocess.py:78} INFO - Tmp dir root location: /tmp
[2026-01-09T03:57:22.584+0000] {subprocess.py:88} INFO - Running command: ['/usr/bin/bash', '-c', 'cd /opt/***/dbt/retail_dbt && /home/***/.local/bin/dbt deps']
[2026-01-09T03:57:22.590+0000] {subprocess.py:99} INFO - Output:
[2026-01-09T03:57:24.170+0000] {subprocess.py:106} INFO - [0m03:57:24  Running with dbt=1.8.2
[2026-01-09T03:57:24.594+0000] {subprocess.py:106} INFO - [0m03:57:24  Installing dbt-labs/dbt_utils
[2026-01-09T03:57:25.399+0000] {subprocess.py:106} INFO - [0m03:57:25  Installed from version 1.3.0
[2026-01-09T03:57:25.399+0000] {subprocess.py:106} INFO - [0m03:57:25  Updated version available: 1.3.3
[2026-01-09T03:57:25.400+0000] {subprocess.py:106} INFO - [0m03:57:25
[2026-01-09T03:57:25.401+0000] {subprocess.py:106} INFO - [0m03:57:25  Updates available for packages: ['dbt-labs/dbt_utils']
[2026-01-09T03:57:25.401+0000] {subprocess.py:106} INFO - Update your versions in packages.yml, then run dbt deps
[2026-01-09T03:57:25.916+0000] {subprocess.py:110} INFO - Command exited with return code 0
[2026-01-09T03:57:25.937+0000] {taskinstance.py:340} INFO - ::group::Post task execution logs
[2026-01-09T03:57:25.937+0000] {taskinstance.py:352} INFO - Marking task as SUCCESS. dag_id=retail_dbt_daily_pipeline, task_id=dbt_deps, run_id=manual__2026-01-09T03:57:21+00:00, execution_date=20260109T035721, start_date=20260109T035722, end_date=20260109T035725
[2026-01-09T03:57:25.964+0000] {local_task_job_runner.py:266} INFO - Task exited with return code 0
[2026-01-09T03:57:25.983+0000] {taskinstance.py:3895} INFO - 1 downstream tasks scheduled from follow-on schedule check
[2026-01-09T03:57:25.984+0000] {local_task_job_runner.py:245} INFO - ::endgroup::
