[2026-01-09T03:58:33.062+0000] {local_task_job_runner.py:123} INFO - ::group::Pre task execution logs
[2026-01-09T03:58:33.073+0000] {taskinstance.py:2613} INFO - Dependencies all met for dep_context=non-requeueable deps ti=<TaskInstance: retail_dbt_daily_pipeline.dbt_deps manual__2026-01-09T03:58:31.806492+00:00 [queued]>
[2026-01-09T03:58:33.078+0000] {taskinstance.py:2613} INFO - Dependencies all met for dep_context=requeueable deps ti=<TaskInstance: retail_dbt_daily_pipeline.dbt_deps manual__2026-01-09T03:58:31.806492+00:00 [queued]>
[2026-01-09T03:58:33.078+0000] {taskinstance.py:2866} INFO - Starting attempt 1 of 2
[2026-01-09T03:58:33.086+0000] {taskinstance.py:2889} INFO - Executing <Task(BashOperator): dbt_deps> on 2026-01-09 03:58:31.806492+00:00
[2026-01-09T03:58:33.092+0000] {logging_mixin.py:190} WARNING - /home/***/.local/lib/python3.12/site-packages/***/task/task_runner/standard_task_runner.py:70 DeprecationWarning: This process (pid=349) is multi-threaded, use of fork() may lead to deadlocks in the child.
[2026-01-09T03:58:33.091+0000] {standard_task_runner.py:104} INFO - Running: ['***', 'tasks', 'run', 'retail_dbt_daily_pipeline', 'dbt_deps', 'manual__2026-01-09T03:58:31.806492+00:00', '--job-id', '110', '--raw', '--subdir', 'DAGS_FOLDER/retail_dbt_daily_pipeline.py', '--cfg-path', '/tmp/tmpcbdigx6m']
[2026-01-09T03:58:33.093+0000] {standard_task_runner.py:105} INFO - Job 110: Subtask dbt_deps
[2026-01-09T03:58:33.093+0000] {standard_task_runner.py:72} INFO - Started process 350 to run task
[2026-01-09T03:58:33.265+0000] {task_command.py:467} INFO - Running <TaskInstance: retail_dbt_daily_pipeline.dbt_deps manual__2026-01-09T03:58:31.806492+00:00 [running]> on host a1f5ea7d51b7
[2026-01-09T03:58:33.326+0000] {taskinstance.py:3132} INFO - Exporting env vars: AIRFLOW_CTX_DAG_OWNER='data-engineering' AIRFLOW_CTX_DAG_ID='retail_dbt_daily_pipeline' AIRFLOW_CTX_TASK_ID='dbt_deps' AIRFLOW_CTX_EXECUTION_DATE='2026-01-09T03:58:31.806492+00:00' AIRFLOW_CTX_TRY_NUMBER='1' AIRFLOW_CTX_DAG_RUN_ID='manual__2026-01-09T03:58:31.806492+00:00'
[2026-01-09T03:58:33.327+0000] {taskinstance.py:731} INFO - ::endgroup::
[2026-01-09T03:58:33.339+0000] {subprocess.py:78} INFO - Tmp dir root location: /tmp
[2026-01-09T03:58:33.340+0000] {subprocess.py:88} INFO - Running command: ['/usr/bin/bash', '-c', 'cd /opt/***/dbt/retail_dbt && /home/***/.local/bin/dbt deps']
[2026-01-09T03:58:33.346+0000] {subprocess.py:99} INFO - Output:
[2026-01-09T03:58:35.357+0000] {subprocess.py:106} INFO - [0m03:58:35  Running with dbt=1.8.2
[2026-01-09T03:58:35.640+0000] {subprocess.py:106} INFO - [0m03:58:35  Installing dbt-labs/dbt_utils
[2026-01-09T03:58:36.333+0000] {subprocess.py:106} INFO - [0m03:58:36  Installed from version 1.3.0
[2026-01-09T03:58:36.334+0000] {subprocess.py:106} INFO - [0m03:58:36  Updated version available: 1.3.3
[2026-01-09T03:58:36.335+0000] {subprocess.py:106} INFO - [0m03:58:36
[2026-01-09T03:58:36.335+0000] {subprocess.py:106} INFO - [0m03:58:36  Updates available for packages: ['dbt-labs/dbt_utils']
[2026-01-09T03:58:36.335+0000] {subprocess.py:106} INFO - Update your versions in packages.yml, then run dbt deps
[2026-01-09T03:58:36.772+0000] {subprocess.py:110} INFO - Command exited with return code 0
[2026-01-09T03:58:36.792+0000] {taskinstance.py:340} INFO - ::group::Post task execution logs
[2026-01-09T03:58:36.792+0000] {taskinstance.py:352} INFO - Marking task as SUCCESS. dag_id=retail_dbt_daily_pipeline, task_id=dbt_deps, run_id=manual__2026-01-09T03:58:31.806492+00:00, execution_date=20260109T035831, start_date=20260109T035833, end_date=20260109T035836
[2026-01-09T03:58:36.811+0000] {local_task_job_runner.py:266} INFO - Task exited with return code 0
[2026-01-09T03:58:36.828+0000] {taskinstance.py:3895} INFO - 1 downstream tasks scheduled from follow-on schedule check
[2026-01-09T03:58:36.829+0000] {local_task_job_runner.py:245} INFO - ::endgroup::
