[2026-01-09T03:31:52.470+0000] {local_task_job_runner.py:123} INFO - ::group::Pre task execution logs
[2026-01-09T03:31:52.480+0000] {taskinstance.py:2613} INFO - Dependencies all met for dep_context=non-requeueable deps ti=<TaskInstance: retail_dbt_daily_pipeline.dbt_snapshot manual__2026-01-09T03:29:43+00:00 [queued]>
[2026-01-09T03:31:52.485+0000] {taskinstance.py:2613} INFO - Dependencies all met for dep_context=requeueable deps ti=<TaskInstance: retail_dbt_daily_pipeline.dbt_snapshot manual__2026-01-09T03:29:43+00:00 [queued]>
[2026-01-09T03:31:52.485+0000] {taskinstance.py:2866} INFO - Starting attempt 2 of 2
[2026-01-09T03:31:52.492+0000] {taskinstance.py:2889} INFO - Executing <Task(BashOperator): dbt_snapshot> on 2026-01-09 03:29:43+00:00
[2026-01-09T03:31:52.496+0000] {logging_mixin.py:190} WARNING - /home/***/.local/lib/python3.12/site-packages/***/task/task_runner/standard_task_runner.py:70 DeprecationWarning: This process (pid=298) is multi-threaded, use of fork() may lead to deadlocks in the child.
[2026-01-09T03:31:52.497+0000] {standard_task_runner.py:72} INFO - Started process 299 to run task
[2026-01-09T03:31:52.497+0000] {standard_task_runner.py:104} INFO - Running: ['***', 'tasks', 'run', 'retail_dbt_daily_pipeline', 'dbt_snapshot', 'manual__2026-01-09T03:29:43+00:00', '--job-id', '95', '--raw', '--subdir', 'DAGS_FOLDER/retail_dbt_daily_pipeline.py', '--cfg-path', '/tmp/tmpwiu2d_6w']
[2026-01-09T03:31:52.498+0000] {standard_task_runner.py:105} INFO - Job 95: Subtask dbt_snapshot
[2026-01-09T03:31:52.526+0000] {task_command.py:467} INFO - Running <TaskInstance: retail_dbt_daily_pipeline.dbt_snapshot manual__2026-01-09T03:29:43+00:00 [running]> on host a1f5ea7d51b7
[2026-01-09T03:31:52.574+0000] {taskinstance.py:3132} INFO - Exporting env vars: AIRFLOW_CTX_DAG_OWNER='data-engineering' AIRFLOW_CTX_DAG_ID='retail_dbt_daily_pipeline' AIRFLOW_CTX_TASK_ID='dbt_snapshot' AIRFLOW_CTX_EXECUTION_DATE='2026-01-09T03:29:43+00:00' AIRFLOW_CTX_TRY_NUMBER='2' AIRFLOW_CTX_DAG_RUN_ID='manual__2026-01-09T03:29:43+00:00'
[2026-01-09T03:31:52.574+0000] {taskinstance.py:731} INFO - ::endgroup::
[2026-01-09T03:31:52.584+0000] {subprocess.py:78} INFO - Tmp dir root location: /tmp
[2026-01-09T03:31:52.585+0000] {subprocess.py:88} INFO - Running command: ['/usr/bin/bash', '-c', 'cd /opt/***/dbt/retail_dbt && /home/***/.local/bin/dbt snapshot']
[2026-01-09T03:31:52.590+0000] {subprocess.py:99} INFO - Output:
[2026-01-09T03:31:54.194+0000] {subprocess.py:106} INFO - [0m03:31:54  Running with dbt=1.8.2
[2026-01-09T03:31:54.892+0000] {subprocess.py:106} INFO - [0m03:31:54  Registered adapter: snowflake=1.8.2
[2026-01-09T03:31:55.253+0000] {subprocess.py:106} INFO - [0m03:31:55  Found 12 models, 1 snapshot, 16 data tests, 6 sources, 575 macros
[2026-01-09T03:31:55.255+0000] {subprocess.py:106} INFO - [0m03:31:55
[2026-01-09T03:31:55.686+0000] {subprocess.py:106} INFO - [0m03:31:55
[2026-01-09T03:31:55.687+0000] {subprocess.py:106} INFO - [0m03:31:55  Finished running  in 0 hours 0 minutes and 0.43 seconds (0.43s).
[2026-01-09T03:31:55.687+0000] {subprocess.py:106} INFO - [0m03:31:55  Encountered an error:
[2026-01-09T03:31:55.688+0000] {subprocess.py:106} INFO - Runtime Error
[2026-01-09T03:31:55.688+0000] {subprocess.py:106} INFO -   Database error while listing schemas in database "RETAIL_DW"
[2026-01-09T03:31:55.688+0000] {subprocess.py:106} INFO -   Database Error
[2026-01-09T03:31:55.688+0000] {subprocess.py:106} INFO -     250001 (08001): Failed to connect to DB: PIITFVT-FW65290.snowflakecomputing.com:443. Your user account has been temporarily locked. Try again later or contact your account administrator for assistance. For more information about this error, go to https://community.snowflake.com/s/error-your-user-login-has-been-locked.
[2026-01-09T03:31:56.268+0000] {subprocess.py:110} INFO - Command exited with return code 2
[2026-01-09T03:31:56.277+0000] {taskinstance.py:3311} ERROR - Task failed with exception
Traceback (most recent call last):
  File "/home/airflow/.local/lib/python3.12/site-packages/airflow/models/taskinstance.py", line 767, in _execute_task
    result = _execute_callable(context=context, **execute_callable_kwargs)
             ^^^^^^^^^^^^^^^^^^^^^^^^^^^^^^^^^^^^^^^^^^^^^^^^^^^^^^^^^^^^^
  File "/home/airflow/.local/lib/python3.12/site-packages/airflow/models/taskinstance.py", line 733, in _execute_callable
    return ExecutionCallableRunner(
           ^^^^^^^^^^^^^^^^^^^^^^^^
  File "/home/airflow/.local/lib/python3.12/site-packages/airflow/utils/operator_helpers.py", line 252, in run
    return self.func(*args, **kwargs)
           ^^^^^^^^^^^^^^^^^^^^^^^^^^
  File "/home/airflow/.local/lib/python3.12/site-packages/airflow/models/baseoperator.py", line 417, in wrapper
    return func(self, *args, **kwargs)
           ^^^^^^^^^^^^^^^^^^^^^^^^^^^
  File "/home/airflow/.local/lib/python3.12/site-packages/airflow/operators/bash.py", line 276, in execute
    raise AirflowException(
airflow.exceptions.AirflowException: Bash command failed. The command returned a non-zero exit code 2.
[2026-01-09T03:31:56.280+0000] {taskinstance.py:1225} INFO - Marking task as FAILED. dag_id=retail_dbt_daily_pipeline, task_id=dbt_snapshot, run_id=manual__2026-01-09T03:29:43+00:00, execution_date=20260109T032943, start_date=20260109T033152, end_date=20260109T033156
[2026-01-09T03:31:56.287+0000] {taskinstance.py:340} INFO - ::group::Post task execution logs
[2026-01-09T03:31:56.288+0000] {standard_task_runner.py:124} ERROR - Failed to execute job 95 for task dbt_snapshot (Bash command failed. The command returned a non-zero exit code 2.; 299)
Traceback (most recent call last):
  File "/home/airflow/.local/lib/python3.12/site-packages/airflow/task/task_runner/standard_task_runner.py", line 117, in _start_by_fork
    ret = args.func(args, dag=self.dag)
          ^^^^^^^^^^^^^^^^^^^^^^^^^^^^^
  File "/home/airflow/.local/lib/python3.12/site-packages/airflow/cli/cli_config.py", line 49, in command
    return func(*args, **kwargs)
           ^^^^^^^^^^^^^^^^^^^^^
  File "/home/airflow/.local/lib/python3.12/site-packages/airflow/utils/cli.py", line 116, in wrapper
    return f(*args, **kwargs)
           ^^^^^^^^^^^^^^^^^^
  File "/home/airflow/.local/lib/python3.12/site-packages/airflow/cli/commands/task_command.py", line 483, in task_run
    task_return_code = _run_task_by_selected_method(args, _dag, ti)
                       ^^^^^^^^^^^^^^^^^^^^^^^^^^^^^^^^^^^^^^^^^^^^
  File "/home/airflow/.local/lib/python3.12/site-packages/airflow/cli/commands/task_command.py", line 256, in _run_task_by_selected_method
    return _run_raw_task(args, ti)
           ^^^^^^^^^^^^^^^^^^^^^^^
  File "/home/airflow/.local/lib/python3.12/site-packages/airflow/cli/commands/task_command.py", line 341, in _run_raw_task
    return ti._run_raw_task(
           ^^^^^^^^^^^^^^^^^
  File "/home/airflow/.local/lib/python3.12/site-packages/airflow/utils/session.py", line 97, in wrapper
    return func(*args, session=session, **kwargs)
           ^^^^^^^^^^^^^^^^^^^^^^^^^^^^^^^^^^^^^^
  File "/home/airflow/.local/lib/python3.12/site-packages/airflow/models/taskinstance.py", line 3005, in _run_raw_task
    return _run_raw_task(
           ^^^^^^^^^^^^^^
  File "/home/airflow/.local/lib/python3.12/site-packages/airflow/models/taskinstance.py", line 273, in _run_raw_task
    TaskInstance._execute_task_with_callbacks(
  File "/home/airflow/.local/lib/python3.12/site-packages/airflow/models/taskinstance.py", line 3159, in _execute_task_with_callbacks
    result = self._execute_task(context, task_orig)
             ^^^^^^^^^^^^^^^^^^^^^^^^^^^^^^^^^^^^^^
  File "/home/airflow/.local/lib/python3.12/site-packages/airflow/models/taskinstance.py", line 3183, in _execute_task
    return _execute_task(self, context, task_orig)
           ^^^^^^^^^^^^^^^^^^^^^^^^^^^^^^^^^^^^^^^
  File "/home/airflow/.local/lib/python3.12/site-packages/airflow/models/taskinstance.py", line 767, in _execute_task
    result = _execute_callable(context=context, **execute_callable_kwargs)
             ^^^^^^^^^^^^^^^^^^^^^^^^^^^^^^^^^^^^^^^^^^^^^^^^^^^^^^^^^^^^^
  File "/home/airflow/.local/lib/python3.12/site-packages/airflow/models/taskinstance.py", line 733, in _execute_callable
    return ExecutionCallableRunner(
           ^^^^^^^^^^^^^^^^^^^^^^^^
  File "/home/airflow/.local/lib/python3.12/site-packages/airflow/utils/operator_helpers.py", line 252, in run
    return self.func(*args, **kwargs)
           ^^^^^^^^^^^^^^^^^^^^^^^^^^
  File "/home/airflow/.local/lib/python3.12/site-packages/airflow/models/baseoperator.py", line 417, in wrapper
    return func(self, *args, **kwargs)
           ^^^^^^^^^^^^^^^^^^^^^^^^^^^
  File "/home/airflow/.local/lib/python3.12/site-packages/airflow/operators/bash.py", line 276, in execute
    raise AirflowException(
airflow.exceptions.AirflowException: Bash command failed. The command returned a non-zero exit code 2.
[2026-01-09T03:31:56.300+0000] {local_task_job_runner.py:266} INFO - Task exited with return code 1
[2026-01-09T03:31:56.308+0000] {local_task_job_runner.py:245} INFO - ::endgroup::
