[2026-01-08T21:16:01.830+0000] {local_task_job_runner.py:123} INFO - ::group::Pre task execution logs
[2026-01-08T21:16:01.841+0000] {taskinstance.py:2613} INFO - Dependencies all met for dep_context=non-requeueable deps ti=<TaskInstance: retail_dbt_daily_pipeline.dbt_snapshot manual__2026-01-08T21:15:57.274627+00:00 [queued]>
[2026-01-08T21:16:01.845+0000] {taskinstance.py:2613} INFO - Dependencies all met for dep_context=requeueable deps ti=<TaskInstance: retail_dbt_daily_pipeline.dbt_snapshot manual__2026-01-08T21:15:57.274627+00:00 [queued]>
[2026-01-08T21:16:01.846+0000] {taskinstance.py:2866} INFO - Starting attempt 1 of 2
[2026-01-08T21:16:01.852+0000] {taskinstance.py:2889} INFO - Executing <Task(BashOperator): dbt_snapshot> on 2026-01-08 21:15:57.274627+00:00
[2026-01-08T21:16:01.857+0000] {logging_mixin.py:190} WARNING - /home/***/.local/lib/python3.12/site-packages/***/task/task_runner/standard_task_runner.py:70 DeprecationWarning: This process (pid=262) is multi-threaded, use of fork() may lead to deadlocks in the child.
[2026-01-08T21:16:01.857+0000] {standard_task_runner.py:72} INFO - Started process 263 to run task
[2026-01-08T21:16:01.857+0000] {standard_task_runner.py:104} INFO - Running: ['***', 'tasks', 'run', 'retail_dbt_daily_pipeline', 'dbt_snapshot', 'manual__2026-01-08T21:15:57.274627+00:00', '--job-id', '31', '--raw', '--subdir', 'DAGS_FOLDER/retail_dw_daily.py', '--cfg-path', '/tmp/tmp44i1fjcr']
[2026-01-08T21:16:01.858+0000] {standard_task_runner.py:105} INFO - Job 31: Subtask dbt_snapshot
[2026-01-08T21:16:01.885+0000] {task_command.py:467} INFO - Running <TaskInstance: retail_dbt_daily_pipeline.dbt_snapshot manual__2026-01-08T21:15:57.274627+00:00 [running]> on host 5fc490f84247
[2026-01-08T21:16:01.933+0000] {taskinstance.py:3132} INFO - Exporting env vars: AIRFLOW_CTX_DAG_OWNER='data-engineering' AIRFLOW_CTX_DAG_ID='retail_dbt_daily_pipeline' AIRFLOW_CTX_TASK_ID='dbt_snapshot' AIRFLOW_CTX_EXECUTION_DATE='2026-01-08T21:15:57.274627+00:00' AIRFLOW_CTX_TRY_NUMBER='1' AIRFLOW_CTX_DAG_RUN_ID='manual__2026-01-08T21:15:57.274627+00:00'
[2026-01-08T21:16:01.934+0000] {taskinstance.py:731} INFO - ::endgroup::
[2026-01-08T21:16:01.943+0000] {subprocess.py:78} INFO - Tmp dir root location: /tmp
[2026-01-08T21:16:01.944+0000] {subprocess.py:88} INFO - Running command: ['/usr/bin/bash', '-c', 'cd /opt/***/dbt/retail_dbt && dbt snapshot']
[2026-01-08T21:16:01.949+0000] {subprocess.py:99} INFO - Output:
[2026-01-08T21:16:03.508+0000] {subprocess.py:106} INFO - [0m21:16:03  Running with dbt=1.8.2
[2026-01-08T21:16:04.182+0000] {subprocess.py:106} INFO - [0m21:16:04  Registered adapter: snowflake=1.8.2
[2026-01-08T21:16:04.538+0000] {subprocess.py:106} INFO - [0m21:16:04  Found 12 models, 1 snapshot, 16 data tests, 6 sources, 575 macros
[2026-01-08T21:16:04.541+0000] {subprocess.py:106} INFO - [0m21:16:04
[2026-01-08T21:16:06.916+0000] {subprocess.py:106} INFO - [0m21:16:06  Concurrency: 4 threads (target='dev')
[2026-01-08T21:16:06.916+0000] {subprocess.py:106} INFO - [0m21:16:06
[2026-01-08T21:16:06.925+0000] {subprocess.py:106} INFO - [0m21:16:06  1 of 1 START snapshot ANALYTICS.snap_customers ................................. [RUN]
[2026-01-08T21:16:13.335+0000] {subprocess.py:106} INFO - [0m21:16:13  1 of 1 OK snapshotted ANALYTICS.snap_customers ................................. [[32mSUCCESS 0[0m in 6.40s]
[2026-01-08T21:16:13.342+0000] {subprocess.py:106} INFO - [0m21:16:13
[2026-01-08T21:16:13.343+0000] {subprocess.py:106} INFO - [0m21:16:13  Finished running 1 snapshot in 0 hours 0 minutes and 8.80 seconds (8.80s).
[2026-01-08T21:16:13.386+0000] {subprocess.py:106} INFO - [0m21:16:13
[2026-01-08T21:16:13.387+0000] {subprocess.py:106} INFO - [0m21:16:13  [32mCompleted successfully[0m
[2026-01-08T21:16:13.387+0000] {subprocess.py:106} INFO - [0m21:16:13
[2026-01-08T21:16:13.387+0000] {subprocess.py:106} INFO - [0m21:16:13  Done. PASS=1 WARN=0 ERROR=0 SKIP=0 TOTAL=1
[2026-01-08T21:16:13.941+0000] {subprocess.py:110} INFO - Command exited with return code 0
[2026-01-08T21:16:13.958+0000] {taskinstance.py:340} INFO - ::group::Post task execution logs
[2026-01-08T21:16:13.958+0000] {taskinstance.py:352} INFO - Marking task as SUCCESS. dag_id=retail_dbt_daily_pipeline, task_id=dbt_snapshot, run_id=manual__2026-01-08T21:15:57.274627+00:00, execution_date=20260108T211557, start_date=20260108T211601, end_date=20260108T211613
[2026-01-08T21:16:13.998+0000] {local_task_job_runner.py:266} INFO - Task exited with return code 0
[2026-01-08T21:16:14.008+0000] {dagrun.py:977} ERROR - Failed to get task for ti <TaskInstance: retail_dbt_daily_pipeline.save_dbt_state manual__2026-01-08T21:15:57.274627+00:00 [None]>. Marking it as removed.
[2026-01-08T21:16:14.015+0000] {taskinstance.py:3895} INFO - 1 downstream tasks scheduled from follow-on schedule check
[2026-01-08T21:16:14.015+0000] {local_task_job_runner.py:245} INFO - ::endgroup::
