[2026-01-09T03:57:38.761+0000] {local_task_job_runner.py:123} INFO - ::group::Pre task execution logs
[2026-01-09T03:57:38.771+0000] {taskinstance.py:2613} INFO - Dependencies all met for dep_context=non-requeueable deps ti=<TaskInstance: retail_dbt_daily_pipeline.dbt_run manual__2026-01-09T03:57:21+00:00 [queued]>
[2026-01-09T03:57:38.776+0000] {taskinstance.py:2613} INFO - Dependencies all met for dep_context=requeueable deps ti=<TaskInstance: retail_dbt_daily_pipeline.dbt_run manual__2026-01-09T03:57:21+00:00 [queued]>
[2026-01-09T03:57:38.776+0000] {taskinstance.py:2866} INFO - Starting attempt 1 of 2
[2026-01-09T03:57:38.783+0000] {taskinstance.py:2889} INFO - Executing <Task(BashOperator): dbt_run> on 2026-01-09 03:57:21+00:00
[2026-01-09T03:57:38.788+0000] {logging_mixin.py:190} WARNING - /home/***/.local/lib/python3.12/site-packages/***/task/task_runner/standard_task_runner.py:70 DeprecationWarning: This process (pid=246) is multi-threaded, use of fork() may lead to deadlocks in the child.
[2026-01-09T03:57:38.788+0000] {standard_task_runner.py:72} INFO - Started process 247 to run task
[2026-01-09T03:57:38.788+0000] {standard_task_runner.py:104} INFO - Running: ['***', 'tasks', 'run', 'retail_dbt_daily_pipeline', 'dbt_run', 'manual__2026-01-09T03:57:21+00:00', '--job-id', '105', '--raw', '--subdir', 'DAGS_FOLDER/retail_dbt_daily_pipeline.py', '--cfg-path', '/tmp/tmpzbrhgjvx']
[2026-01-09T03:57:38.789+0000] {standard_task_runner.py:105} INFO - Job 105: Subtask dbt_run
[2026-01-09T03:57:38.818+0000] {task_command.py:467} INFO - Running <TaskInstance: retail_dbt_daily_pipeline.dbt_run manual__2026-01-09T03:57:21+00:00 [running]> on host a1f5ea7d51b7
[2026-01-09T03:57:38.870+0000] {taskinstance.py:3132} INFO - Exporting env vars: AIRFLOW_CTX_DAG_OWNER='data-engineering' AIRFLOW_CTX_DAG_ID='retail_dbt_daily_pipeline' AIRFLOW_CTX_TASK_ID='dbt_run' AIRFLOW_CTX_EXECUTION_DATE='2026-01-09T03:57:21+00:00' AIRFLOW_CTX_TRY_NUMBER='1' AIRFLOW_CTX_DAG_RUN_ID='manual__2026-01-09T03:57:21+00:00'
[2026-01-09T03:57:38.870+0000] {taskinstance.py:731} INFO - ::endgroup::
[2026-01-09T03:57:38.880+0000] {subprocess.py:78} INFO - Tmp dir root location: /tmp
[2026-01-09T03:57:38.881+0000] {subprocess.py:88} INFO - Running command: ['/usr/bin/bash', '-c', 'cd /opt/***/dbt/retail_dbt && /home/***/.local/bin/dbt run --target test_wh']
[2026-01-09T03:57:38.886+0000] {subprocess.py:99} INFO - Output:
[2026-01-09T03:57:40.505+0000] {subprocess.py:106} INFO - [0m03:57:40  Running with dbt=1.8.2
[2026-01-09T03:57:41.177+0000] {subprocess.py:106} INFO - [0m03:57:41  Registered adapter: snowflake=1.8.2
[2026-01-09T03:57:41.341+0000] {subprocess.py:106} INFO - [0m03:57:41  Unable to do partial parsing because config vars, config profile, or config target have changed
[2026-01-09T03:57:41.342+0000] {subprocess.py:106} INFO - [0m03:57:41  Unable to do partial parsing because profile has changed
[2026-01-09T03:57:42.404+0000] {subprocess.py:106} INFO - [0m03:57:42  [[33mWARNING[0m]: Deprecated functionality
[2026-01-09T03:57:42.405+0000] {subprocess.py:106} INFO - The `tests` config has been renamed to `data_tests`. Please see
[2026-01-09T03:57:42.405+0000] {subprocess.py:106} INFO - https://docs.getdbt.com/docs/build/data-tests#new-data_tests-syntax for more
[2026-01-09T03:57:42.405+0000] {subprocess.py:106} INFO - information.
[2026-01-09T03:57:42.695+0000] {subprocess.py:106} INFO - [0m03:57:42  Found 12 models, 1 snapshot, 16 data tests, 6 sources, 575 macros
[2026-01-09T03:57:42.698+0000] {subprocess.py:106} INFO - [0m03:57:42
[2026-01-09T03:57:45.311+0000] {subprocess.py:106} INFO - [0m03:57:45  Concurrency: 2 threads (target='test_wh')
[2026-01-09T03:57:45.311+0000] {subprocess.py:106} INFO - [0m03:57:45
[2026-01-09T03:57:45.320+0000] {subprocess.py:106} INFO - [0m03:57:45  1 of 12 START sql table model STAGING_ANALYTICS.dim_date ....................... [RUN]
[2026-01-09T03:57:45.321+0000] {subprocess.py:106} INFO - [0m03:57:45  2 of 12 START sql view model STAGING_STAGING.stg_customers ..................... [RUN]
[2026-01-09T03:57:46.331+0000] {subprocess.py:106} INFO - [0m03:57:46  2 of 12 OK created sql view model STAGING_STAGING.stg_customers ................ [[32mSUCCESS 1[0m in 1.00s]
[2026-01-09T03:57:46.335+0000] {subprocess.py:106} INFO - [0m03:57:46  3 of 12 START sql view model STAGING_STAGING.stg_inventory_snapshots ........... [RUN]
[2026-01-09T03:57:47.358+0000] {subprocess.py:106} INFO - [0m03:57:47  1 of 12 OK created sql table model STAGING_ANALYTICS.dim_date .................. [[32mSUCCESS 1[0m in 2.03s]
[2026-01-09T03:57:47.361+0000] {subprocess.py:106} INFO - [0m03:57:47  4 of 12 START sql view model STAGING_STAGING.stg_order_items ................... [RUN]
[2026-01-09T03:57:47.370+0000] {subprocess.py:106} INFO - [0m03:57:47  3 of 12 OK created sql view model STAGING_STAGING.stg_inventory_snapshots ...... [[32mSUCCESS 1[0m in 1.03s]
[2026-01-09T03:57:47.373+0000] {subprocess.py:106} INFO - [0m03:57:47  5 of 12 START sql view model STAGING_STAGING.stg_orders ........................ [RUN]
[2026-01-09T03:57:48.300+0000] {subprocess.py:106} INFO - [0m03:57:48  5 of 12 OK created sql view model STAGING_STAGING.stg_orders ................... [[32mSUCCESS 1[0m in 0.92s]
[2026-01-09T03:57:48.301+0000] {subprocess.py:106} INFO - [0m03:57:48  4 of 12 OK created sql view model STAGING_STAGING.stg_order_items .............. [[32mSUCCESS 1[0m in 0.94s]
[2026-01-09T03:57:48.305+0000] {subprocess.py:106} INFO - [0m03:57:48  6 of 12 START sql view model STAGING_STAGING.stg_products ...................... [RUN]
[2026-01-09T03:57:48.306+0000] {subprocess.py:106} INFO - [0m03:57:48  7 of 12 START sql view model STAGING_STAGING.stg_stores ........................ [RUN]
[2026-01-09T03:57:49.782+0000] {subprocess.py:106} INFO - [0m03:57:49  7 of 12 OK created sql view model STAGING_STAGING.stg_stores ................... [[32mSUCCESS 1[0m in 1.47s]
[2026-01-09T03:57:49.783+0000] {subprocess.py:106} INFO - [0m03:57:49  6 of 12 OK created sql view model STAGING_STAGING.stg_products ................. [[32mSUCCESS 1[0m in 1.47s]
[2026-01-09T03:57:49.788+0000] {subprocess.py:106} INFO - [0m03:57:49  8 of 12 START sql table model STAGING_ANALYTICS.dim_customer ................... [RUN]
[2026-01-09T03:57:49.789+0000] {subprocess.py:106} INFO - [0m03:57:49  9 of 12 START sql table model STAGING_ANALYTICS.fact_inventory_snapshot ........ [RUN]
[2026-01-09T03:57:51.443+0000] {subprocess.py:106} INFO - [0m03:57:51  9 of 12 OK created sql table model STAGING_ANALYTICS.fact_inventory_snapshot ... [[32mSUCCESS 1[0m in 1.65s]
[2026-01-09T03:57:51.446+0000] {subprocess.py:106} INFO - [0m03:57:51  10 of 12 START sql table model STAGING_ANALYTICS.dim_store ..................... [RUN]
[2026-01-09T03:57:51.471+0000] {subprocess.py:106} INFO - [0m03:57:51  8 of 12 OK created sql table model STAGING_ANALYTICS.dim_customer .............. [[32mSUCCESS 1[0m in 1.68s]
[2026-01-09T03:57:51.472+0000] {subprocess.py:106} INFO - [0m03:57:51  11 of 12 START sql table model STAGING_ANALYTICS.dim_product ................... [RUN]
[2026-01-09T03:57:53.063+0000] {subprocess.py:106} INFO - [0m03:57:53  11 of 12 OK created sql table model STAGING_ANALYTICS.dim_product .............. [[32mSUCCESS 1[0m in 1.59s]
[2026-01-09T03:57:53.067+0000] {subprocess.py:106} INFO - [0m03:57:53  12 of 12 START sql table model STAGING_ANALYTICS.fact_sales .................... [RUN]
[2026-01-09T03:57:53.083+0000] {subprocess.py:106} INFO - [0m03:57:53  10 of 12 OK created sql table model STAGING_ANALYTICS.dim_store ................ [[32mSUCCESS 1[0m in 1.63s]
[2026-01-09T03:57:55.513+0000] {subprocess.py:106} INFO - [0m03:57:55  12 of 12 OK created sql table model STAGING_ANALYTICS.fact_sales ............... [[32mSUCCESS 1[0m in 2.44s]
[2026-01-09T03:57:55.519+0000] {subprocess.py:106} INFO - [0m03:57:55
[2026-01-09T03:57:55.520+0000] {subprocess.py:106} INFO - [0m03:57:55  Finished running 6 view models, 6 table models in 0 hours 0 minutes and 12.82 seconds (12.82s).
[2026-01-09T03:57:55.567+0000] {subprocess.py:106} INFO - [0m03:57:55
[2026-01-09T03:57:55.568+0000] {subprocess.py:106} INFO - [0m03:57:55  [32mCompleted successfully[0m
[2026-01-09T03:57:55.568+0000] {subprocess.py:106} INFO - [0m03:57:55
[2026-01-09T03:57:55.568+0000] {subprocess.py:106} INFO - [0m03:57:55  Done. PASS=12 WARN=0 ERROR=0 SKIP=0 TOTAL=12
[2026-01-09T03:57:56.218+0000] {subprocess.py:110} INFO - Command exited with return code 0
[2026-01-09T03:57:56.239+0000] {taskinstance.py:340} INFO - ::group::Post task execution logs
[2026-01-09T03:57:56.239+0000] {taskinstance.py:352} INFO - Marking task as SUCCESS. dag_id=retail_dbt_daily_pipeline, task_id=dbt_run, run_id=manual__2026-01-09T03:57:21+00:00, execution_date=20260109T035721, start_date=20260109T035738, end_date=20260109T035756
[2026-01-09T03:57:56.291+0000] {local_task_job_runner.py:266} INFO - Task exited with return code 0
[2026-01-09T03:57:56.307+0000] {taskinstance.py:3895} INFO - 1 downstream tasks scheduled from follow-on schedule check
[2026-01-09T03:57:56.308+0000] {local_task_job_runner.py:245} INFO - ::endgroup::
