[2026-01-09T03:58:37.044+0000] {local_task_job_runner.py:123} INFO - ::group::Pre task execution logs
[2026-01-09T03:58:37.056+0000] {taskinstance.py:2613} INFO - Dependencies all met for dep_context=non-requeueable deps ti=<TaskInstance: retail_dbt_daily_pipeline.dbt_snapshot manual__2026-01-09T03:58:31.806492+00:00 [queued]>
[2026-01-09T03:58:37.061+0000] {taskinstance.py:2613} INFO - Dependencies all met for dep_context=requeueable deps ti=<TaskInstance: retail_dbt_daily_pipeline.dbt_snapshot manual__2026-01-09T03:58:31.806492+00:00 [queued]>
[2026-01-09T03:58:37.061+0000] {taskinstance.py:2866} INFO - Starting attempt 1 of 2
[2026-01-09T03:58:37.070+0000] {taskinstance.py:2889} INFO - Executing <Task(BashOperator): dbt_snapshot> on 2026-01-09 03:58:31.806492+00:00
[2026-01-09T03:58:37.077+0000] {logging_mixin.py:190} WARNING - /home/***/.local/lib/python3.12/site-packages/***/task/task_runner/standard_task_runner.py:70 DeprecationWarning: This process (pid=354) is multi-threaded, use of fork() may lead to deadlocks in the child.
[2026-01-09T03:58:37.078+0000] {standard_task_runner.py:72} INFO - Started process 355 to run task
[2026-01-09T03:58:37.077+0000] {standard_task_runner.py:104} INFO - Running: ['***', 'tasks', 'run', 'retail_dbt_daily_pipeline', 'dbt_snapshot', 'manual__2026-01-09T03:58:31.806492+00:00', '--job-id', '111', '--raw', '--subdir', 'DAGS_FOLDER/retail_dbt_daily_pipeline.py', '--cfg-path', '/tmp/tmp9j_htf17']
[2026-01-09T03:58:37.081+0000] {standard_task_runner.py:105} INFO - Job 111: Subtask dbt_snapshot
[2026-01-09T03:58:37.117+0000] {task_command.py:467} INFO - Running <TaskInstance: retail_dbt_daily_pipeline.dbt_snapshot manual__2026-01-09T03:58:31.806492+00:00 [running]> on host a1f5ea7d51b7
[2026-01-09T03:58:37.171+0000] {taskinstance.py:3132} INFO - Exporting env vars: AIRFLOW_CTX_DAG_OWNER='data-engineering' AIRFLOW_CTX_DAG_ID='retail_dbt_daily_pipeline' AIRFLOW_CTX_TASK_ID='dbt_snapshot' AIRFLOW_CTX_EXECUTION_DATE='2026-01-09T03:58:31.806492+00:00' AIRFLOW_CTX_TRY_NUMBER='1' AIRFLOW_CTX_DAG_RUN_ID='manual__2026-01-09T03:58:31.806492+00:00'
[2026-01-09T03:58:37.172+0000] {taskinstance.py:731} INFO - ::endgroup::
[2026-01-09T03:58:37.182+0000] {subprocess.py:78} INFO - Tmp dir root location: /tmp
[2026-01-09T03:58:37.183+0000] {subprocess.py:88} INFO - Running command: ['/usr/bin/bash', '-c', 'cd /opt/***/dbt/retail_dbt && /home/***/.local/bin/dbt snapshot']
[2026-01-09T03:58:37.188+0000] {subprocess.py:99} INFO - Output:
[2026-01-09T03:58:38.867+0000] {subprocess.py:106} INFO - [0m03:58:38  Running with dbt=1.8.2
[2026-01-09T03:58:39.653+0000] {subprocess.py:106} INFO - [0m03:58:39  Registered adapter: snowflake=1.8.2
[2026-01-09T03:58:39.844+0000] {subprocess.py:106} INFO - [0m03:58:39  Unable to do partial parsing because config vars, config profile, or config target have changed
[2026-01-09T03:58:39.845+0000] {subprocess.py:106} INFO - [0m03:58:39  Unable to do partial parsing because profile has changed
[2026-01-09T03:58:40.962+0000] {subprocess.py:106} INFO - [0m03:58:40  [[33mWARNING[0m]: Deprecated functionality
[2026-01-09T03:58:40.962+0000] {subprocess.py:106} INFO - The `tests` config has been renamed to `data_tests`. Please see
[2026-01-09T03:58:40.962+0000] {subprocess.py:106} INFO - https://docs.getdbt.com/docs/build/data-tests#new-data_tests-syntax for more
[2026-01-09T03:58:40.962+0000] {subprocess.py:106} INFO - information.
[2026-01-09T03:58:41.257+0000] {subprocess.py:106} INFO - [0m03:58:41  Found 12 models, 1 snapshot, 16 data tests, 6 sources, 575 macros
[2026-01-09T03:58:41.259+0000] {subprocess.py:106} INFO - [0m03:58:41
[2026-01-09T03:58:43.180+0000] {subprocess.py:106} INFO - [0m03:58:43  Concurrency: 4 threads (target='dev')
[2026-01-09T03:58:43.181+0000] {subprocess.py:106} INFO - [0m03:58:43
[2026-01-09T03:58:43.193+0000] {subprocess.py:106} INFO - [0m03:58:43  1 of 1 START snapshot ANALYTICS.snap_customers ................................. [RUN]
[2026-01-09T03:58:47.869+0000] {subprocess.py:106} INFO - [0m03:58:47  1 of 1 OK snapshotted ANALYTICS.snap_customers ................................. [[32mSUCCESS 0[0m in 4.67s]
[2026-01-09T03:58:47.873+0000] {subprocess.py:106} INFO - [0m03:58:47
[2026-01-09T03:58:47.874+0000] {subprocess.py:106} INFO - [0m03:58:47  Finished running 1 snapshot in 0 hours 0 minutes and 6.61 seconds (6.61s).
[2026-01-09T03:58:47.913+0000] {subprocess.py:106} INFO - [0m03:58:47
[2026-01-09T03:58:47.913+0000] {subprocess.py:106} INFO - [0m03:58:47  [32mCompleted successfully[0m
[2026-01-09T03:58:47.913+0000] {subprocess.py:106} INFO - [0m03:58:47
[2026-01-09T03:58:47.914+0000] {subprocess.py:106} INFO - [0m03:58:47  Done. PASS=1 WARN=0 ERROR=0 SKIP=0 TOTAL=1
[2026-01-09T03:58:48.659+0000] {subprocess.py:110} INFO - Command exited with return code 0
[2026-01-09T03:58:48.680+0000] {taskinstance.py:340} INFO - ::group::Post task execution logs
[2026-01-09T03:58:48.680+0000] {taskinstance.py:352} INFO - Marking task as SUCCESS. dag_id=retail_dbt_daily_pipeline, task_id=dbt_snapshot, run_id=manual__2026-01-09T03:58:31.806492+00:00, execution_date=20260109T035831, start_date=20260109T035837, end_date=20260109T035848
[2026-01-09T03:58:48.726+0000] {local_task_job_runner.py:266} INFO - Task exited with return code 0
[2026-01-09T03:58:48.756+0000] {taskinstance.py:3895} INFO - 1 downstream tasks scheduled from follow-on schedule check
[2026-01-09T03:58:48.757+0000] {local_task_job_runner.py:245} INFO - ::endgroup::
