[2026-01-08T01:19:06.451+0000] {local_task_job_runner.py:123} INFO - ::group::Pre task execution logs
[2026-01-08T01:19:06.462+0000] {taskinstance.py:2613} INFO - Dependencies all met for dep_context=non-requeueable deps ti=<TaskInstance: retail_dbt_daily_pipeline.dbt_run scheduled__2026-01-06T06:00:00+00:00 [queued]>
[2026-01-08T01:19:06.467+0000] {taskinstance.py:2613} INFO - Dependencies all met for dep_context=requeueable deps ti=<TaskInstance: retail_dbt_daily_pipeline.dbt_run scheduled__2026-01-06T06:00:00+00:00 [queued]>
[2026-01-08T01:19:06.467+0000] {taskinstance.py:2866} INFO - Starting attempt 2 of 2
[2026-01-08T01:19:06.474+0000] {taskinstance.py:2889} INFO - Executing <Task(BashOperator): dbt_run> on 2026-01-06 06:00:00+00:00
[2026-01-08T01:19:06.478+0000] {logging_mixin.py:190} WARNING - /home/***/.local/lib/python3.12/site-packages/***/task/task_runner/standard_task_runner.py:70 DeprecationWarning: This process (pid=427) is multi-threaded, use of fork() may lead to deadlocks in the child.
[2026-01-08T01:19:06.479+0000] {standard_task_runner.py:72} INFO - Started process 428 to run task
[2026-01-08T01:19:06.479+0000] {standard_task_runner.py:104} INFO - Running: ['***', 'tasks', 'run', 'retail_dbt_daily_pipeline', 'dbt_run', 'scheduled__2026-01-06T06:00:00+00:00', '--job-id', '12', '--raw', '--subdir', 'DAGS_FOLDER/retail_dw_daily.py', '--cfg-path', '/tmp/tmp7zktqyui']
[2026-01-08T01:19:06.480+0000] {standard_task_runner.py:105} INFO - Job 12: Subtask dbt_run
[2026-01-08T01:19:06.510+0000] {task_command.py:467} INFO - Running <TaskInstance: retail_dbt_daily_pipeline.dbt_run scheduled__2026-01-06T06:00:00+00:00 [running]> on host a507ef954979
[2026-01-08T01:19:06.556+0000] {taskinstance.py:3132} INFO - Exporting env vars: AIRFLOW_CTX_DAG_OWNER='data-engineering' AIRFLOW_CTX_DAG_ID='retail_dbt_daily_pipeline' AIRFLOW_CTX_TASK_ID='dbt_run' AIRFLOW_CTX_EXECUTION_DATE='2026-01-06T06:00:00+00:00' AIRFLOW_CTX_TRY_NUMBER='2' AIRFLOW_CTX_DAG_RUN_ID='scheduled__2026-01-06T06:00:00+00:00'
[2026-01-08T01:19:06.556+0000] {taskinstance.py:731} INFO - ::endgroup::
[2026-01-08T01:19:06.568+0000] {subprocess.py:78} INFO - Tmp dir root location: /tmp
[2026-01-08T01:19:06.569+0000] {subprocess.py:88} INFO - Running command: ['/usr/bin/bash', '-c', 'cd /opt/***/dbt/retail_dbt && dbt run']
[2026-01-08T01:19:06.574+0000] {subprocess.py:99} INFO - Output:
[2026-01-08T01:19:08.237+0000] {subprocess.py:106} INFO - [0m01:19:08  Running with dbt=1.8.2
[2026-01-08T01:19:08.954+0000] {subprocess.py:106} INFO - [0m01:19:08  Registered adapter: snowflake=1.8.2
[2026-01-08T01:19:09.314+0000] {subprocess.py:106} INFO - [0m01:19:09  Found 12 models, 1 snapshot, 16 data tests, 6 sources, 575 macros
[2026-01-08T01:19:09.317+0000] {subprocess.py:106} INFO - [0m01:19:09
[2026-01-08T01:19:11.335+0000] {subprocess.py:106} INFO - [0m01:19:11  Concurrency: 4 threads (target='dev')
[2026-01-08T01:19:11.336+0000] {subprocess.py:106} INFO - [0m01:19:11
[2026-01-08T01:19:11.351+0000] {subprocess.py:106} INFO - [0m01:19:11  1 of 12 START sql table model STAGING_ANALYTICS.dim_date ....................... [RUN]
[2026-01-08T01:19:11.352+0000] {subprocess.py:106} INFO - [0m01:19:11  2 of 12 START sql view model STAGING_STAGING.stg_customers ..................... [RUN]
[2026-01-08T01:19:11.353+0000] {subprocess.py:106} INFO - [0m01:19:11  3 of 12 START sql view model STAGING_STAGING.stg_inventory_snapshots ........... [RUN]
[2026-01-08T01:19:11.354+0000] {subprocess.py:106} INFO - [0m01:19:11  4 of 12 START sql view model STAGING_STAGING.stg_order_items ................... [RUN]
[2026-01-08T01:19:12.299+0000] {subprocess.py:106} INFO - [0m01:19:12  2 of 12 OK created sql view model STAGING_STAGING.stg_customers ................ [[32mSUCCESS 1[0m in 0.94s]
[2026-01-08T01:19:12.301+0000] {subprocess.py:106} INFO - [0m01:19:12  3 of 12 OK created sql view model STAGING_STAGING.stg_inventory_snapshots ...... [[32mSUCCESS 1[0m in 0.94s]
[2026-01-08T01:19:12.302+0000] {subprocess.py:106} INFO - [0m01:19:12  4 of 12 OK created sql view model STAGING_STAGING.stg_order_items .............. [[32mSUCCESS 1[0m in 0.94s]
[2026-01-08T01:19:12.308+0000] {subprocess.py:106} INFO - [0m01:19:12  5 of 12 START sql view model STAGING_STAGING.stg_orders ........................ [RUN]
[2026-01-08T01:19:12.309+0000] {subprocess.py:106} INFO - [0m01:19:12  6 of 12 START sql view model STAGING_STAGING.stg_products ...................... [RUN]
[2026-01-08T01:19:12.310+0000] {subprocess.py:106} INFO - [0m01:19:12  7 of 12 START sql view model STAGING_STAGING.stg_stores ........................ [RUN]
[2026-01-08T01:19:13.075+0000] {subprocess.py:106} INFO - [0m01:19:13  1 of 12 OK created sql table model STAGING_ANALYTICS.dim_date .................. [[32mSUCCESS 1[0m in 1.72s]
[2026-01-08T01:19:13.077+0000] {subprocess.py:106} INFO - [0m01:19:13  8 of 12 START sql table model STAGING_ANALYTICS.dim_customer ................... [RUN]
[2026-01-08T01:19:13.173+0000] {subprocess.py:106} INFO - [0m01:19:13  7 of 12 OK created sql view model STAGING_STAGING.stg_stores ................... [[32mSUCCESS 1[0m in 0.86s]
[2026-01-08T01:19:13.175+0000] {subprocess.py:106} INFO - [0m01:19:13  9 of 12 START sql table model STAGING_ANALYTICS.fact_inventory_snapshot ........ [RUN]
[2026-01-08T01:19:13.196+0000] {subprocess.py:106} INFO - [0m01:19:13  6 of 12 OK created sql view model STAGING_STAGING.stg_products ................. [[32mSUCCESS 1[0m in 0.88s]
[2026-01-08T01:19:13.198+0000] {subprocess.py:106} INFO - [0m01:19:13  5 of 12 OK created sql view model STAGING_STAGING.stg_orders ................... [[32mSUCCESS 1[0m in 0.88s]
[2026-01-08T01:19:13.201+0000] {subprocess.py:106} INFO - [0m01:19:13  10 of 12 START sql table model STAGING_ANALYTICS.dim_store ..................... [RUN]
[2026-01-08T01:19:13.201+0000] {subprocess.py:106} INFO - [0m01:19:13  11 of 12 START sql table model STAGING_ANALYTICS.dim_product ................... [RUN]
[2026-01-08T01:19:14.768+0000] {subprocess.py:106} INFO - [0m01:19:14  11 of 12 OK created sql table model STAGING_ANALYTICS.dim_product .............. [[32mSUCCESS 1[0m in 1.56s]
[2026-01-08T01:19:14.796+0000] {subprocess.py:106} INFO - [0m01:19:14  9 of 12 OK created sql table model STAGING_ANALYTICS.fact_inventory_snapshot ... [[32mSUCCESS 1[0m in 1.61s]
[2026-01-08T01:19:14.797+0000] {subprocess.py:106} INFO - [0m01:19:14  8 of 12 OK created sql table model STAGING_ANALYTICS.dim_customer .............. [[32mSUCCESS 1[0m in 1.71s]
[2026-01-08T01:19:14.798+0000] {subprocess.py:106} INFO - [0m01:19:14  10 of 12 OK created sql table model STAGING_ANALYTICS.dim_store ................ [[32mSUCCESS 1[0m in 1.59s]
[2026-01-08T01:19:14.803+0000] {subprocess.py:106} INFO - [0m01:19:14  12 of 12 START sql table model STAGING_ANALYTICS.fact_sales .................... [RUN]
[2026-01-08T01:19:17.208+0000] {subprocess.py:106} INFO - [0m01:19:17  12 of 12 OK created sql table model STAGING_ANALYTICS.fact_sales ............... [[32mSUCCESS 1[0m in 2.40s]
[2026-01-08T01:19:17.213+0000] {subprocess.py:106} INFO - [0m01:19:17
[2026-01-08T01:19:17.214+0000] {subprocess.py:106} INFO - [0m01:19:17  Finished running 6 view models, 6 table models in 0 hours 0 minutes and 7.90 seconds (7.90s).
[2026-01-08T01:19:17.305+0000] {subprocess.py:106} INFO - [0m01:19:17
[2026-01-08T01:19:17.306+0000] {subprocess.py:106} INFO - [0m01:19:17  [32mCompleted successfully[0m
[2026-01-08T01:19:17.306+0000] {subprocess.py:106} INFO - [0m01:19:17
[2026-01-08T01:19:17.307+0000] {subprocess.py:106} INFO - [0m01:19:17  Done. PASS=12 WARN=0 ERROR=0 SKIP=0 TOTAL=12
[2026-01-08T01:19:17.964+0000] {subprocess.py:110} INFO - Command exited with return code 0
[2026-01-08T01:19:17.984+0000] {taskinstance.py:340} INFO - ::group::Post task execution logs
[2026-01-08T01:19:17.984+0000] {taskinstance.py:352} INFO - Marking task as SUCCESS. dag_id=retail_dbt_daily_pipeline, task_id=dbt_run, run_id=scheduled__2026-01-06T06:00:00+00:00, execution_date=20260106T060000, start_date=20260108T011906, end_date=20260108T011917
[2026-01-08T01:19:17.996+0000] {local_task_job_runner.py:266} INFO - Task exited with return code 0
[2026-01-08T01:19:18.009+0000] {taskinstance.py:3895} INFO - 1 downstream tasks scheduled from follow-on schedule check
[2026-01-08T01:19:18.010+0000] {local_task_job_runner.py:245} INFO - ::endgroup::
