[2026-01-09T03:36:08.251+0000] {local_task_job_runner.py:123} INFO - ::group::Pre task execution logs
[2026-01-09T03:36:08.262+0000] {taskinstance.py:2613} INFO - Dependencies all met for dep_context=non-requeueable deps ti=<TaskInstance: retail_dbt_daily_pipeline.dbt_run manual__2026-01-09T03:35:51+00:00 [queued]>
[2026-01-09T03:36:08.266+0000] {taskinstance.py:2613} INFO - Dependencies all met for dep_context=requeueable deps ti=<TaskInstance: retail_dbt_daily_pipeline.dbt_run manual__2026-01-09T03:35:51+00:00 [queued]>
[2026-01-09T03:36:08.267+0000] {taskinstance.py:2866} INFO - Starting attempt 1 of 2
[2026-01-09T03:36:08.273+0000] {taskinstance.py:2889} INFO - Executing <Task(BashOperator): dbt_run> on 2026-01-09 03:35:51+00:00
[2026-01-09T03:36:08.277+0000] {logging_mixin.py:190} WARNING - /home/***/.local/lib/python3.12/site-packages/***/task/task_runner/standard_task_runner.py:70 DeprecationWarning: This process (pid=230) is multi-threaded, use of fork() may lead to deadlocks in the child.
[2026-01-09T03:36:08.278+0000] {standard_task_runner.py:72} INFO - Started process 231 to run task
[2026-01-09T03:36:08.278+0000] {standard_task_runner.py:104} INFO - Running: ['***', 'tasks', 'run', 'retail_dbt_daily_pipeline', 'dbt_run', 'manual__2026-01-09T03:35:51+00:00', '--job-id', '99', '--raw', '--subdir', 'DAGS_FOLDER/retail_dbt_daily_pipeline.py', '--cfg-path', '/tmp/tmp01cy9bi4']
[2026-01-09T03:36:08.279+0000] {standard_task_runner.py:105} INFO - Job 99: Subtask dbt_run
[2026-01-09T03:36:08.307+0000] {task_command.py:467} INFO - Running <TaskInstance: retail_dbt_daily_pipeline.dbt_run manual__2026-01-09T03:35:51+00:00 [running]> on host a1f5ea7d51b7
[2026-01-09T03:36:08.356+0000] {taskinstance.py:3132} INFO - Exporting env vars: AIRFLOW_CTX_DAG_OWNER='data-engineering' AIRFLOW_CTX_DAG_ID='retail_dbt_daily_pipeline' AIRFLOW_CTX_TASK_ID='dbt_run' AIRFLOW_CTX_EXECUTION_DATE='2026-01-09T03:35:51+00:00' AIRFLOW_CTX_TRY_NUMBER='1' AIRFLOW_CTX_DAG_RUN_ID='manual__2026-01-09T03:35:51+00:00'
[2026-01-09T03:36:08.356+0000] {taskinstance.py:731} INFO - ::endgroup::
[2026-01-09T03:36:08.366+0000] {subprocess.py:78} INFO - Tmp dir root location: /tmp
[2026-01-09T03:36:08.366+0000] {subprocess.py:88} INFO - Running command: ['/usr/bin/bash', '-c', 'cd /opt/***/dbt/retail_dbt && /home/***/.local/bin/dbt run --target test_wh']
[2026-01-09T03:36:08.371+0000] {subprocess.py:99} INFO - Output:
[2026-01-09T03:36:09.933+0000] {subprocess.py:106} INFO - [0m03:36:09  Running with dbt=1.8.2
[2026-01-09T03:36:10.587+0000] {subprocess.py:106} INFO - [0m03:36:10  Registered adapter: snowflake=1.8.2
[2026-01-09T03:36:10.761+0000] {subprocess.py:106} INFO - [0m03:36:10  Unable to do partial parsing because config vars, config profile, or config target have changed
[2026-01-09T03:36:10.762+0000] {subprocess.py:106} INFO - [0m03:36:10  Unable to do partial parsing because profile has changed
[2026-01-09T03:36:11.984+0000] {subprocess.py:106} INFO - [0m03:36:11  [[33mWARNING[0m]: Deprecated functionality
[2026-01-09T03:36:11.984+0000] {subprocess.py:106} INFO - The `tests` config has been renamed to `data_tests`. Please see
[2026-01-09T03:36:11.984+0000] {subprocess.py:106} INFO - https://docs.getdbt.com/docs/build/data-tests#new-data_tests-syntax for more
[2026-01-09T03:36:11.984+0000] {subprocess.py:106} INFO - information.
[2026-01-09T03:36:12.276+0000] {subprocess.py:106} INFO - [0m03:36:12  Found 12 models, 1 snapshot, 16 data tests, 6 sources, 575 macros
[2026-01-09T03:36:12.279+0000] {subprocess.py:106} INFO - [0m03:36:12
[2026-01-09T03:36:15.019+0000] {subprocess.py:106} INFO - [0m03:36:15  Concurrency: 2 threads (target='test_wh')
[2026-01-09T03:36:15.020+0000] {subprocess.py:106} INFO - [0m03:36:15
[2026-01-09T03:36:15.032+0000] {subprocess.py:106} INFO - [0m03:36:15  1 of 12 START sql table model STAGING_ANALYTICS.dim_date ....................... [RUN]
[2026-01-09T03:36:15.032+0000] {subprocess.py:106} INFO - [0m03:36:15  2 of 12 START sql view model STAGING_STAGING.stg_customers ..................... [RUN]
[2026-01-09T03:36:16.160+0000] {subprocess.py:106} INFO - [0m03:36:16  2 of 12 OK created sql view model STAGING_STAGING.stg_customers ................ [[32mSUCCESS 1[0m in 1.12s]
[2026-01-09T03:36:16.163+0000] {subprocess.py:106} INFO - [0m03:36:16  3 of 12 START sql view model STAGING_STAGING.stg_inventory_snapshots ........... [RUN]
[2026-01-09T03:36:17.130+0000] {subprocess.py:106} INFO - [0m03:36:17  1 of 12 OK created sql table model STAGING_ANALYTICS.dim_date .................. [[32mSUCCESS 1[0m in 2.10s]
[2026-01-09T03:36:17.134+0000] {subprocess.py:106} INFO - [0m03:36:17  4 of 12 START sql view model STAGING_STAGING.stg_order_items ................... [RUN]
[2026-01-09T03:36:17.243+0000] {subprocess.py:106} INFO - [0m03:36:17  3 of 12 OK created sql view model STAGING_STAGING.stg_inventory_snapshots ...... [[32mSUCCESS 1[0m in 1.08s]
[2026-01-09T03:36:17.245+0000] {subprocess.py:106} INFO - [0m03:36:17  5 of 12 START sql view model STAGING_STAGING.stg_orders ........................ [RUN]
[2026-01-09T03:36:18.149+0000] {subprocess.py:106} INFO - [0m03:36:18  4 of 12 OK created sql view model STAGING_STAGING.stg_order_items .............. [[32mSUCCESS 1[0m in 1.01s]
[2026-01-09T03:36:18.151+0000] {subprocess.py:106} INFO - [0m03:36:18  6 of 12 START sql view model STAGING_STAGING.stg_products ...................... [RUN]
[2026-01-09T03:36:18.286+0000] {subprocess.py:106} INFO - [0m03:36:18  5 of 12 OK created sql view model STAGING_STAGING.stg_orders ................... [[32mSUCCESS 1[0m in 1.04s]
[2026-01-09T03:36:18.288+0000] {subprocess.py:106} INFO - [0m03:36:18  7 of 12 START sql view model STAGING_STAGING.stg_stores ........................ [RUN]
[2026-01-09T03:36:19.116+0000] {subprocess.py:106} INFO - [0m03:36:19  6 of 12 OK created sql view model STAGING_STAGING.stg_products ................. [[32mSUCCESS 1[0m in 0.96s]
[2026-01-09T03:36:19.128+0000] {subprocess.py:106} INFO - [0m03:36:19  8 of 12 START sql table model STAGING_ANALYTICS.dim_customer ................... [RUN]
[2026-01-09T03:36:19.261+0000] {subprocess.py:106} INFO - [0m03:36:19  7 of 12 OK created sql view model STAGING_STAGING.stg_stores ................... [[32mSUCCESS 1[0m in 0.97s]
[2026-01-09T03:36:19.263+0000] {subprocess.py:106} INFO - [0m03:36:19  9 of 12 START sql table model STAGING_ANALYTICS.fact_inventory_snapshot ........ [RUN]
[2026-01-09T03:36:21.190+0000] {subprocess.py:106} INFO - [0m03:36:21  8 of 12 OK created sql table model STAGING_ANALYTICS.dim_customer .............. [[32mSUCCESS 1[0m in 2.06s]
[2026-01-09T03:36:21.192+0000] {subprocess.py:106} INFO - [0m03:36:21  9 of 12 OK created sql table model STAGING_ANALYTICS.fact_inventory_snapshot ... [[32mSUCCESS 1[0m in 1.92s]
[2026-01-09T03:36:21.197+0000] {subprocess.py:106} INFO - [0m03:36:21  10 of 12 START sql table model STAGING_ANALYTICS.dim_product ................... [RUN]
[2026-01-09T03:36:21.198+0000] {subprocess.py:106} INFO - [0m03:36:21  11 of 12 START sql table model STAGING_ANALYTICS.dim_store ..................... [RUN]
[2026-01-09T03:36:23.090+0000] {subprocess.py:106} INFO - [0m03:36:23  10 of 12 OK created sql table model STAGING_ANALYTICS.dim_product .............. [[32mSUCCESS 1[0m in 1.89s]
[2026-01-09T03:36:23.094+0000] {subprocess.py:106} INFO - [0m03:36:23  12 of 12 START sql table model STAGING_ANALYTICS.fact_sales .................... [RUN]
[2026-01-09T03:36:23.187+0000] {subprocess.py:106} INFO - [0m03:36:23  11 of 12 OK created sql table model STAGING_ANALYTICS.dim_store ................ [[32mSUCCESS 1[0m in 1.99s]
[2026-01-09T03:36:25.491+0000] {subprocess.py:106} INFO - [0m03:36:25  12 of 12 OK created sql table model STAGING_ANALYTICS.fact_sales ............... [[32mSUCCESS 1[0m in 2.39s]
[2026-01-09T03:36:25.498+0000] {subprocess.py:106} INFO - [0m03:36:25
[2026-01-09T03:36:25.499+0000] {subprocess.py:106} INFO - [0m03:36:25  Finished running 6 view models, 6 table models in 0 hours 0 minutes and 13.22 seconds (13.22s).
[2026-01-09T03:36:25.545+0000] {subprocess.py:106} INFO - [0m03:36:25
[2026-01-09T03:36:25.546+0000] {subprocess.py:106} INFO - [0m03:36:25  [32mCompleted successfully[0m
[2026-01-09T03:36:25.546+0000] {subprocess.py:106} INFO - [0m03:36:25
[2026-01-09T03:36:25.546+0000] {subprocess.py:106} INFO - [0m03:36:25  Done. PASS=12 WARN=0 ERROR=0 SKIP=0 TOTAL=12
[2026-01-09T03:36:26.231+0000] {subprocess.py:110} INFO - Command exited with return code 0
[2026-01-09T03:36:26.260+0000] {taskinstance.py:340} INFO - ::group::Post task execution logs
[2026-01-09T03:36:26.261+0000] {taskinstance.py:352} INFO - Marking task as SUCCESS. dag_id=retail_dbt_daily_pipeline, task_id=dbt_run, run_id=manual__2026-01-09T03:35:51+00:00, execution_date=20260109T033551, start_date=20260109T033608, end_date=20260109T033626
[2026-01-09T03:36:26.277+0000] {local_task_job_runner.py:266} INFO - Task exited with return code 0
[2026-01-09T03:36:26.296+0000] {taskinstance.py:3895} INFO - 1 downstream tasks scheduled from follow-on schedule check
[2026-01-09T03:36:26.297+0000] {local_task_job_runner.py:245} INFO - ::endgroup::
