[2026-01-08T21:19:12.482+0000] {local_task_job_runner.py:123} INFO - ::group::Pre task execution logs
[2026-01-08T21:19:12.492+0000] {taskinstance.py:2613} INFO - Dependencies all met for dep_context=non-requeueable deps ti=<TaskInstance: retail_dbt_daily_pipeline.dbt_snapshot manual__2026-01-08T21:19:07.948518+00:00 [queued]>
[2026-01-08T21:19:12.497+0000] {taskinstance.py:2613} INFO - Dependencies all met for dep_context=requeueable deps ti=<TaskInstance: retail_dbt_daily_pipeline.dbt_snapshot manual__2026-01-08T21:19:07.948518+00:00 [queued]>
[2026-01-08T21:19:12.497+0000] {taskinstance.py:2866} INFO - Starting attempt 1 of 2
[2026-01-08T21:19:12.504+0000] {taskinstance.py:2889} INFO - Executing <Task(BashOperator): dbt_snapshot> on 2026-01-08 21:19:07.948518+00:00
[2026-01-08T21:19:12.508+0000] {logging_mixin.py:190} WARNING - /home/***/.local/lib/python3.12/site-packages/***/task/task_runner/standard_task_runner.py:70 DeprecationWarning: This process (pid=506) is multi-threaded, use of fork() may lead to deadlocks in the child.
[2026-01-08T21:19:12.509+0000] {standard_task_runner.py:72} INFO - Started process 507 to run task
[2026-01-08T21:19:12.508+0000] {standard_task_runner.py:104} INFO - Running: ['***', 'tasks', 'run', 'retail_dbt_daily_pipeline', 'dbt_snapshot', 'manual__2026-01-08T21:19:07.948518+00:00', '--job-id', '39', '--raw', '--subdir', 'DAGS_FOLDER/retail_dw_daily.py', '--cfg-path', '/tmp/tmps83spi_d']
[2026-01-08T21:19:12.510+0000] {standard_task_runner.py:105} INFO - Job 39: Subtask dbt_snapshot
[2026-01-08T21:19:12.537+0000] {task_command.py:467} INFO - Running <TaskInstance: retail_dbt_daily_pipeline.dbt_snapshot manual__2026-01-08T21:19:07.948518+00:00 [running]> on host 5fc490f84247
[2026-01-08T21:19:12.586+0000] {taskinstance.py:3132} INFO - Exporting env vars: AIRFLOW_CTX_DAG_OWNER='data-engineering' AIRFLOW_CTX_DAG_ID='retail_dbt_daily_pipeline' AIRFLOW_CTX_TASK_ID='dbt_snapshot' AIRFLOW_CTX_EXECUTION_DATE='2026-01-08T21:19:07.948518+00:00' AIRFLOW_CTX_TRY_NUMBER='1' AIRFLOW_CTX_DAG_RUN_ID='manual__2026-01-08T21:19:07.948518+00:00'
[2026-01-08T21:19:12.586+0000] {taskinstance.py:731} INFO - ::endgroup::
[2026-01-08T21:19:12.596+0000] {subprocess.py:78} INFO - Tmp dir root location: /tmp
[2026-01-08T21:19:12.596+0000] {subprocess.py:88} INFO - Running command: ['/usr/bin/bash', '-c', 'cd /opt/***/dbt/retail_dbt && dbt snapshot']
[2026-01-08T21:19:12.601+0000] {subprocess.py:99} INFO - Output:
[2026-01-08T21:19:14.266+0000] {subprocess.py:106} INFO - [0m21:19:14  Running with dbt=1.8.2
[2026-01-08T21:19:14.981+0000] {subprocess.py:106} INFO - [0m21:19:14  Registered adapter: snowflake=1.8.2
[2026-01-08T21:19:15.334+0000] {subprocess.py:106} INFO - [0m21:19:15  Found 12 models, 1 snapshot, 16 data tests, 6 sources, 575 macros
[2026-01-08T21:19:15.337+0000] {subprocess.py:106} INFO - [0m21:19:15
[2026-01-08T21:19:17.293+0000] {subprocess.py:106} INFO - [0m21:19:17  Concurrency: 4 threads (target='dev')
[2026-01-08T21:19:17.297+0000] {subprocess.py:106} INFO - [0m21:19:17
[2026-01-08T21:19:17.308+0000] {subprocess.py:106} INFO - [0m21:19:17  1 of 1 START snapshot ANALYTICS.snap_customers ................................. [RUN]
[2026-01-08T21:19:22.447+0000] {subprocess.py:106} INFO - [0m21:19:22  1 of 1 OK snapshotted ANALYTICS.snap_customers ................................. [[32mSUCCESS 0[0m in 5.13s]
[2026-01-08T21:19:22.454+0000] {subprocess.py:106} INFO - [0m21:19:22
[2026-01-08T21:19:22.455+0000] {subprocess.py:106} INFO - [0m21:19:22  Finished running 1 snapshot in 0 hours 0 minutes and 7.12 seconds (7.12s).
[2026-01-08T21:19:22.496+0000] {subprocess.py:106} INFO - [0m21:19:22
[2026-01-08T21:19:22.497+0000] {subprocess.py:106} INFO - [0m21:19:22  [32mCompleted successfully[0m
[2026-01-08T21:19:22.497+0000] {subprocess.py:106} INFO - [0m21:19:22
[2026-01-08T21:19:22.498+0000] {subprocess.py:106} INFO - [0m21:19:22  Done. PASS=1 WARN=0 ERROR=0 SKIP=0 TOTAL=1
[2026-01-08T21:19:23.058+0000] {subprocess.py:110} INFO - Command exited with return code 0
[2026-01-08T21:19:23.075+0000] {taskinstance.py:340} INFO - ::group::Post task execution logs
[2026-01-08T21:19:23.076+0000] {taskinstance.py:352} INFO - Marking task as SUCCESS. dag_id=retail_dbt_daily_pipeline, task_id=dbt_snapshot, run_id=manual__2026-01-08T21:19:07.948518+00:00, execution_date=20260108T211907, start_date=20260108T211912, end_date=20260108T211923
[2026-01-08T21:19:23.084+0000] {local_task_job_runner.py:266} INFO - Task exited with return code 0
[2026-01-08T21:19:23.099+0000] {taskinstance.py:3895} INFO - 1 downstream tasks scheduled from follow-on schedule check
[2026-01-08T21:19:23.099+0000] {local_task_job_runner.py:245} INFO - ::endgroup::
