[2026-01-10T06:57:49.212+0000] {local_task_job_runner.py:123} INFO - ::group::Pre task execution logs
[2026-01-10T06:57:49.223+0000] {taskinstance.py:2613} INFO - Dependencies all met for dep_context=non-requeueable deps ti=<TaskInstance: retail_dbt_daily_pipeline.dbt_run manual__2026-01-10T06:57:43.823390+00:00 [queued]>
[2026-01-10T06:57:49.228+0000] {taskinstance.py:2613} INFO - Dependencies all met for dep_context=requeueable deps ti=<TaskInstance: retail_dbt_daily_pipeline.dbt_run manual__2026-01-10T06:57:43.823390+00:00 [queued]>
[2026-01-10T06:57:49.229+0000] {taskinstance.py:2866} INFO - Starting attempt 1 of 3
[2026-01-10T06:57:49.237+0000] {taskinstance.py:2889} INFO - Executing <Task(BashOperator): dbt_run> on 2026-01-10 06:57:43.823390+00:00
[2026-01-10T06:57:49.241+0000] {logging_mixin.py:190} WARNING - /home/***/.local/lib/python3.12/site-packages/***/task/task_runner/standard_task_runner.py:70 DeprecationWarning: This process (pid=237) is multi-threaded, use of fork() may lead to deadlocks in the child.
[2026-01-10T06:57:49.242+0000] {standard_task_runner.py:72} INFO - Started process 243 to run task
[2026-01-10T06:57:49.241+0000] {standard_task_runner.py:104} INFO - Running: ['***', 'tasks', 'run', 'retail_dbt_daily_pipeline', 'dbt_run', 'manual__2026-01-10T06:57:43.823390+00:00', '--job-id', '133', '--raw', '--subdir', 'DAGS_FOLDER/retail_dbt_daily_pipeline.py', '--cfg-path', '/tmp/tmp84k5q96j']
[2026-01-10T06:57:49.243+0000] {standard_task_runner.py:105} INFO - Job 133: Subtask dbt_run
[2026-01-10T06:57:49.272+0000] {task_command.py:467} INFO - Running <TaskInstance: retail_dbt_daily_pipeline.dbt_run manual__2026-01-10T06:57:43.823390+00:00 [running]> on host 258acc570ce0
[2026-01-10T06:57:49.319+0000] {taskinstance.py:3132} INFO - Exporting env vars: AIRFLOW_CTX_DAG_EMAIL='test@local' AIRFLOW_CTX_DAG_OWNER='***' AIRFLOW_CTX_DAG_ID='retail_dbt_daily_pipeline' AIRFLOW_CTX_TASK_ID='dbt_run' AIRFLOW_CTX_EXECUTION_DATE='2026-01-10T06:57:43.823390+00:00' AIRFLOW_CTX_TRY_NUMBER='1' AIRFLOW_CTX_DAG_RUN_ID='manual__2026-01-10T06:57:43.823390+00:00'
[2026-01-10T06:57:49.319+0000] {taskinstance.py:731} INFO - ::endgroup::
[2026-01-10T06:57:49.331+0000] {subprocess.py:78} INFO - Tmp dir root location: /tmp
[2026-01-10T06:57:49.331+0000] {subprocess.py:88} INFO - Running command: ['/usr/bin/bash', '-c', 'bash -lc "cd /opt/***/dbt/retail_dbt && /home/***/.local/bin/dbt run"']
[2026-01-10T06:57:49.336+0000] {subprocess.py:99} INFO - Output:
[2026-01-10T06:57:50.929+0000] {subprocess.py:106} INFO - [0m06:57:50  Running with dbt=1.8.2
[2026-01-10T06:57:52.700+0000] {subprocess.py:106} INFO - [0m06:57:52  Registered adapter: snowflake=1.8.2
[2026-01-10T06:57:53.047+0000] {subprocess.py:106} INFO - [0m06:57:53  Found 12 models, 1 snapshot, 16 data tests, 6 sources, 575 macros
[2026-01-10T06:57:53.050+0000] {subprocess.py:106} INFO - [0m06:57:53
[2026-01-10T06:57:56.316+0000] {subprocess.py:106} INFO - [0m06:57:56  Concurrency: 4 threads (target='dev')
[2026-01-10T06:57:56.317+0000] {subprocess.py:106} INFO - [0m06:57:56
[2026-01-10T06:57:56.331+0000] {subprocess.py:106} INFO - [0m06:57:56  1 of 12 START sql table model STAGING_ANALYTICS.dim_date ....................... [RUN]
[2026-01-10T06:57:56.332+0000] {subprocess.py:106} INFO - [0m06:57:56  2 of 12 START sql view model STAGING_STAGING.stg_customers ..................... [RUN]
[2026-01-10T06:57:56.333+0000] {subprocess.py:106} INFO - [0m06:57:56  3 of 12 START sql view model STAGING_STAGING.stg_inventory_snapshots ........... [RUN]
[2026-01-10T06:57:56.334+0000] {subprocess.py:106} INFO - [0m06:57:56  4 of 12 START sql view model STAGING_STAGING.stg_order_items ................... [RUN]
[2026-01-10T06:57:57.309+0000] {subprocess.py:106} INFO - [0m06:57:57  4 of 12 OK created sql view model STAGING_STAGING.stg_order_items .............. [[32mSUCCESS 1[0m in 0.97s]
[2026-01-10T06:57:57.311+0000] {subprocess.py:106} INFO - [0m06:57:57  5 of 12 START sql view model STAGING_STAGING.stg_orders ........................ [RUN]
[2026-01-10T06:57:57.313+0000] {subprocess.py:106} INFO - [0m06:57:57  3 of 12 OK created sql view model STAGING_STAGING.stg_inventory_snapshots ...... [[32mSUCCESS 1[0m in 0.98s]
[2026-01-10T06:57:57.318+0000] {subprocess.py:106} INFO - [0m06:57:57  6 of 12 START sql view model STAGING_STAGING.stg_products ...................... [RUN]
[2026-01-10T06:57:57.320+0000] {subprocess.py:106} INFO - [0m06:57:57  2 of 12 OK created sql view model STAGING_STAGING.stg_customers ................ [[32mSUCCESS 1[0m in 0.98s]
[2026-01-10T06:57:57.328+0000] {subprocess.py:106} INFO - [0m06:57:57  7 of 12 START sql view model STAGING_STAGING.stg_stores ........................ [RUN]
[2026-01-10T06:57:58.205+0000] {subprocess.py:106} INFO - [0m06:57:58  6 of 12 OK created sql view model STAGING_STAGING.stg_products ................. [[32mSUCCESS 1[0m in 0.88s]
[2026-01-10T06:57:58.206+0000] {subprocess.py:106} INFO - [0m06:57:58  5 of 12 OK created sql view model STAGING_STAGING.stg_orders ................... [[32mSUCCESS 1[0m in 0.89s]
[2026-01-10T06:57:58.206+0000] {subprocess.py:106} INFO - [0m06:57:58  7 of 12 OK created sql view model STAGING_STAGING.stg_stores ................... [[32mSUCCESS 1[0m in 0.88s]
[2026-01-10T06:57:58.210+0000] {subprocess.py:106} INFO - [0m06:57:58  8 of 12 START sql table model STAGING_ANALYTICS.fact_inventory_snapshot ........ [RUN]
[2026-01-10T06:57:58.210+0000] {subprocess.py:106} INFO - [0m06:57:58  9 of 12 START sql table model STAGING_ANALYTICS.dim_customer ................... [RUN]
[2026-01-10T06:57:58.211+0000] {subprocess.py:106} INFO - [0m06:57:58  10 of 12 START sql table model STAGING_ANALYTICS.dim_store ..................... [RUN]
[2026-01-10T06:57:58.285+0000] {subprocess.py:106} INFO - [0m06:57:58  1 of 12 OK created sql table model STAGING_ANALYTICS.dim_date .................. [[32mSUCCESS 1[0m in 1.95s]
[2026-01-10T06:57:58.287+0000] {subprocess.py:106} INFO - [0m06:57:58  11 of 12 START sql table model STAGING_ANALYTICS.dim_product ................... [RUN]
[2026-01-10T06:57:59.768+0000] {subprocess.py:106} INFO - [0m06:57:59  9 of 12 OK created sql table model STAGING_ANALYTICS.dim_customer .............. [[32mSUCCESS 1[0m in 1.55s]
[2026-01-10T06:57:59.771+0000] {subprocess.py:106} INFO - [0m06:57:59  11 of 12 OK created sql table model STAGING_ANALYTICS.dim_product .............. [[32mSUCCESS 1[0m in 1.48s]
[2026-01-10T06:57:59.774+0000] {subprocess.py:106} INFO - [0m06:57:59  10 of 12 OK created sql table model STAGING_ANALYTICS.dim_store ................ [[32mSUCCESS 1[0m in 1.56s]
[2026-01-10T06:57:59.776+0000] {subprocess.py:106} INFO - [0m06:57:59  8 of 12 OK created sql table model STAGING_ANALYTICS.fact_inventory_snapshot ... [[32mSUCCESS 1[0m in 1.56s]
[2026-01-10T06:57:59.779+0000] {subprocess.py:106} INFO - [0m06:57:59  12 of 12 START sql table model STAGING_ANALYTICS.fact_sales .................... [RUN]
[2026-01-10T06:58:01.833+0000] {subprocess.py:106} INFO - [0m06:58:01  12 of 12 OK created sql table model STAGING_ANALYTICS.fact_sales ............... [[32mSUCCESS 1[0m in 2.05s]
[2026-01-10T06:58:01.841+0000] {subprocess.py:106} INFO - [0m06:58:01
[2026-01-10T06:58:01.842+0000] {subprocess.py:106} INFO - [0m06:58:01  Finished running 6 view models, 6 table models in 0 hours 0 minutes and 8.79 seconds (8.79s).
[2026-01-10T06:58:01.886+0000] {subprocess.py:106} INFO - [0m06:58:01
[2026-01-10T06:58:01.886+0000] {subprocess.py:106} INFO - [0m06:58:01  [32mCompleted successfully[0m
[2026-01-10T06:58:01.887+0000] {subprocess.py:106} INFO - [0m06:58:01
[2026-01-10T06:58:01.887+0000] {subprocess.py:106} INFO - [0m06:58:01  Done. PASS=12 WARN=0 ERROR=0 SKIP=0 TOTAL=12
[2026-01-10T06:58:02.555+0000] {subprocess.py:110} INFO - Command exited with return code 0
[2026-01-10T06:58:02.573+0000] {taskinstance.py:340} INFO - ::group::Post task execution logs
[2026-01-10T06:58:02.573+0000] {taskinstance.py:352} INFO - Marking task as SUCCESS. dag_id=retail_dbt_daily_pipeline, task_id=dbt_run, run_id=manual__2026-01-10T06:57:43.823390+00:00, execution_date=20260110T065743, start_date=20260110T065749, end_date=20260110T065802
[2026-01-10T06:58:02.597+0000] {local_task_job_runner.py:266} INFO - Task exited with return code 0
[2026-01-10T06:58:02.609+0000] {taskinstance.py:3895} INFO - 1 downstream tasks scheduled from follow-on schedule check
[2026-01-10T06:58:02.610+0000] {local_task_job_runner.py:245} INFO - ::endgroup::
