[2026-01-10T01:24:00.272+0000] {local_task_job_runner.py:123} INFO - ::group::Pre task execution logs
[2026-01-10T01:24:00.283+0000] {taskinstance.py:2613} INFO - Dependencies all met for dep_context=non-requeueable deps ti=<TaskInstance: retail_dbt_daily_pipeline.dbt_deps scheduled__2026-01-09T00:00:00+00:00 [queued]>
[2026-01-10T01:24:00.288+0000] {taskinstance.py:2613} INFO - Dependencies all met for dep_context=requeueable deps ti=<TaskInstance: retail_dbt_daily_pipeline.dbt_deps scheduled__2026-01-09T00:00:00+00:00 [queued]>
[2026-01-10T01:24:00.288+0000] {taskinstance.py:2866} INFO - Starting attempt 1 of 2
[2026-01-10T01:24:00.295+0000] {taskinstance.py:2889} INFO - Executing <Task(BashOperator): dbt_deps> on 2026-01-09 00:00:00+00:00
[2026-01-10T01:24:00.300+0000] {logging_mixin.py:190} WARNING - /home/***/.local/lib/python3.12/site-packages/***/task/task_runner/standard_task_runner.py:70 DeprecationWarning: This process (pid=5019) is multi-threaded, use of fork() may lead to deadlocks in the child.
[2026-01-10T01:24:00.301+0000] {standard_task_runner.py:72} INFO - Started process 5020 to run task
[2026-01-10T01:24:00.300+0000] {standard_task_runner.py:104} INFO - Running: ['***', 'tasks', 'run', 'retail_dbt_daily_pipeline', 'dbt_deps', 'scheduled__2026-01-09T00:00:00+00:00', '--job-id', '117', '--raw', '--subdir', 'DAGS_FOLDER/retail_dbt_daily_pipeline.py', '--cfg-path', '/tmp/tmpnne5qqsl']
[2026-01-10T01:24:00.302+0000] {standard_task_runner.py:105} INFO - Job 117: Subtask dbt_deps
[2026-01-10T01:24:00.336+0000] {task_command.py:467} INFO - Running <TaskInstance: retail_dbt_daily_pipeline.dbt_deps scheduled__2026-01-09T00:00:00+00:00 [running]> on host a1f5ea7d51b7
[2026-01-10T01:24:00.390+0000] {taskinstance.py:3132} INFO - Exporting env vars: AIRFLOW_CTX_DAG_OWNER='data-engineering' AIRFLOW_CTX_DAG_ID='retail_dbt_daily_pipeline' AIRFLOW_CTX_TASK_ID='dbt_deps' AIRFLOW_CTX_EXECUTION_DATE='2026-01-09T00:00:00+00:00' AIRFLOW_CTX_TRY_NUMBER='1' AIRFLOW_CTX_DAG_RUN_ID='scheduled__2026-01-09T00:00:00+00:00'
[2026-01-10T01:24:00.391+0000] {taskinstance.py:731} INFO - ::endgroup::
[2026-01-10T01:24:00.408+0000] {subprocess.py:78} INFO - Tmp dir root location: /tmp
[2026-01-10T01:24:00.409+0000] {subprocess.py:88} INFO - Running command: ['/usr/bin/bash', '-c', 'cd /opt/***/dbt/retail_dbt && /home/***/.local/bin/dbt deps']
[2026-01-10T01:24:00.416+0000] {subprocess.py:99} INFO - Output:
[2026-01-10T01:24:02.080+0000] {subprocess.py:106} INFO - [0m01:24:02  Running with dbt=1.8.2
[2026-01-10T01:24:02.558+0000] {subprocess.py:106} INFO - [0m01:24:02  Installing dbt-labs/dbt_utils
[2026-01-10T01:24:03.143+0000] {subprocess.py:106} INFO - [0m01:24:03  Installed from version 1.3.0
[2026-01-10T01:24:03.144+0000] {subprocess.py:106} INFO - [0m01:24:03  Updated version available: 1.3.3
[2026-01-10T01:24:03.145+0000] {subprocess.py:106} INFO - [0m01:24:03
[2026-01-10T01:24:03.145+0000] {subprocess.py:106} INFO - [0m01:24:03  Updates available for packages: ['dbt-labs/dbt_utils']
[2026-01-10T01:24:03.145+0000] {subprocess.py:106} INFO - Update your versions in packages.yml, then run dbt deps
[2026-01-10T01:24:03.732+0000] {subprocess.py:110} INFO - Command exited with return code 0
[2026-01-10T01:24:03.751+0000] {taskinstance.py:340} INFO - ::group::Post task execution logs
[2026-01-10T01:24:03.751+0000] {taskinstance.py:352} INFO - Marking task as SUCCESS. dag_id=retail_dbt_daily_pipeline, task_id=dbt_deps, run_id=scheduled__2026-01-09T00:00:00+00:00, execution_date=20260109T000000, start_date=20260110T012400, end_date=20260110T012403
[2026-01-10T01:24:03.766+0000] {local_task_job_runner.py:266} INFO - Task exited with return code 0
[2026-01-10T01:24:03.783+0000] {taskinstance.py:3895} INFO - 1 downstream tasks scheduled from follow-on schedule check
[2026-01-10T01:24:03.784+0000] {local_task_job_runner.py:245} INFO - ::endgroup::
