[2026-01-09T02:18:39.502+0000] {local_task_job_runner.py:123} INFO - ::group::Pre task execution logs
[2026-01-09T02:18:39.513+0000] {taskinstance.py:2613} INFO - Dependencies all met for dep_context=non-requeueable deps ti=<TaskInstance: retail_dbt_daily_pipeline.save_dbt_state manual__2026-01-09T02:18:06.595567+00:00 [queued]>
[2026-01-09T02:18:39.517+0000] {taskinstance.py:2613} INFO - Dependencies all met for dep_context=requeueable deps ti=<TaskInstance: retail_dbt_daily_pipeline.save_dbt_state manual__2026-01-09T02:18:06.595567+00:00 [queued]>
[2026-01-09T02:18:39.518+0000] {taskinstance.py:2866} INFO - Starting attempt 1 of 2
[2026-01-09T02:18:39.524+0000] {taskinstance.py:2889} INFO - Executing <Task(BashOperator): save_dbt_state> on 2026-01-09 02:18:06.595567+00:00
[2026-01-09T02:18:39.528+0000] {logging_mixin.py:190} WARNING - /home/***/.local/lib/python3.12/site-packages/***/task/task_runner/standard_task_runner.py:70 DeprecationWarning: This process (pid=368) is multi-threaded, use of fork() may lead to deadlocks in the child.
[2026-01-09T02:18:39.529+0000] {standard_task_runner.py:72} INFO - Started process 369 to run task
[2026-01-09T02:18:39.529+0000] {standard_task_runner.py:104} INFO - Running: ['***', 'tasks', 'run', 'retail_dbt_daily_pipeline', 'save_dbt_state', 'manual__2026-01-09T02:18:06.595567+00:00', '--job-id', '70', '--raw', '--subdir', 'DAGS_FOLDER/retail_dbt_daily_pipeline.py', '--cfg-path', '/tmp/tmpphc5j74v']
[2026-01-09T02:18:39.530+0000] {standard_task_runner.py:105} INFO - Job 70: Subtask save_dbt_state
[2026-01-09T02:18:39.558+0000] {task_command.py:467} INFO - Running <TaskInstance: retail_dbt_daily_pipeline.save_dbt_state manual__2026-01-09T02:18:06.595567+00:00 [running]> on host 5fc490f84247
[2026-01-09T02:18:39.606+0000] {taskinstance.py:3132} INFO - Exporting env vars: AIRFLOW_CTX_DAG_OWNER='analytics' AIRFLOW_CTX_DAG_ID='retail_dbt_daily_pipeline' AIRFLOW_CTX_TASK_ID='save_dbt_state' AIRFLOW_CTX_EXECUTION_DATE='2026-01-09T02:18:06.595567+00:00' AIRFLOW_CTX_TRY_NUMBER='1' AIRFLOW_CTX_DAG_RUN_ID='manual__2026-01-09T02:18:06.595567+00:00'
[2026-01-09T02:18:39.606+0000] {taskinstance.py:731} INFO - ::endgroup::
[2026-01-09T02:18:39.616+0000] {subprocess.py:78} INFO - Tmp dir root location: /tmp
[2026-01-09T02:18:39.616+0000] {subprocess.py:88} INFO - Running command: ['/usr/bin/bash', '-c', '\n        set -e\n        cd /opt/***/dbt/retail_dbt\n        mkdir -p state\n        cp -f target/manifest.json state/manifest.json\n        echo "Saved dbt state manifest"\n        ']
[2026-01-09T02:18:39.621+0000] {subprocess.py:99} INFO - Output:
[2026-01-09T02:18:39.626+0000] {subprocess.py:106} INFO - Saved dbt state manifest
[2026-01-09T02:18:39.626+0000] {subprocess.py:110} INFO - Command exited with return code 0
[2026-01-09T02:18:39.642+0000] {taskinstance.py:340} INFO - ::group::Post task execution logs
[2026-01-09T02:18:39.642+0000] {taskinstance.py:352} INFO - Marking task as SUCCESS. dag_id=retail_dbt_daily_pipeline, task_id=save_dbt_state, run_id=manual__2026-01-09T02:18:06.595567+00:00, execution_date=20260109T021806, start_date=20260109T021839, end_date=20260109T021839
[2026-01-09T02:18:39.668+0000] {local_task_job_runner.py:266} INFO - Task exited with return code 0
[2026-01-09T02:18:39.678+0000] {taskinstance.py:3895} INFO - 0 downstream tasks scheduled from follow-on schedule check
[2026-01-09T02:18:39.680+0000] {local_task_job_runner.py:245} INFO - ::endgroup::
