[2026-01-10T08:03:31.507+0000] {local_task_job_runner.py:123} INFO - ::group::Pre task execution logs
[2026-01-10T08:03:31.518+0000] {taskinstance.py:2613} INFO - Dependencies all met for dep_context=non-requeueable deps ti=<TaskInstance: retail_dbt_daily_pipeline.dbt_run manual__2026-01-10T08:03:26.471365+00:00 [queued]>
[2026-01-10T08:03:31.523+0000] {taskinstance.py:2613} INFO - Dependencies all met for dep_context=requeueable deps ti=<TaskInstance: retail_dbt_daily_pipeline.dbt_run manual__2026-01-10T08:03:26.471365+00:00 [queued]>
[2026-01-10T08:03:31.523+0000] {taskinstance.py:2866} INFO - Starting attempt 1 of 3
[2026-01-10T08:03:31.531+0000] {taskinstance.py:2889} INFO - Executing <Task(BashOperator): dbt_run> on 2026-01-10 08:03:26.471365+00:00
[2026-01-10T08:03:31.535+0000] {logging_mixin.py:190} WARNING - /home/***/.local/lib/python3.12/site-packages/***/task/task_runner/standard_task_runner.py:70 DeprecationWarning: This process (pid=712) is multi-threaded, use of fork() may lead to deadlocks in the child.
[2026-01-10T08:03:31.536+0000] {standard_task_runner.py:72} INFO - Started process 713 to run task
[2026-01-10T08:03:31.535+0000] {standard_task_runner.py:104} INFO - Running: ['***', 'tasks', 'run', 'retail_dbt_daily_pipeline', 'dbt_run', 'manual__2026-01-10T08:03:26.471365+00:00', '--job-id', '147', '--raw', '--subdir', 'DAGS_FOLDER/retail_dbt_daily_pipeline.py', '--cfg-path', '/tmp/tmp2sul5bcv']
[2026-01-10T08:03:31.537+0000] {standard_task_runner.py:105} INFO - Job 147: Subtask dbt_run
[2026-01-10T08:03:31.565+0000] {task_command.py:467} INFO - Running <TaskInstance: retail_dbt_daily_pipeline.dbt_run manual__2026-01-10T08:03:26.471365+00:00 [running]> on host 88a183b93207
[2026-01-10T08:03:31.615+0000] {taskinstance.py:3132} INFO - Exporting env vars: AIRFLOW_CTX_DAG_EMAIL='test@local' AIRFLOW_CTX_DAG_OWNER='***' AIRFLOW_CTX_DAG_ID='retail_dbt_daily_pipeline' AIRFLOW_CTX_TASK_ID='dbt_run' AIRFLOW_CTX_EXECUTION_DATE='2026-01-10T08:03:26.471365+00:00' AIRFLOW_CTX_TRY_NUMBER='1' AIRFLOW_CTX_DAG_RUN_ID='manual__2026-01-10T08:03:26.471365+00:00'
[2026-01-10T08:03:31.616+0000] {taskinstance.py:731} INFO - ::endgroup::
[2026-01-10T08:03:31.627+0000] {subprocess.py:78} INFO - Tmp dir root location: /tmp
[2026-01-10T08:03:31.627+0000] {subprocess.py:88} INFO - Running command: ['/usr/bin/bash', '-c', 'bash -lc "cd /opt/***/dbt/retail_dbt && /home/***/.local/bin/dbt run"']
[2026-01-10T08:03:31.633+0000] {subprocess.py:99} INFO - Output:
[2026-01-10T08:03:33.203+0000] {subprocess.py:106} INFO - [0m08:03:33  Running with dbt=1.8.2
[2026-01-10T08:03:34.961+0000] {subprocess.py:106} INFO - [0m08:03:34  Registered adapter: snowflake=1.8.2
[2026-01-10T08:03:35.322+0000] {subprocess.py:106} INFO - [0m08:03:35  Found 12 models, 1 snapshot, 16 data tests, 6 sources, 575 macros
[2026-01-10T08:03:35.324+0000] {subprocess.py:106} INFO - [0m08:03:35
[2026-01-10T08:03:38.355+0000] {subprocess.py:106} INFO - [0m08:03:38  Concurrency: 4 threads (target='dev')
[2026-01-10T08:03:38.356+0000] {subprocess.py:106} INFO - [0m08:03:38
[2026-01-10T08:03:38.369+0000] {subprocess.py:106} INFO - [0m08:03:38  1 of 12 START sql table model STAGING_ANALYTICS.dim_date ....................... [RUN]
[2026-01-10T08:03:38.370+0000] {subprocess.py:106} INFO - [0m08:03:38  2 of 12 START sql view model STAGING_STAGING.stg_customers ..................... [RUN]
[2026-01-10T08:03:38.370+0000] {subprocess.py:106} INFO - [0m08:03:38  3 of 12 START sql view model STAGING_STAGING.stg_inventory_snapshots ........... [RUN]
[2026-01-10T08:03:38.371+0000] {subprocess.py:106} INFO - [0m08:03:38  4 of 12 START sql view model STAGING_STAGING.stg_order_items ................... [RUN]
[2026-01-10T08:03:39.545+0000] {subprocess.py:106} INFO - [0m08:03:39  2 of 12 OK created sql view model STAGING_STAGING.stg_customers ................ [[32mSUCCESS 1[0m in 1.17s]
[2026-01-10T08:03:39.547+0000] {subprocess.py:106} INFO - [0m08:03:39  4 of 12 OK created sql view model STAGING_STAGING.stg_order_items .............. [[32mSUCCESS 1[0m in 1.17s]
[2026-01-10T08:03:39.548+0000] {subprocess.py:106} INFO - [0m08:03:39  3 of 12 OK created sql view model STAGING_STAGING.stg_inventory_snapshots ...... [[32mSUCCESS 1[0m in 1.17s]
[2026-01-10T08:03:39.554+0000] {subprocess.py:106} INFO - [0m08:03:39  5 of 12 START sql view model STAGING_STAGING.stg_orders ........................ [RUN]
[2026-01-10T08:03:39.555+0000] {subprocess.py:106} INFO - [0m08:03:39  6 of 12 START sql view model STAGING_STAGING.stg_products ...................... [RUN]
[2026-01-10T08:03:39.555+0000] {subprocess.py:106} INFO - [0m08:03:39  7 of 12 START sql view model STAGING_STAGING.stg_stores ........................ [RUN]
[2026-01-10T08:03:40.493+0000] {subprocess.py:106} INFO - [0m08:03:40  5 of 12 OK created sql view model STAGING_STAGING.stg_orders ................... [[32mSUCCESS 1[0m in 0.94s]
[2026-01-10T08:03:40.494+0000] {subprocess.py:106} INFO - [0m08:03:40  6 of 12 OK created sql view model STAGING_STAGING.stg_products ................. [[32mSUCCESS 1[0m in 0.94s]
[2026-01-10T08:03:40.497+0000] {subprocess.py:106} INFO - [0m08:03:40  8 of 12 START sql table model STAGING_ANALYTICS.dim_customer ................... [RUN]
[2026-01-10T08:03:40.498+0000] {subprocess.py:106} INFO - [0m08:03:40  9 of 12 START sql table model STAGING_ANALYTICS.fact_inventory_snapshot ........ [RUN]
[2026-01-10T08:03:40.540+0000] {subprocess.py:106} INFO - [0m08:03:40  7 of 12 OK created sql view model STAGING_STAGING.stg_stores ................... [[32mSUCCESS 1[0m in 0.98s]
[2026-01-10T08:03:40.541+0000] {subprocess.py:106} INFO - [0m08:03:40  10 of 12 START sql table model STAGING_ANALYTICS.dim_product ................... [RUN]
[2026-01-10T08:03:40.761+0000] {subprocess.py:106} INFO - [0m08:03:40  1 of 12 OK created sql table model STAGING_ANALYTICS.dim_date .................. [[32mSUCCESS 1[0m in 2.39s]
[2026-01-10T08:03:40.763+0000] {subprocess.py:106} INFO - [0m08:03:40  11 of 12 START sql table model STAGING_ANALYTICS.dim_store ..................... [RUN]
[2026-01-10T08:03:41.895+0000] {subprocess.py:106} INFO - [0m08:03:41  8 of 12 OK created sql table model STAGING_ANALYTICS.dim_customer .............. [[32mSUCCESS 1[0m in 1.39s]
[2026-01-10T08:03:41.899+0000] {subprocess.py:106} INFO - [0m08:03:41  12 of 12 START sql table model STAGING_ANALYTICS.fact_sales .................... [RUN]
[2026-01-10T08:03:41.994+0000] {subprocess.py:106} INFO - [0m08:03:41  10 of 12 OK created sql table model STAGING_ANALYTICS.dim_product .............. [[32mSUCCESS 1[0m in 1.45s]
[2026-01-10T08:03:41.995+0000] {subprocess.py:106} INFO - [0m08:03:41  9 of 12 OK created sql table model STAGING_ANALYTICS.fact_inventory_snapshot ... [[32mSUCCESS 1[0m in 1.49s]
[2026-01-10T08:03:42.430+0000] {subprocess.py:106} INFO - [0m08:03:42  11 of 12 OK created sql table model STAGING_ANALYTICS.dim_store ................ [[32mSUCCESS 1[0m in 1.66s]
[2026-01-10T08:03:43.977+0000] {subprocess.py:106} INFO - [0m08:03:43  12 of 12 OK created sql table model STAGING_ANALYTICS.fact_sales ............... [[32mSUCCESS 1[0m in 2.07s]
[2026-01-10T08:03:43.985+0000] {subprocess.py:106} INFO - [0m08:03:43
[2026-01-10T08:03:43.985+0000] {subprocess.py:106} INFO - [0m08:03:43  Finished running 6 view models, 6 table models in 0 hours 0 minutes and 8.66 seconds (8.66s).
[2026-01-10T08:03:44.030+0000] {subprocess.py:106} INFO - [0m08:03:44
[2026-01-10T08:03:44.031+0000] {subprocess.py:106} INFO - [0m08:03:44  [32mCompleted successfully[0m
[2026-01-10T08:03:44.031+0000] {subprocess.py:106} INFO - [0m08:03:44
[2026-01-10T08:03:44.031+0000] {subprocess.py:106} INFO - [0m08:03:44  Done. PASS=12 WARN=0 ERROR=0 SKIP=0 TOTAL=12
[2026-01-10T08:03:44.638+0000] {subprocess.py:110} INFO - Command exited with return code 0
[2026-01-10T08:03:44.657+0000] {taskinstance.py:340} INFO - ::group::Post task execution logs
[2026-01-10T08:03:44.657+0000] {taskinstance.py:352} INFO - Marking task as SUCCESS. dag_id=retail_dbt_daily_pipeline, task_id=dbt_run, run_id=manual__2026-01-10T08:03:26.471365+00:00, execution_date=20260110T080326, start_date=20260110T080331, end_date=20260110T080344
[2026-01-10T08:03:44.682+0000] {local_task_job_runner.py:266} INFO - Task exited with return code 0
[2026-01-10T08:03:44.696+0000] {taskinstance.py:3895} INFO - 1 downstream tasks scheduled from follow-on schedule check
[2026-01-10T08:03:44.697+0000] {local_task_job_runner.py:245} INFO - ::endgroup::
