[2026-01-09T02:18:07.347+0000] {local_task_job_runner.py:123} INFO - ::group::Pre task execution logs
[2026-01-09T02:18:07.358+0000] {taskinstance.py:2613} INFO - Dependencies all met for dep_context=non-requeueable deps ti=<TaskInstance: retail_dbt_daily_pipeline.dbt_deps manual__2026-01-09T02:18:06.595567+00:00 [queued]>
[2026-01-09T02:18:07.363+0000] {taskinstance.py:2613} INFO - Dependencies all met for dep_context=requeueable deps ti=<TaskInstance: retail_dbt_daily_pipeline.dbt_deps manual__2026-01-09T02:18:06.595567+00:00 [queued]>
[2026-01-09T02:18:07.363+0000] {taskinstance.py:2866} INFO - Starting attempt 1 of 2
[2026-01-09T02:18:07.370+0000] {taskinstance.py:2889} INFO - Executing <Task(BashOperator): dbt_deps> on 2026-01-09 02:18:06.595567+00:00
[2026-01-09T02:18:07.375+0000] {logging_mixin.py:190} WARNING - /home/***/.local/lib/python3.12/site-packages/***/task/task_runner/standard_task_runner.py:70 DeprecationWarning: This process (pid=207) is multi-threaded, use of fork() may lead to deadlocks in the child.
[2026-01-09T02:18:07.375+0000] {standard_task_runner.py:72} INFO - Started process 208 to run task
[2026-01-09T02:18:07.375+0000] {standard_task_runner.py:104} INFO - Running: ['***', 'tasks', 'run', 'retail_dbt_daily_pipeline', 'dbt_deps', 'manual__2026-01-09T02:18:06.595567+00:00', '--job-id', '63', '--raw', '--subdir', 'DAGS_FOLDER/retail_dbt_daily_pipeline.py', '--cfg-path', '/tmp/tmpa1y3qgfc']
[2026-01-09T02:18:07.377+0000] {standard_task_runner.py:105} INFO - Job 63: Subtask dbt_deps
[2026-01-09T02:18:07.405+0000] {task_command.py:467} INFO - Running <TaskInstance: retail_dbt_daily_pipeline.dbt_deps manual__2026-01-09T02:18:06.595567+00:00 [running]> on host 5fc490f84247
[2026-01-09T02:18:07.459+0000] {taskinstance.py:3132} INFO - Exporting env vars: AIRFLOW_CTX_DAG_OWNER='analytics' AIRFLOW_CTX_DAG_ID='retail_dbt_daily_pipeline' AIRFLOW_CTX_TASK_ID='dbt_deps' AIRFLOW_CTX_EXECUTION_DATE='2026-01-09T02:18:06.595567+00:00' AIRFLOW_CTX_TRY_NUMBER='1' AIRFLOW_CTX_DAG_RUN_ID='manual__2026-01-09T02:18:06.595567+00:00'
[2026-01-09T02:18:07.460+0000] {taskinstance.py:731} INFO - ::endgroup::
[2026-01-09T02:18:07.470+0000] {subprocess.py:78} INFO - Tmp dir root location: /tmp
[2026-01-09T02:18:07.471+0000] {subprocess.py:88} INFO - Running command: ['/usr/bin/bash', '-c', 'cd /opt/***/dbt/retail_dbt && /home/***/.local/bin/dbt deps']
[2026-01-09T02:18:07.476+0000] {subprocess.py:99} INFO - Output:
[2026-01-09T02:18:09.151+0000] {subprocess.py:106} INFO - [0m02:18:09  Running with dbt=1.8.2
[2026-01-09T02:18:09.386+0000] {subprocess.py:106} INFO - [0m02:18:09  Installing dbt-labs/dbt_utils
[2026-01-09T02:18:10.015+0000] {subprocess.py:106} INFO - [0m02:18:10  Installed from version 1.3.0
[2026-01-09T02:18:10.015+0000] {subprocess.py:106} INFO - [0m02:18:10  Updated version available: 1.3.3
[2026-01-09T02:18:10.016+0000] {subprocess.py:106} INFO - [0m02:18:10
[2026-01-09T02:18:10.016+0000] {subprocess.py:106} INFO - [0m02:18:10  Updates available for packages: ['dbt-labs/dbt_utils']
[2026-01-09T02:18:10.016+0000] {subprocess.py:106} INFO - Update your versions in packages.yml, then run dbt deps
[2026-01-09T02:18:10.462+0000] {subprocess.py:110} INFO - Command exited with return code 0
[2026-01-09T02:18:10.481+0000] {taskinstance.py:340} INFO - ::group::Post task execution logs
[2026-01-09T02:18:10.481+0000] {taskinstance.py:352} INFO - Marking task as SUCCESS. dag_id=retail_dbt_daily_pipeline, task_id=dbt_deps, run_id=manual__2026-01-09T02:18:06.595567+00:00, execution_date=20260109T021806, start_date=20260109T021807, end_date=20260109T021810
[2026-01-09T02:18:10.502+0000] {local_task_job_runner.py:266} INFO - Task exited with return code 0
[2026-01-09T02:18:10.517+0000] {taskinstance.py:3895} INFO - 1 downstream tasks scheduled from follow-on schedule check
[2026-01-09T02:18:10.518+0000] {local_task_job_runner.py:245} INFO - ::endgroup::
