[2026-01-09T02:18:06.203+0000] {local_task_job_runner.py:123} INFO - ::group::Pre task execution logs
[2026-01-09T02:18:06.213+0000] {taskinstance.py:2613} INFO - Dependencies all met for dep_context=non-requeueable deps ti=<TaskInstance: retail_dbt_daily_pipeline.dbt_snapshot manual__2026-01-09T02:18:01+00:00 [queued]>
[2026-01-09T02:18:06.218+0000] {taskinstance.py:2613} INFO - Dependencies all met for dep_context=requeueable deps ti=<TaskInstance: retail_dbt_daily_pipeline.dbt_snapshot manual__2026-01-09T02:18:01+00:00 [queued]>
[2026-01-09T02:18:06.218+0000] {taskinstance.py:2866} INFO - Starting attempt 1 of 2
[2026-01-09T02:18:06.225+0000] {taskinstance.py:2889} INFO - Executing <Task(BashOperator): dbt_snapshot> on 2026-01-09 02:18:01+00:00
[2026-01-09T02:18:06.230+0000] {logging_mixin.py:190} WARNING - /home/***/.local/lib/python3.12/site-packages/***/task/task_runner/standard_task_runner.py:70 DeprecationWarning: This process (pid=203) is multi-threaded, use of fork() may lead to deadlocks in the child.
[2026-01-09T02:18:06.230+0000] {standard_task_runner.py:72} INFO - Started process 204 to run task
[2026-01-09T02:18:06.230+0000] {standard_task_runner.py:104} INFO - Running: ['***', 'tasks', 'run', 'retail_dbt_daily_pipeline', 'dbt_snapshot', 'manual__2026-01-09T02:18:01+00:00', '--job-id', '62', '--raw', '--subdir', 'DAGS_FOLDER/retail_dbt_daily_pipeline.py', '--cfg-path', '/tmp/tmpj4f_ffwo']
[2026-01-09T02:18:06.232+0000] {standard_task_runner.py:105} INFO - Job 62: Subtask dbt_snapshot
[2026-01-09T02:18:06.261+0000] {task_command.py:467} INFO - Running <TaskInstance: retail_dbt_daily_pipeline.dbt_snapshot manual__2026-01-09T02:18:01+00:00 [running]> on host 5fc490f84247
[2026-01-09T02:18:06.313+0000] {taskinstance.py:3132} INFO - Exporting env vars: AIRFLOW_CTX_DAG_OWNER='analytics' AIRFLOW_CTX_DAG_ID='retail_dbt_daily_pipeline' AIRFLOW_CTX_TASK_ID='dbt_snapshot' AIRFLOW_CTX_EXECUTION_DATE='2026-01-09T02:18:01+00:00' AIRFLOW_CTX_TRY_NUMBER='1' AIRFLOW_CTX_DAG_RUN_ID='manual__2026-01-09T02:18:01+00:00'
[2026-01-09T02:18:06.313+0000] {taskinstance.py:731} INFO - ::endgroup::
[2026-01-09T02:18:06.323+0000] {subprocess.py:78} INFO - Tmp dir root location: /tmp
[2026-01-09T02:18:06.324+0000] {subprocess.py:88} INFO - Running command: ['/usr/bin/bash', '-c', 'cd /opt/***/dbt/retail_dbt && /home/***/.local/bin/dbt snapshot']
[2026-01-09T02:18:06.329+0000] {subprocess.py:99} INFO - Output:
[2026-01-09T02:18:08.139+0000] {subprocess.py:106} INFO - [0m02:18:08  Running with dbt=1.8.2
[2026-01-09T02:18:08.811+0000] {subprocess.py:106} INFO - [0m02:18:08  Registered adapter: snowflake=1.8.2
[2026-01-09T02:18:09.175+0000] {subprocess.py:106} INFO - [0m02:18:09  Found 12 models, 1 snapshot, 16 data tests, 6 sources, 575 macros
[2026-01-09T02:18:09.177+0000] {subprocess.py:106} INFO - [0m02:18:09
[2026-01-09T02:18:11.531+0000] {subprocess.py:106} INFO - [0m02:18:11  Concurrency: 4 threads (target='dev')
[2026-01-09T02:18:11.532+0000] {subprocess.py:106} INFO - [0m02:18:11
[2026-01-09T02:18:11.540+0000] {subprocess.py:106} INFO - [0m02:18:11  1 of 1 START snapshot ANALYTICS.snap_customers ................................. [RUN]
[2026-01-09T02:18:17.428+0000] {subprocess.py:106} INFO - [0m02:18:17  1 of 1 OK snapshotted ANALYTICS.snap_customers ................................. [[32mSUCCESS 0[0m in 5.88s]
[2026-01-09T02:18:17.433+0000] {subprocess.py:106} INFO - [0m02:18:17
[2026-01-09T02:18:17.433+0000] {subprocess.py:106} INFO - [0m02:18:17  Finished running 1 snapshot in 0 hours 0 minutes and 8.25 seconds (8.25s).
[2026-01-09T02:18:17.475+0000] {subprocess.py:106} INFO - [0m02:18:17
[2026-01-09T02:18:17.475+0000] {subprocess.py:106} INFO - [0m02:18:17  [32mCompleted successfully[0m
[2026-01-09T02:18:17.475+0000] {subprocess.py:106} INFO - [0m02:18:17
[2026-01-09T02:18:17.476+0000] {subprocess.py:106} INFO - [0m02:18:17  Done. PASS=1 WARN=0 ERROR=0 SKIP=0 TOTAL=1
[2026-01-09T02:18:18.016+0000] {subprocess.py:110} INFO - Command exited with return code 0
[2026-01-09T02:18:18.034+0000] {taskinstance.py:340} INFO - ::group::Post task execution logs
[2026-01-09T02:18:18.035+0000] {taskinstance.py:352} INFO - Marking task as SUCCESS. dag_id=retail_dbt_daily_pipeline, task_id=dbt_snapshot, run_id=manual__2026-01-09T02:18:01+00:00, execution_date=20260109T021801, start_date=20260109T021806, end_date=20260109T021818
[2026-01-09T02:18:18.081+0000] {local_task_job_runner.py:266} INFO - Task exited with return code 0
[2026-01-09T02:18:18.096+0000] {taskinstance.py:3895} INFO - 1 downstream tasks scheduled from follow-on schedule check
[2026-01-09T02:18:18.097+0000] {local_task_job_runner.py:245} INFO - ::endgroup::
