[2026-01-08T21:17:31.391+0000] {local_task_job_runner.py:123} INFO - ::group::Pre task execution logs
[2026-01-08T21:17:31.402+0000] {taskinstance.py:2613} INFO - Dependencies all met for dep_context=non-requeueable deps ti=<TaskInstance: retail_dbt_daily_pipeline.dbt_snapshot manual__2026-01-08T21:17:26.709108+00:00 [queued]>
[2026-01-08T21:17:31.406+0000] {taskinstance.py:2613} INFO - Dependencies all met for dep_context=requeueable deps ti=<TaskInstance: retail_dbt_daily_pipeline.dbt_snapshot manual__2026-01-08T21:17:26.709108+00:00 [queued]>
[2026-01-08T21:17:31.407+0000] {taskinstance.py:2866} INFO - Starting attempt 1 of 2
[2026-01-08T21:17:31.413+0000] {taskinstance.py:2889} INFO - Executing <Task(BashOperator): dbt_snapshot> on 2026-01-08 21:17:26.709108+00:00
[2026-01-08T21:17:31.417+0000] {logging_mixin.py:190} WARNING - /home/***/.local/lib/python3.12/site-packages/***/task/task_runner/standard_task_runner.py:70 DeprecationWarning: This process (pid=384) is multi-threaded, use of fork() may lead to deadlocks in the child.
[2026-01-08T21:17:31.417+0000] {standard_task_runner.py:72} INFO - Started process 385 to run task
[2026-01-08T21:17:31.417+0000] {standard_task_runner.py:104} INFO - Running: ['***', 'tasks', 'run', 'retail_dbt_daily_pipeline', 'dbt_snapshot', 'manual__2026-01-08T21:17:26.709108+00:00', '--job-id', '35', '--raw', '--subdir', 'DAGS_FOLDER/retail_dw_daily.py', '--cfg-path', '/tmp/tmpydi8m0s3']
[2026-01-08T21:17:31.418+0000] {standard_task_runner.py:105} INFO - Job 35: Subtask dbt_snapshot
[2026-01-08T21:17:31.446+0000] {task_command.py:467} INFO - Running <TaskInstance: retail_dbt_daily_pipeline.dbt_snapshot manual__2026-01-08T21:17:26.709108+00:00 [running]> on host 5fc490f84247
[2026-01-08T21:17:31.495+0000] {taskinstance.py:3132} INFO - Exporting env vars: AIRFLOW_CTX_DAG_OWNER='data-engineering' AIRFLOW_CTX_DAG_ID='retail_dbt_daily_pipeline' AIRFLOW_CTX_TASK_ID='dbt_snapshot' AIRFLOW_CTX_EXECUTION_DATE='2026-01-08T21:17:26.709108+00:00' AIRFLOW_CTX_TRY_NUMBER='1' AIRFLOW_CTX_DAG_RUN_ID='manual__2026-01-08T21:17:26.709108+00:00'
[2026-01-08T21:17:31.495+0000] {taskinstance.py:731} INFO - ::endgroup::
[2026-01-08T21:17:31.506+0000] {subprocess.py:78} INFO - Tmp dir root location: /tmp
[2026-01-08T21:17:31.506+0000] {subprocess.py:88} INFO - Running command: ['/usr/bin/bash', '-c', 'cd /opt/***/dbt/retail_dbt && dbt snapshot']
[2026-01-08T21:17:31.511+0000] {subprocess.py:99} INFO - Output:
[2026-01-08T21:17:33.069+0000] {subprocess.py:106} INFO - [0m21:17:33  Running with dbt=1.8.2
[2026-01-08T21:17:33.778+0000] {subprocess.py:106} INFO - [0m21:17:33  Registered adapter: snowflake=1.8.2
[2026-01-08T21:17:34.138+0000] {subprocess.py:106} INFO - [0m21:17:34  Found 12 models, 1 snapshot, 16 data tests, 6 sources, 575 macros
[2026-01-08T21:17:34.140+0000] {subprocess.py:106} INFO - [0m21:17:34
[2026-01-08T21:17:36.075+0000] {subprocess.py:106} INFO - [0m21:17:36  Concurrency: 4 threads (target='dev')
[2026-01-08T21:17:36.076+0000] {subprocess.py:106} INFO - [0m21:17:36
[2026-01-08T21:17:36.085+0000] {subprocess.py:106} INFO - [0m21:17:36  1 of 1 START snapshot ANALYTICS.snap_customers ................................. [RUN]
[2026-01-08T21:17:41.401+0000] {subprocess.py:106} INFO - [0m21:17:41  1 of 1 OK snapshotted ANALYTICS.snap_customers ................................. [[32mSUCCESS 0[0m in 5.31s]
[2026-01-08T21:17:41.406+0000] {subprocess.py:106} INFO - [0m21:17:41
[2026-01-08T21:17:41.406+0000] {subprocess.py:106} INFO - [0m21:17:41  Finished running 1 snapshot in 0 hours 0 minutes and 7.27 seconds (7.27s).
[2026-01-08T21:17:41.445+0000] {subprocess.py:106} INFO - [0m21:17:41
[2026-01-08T21:17:41.446+0000] {subprocess.py:106} INFO - [0m21:17:41  [32mCompleted successfully[0m
[2026-01-08T21:17:41.446+0000] {subprocess.py:106} INFO - [0m21:17:41
[2026-01-08T21:17:41.447+0000] {subprocess.py:106} INFO - [0m21:17:41  Done. PASS=1 WARN=0 ERROR=0 SKIP=0 TOTAL=1
[2026-01-08T21:17:42.003+0000] {subprocess.py:110} INFO - Command exited with return code 0
[2026-01-08T21:17:42.022+0000] {taskinstance.py:340} INFO - ::group::Post task execution logs
[2026-01-08T21:17:42.022+0000] {taskinstance.py:352} INFO - Marking task as SUCCESS. dag_id=retail_dbt_daily_pipeline, task_id=dbt_snapshot, run_id=manual__2026-01-08T21:17:26.709108+00:00, execution_date=20260108T211726, start_date=20260108T211731, end_date=20260108T211742
[2026-01-08T21:17:42.036+0000] {local_task_job_runner.py:266} INFO - Task exited with return code 0
[2026-01-08T21:17:42.051+0000] {taskinstance.py:3895} INFO - 1 downstream tasks scheduled from follow-on schedule check
[2026-01-08T21:17:42.051+0000] {local_task_job_runner.py:245} INFO - ::endgroup::
