[2026-01-08T01:14:18.482+0000] {local_task_job_runner.py:123} INFO - ::group::Pre task execution logs
[2026-01-08T01:14:18.493+0000] {taskinstance.py:2613} INFO - Dependencies all met for dep_context=non-requeueable deps ti=<TaskInstance: retail_dbt_daily_pipeline.dbt_run manual__2026-01-08T01:14:02.160581+00:00 [queued]>
[2026-01-08T01:14:18.498+0000] {taskinstance.py:2613} INFO - Dependencies all met for dep_context=requeueable deps ti=<TaskInstance: retail_dbt_daily_pipeline.dbt_run manual__2026-01-08T01:14:02.160581+00:00 [queued]>
[2026-01-08T01:14:18.498+0000] {taskinstance.py:2866} INFO - Starting attempt 1 of 2
[2026-01-08T01:14:18.505+0000] {taskinstance.py:2889} INFO - Executing <Task(BashOperator): dbt_run> on 2026-01-08 01:14:02.160581+00:00
[2026-01-08T01:14:18.509+0000] {logging_mixin.py:190} WARNING - /home/***/.local/lib/python3.12/site-packages/***/task/task_runner/standard_task_runner.py:70 DeprecationWarning: This process (pid=279) is multi-threaded, use of fork() may lead to deadlocks in the child.
[2026-01-08T01:14:18.510+0000] {standard_task_runner.py:72} INFO - Started process 280 to run task
[2026-01-08T01:14:18.510+0000] {standard_task_runner.py:104} INFO - Running: ['***', 'tasks', 'run', 'retail_dbt_daily_pipeline', 'dbt_run', 'manual__2026-01-08T01:14:02.160581+00:00', '--job-id', '10', '--raw', '--subdir', 'DAGS_FOLDER/retail_dw_daily.py', '--cfg-path', '/tmp/tmpnh6tw664']
[2026-01-08T01:14:18.511+0000] {standard_task_runner.py:105} INFO - Job 10: Subtask dbt_run
[2026-01-08T01:14:18.540+0000] {task_command.py:467} INFO - Running <TaskInstance: retail_dbt_daily_pipeline.dbt_run manual__2026-01-08T01:14:02.160581+00:00 [running]> on host a507ef954979
[2026-01-08T01:14:18.586+0000] {taskinstance.py:3132} INFO - Exporting env vars: AIRFLOW_CTX_DAG_OWNER='data-engineering' AIRFLOW_CTX_DAG_ID='retail_dbt_daily_pipeline' AIRFLOW_CTX_TASK_ID='dbt_run' AIRFLOW_CTX_EXECUTION_DATE='2026-01-08T01:14:02.160581+00:00' AIRFLOW_CTX_TRY_NUMBER='1' AIRFLOW_CTX_DAG_RUN_ID='manual__2026-01-08T01:14:02.160581+00:00'
[2026-01-08T01:14:18.587+0000] {taskinstance.py:731} INFO - ::endgroup::
[2026-01-08T01:14:18.597+0000] {subprocess.py:78} INFO - Tmp dir root location: /tmp
[2026-01-08T01:14:18.597+0000] {subprocess.py:88} INFO - Running command: ['/usr/bin/bash', '-c', 'cd /opt/***/dbt/retail_dbt && dbt run']
[2026-01-08T01:14:18.603+0000] {subprocess.py:99} INFO - Output:
[2026-01-08T01:14:20.178+0000] {subprocess.py:106} INFO - [0m01:14:20  Running with dbt=1.8.2
[2026-01-08T01:14:20.859+0000] {subprocess.py:106} INFO - [0m01:14:20  Registered adapter: snowflake=1.8.2
[2026-01-08T01:14:21.206+0000] {subprocess.py:106} INFO - [0m01:14:21  Found 12 models, 1 snapshot, 16 data tests, 6 sources, 575 macros
[2026-01-08T01:14:21.208+0000] {subprocess.py:106} INFO - [0m01:14:21
[2026-01-08T01:14:22.960+0000] {subprocess.py:106} INFO - [0m01:14:22  Concurrency: 4 threads (target='dev')
[2026-01-08T01:14:22.960+0000] {subprocess.py:106} INFO - [0m01:14:22
[2026-01-08T01:14:22.970+0000] {subprocess.py:106} INFO - [0m01:14:22  1 of 12 START sql table model STAGING_ANALYTICS.dim_date ....................... [RUN]
[2026-01-08T01:14:22.970+0000] {subprocess.py:106} INFO - [0m01:14:22  2 of 12 START sql view model STAGING_STAGING.stg_customers ..................... [RUN]
[2026-01-08T01:14:22.971+0000] {subprocess.py:106} INFO - [0m01:14:22  3 of 12 START sql view model STAGING_STAGING.stg_inventory_snapshots ........... [RUN]
[2026-01-08T01:14:22.972+0000] {subprocess.py:106} INFO - [0m01:14:22  4 of 12 START sql view model STAGING_STAGING.stg_order_items ................... [RUN]
[2026-01-08T01:14:24.022+0000] {subprocess.py:106} INFO - [0m01:14:24  3 of 12 OK created sql view model STAGING_STAGING.stg_inventory_snapshots ...... [[32mSUCCESS 1[0m in 1.04s]
[2026-01-08T01:14:24.024+0000] {subprocess.py:106} INFO - [0m01:14:24  2 of 12 OK created sql view model STAGING_STAGING.stg_customers ................ [[32mSUCCESS 1[0m in 1.05s]
[2026-01-08T01:14:24.029+0000] {subprocess.py:106} INFO - [0m01:14:24  5 of 12 START sql view model STAGING_STAGING.stg_orders ........................ [RUN]
[2026-01-08T01:14:24.030+0000] {subprocess.py:106} INFO - [0m01:14:24  6 of 12 START sql view model STAGING_STAGING.stg_products ...................... [RUN]
[2026-01-08T01:14:24.052+0000] {subprocess.py:106} INFO - [0m01:14:24  4 of 12 OK created sql view model STAGING_STAGING.stg_order_items .............. [[32mSUCCESS 1[0m in 1.08s]
[2026-01-08T01:14:24.057+0000] {subprocess.py:106} INFO - [0m01:14:24  7 of 12 START sql view model STAGING_STAGING.stg_stores ........................ [RUN]
[2026-01-08T01:14:24.655+0000] {subprocess.py:106} INFO - [0m01:14:24  1 of 12 OK created sql table model STAGING_ANALYTICS.dim_date .................. [[32mSUCCESS 1[0m in 1.68s]
[2026-01-08T01:14:24.658+0000] {subprocess.py:106} INFO - [0m01:14:24  8 of 12 START sql table model STAGING_ANALYTICS.fact_inventory_snapshot ........ [RUN]
[2026-01-08T01:14:25.128+0000] {subprocess.py:106} INFO - [0m01:14:25  6 of 12 OK created sql view model STAGING_STAGING.stg_products ................. [[32mSUCCESS 1[0m in 1.09s]
[2026-01-08T01:14:25.132+0000] {subprocess.py:106} INFO - [0m01:14:25  9 of 12 START sql table model STAGING_ANALYTICS.dim_customer ................... [RUN]
[2026-01-08T01:14:25.143+0000] {subprocess.py:106} INFO - [0m01:14:25  7 of 12 OK created sql view model STAGING_STAGING.stg_stores ................... [[32mSUCCESS 1[0m in 1.08s]
[2026-01-08T01:14:25.146+0000] {subprocess.py:106} INFO - [0m01:14:25  10 of 12 START sql table model STAGING_ANALYTICS.dim_product ................... [RUN]
[2026-01-08T01:14:25.177+0000] {subprocess.py:106} INFO - [0m01:14:25  5 of 12 OK created sql view model STAGING_STAGING.stg_orders ................... [[32mSUCCESS 1[0m in 1.15s]
[2026-01-08T01:14:25.179+0000] {subprocess.py:106} INFO - [0m01:14:25  11 of 12 START sql table model STAGING_ANALYTICS.dim_store ..................... [RUN]
[2026-01-08T01:14:26.547+0000] {subprocess.py:106} INFO - [0m01:14:26  8 of 12 OK created sql table model STAGING_ANALYTICS.fact_inventory_snapshot ... [[32mSUCCESS 1[0m in 1.89s]
[2026-01-08T01:14:26.757+0000] {subprocess.py:106} INFO - [0m01:14:26  9 of 12 OK created sql table model STAGING_ANALYTICS.dim_customer .............. [[32mSUCCESS 1[0m in 1.62s]
[2026-01-08T01:14:26.758+0000] {subprocess.py:106} INFO - [0m01:14:26  12 of 12 START sql table model STAGING_ANALYTICS.fact_sales .................... [RUN]
[2026-01-08T01:14:26.942+0000] {subprocess.py:106} INFO - [0m01:14:26  10 of 12 OK created sql table model STAGING_ANALYTICS.dim_product .............. [[32mSUCCESS 1[0m in 1.79s]
[2026-01-08T01:14:27.139+0000] {subprocess.py:106} INFO - [0m01:14:27  11 of 12 OK created sql table model STAGING_ANALYTICS.dim_store ................ [[32mSUCCESS 1[0m in 1.96s]
[2026-01-08T01:14:29.755+0000] {subprocess.py:106} INFO - [0m01:14:29  12 of 12 OK created sql table model STAGING_ANALYTICS.fact_sales ............... [[32mSUCCESS 1[0m in 2.99s]
[2026-01-08T01:14:29.764+0000] {subprocess.py:106} INFO - [0m01:14:29
[2026-01-08T01:14:29.765+0000] {subprocess.py:106} INFO - [0m01:14:29  Finished running 6 view models, 6 table models in 0 hours 0 minutes and 8.55 seconds (8.55s).
[2026-01-08T01:14:29.883+0000] {subprocess.py:106} INFO - [0m01:14:29
[2026-01-08T01:14:29.883+0000] {subprocess.py:106} INFO - [0m01:14:29  [32mCompleted successfully[0m
[2026-01-08T01:14:29.884+0000] {subprocess.py:106} INFO - [0m01:14:29
[2026-01-08T01:14:29.884+0000] {subprocess.py:106} INFO - [0m01:14:29  Done. PASS=12 WARN=0 ERROR=0 SKIP=0 TOTAL=12
[2026-01-08T01:14:30.537+0000] {subprocess.py:110} INFO - Command exited with return code 0
[2026-01-08T01:14:30.556+0000] {taskinstance.py:340} INFO - ::group::Post task execution logs
[2026-01-08T01:14:30.556+0000] {taskinstance.py:352} INFO - Marking task as SUCCESS. dag_id=retail_dbt_daily_pipeline, task_id=dbt_run, run_id=manual__2026-01-08T01:14:02.160581+00:00, execution_date=20260108T011402, start_date=20260108T011418, end_date=20260108T011430
[2026-01-08T01:14:30.595+0000] {local_task_job_runner.py:266} INFO - Task exited with return code 0
[2026-01-08T01:14:30.607+0000] {taskinstance.py:3895} INFO - 1 downstream tasks scheduled from follow-on schedule check
[2026-01-08T01:14:30.608+0000] {local_task_job_runner.py:245} INFO - ::endgroup::
