[2026-01-06T23:54:26.446+0000] {processor.py:186} INFO - Started process (PID=167) to work on /opt/airflow/dags/retail_dw_daily.py
[2026-01-06T23:54:26.447+0000] {processor.py:914} INFO - Processing file /opt/airflow/dags/retail_dw_daily.py for tasks to queue
[2026-01-06T23:54:26.448+0000] {logging_mixin.py:190} INFO - [2026-01-06T23:54:26.448+0000] {dagbag.py:588} INFO - Filling up the DagBag from /opt/airflow/dags/retail_dw_daily.py
[2026-01-06T23:54:26.467+0000] {processor.py:925} INFO - DAG(s) 'retail_dbt_daily_pipeline' retrieved from /opt/airflow/dags/retail_dw_daily.py
[2026-01-06T23:54:26.648+0000] {logging_mixin.py:190} INFO - [2026-01-06T23:54:26.648+0000] {override.py:1911} INFO - Created Permission View: can read on DAG:retail_dbt_daily_pipeline
[2026-01-06T23:54:26.653+0000] {logging_mixin.py:190} INFO - [2026-01-06T23:54:26.653+0000] {override.py:1911} INFO - Created Permission View: can delete on DAG:retail_dbt_daily_pipeline
[2026-01-06T23:54:26.656+0000] {logging_mixin.py:190} INFO - [2026-01-06T23:54:26.656+0000] {override.py:1911} INFO - Created Permission View: can edit on DAG:retail_dbt_daily_pipeline
[2026-01-06T23:54:26.659+0000] {logging_mixin.py:190} INFO - [2026-01-06T23:54:26.659+0000] {override.py:1911} INFO - Created Permission View: can create on DAG Run:retail_dbt_daily_pipeline
[2026-01-06T23:54:26.662+0000] {logging_mixin.py:190} INFO - [2026-01-06T23:54:26.662+0000] {override.py:1911} INFO - Created Permission View: can read on DAG Run:retail_dbt_daily_pipeline
[2026-01-06T23:54:26.664+0000] {logging_mixin.py:190} INFO - [2026-01-06T23:54:26.664+0000] {override.py:1911} INFO - Created Permission View: can delete on DAG Run:retail_dbt_daily_pipeline
[2026-01-06T23:54:26.667+0000] {logging_mixin.py:190} INFO - [2026-01-06T23:54:26.667+0000] {override.py:1911} INFO - Created Permission View: menu access on DAG Run:retail_dbt_daily_pipeline
[2026-01-06T23:54:26.667+0000] {logging_mixin.py:190} INFO - [2026-01-06T23:54:26.667+0000] {dag.py:3239} INFO - Sync 1 DAGs
[2026-01-06T23:54:26.674+0000] {logging_mixin.py:190} INFO - [2026-01-06T23:54:26.674+0000] {dag.py:3262} INFO - Creating ORM DAG for retail_dbt_daily_pipeline
[2026-01-06T23:54:26.682+0000] {logging_mixin.py:190} INFO - [2026-01-06T23:54:26.682+0000] {dag.py:4180} INFO - Setting next_dagrun for retail_dbt_daily_pipeline to 2026-01-05 06:00:00+00:00, run_after=2026-01-06 06:00:00+00:00
[2026-01-06T23:54:26.694+0000] {processor.py:208} INFO - Processing /opt/airflow/dags/retail_dw_daily.py took 0.252 seconds
[2026-01-06T23:54:56.749+0000] {processor.py:186} INFO - Started process (PID=172) to work on /opt/airflow/dags/retail_dw_daily.py
[2026-01-06T23:54:56.750+0000] {processor.py:914} INFO - Processing file /opt/airflow/dags/retail_dw_daily.py for tasks to queue
[2026-01-06T23:54:56.753+0000] {logging_mixin.py:190} INFO - [2026-01-06T23:54:56.752+0000] {dagbag.py:588} INFO - Filling up the DagBag from /opt/airflow/dags/retail_dw_daily.py
[2026-01-06T23:54:56.768+0000] {processor.py:925} INFO - DAG(s) 'retail_dbt_daily_pipeline' retrieved from /opt/airflow/dags/retail_dw_daily.py
[2026-01-06T23:54:56.798+0000] {logging_mixin.py:190} INFO - [2026-01-06T23:54:56.798+0000] {dag.py:3239} INFO - Sync 1 DAGs
[2026-01-06T23:54:56.821+0000] {logging_mixin.py:190} INFO - [2026-01-06T23:54:56.821+0000] {dag.py:4180} INFO - Setting next_dagrun for retail_dbt_daily_pipeline to 2026-01-05 06:00:00+00:00, run_after=2026-01-06 06:00:00+00:00
[2026-01-06T23:54:56.833+0000] {processor.py:208} INFO - Processing /opt/airflow/dags/retail_dw_daily.py took 0.092 seconds
[2026-01-06T23:55:27.062+0000] {processor.py:186} INFO - Started process (PID=177) to work on /opt/airflow/dags/retail_dw_daily.py
[2026-01-06T23:55:27.063+0000] {processor.py:914} INFO - Processing file /opt/airflow/dags/retail_dw_daily.py for tasks to queue
[2026-01-06T23:55:27.065+0000] {logging_mixin.py:190} INFO - [2026-01-06T23:55:27.065+0000] {dagbag.py:588} INFO - Filling up the DagBag from /opt/airflow/dags/retail_dw_daily.py
[2026-01-06T23:55:27.075+0000] {processor.py:925} INFO - DAG(s) 'retail_dbt_daily_pipeline' retrieved from /opt/airflow/dags/retail_dw_daily.py
[2026-01-06T23:55:27.098+0000] {logging_mixin.py:190} INFO - [2026-01-06T23:55:27.097+0000] {dag.py:3239} INFO - Sync 1 DAGs
[2026-01-06T23:55:27.113+0000] {logging_mixin.py:190} INFO - [2026-01-06T23:55:27.113+0000] {dag.py:4180} INFO - Setting next_dagrun for retail_dbt_daily_pipeline to 2026-01-05 06:00:00+00:00, run_after=2026-01-06 06:00:00+00:00
[2026-01-06T23:55:27.125+0000] {processor.py:208} INFO - Processing /opt/airflow/dags/retail_dw_daily.py took 0.067 seconds
[2026-01-06T23:55:57.461+0000] {processor.py:186} INFO - Started process (PID=182) to work on /opt/airflow/dags/retail_dw_daily.py
[2026-01-06T23:55:57.461+0000] {processor.py:914} INFO - Processing file /opt/airflow/dags/retail_dw_daily.py for tasks to queue
[2026-01-06T23:55:57.467+0000] {logging_mixin.py:190} INFO - [2026-01-06T23:55:57.467+0000] {dagbag.py:588} INFO - Filling up the DagBag from /opt/airflow/dags/retail_dw_daily.py
[2026-01-06T23:55:57.479+0000] {processor.py:925} INFO - DAG(s) 'retail_dbt_daily_pipeline' retrieved from /opt/airflow/dags/retail_dw_daily.py
[2026-01-06T23:55:57.504+0000] {logging_mixin.py:190} INFO - [2026-01-06T23:55:57.503+0000] {dag.py:3239} INFO - Sync 1 DAGs
[2026-01-06T23:55:57.523+0000] {logging_mixin.py:190} INFO - [2026-01-06T23:55:57.523+0000] {dag.py:4180} INFO - Setting next_dagrun for retail_dbt_daily_pipeline to 2026-01-05 06:00:00+00:00, run_after=2026-01-06 06:00:00+00:00
[2026-01-06T23:55:57.534+0000] {processor.py:208} INFO - Processing /opt/airflow/dags/retail_dw_daily.py took 0.079 seconds
[2026-01-06T23:56:27.725+0000] {processor.py:186} INFO - Started process (PID=187) to work on /opt/airflow/dags/retail_dw_daily.py
[2026-01-06T23:56:27.726+0000] {processor.py:914} INFO - Processing file /opt/airflow/dags/retail_dw_daily.py for tasks to queue
[2026-01-06T23:56:27.727+0000] {logging_mixin.py:190} INFO - [2026-01-06T23:56:27.727+0000] {dagbag.py:588} INFO - Filling up the DagBag from /opt/airflow/dags/retail_dw_daily.py
[2026-01-06T23:56:27.735+0000] {processor.py:925} INFO - DAG(s) 'retail_dbt_daily_pipeline' retrieved from /opt/airflow/dags/retail_dw_daily.py
[2026-01-06T23:56:27.757+0000] {logging_mixin.py:190} INFO - [2026-01-06T23:56:27.757+0000] {dag.py:3239} INFO - Sync 1 DAGs
[2026-01-06T23:56:27.775+0000] {logging_mixin.py:190} INFO - [2026-01-06T23:56:27.775+0000] {dag.py:4180} INFO - Setting next_dagrun for retail_dbt_daily_pipeline to 2026-01-05 06:00:00+00:00, run_after=2026-01-06 06:00:00+00:00
[2026-01-06T23:56:27.789+0000] {processor.py:208} INFO - Processing /opt/airflow/dags/retail_dw_daily.py took 0.068 seconds
[2026-01-06T23:56:58.094+0000] {processor.py:186} INFO - Started process (PID=192) to work on /opt/airflow/dags/retail_dw_daily.py
[2026-01-06T23:56:58.095+0000] {processor.py:914} INFO - Processing file /opt/airflow/dags/retail_dw_daily.py for tasks to queue
[2026-01-06T23:56:58.097+0000] {logging_mixin.py:190} INFO - [2026-01-06T23:56:58.097+0000] {dagbag.py:588} INFO - Filling up the DagBag from /opt/airflow/dags/retail_dw_daily.py
[2026-01-06T23:56:58.112+0000] {processor.py:925} INFO - DAG(s) 'retail_dbt_daily_pipeline' retrieved from /opt/airflow/dags/retail_dw_daily.py
[2026-01-06T23:56:58.139+0000] {logging_mixin.py:190} INFO - [2026-01-06T23:56:58.139+0000] {dag.py:3239} INFO - Sync 1 DAGs
[2026-01-06T23:56:58.160+0000] {logging_mixin.py:190} INFO - [2026-01-06T23:56:58.159+0000] {dag.py:4180} INFO - Setting next_dagrun for retail_dbt_daily_pipeline to 2026-01-05 06:00:00+00:00, run_after=2026-01-06 06:00:00+00:00
[2026-01-06T23:56:58.173+0000] {processor.py:208} INFO - Processing /opt/airflow/dags/retail_dw_daily.py took 0.085 seconds
[2026-01-06T23:57:28.470+0000] {processor.py:186} INFO - Started process (PID=197) to work on /opt/airflow/dags/retail_dw_daily.py
[2026-01-06T23:57:28.471+0000] {processor.py:914} INFO - Processing file /opt/airflow/dags/retail_dw_daily.py for tasks to queue
[2026-01-06T23:57:28.473+0000] {logging_mixin.py:190} INFO - [2026-01-06T23:57:28.473+0000] {dagbag.py:588} INFO - Filling up the DagBag from /opt/airflow/dags/retail_dw_daily.py
[2026-01-06T23:57:28.487+0000] {processor.py:925} INFO - DAG(s) 'retail_dbt_daily_pipeline' retrieved from /opt/airflow/dags/retail_dw_daily.py
[2026-01-06T23:57:28.516+0000] {logging_mixin.py:190} INFO - [2026-01-06T23:57:28.516+0000] {dag.py:3239} INFO - Sync 1 DAGs
[2026-01-06T23:57:28.538+0000] {logging_mixin.py:190} INFO - [2026-01-06T23:57:28.538+0000] {dag.py:4180} INFO - Setting next_dagrun for retail_dbt_daily_pipeline to 2026-01-05 06:00:00+00:00, run_after=2026-01-06 06:00:00+00:00
[2026-01-06T23:57:28.550+0000] {processor.py:208} INFO - Processing /opt/airflow/dags/retail_dw_daily.py took 0.089 seconds
[2026-01-06T23:57:58.872+0000] {processor.py:186} INFO - Started process (PID=202) to work on /opt/airflow/dags/retail_dw_daily.py
[2026-01-06T23:57:58.873+0000] {processor.py:914} INFO - Processing file /opt/airflow/dags/retail_dw_daily.py for tasks to queue
[2026-01-06T23:57:58.875+0000] {logging_mixin.py:190} INFO - [2026-01-06T23:57:58.875+0000] {dagbag.py:588} INFO - Filling up the DagBag from /opt/airflow/dags/retail_dw_daily.py
[2026-01-06T23:57:58.887+0000] {processor.py:925} INFO - DAG(s) 'retail_dbt_daily_pipeline' retrieved from /opt/airflow/dags/retail_dw_daily.py
[2026-01-06T23:57:58.910+0000] {logging_mixin.py:190} INFO - [2026-01-06T23:57:58.910+0000] {dag.py:3239} INFO - Sync 1 DAGs
[2026-01-06T23:57:58.930+0000] {logging_mixin.py:190} INFO - [2026-01-06T23:57:58.930+0000] {dag.py:4180} INFO - Setting next_dagrun for retail_dbt_daily_pipeline to 2026-01-05 06:00:00+00:00, run_after=2026-01-06 06:00:00+00:00
[2026-01-06T23:57:58.942+0000] {processor.py:208} INFO - Processing /opt/airflow/dags/retail_dw_daily.py took 0.076 seconds
[2026-01-06T23:58:29.163+0000] {processor.py:186} INFO - Started process (PID=207) to work on /opt/airflow/dags/retail_dw_daily.py
[2026-01-06T23:58:29.166+0000] {processor.py:914} INFO - Processing file /opt/airflow/dags/retail_dw_daily.py for tasks to queue
[2026-01-06T23:58:29.173+0000] {logging_mixin.py:190} INFO - [2026-01-06T23:58:29.169+0000] {dagbag.py:588} INFO - Filling up the DagBag from /opt/airflow/dags/retail_dw_daily.py
[2026-01-06T23:58:29.194+0000] {processor.py:925} INFO - DAG(s) 'retail_dbt_daily_pipeline' retrieved from /opt/airflow/dags/retail_dw_daily.py
[2026-01-06T23:58:29.223+0000] {logging_mixin.py:190} INFO - [2026-01-06T23:58:29.223+0000] {dag.py:3239} INFO - Sync 1 DAGs
[2026-01-06T23:58:29.244+0000] {logging_mixin.py:190} INFO - [2026-01-06T23:58:29.244+0000] {dag.py:4180} INFO - Setting next_dagrun for retail_dbt_daily_pipeline to 2026-01-05 06:00:00+00:00, run_after=2026-01-06 06:00:00+00:00
[2026-01-06T23:58:29.256+0000] {processor.py:208} INFO - Processing /opt/airflow/dags/retail_dw_daily.py took 0.100 seconds
[2026-01-06T23:58:59.452+0000] {processor.py:186} INFO - Started process (PID=212) to work on /opt/airflow/dags/retail_dw_daily.py
[2026-01-06T23:58:59.453+0000] {processor.py:914} INFO - Processing file /opt/airflow/dags/retail_dw_daily.py for tasks to queue
[2026-01-06T23:58:59.455+0000] {logging_mixin.py:190} INFO - [2026-01-06T23:58:59.454+0000] {dagbag.py:588} INFO - Filling up the DagBag from /opt/airflow/dags/retail_dw_daily.py
[2026-01-06T23:58:59.465+0000] {processor.py:925} INFO - DAG(s) 'retail_dbt_daily_pipeline' retrieved from /opt/airflow/dags/retail_dw_daily.py
[2026-01-06T23:58:59.491+0000] {logging_mixin.py:190} INFO - [2026-01-06T23:58:59.490+0000] {dag.py:3239} INFO - Sync 1 DAGs
[2026-01-06T23:58:59.505+0000] {logging_mixin.py:190} INFO - [2026-01-06T23:58:59.505+0000] {dag.py:4180} INFO - Setting next_dagrun for retail_dbt_daily_pipeline to 2026-01-05 06:00:00+00:00, run_after=2026-01-06 06:00:00+00:00
[2026-01-06T23:58:59.515+0000] {processor.py:208} INFO - Processing /opt/airflow/dags/retail_dw_daily.py took 0.066 seconds
[2026-01-06T23:59:29.785+0000] {processor.py:186} INFO - Started process (PID=217) to work on /opt/airflow/dags/retail_dw_daily.py
[2026-01-06T23:59:29.786+0000] {processor.py:914} INFO - Processing file /opt/airflow/dags/retail_dw_daily.py for tasks to queue
[2026-01-06T23:59:29.788+0000] {logging_mixin.py:190} INFO - [2026-01-06T23:59:29.787+0000] {dagbag.py:588} INFO - Filling up the DagBag from /opt/airflow/dags/retail_dw_daily.py
[2026-01-06T23:59:29.796+0000] {processor.py:925} INFO - DAG(s) 'retail_dbt_daily_pipeline' retrieved from /opt/airflow/dags/retail_dw_daily.py
[2026-01-06T23:59:29.813+0000] {logging_mixin.py:190} INFO - [2026-01-06T23:59:29.813+0000] {dag.py:3239} INFO - Sync 1 DAGs
[2026-01-06T23:59:29.828+0000] {logging_mixin.py:190} INFO - [2026-01-06T23:59:29.828+0000] {dag.py:4180} INFO - Setting next_dagrun for retail_dbt_daily_pipeline to 2026-01-05 06:00:00+00:00, run_after=2026-01-06 06:00:00+00:00
[2026-01-06T23:59:29.838+0000] {processor.py:208} INFO - Processing /opt/airflow/dags/retail_dw_daily.py took 0.056 seconds
