[2026-01-09T03:35:56.354+0000] {local_task_job_runner.py:123} INFO - ::group::Pre task execution logs
[2026-01-09T03:35:56.364+0000] {taskinstance.py:2613} INFO - Dependencies all met for dep_context=non-requeueable deps ti=<TaskInstance: retail_dbt_daily_pipeline.dbt_snapshot manual__2026-01-09T03:35:51+00:00 [queued]>
[2026-01-09T03:35:56.369+0000] {taskinstance.py:2613} INFO - Dependencies all met for dep_context=requeueable deps ti=<TaskInstance: retail_dbt_daily_pipeline.dbt_snapshot manual__2026-01-09T03:35:51+00:00 [queued]>
[2026-01-09T03:35:56.370+0000] {taskinstance.py:2866} INFO - Starting attempt 1 of 2
[2026-01-09T03:35:56.376+0000] {taskinstance.py:2889} INFO - Executing <Task(BashOperator): dbt_snapshot> on 2026-01-09 03:35:51+00:00
[2026-01-09T03:35:56.381+0000] {logging_mixin.py:190} WARNING - /home/***/.local/lib/python3.12/site-packages/***/task/task_runner/standard_task_runner.py:70 DeprecationWarning: This process (pid=206) is multi-threaded, use of fork() may lead to deadlocks in the child.
[2026-01-09T03:35:56.382+0000] {standard_task_runner.py:72} INFO - Started process 207 to run task
[2026-01-09T03:35:56.381+0000] {standard_task_runner.py:104} INFO - Running: ['***', 'tasks', 'run', 'retail_dbt_daily_pipeline', 'dbt_snapshot', 'manual__2026-01-09T03:35:51+00:00', '--job-id', '98', '--raw', '--subdir', 'DAGS_FOLDER/retail_dbt_daily_pipeline.py', '--cfg-path', '/tmp/tmp_pdw2kaj']
[2026-01-09T03:35:56.383+0000] {standard_task_runner.py:105} INFO - Job 98: Subtask dbt_snapshot
[2026-01-09T03:35:56.412+0000] {task_command.py:467} INFO - Running <TaskInstance: retail_dbt_daily_pipeline.dbt_snapshot manual__2026-01-09T03:35:51+00:00 [running]> on host a1f5ea7d51b7
[2026-01-09T03:35:56.463+0000] {taskinstance.py:3132} INFO - Exporting env vars: AIRFLOW_CTX_DAG_OWNER='data-engineering' AIRFLOW_CTX_DAG_ID='retail_dbt_daily_pipeline' AIRFLOW_CTX_TASK_ID='dbt_snapshot' AIRFLOW_CTX_EXECUTION_DATE='2026-01-09T03:35:51+00:00' AIRFLOW_CTX_TRY_NUMBER='1' AIRFLOW_CTX_DAG_RUN_ID='manual__2026-01-09T03:35:51+00:00'
[2026-01-09T03:35:56.464+0000] {taskinstance.py:731} INFO - ::endgroup::
[2026-01-09T03:35:56.474+0000] {subprocess.py:78} INFO - Tmp dir root location: /tmp
[2026-01-09T03:35:56.474+0000] {subprocess.py:88} INFO - Running command: ['/usr/bin/bash', '-c', 'cd /opt/***/dbt/retail_dbt && /home/***/.local/bin/dbt snapshot']
[2026-01-09T03:35:56.480+0000] {subprocess.py:99} INFO - Output:
[2026-01-09T03:35:58.078+0000] {subprocess.py:106} INFO - [0m03:35:58  Running with dbt=1.8.2
[2026-01-09T03:35:58.752+0000] {subprocess.py:106} INFO - [0m03:35:58  Registered adapter: snowflake=1.8.2
[2026-01-09T03:35:59.114+0000] {subprocess.py:106} INFO - [0m03:35:59  Found 12 models, 1 snapshot, 16 data tests, 6 sources, 575 macros
[2026-01-09T03:35:59.117+0000] {subprocess.py:106} INFO - [0m03:35:59
[2026-01-09T03:36:01.403+0000] {subprocess.py:106} INFO - [0m03:36:01  Concurrency: 4 threads (target='dev')
[2026-01-09T03:36:01.405+0000] {subprocess.py:106} INFO - [0m03:36:01
[2026-01-09T03:36:01.418+0000] {subprocess.py:106} INFO - [0m03:36:01  1 of 1 START snapshot ANALYTICS.snap_customers ................................. [RUN]
[2026-01-09T03:36:06.959+0000] {subprocess.py:106} INFO - [0m03:36:06  1 of 1 OK snapshotted ANALYTICS.snap_customers ................................. [[32mSUCCESS 0[0m in 5.53s]
[2026-01-09T03:36:06.966+0000] {subprocess.py:106} INFO - [0m03:36:06
[2026-01-09T03:36:06.967+0000] {subprocess.py:106} INFO - [0m03:36:06  Finished running 1 snapshot in 0 hours 0 minutes and 7.85 seconds (7.85s).
[2026-01-09T03:36:07.013+0000] {subprocess.py:106} INFO - [0m03:36:07
[2026-01-09T03:36:07.013+0000] {subprocess.py:106} INFO - [0m03:36:07  [32mCompleted successfully[0m
[2026-01-09T03:36:07.014+0000] {subprocess.py:106} INFO - [0m03:36:07
[2026-01-09T03:36:07.014+0000] {subprocess.py:106} INFO - [0m03:36:07  Done. PASS=1 WARN=0 ERROR=0 SKIP=0 TOTAL=1
[2026-01-09T03:36:07.572+0000] {subprocess.py:110} INFO - Command exited with return code 0
[2026-01-09T03:36:07.590+0000] {taskinstance.py:340} INFO - ::group::Post task execution logs
[2026-01-09T03:36:07.591+0000] {taskinstance.py:352} INFO - Marking task as SUCCESS. dag_id=retail_dbt_daily_pipeline, task_id=dbt_snapshot, run_id=manual__2026-01-09T03:35:51+00:00, execution_date=20260109T033551, start_date=20260109T033556, end_date=20260109T033607
[2026-01-09T03:36:07.604+0000] {local_task_job_runner.py:266} INFO - Task exited with return code 0
[2026-01-09T03:36:07.619+0000] {taskinstance.py:3895} INFO - 1 downstream tasks scheduled from follow-on schedule check
[2026-01-09T03:36:07.620+0000] {local_task_job_runner.py:245} INFO - ::endgroup::
