[2026-01-09T03:59:19.498+0000] {local_task_job_runner.py:123} INFO - ::group::Pre task execution logs
[2026-01-09T03:59:19.508+0000] {taskinstance.py:2613} INFO - Dependencies all met for dep_context=non-requeueable deps ti=<TaskInstance: retail_dbt_daily_pipeline.dbt_run_modified manual__2026-01-09T03:58:31.806492+00:00 [queued]>
[2026-01-09T03:59:19.513+0000] {taskinstance.py:2613} INFO - Dependencies all met for dep_context=requeueable deps ti=<TaskInstance: retail_dbt_daily_pipeline.dbt_run_modified manual__2026-01-09T03:58:31.806492+00:00 [queued]>
[2026-01-09T03:59:19.514+0000] {taskinstance.py:2866} INFO - Starting attempt 1 of 2
[2026-01-09T03:59:19.521+0000] {taskinstance.py:2889} INFO - Executing <Task(BashOperator): dbt_run_modified> on 2026-01-09 03:58:31.806492+00:00
[2026-01-09T03:59:19.530+0000] {logging_mixin.py:190} WARNING - /home/***/.local/lib/python3.12/site-packages/***/task/task_runner/standard_task_runner.py:70 DeprecationWarning: This process (pid=461) is multi-threaded, use of fork() may lead to deadlocks in the child.
[2026-01-09T03:59:19.530+0000] {standard_task_runner.py:72} INFO - Started process 462 to run task
[2026-01-09T03:59:19.530+0000] {standard_task_runner.py:104} INFO - Running: ['***', 'tasks', 'run', 'retail_dbt_daily_pipeline', 'dbt_run_modified', 'manual__2026-01-09T03:58:31.806492+00:00', '--job-id', '115', '--raw', '--subdir', 'DAGS_FOLDER/retail_dbt_daily_pipeline.py', '--cfg-path', '/tmp/tmpz60_bov1']
[2026-01-09T03:59:19.534+0000] {standard_task_runner.py:105} INFO - Job 115: Subtask dbt_run_modified
[2026-01-09T03:59:19.579+0000] {task_command.py:467} INFO - Running <TaskInstance: retail_dbt_daily_pipeline.dbt_run_modified manual__2026-01-09T03:58:31.806492+00:00 [running]> on host a1f5ea7d51b7
[2026-01-09T03:59:19.637+0000] {taskinstance.py:3132} INFO - Exporting env vars: AIRFLOW_CTX_DAG_OWNER='data-engineering' AIRFLOW_CTX_DAG_ID='retail_dbt_daily_pipeline' AIRFLOW_CTX_TASK_ID='dbt_run_modified' AIRFLOW_CTX_EXECUTION_DATE='2026-01-09T03:58:31.806492+00:00' AIRFLOW_CTX_TRY_NUMBER='1' AIRFLOW_CTX_DAG_RUN_ID='manual__2026-01-09T03:58:31.806492+00:00'
[2026-01-09T03:59:19.637+0000] {taskinstance.py:731} INFO - ::endgroup::
[2026-01-09T03:59:19.649+0000] {subprocess.py:78} INFO - Tmp dir root location: /tmp
[2026-01-09T03:59:19.649+0000] {subprocess.py:88} INFO - Running command: ['/usr/bin/bash', '-c', "cd /opt/***/dbt/retail_dbt && test -f state/manifest.json && /home/***/.local/bin/dbt run --select state:modified+ --state state --target test_wh || echo 'No prior state manifest found; skipping dbt_run_modified.'"]
[2026-01-09T03:59:19.655+0000] {subprocess.py:99} INFO - Output:
[2026-01-09T03:59:21.277+0000] {subprocess.py:106} INFO - [0m03:59:21  Running with dbt=1.8.2
[2026-01-09T03:59:21.971+0000] {subprocess.py:106} INFO - [0m03:59:21  Registered adapter: snowflake=1.8.2
[2026-01-09T03:59:22.402+0000] {subprocess.py:106} INFO - [0m03:59:22  Found 12 models, 1 snapshot, 16 data tests, 6 sources, 575 macros
[2026-01-09T03:59:22.404+0000] {subprocess.py:106} INFO - [0m03:59:22  The selection criterion 'state:modified+' does not match any enabled nodes
[2026-01-09T03:59:22.405+0000] {subprocess.py:106} INFO - [0m03:59:22
[2026-01-09T03:59:22.405+0000] {subprocess.py:106} INFO - [0m03:59:22  Nothing to do. Try checking your model configs and model specification args
[2026-01-09T03:59:22.992+0000] {subprocess.py:110} INFO - Command exited with return code 0
[2026-01-09T03:59:23.011+0000] {taskinstance.py:340} INFO - ::group::Post task execution logs
[2026-01-09T03:59:23.011+0000] {taskinstance.py:352} INFO - Marking task as SUCCESS. dag_id=retail_dbt_daily_pipeline, task_id=dbt_run_modified, run_id=manual__2026-01-09T03:58:31.806492+00:00, execution_date=20260109T035831, start_date=20260109T035919, end_date=20260109T035923
[2026-01-09T03:59:23.056+0000] {local_task_job_runner.py:266} INFO - Task exited with return code 0
[2026-01-09T03:59:23.070+0000] {taskinstance.py:3895} INFO - 1 downstream tasks scheduled from follow-on schedule check
[2026-01-09T03:59:23.071+0000] {local_task_job_runner.py:245} INFO - ::endgroup::
