[2026-01-09T02:18:20.348+0000] {local_task_job_runner.py:123} INFO - ::group::Pre task execution logs
[2026-01-09T02:18:20.359+0000] {taskinstance.py:2613} INFO - Dependencies all met for dep_context=non-requeueable deps ti=<TaskInstance: retail_dbt_daily_pipeline.dbt_run manual__2026-01-09T02:18:06.595567+00:00 [queued]>
[2026-01-09T02:18:20.364+0000] {taskinstance.py:2613} INFO - Dependencies all met for dep_context=requeueable deps ti=<TaskInstance: retail_dbt_daily_pipeline.dbt_run manual__2026-01-09T02:18:06.595567+00:00 [queued]>
[2026-01-09T02:18:20.365+0000] {taskinstance.py:2866} INFO - Starting attempt 1 of 2
[2026-01-09T02:18:20.372+0000] {taskinstance.py:2889} INFO - Executing <Task(BashOperator): dbt_run> on 2026-01-09 02:18:06.595567+00:00
[2026-01-09T02:18:20.376+0000] {logging_mixin.py:190} WARNING - /home/***/.local/lib/python3.12/site-packages/***/task/task_runner/standard_task_runner.py:70 DeprecationWarning: This process (pid=278) is multi-threaded, use of fork() may lead to deadlocks in the child.
[2026-01-09T02:18:20.377+0000] {standard_task_runner.py:72} INFO - Started process 279 to run task
[2026-01-09T02:18:20.377+0000] {standard_task_runner.py:104} INFO - Running: ['***', 'tasks', 'run', 'retail_dbt_daily_pipeline', 'dbt_run', 'manual__2026-01-09T02:18:06.595567+00:00', '--job-id', '66', '--raw', '--subdir', 'DAGS_FOLDER/retail_dbt_daily_pipeline.py', '--cfg-path', '/tmp/tmp_5rj600y']
[2026-01-09T02:18:20.378+0000] {standard_task_runner.py:105} INFO - Job 66: Subtask dbt_run
[2026-01-09T02:18:20.409+0000] {task_command.py:467} INFO - Running <TaskInstance: retail_dbt_daily_pipeline.dbt_run manual__2026-01-09T02:18:06.595567+00:00 [running]> on host 5fc490f84247
[2026-01-09T02:18:20.458+0000] {taskinstance.py:3132} INFO - Exporting env vars: AIRFLOW_CTX_DAG_OWNER='analytics' AIRFLOW_CTX_DAG_ID='retail_dbt_daily_pipeline' AIRFLOW_CTX_TASK_ID='dbt_run' AIRFLOW_CTX_EXECUTION_DATE='2026-01-09T02:18:06.595567+00:00' AIRFLOW_CTX_TRY_NUMBER='1' AIRFLOW_CTX_DAG_RUN_ID='manual__2026-01-09T02:18:06.595567+00:00'
[2026-01-09T02:18:20.459+0000] {taskinstance.py:731} INFO - ::endgroup::
[2026-01-09T02:18:20.468+0000] {subprocess.py:78} INFO - Tmp dir root location: /tmp
[2026-01-09T02:18:20.469+0000] {subprocess.py:88} INFO - Running command: ['/usr/bin/bash', '-c', 'cd /opt/***/dbt/retail_dbt && /home/***/.local/bin/dbt run --fail-fast']
[2026-01-09T02:18:20.474+0000] {subprocess.py:99} INFO - Output:
[2026-01-09T02:18:22.047+0000] {subprocess.py:106} INFO - [0m02:18:22  Running with dbt=1.8.2
[2026-01-09T02:18:22.715+0000] {subprocess.py:106} INFO - [0m02:18:22  Registered adapter: snowflake=1.8.2
[2026-01-09T02:18:23.063+0000] {subprocess.py:106} INFO - [0m02:18:23  Found 12 models, 1 snapshot, 16 data tests, 6 sources, 575 macros
[2026-01-09T02:18:23.065+0000] {subprocess.py:106} INFO - [0m02:18:23
[2026-01-09T02:18:24.665+0000] {subprocess.py:106} INFO - [0m02:18:24  Concurrency: 4 threads (target='dev')
[2026-01-09T02:18:24.666+0000] {subprocess.py:106} INFO - [0m02:18:24
[2026-01-09T02:18:24.679+0000] {subprocess.py:106} INFO - [0m02:18:24  1 of 12 START sql table model STAGING_ANALYTICS.dim_date ....................... [RUN]
[2026-01-09T02:18:24.679+0000] {subprocess.py:106} INFO - [0m02:18:24  2 of 12 START sql view model STAGING_STAGING.stg_customers ..................... [RUN]
[2026-01-09T02:18:24.680+0000] {subprocess.py:106} INFO - [0m02:18:24  3 of 12 START sql view model STAGING_STAGING.stg_inventory_snapshots ........... [RUN]
[2026-01-09T02:18:24.681+0000] {subprocess.py:106} INFO - [0m02:18:24  4 of 12 START sql view model STAGING_STAGING.stg_order_items ................... [RUN]
[2026-01-09T02:18:25.635+0000] {subprocess.py:106} INFO - [0m02:18:25  2 of 12 OK created sql view model STAGING_STAGING.stg_customers ................ [[32mSUCCESS 1[0m in 0.95s]
[2026-01-09T02:18:25.638+0000] {subprocess.py:106} INFO - [0m02:18:25  5 of 12 START sql view model STAGING_STAGING.stg_orders ........................ [RUN]
[2026-01-09T02:18:25.646+0000] {subprocess.py:106} INFO - [0m02:18:25  3 of 12 OK created sql view model STAGING_STAGING.stg_inventory_snapshots ...... [[32mSUCCESS 1[0m in 0.96s]
[2026-01-09T02:18:25.647+0000] {subprocess.py:106} INFO - [0m02:18:25  4 of 12 OK created sql view model STAGING_STAGING.stg_order_items .............. [[32mSUCCESS 1[0m in 0.96s]
[2026-01-09T02:18:25.653+0000] {subprocess.py:106} INFO - [0m02:18:25  6 of 12 START sql view model STAGING_STAGING.stg_products ...................... [RUN]
[2026-01-09T02:18:25.653+0000] {subprocess.py:106} INFO - [0m02:18:25  7 of 12 START sql view model STAGING_STAGING.stg_stores ........................ [RUN]
[2026-01-09T02:18:26.202+0000] {subprocess.py:106} INFO - [0m02:18:26  1 of 12 OK created sql table model STAGING_ANALYTICS.dim_date .................. [[32mSUCCESS 1[0m in 1.52s]
[2026-01-09T02:18:26.206+0000] {subprocess.py:106} INFO - [0m02:18:26  8 of 12 START sql table model STAGING_ANALYTICS.dim_customer ................... [RUN]
[2026-01-09T02:18:26.616+0000] {subprocess.py:106} INFO - [0m02:18:26  5 of 12 OK created sql view model STAGING_STAGING.stg_orders ................... [[32mSUCCESS 1[0m in 0.98s]
[2026-01-09T02:18:26.620+0000] {subprocess.py:106} INFO - [0m02:18:26  9 of 12 START sql table model STAGING_ANALYTICS.fact_inventory_snapshot ........ [RUN]
[2026-01-09T02:18:26.678+0000] {subprocess.py:106} INFO - [0m02:18:26  7 of 12 OK created sql view model STAGING_STAGING.stg_stores ................... [[32mSUCCESS 1[0m in 1.02s]
[2026-01-09T02:18:26.680+0000] {subprocess.py:106} INFO - [0m02:18:26  10 of 12 START sql table model STAGING_ANALYTICS.dim_store ..................... [RUN]
[2026-01-09T02:18:26.691+0000] {subprocess.py:106} INFO - [0m02:18:26  6 of 12 OK created sql view model STAGING_STAGING.stg_products ................. [[32mSUCCESS 1[0m in 1.04s]
[2026-01-09T02:18:26.693+0000] {subprocess.py:106} INFO - [0m02:18:26  11 of 12 START sql table model STAGING_ANALYTICS.dim_product ................... [RUN]
[2026-01-09T02:18:27.824+0000] {subprocess.py:106} INFO - [0m02:18:27  8 of 12 OK created sql table model STAGING_ANALYTICS.dim_customer .............. [[32mSUCCESS 1[0m in 1.61s]
[2026-01-09T02:18:27.828+0000] {subprocess.py:106} INFO - [0m02:18:27  12 of 12 START sql table model STAGING_ANALYTICS.fact_sales .................... [RUN]
[2026-01-09T02:18:28.143+0000] {subprocess.py:106} INFO - [0m02:18:28  10 of 12 OK created sql table model STAGING_ANALYTICS.dim_store ................ [[32mSUCCESS 1[0m in 1.46s]
[2026-01-09T02:18:28.179+0000] {subprocess.py:106} INFO - [0m02:18:28  11 of 12 OK created sql table model STAGING_ANALYTICS.dim_product .............. [[32mSUCCESS 1[0m in 1.48s]
[2026-01-09T02:18:28.234+0000] {subprocess.py:106} INFO - [0m02:18:28  9 of 12 OK created sql table model STAGING_ANALYTICS.fact_inventory_snapshot ... [[32mSUCCESS 1[0m in 1.61s]
[2026-01-09T02:18:29.874+0000] {subprocess.py:106} INFO - [0m02:18:29  12 of 12 OK created sql table model STAGING_ANALYTICS.fact_sales ............... [[32mSUCCESS 1[0m in 2.04s]
[2026-01-09T02:18:29.881+0000] {subprocess.py:106} INFO - [0m02:18:29
[2026-01-09T02:18:29.882+0000] {subprocess.py:106} INFO - [0m02:18:29  Finished running 6 view models, 6 table models in 0 hours 0 minutes and 6.82 seconds (6.82s).
[2026-01-09T02:18:29.992+0000] {subprocess.py:106} INFO - [0m02:18:29
[2026-01-09T02:18:29.992+0000] {subprocess.py:106} INFO - [0m02:18:29  [32mCompleted successfully[0m
[2026-01-09T02:18:29.993+0000] {subprocess.py:106} INFO - [0m02:18:29
[2026-01-09T02:18:29.993+0000] {subprocess.py:106} INFO - [0m02:18:29  Done. PASS=12 WARN=0 ERROR=0 SKIP=0 TOTAL=12
[2026-01-09T02:18:30.635+0000] {subprocess.py:110} INFO - Command exited with return code 0
[2026-01-09T02:18:30.652+0000] {taskinstance.py:340} INFO - ::group::Post task execution logs
[2026-01-09T02:18:30.652+0000] {taskinstance.py:352} INFO - Marking task as SUCCESS. dag_id=retail_dbt_daily_pipeline, task_id=dbt_run, run_id=manual__2026-01-09T02:18:06.595567+00:00, execution_date=20260109T021806, start_date=20260109T021820, end_date=20260109T021830
[2026-01-09T02:18:30.686+0000] {local_task_job_runner.py:266} INFO - Task exited with return code 0
[2026-01-09T02:18:30.700+0000] {taskinstance.py:3895} INFO - 1 downstream tasks scheduled from follow-on schedule check
[2026-01-09T02:18:30.701+0000] {local_task_job_runner.py:245} INFO - ::endgroup::
