[2026-01-10T01:24:04.190+0000] {local_task_job_runner.py:123} INFO - ::group::Pre task execution logs
[2026-01-10T01:24:04.200+0000] {taskinstance.py:2613} INFO - Dependencies all met for dep_context=non-requeueable deps ti=<TaskInstance: retail_dbt_daily_pipeline.dbt_snapshot scheduled__2026-01-09T00:00:00+00:00 [queued]>
[2026-01-10T01:24:04.205+0000] {taskinstance.py:2613} INFO - Dependencies all met for dep_context=requeueable deps ti=<TaskInstance: retail_dbt_daily_pipeline.dbt_snapshot scheduled__2026-01-09T00:00:00+00:00 [queued]>
[2026-01-10T01:24:04.205+0000] {taskinstance.py:2866} INFO - Starting attempt 1 of 2
[2026-01-10T01:24:04.212+0000] {taskinstance.py:2889} INFO - Executing <Task(BashOperator): dbt_snapshot> on 2026-01-09 00:00:00+00:00
[2026-01-10T01:24:04.216+0000] {logging_mixin.py:190} WARNING - /home/***/.local/lib/python3.12/site-packages/***/task/task_runner/standard_task_runner.py:70 DeprecationWarning: This process (pid=5034) is multi-threaded, use of fork() may lead to deadlocks in the child.
[2026-01-10T01:24:04.217+0000] {standard_task_runner.py:72} INFO - Started process 5035 to run task
[2026-01-10T01:24:04.217+0000] {standard_task_runner.py:104} INFO - Running: ['***', 'tasks', 'run', 'retail_dbt_daily_pipeline', 'dbt_snapshot', 'scheduled__2026-01-09T00:00:00+00:00', '--job-id', '118', '--raw', '--subdir', 'DAGS_FOLDER/retail_dbt_daily_pipeline.py', '--cfg-path', '/tmp/tmpj169oadp']
[2026-01-10T01:24:04.218+0000] {standard_task_runner.py:105} INFO - Job 118: Subtask dbt_snapshot
[2026-01-10T01:24:04.248+0000] {task_command.py:467} INFO - Running <TaskInstance: retail_dbt_daily_pipeline.dbt_snapshot scheduled__2026-01-09T00:00:00+00:00 [running]> on host a1f5ea7d51b7
[2026-01-10T01:24:04.297+0000] {taskinstance.py:3132} INFO - Exporting env vars: AIRFLOW_CTX_DAG_OWNER='data-engineering' AIRFLOW_CTX_DAG_ID='retail_dbt_daily_pipeline' AIRFLOW_CTX_TASK_ID='dbt_snapshot' AIRFLOW_CTX_EXECUTION_DATE='2026-01-09T00:00:00+00:00' AIRFLOW_CTX_TRY_NUMBER='1' AIRFLOW_CTX_DAG_RUN_ID='scheduled__2026-01-09T00:00:00+00:00'
[2026-01-10T01:24:04.298+0000] {taskinstance.py:731} INFO - ::endgroup::
[2026-01-10T01:24:04.308+0000] {subprocess.py:78} INFO - Tmp dir root location: /tmp
[2026-01-10T01:24:04.308+0000] {subprocess.py:88} INFO - Running command: ['/usr/bin/bash', '-c', 'cd /opt/***/dbt/retail_dbt && /home/***/.local/bin/dbt snapshot']
[2026-01-10T01:24:04.313+0000] {subprocess.py:99} INFO - Output:
[2026-01-10T01:24:06.165+0000] {subprocess.py:106} INFO - [0m01:24:06  Running with dbt=1.8.2
[2026-01-10T01:24:06.865+0000] {subprocess.py:106} INFO - [0m01:24:06  Registered adapter: snowflake=1.8.2
[2026-01-10T01:24:07.031+0000] {subprocess.py:106} INFO - [0m01:24:07  Unable to do partial parsing because config vars, config profile, or config target have changed
[2026-01-10T01:24:07.032+0000] {subprocess.py:106} INFO - [0m01:24:07  Unable to do partial parsing because profile has changed
[2026-01-10T01:24:08.118+0000] {subprocess.py:106} INFO - [0m01:24:08  [[33mWARNING[0m]: Deprecated functionality
[2026-01-10T01:24:08.119+0000] {subprocess.py:106} INFO - The `tests` config has been renamed to `data_tests`. Please see
[2026-01-10T01:24:08.119+0000] {subprocess.py:106} INFO - https://docs.getdbt.com/docs/build/data-tests#new-data_tests-syntax for more
[2026-01-10T01:24:08.119+0000] {subprocess.py:106} INFO - information.
[2026-01-10T01:24:08.411+0000] {subprocess.py:106} INFO - [0m01:24:08  Found 12 models, 1 snapshot, 16 data tests, 6 sources, 575 macros
[2026-01-10T01:24:08.413+0000] {subprocess.py:106} INFO - [0m01:24:08
[2026-01-10T01:24:10.399+0000] {subprocess.py:106} INFO - [0m01:24:10  Concurrency: 4 threads (target='dev')
[2026-01-10T01:24:10.400+0000] {subprocess.py:106} INFO - [0m01:24:10
[2026-01-10T01:24:10.411+0000] {subprocess.py:106} INFO - [0m01:24:10  1 of 1 START snapshot ANALYTICS.snap_customers ................................. [RUN]
[2026-01-10T01:24:15.876+0000] {subprocess.py:106} INFO - [0m01:24:15  1 of 1 OK snapshotted ANALYTICS.snap_customers ................................. [[32mSUCCESS 0[0m in 5.46s]
[2026-01-10T01:24:15.881+0000] {subprocess.py:106} INFO - [0m01:24:15
[2026-01-10T01:24:15.882+0000] {subprocess.py:106} INFO - [0m01:24:15  Finished running 1 snapshot in 0 hours 0 minutes and 7.47 seconds (7.47s).
[2026-01-10T01:24:15.925+0000] {subprocess.py:106} INFO - [0m01:24:15
[2026-01-10T01:24:15.926+0000] {subprocess.py:106} INFO - [0m01:24:15  [32mCompleted successfully[0m
[2026-01-10T01:24:15.926+0000] {subprocess.py:106} INFO - [0m01:24:15
[2026-01-10T01:24:15.927+0000] {subprocess.py:106} INFO - [0m01:24:15  Done. PASS=1 WARN=0 ERROR=0 SKIP=0 TOTAL=1
[2026-01-10T01:24:16.572+0000] {subprocess.py:110} INFO - Command exited with return code 0
[2026-01-10T01:24:16.590+0000] {taskinstance.py:340} INFO - ::group::Post task execution logs
[2026-01-10T01:24:16.590+0000] {taskinstance.py:352} INFO - Marking task as SUCCESS. dag_id=retail_dbt_daily_pipeline, task_id=dbt_snapshot, run_id=scheduled__2026-01-09T00:00:00+00:00, execution_date=20260109T000000, start_date=20260110T012404, end_date=20260110T012416
[2026-01-10T01:24:16.606+0000] {local_task_job_runner.py:266} INFO - Task exited with return code 0
[2026-01-10T01:24:16.620+0000] {taskinstance.py:3895} INFO - 1 downstream tasks scheduled from follow-on schedule check
[2026-01-10T01:24:16.621+0000] {local_task_job_runner.py:245} INFO - ::endgroup::
