[2026-01-09T03:36:40.528+0000] {local_task_job_runner.py:123} INFO - ::group::Pre task execution logs
[2026-01-09T03:36:40.539+0000] {taskinstance.py:2613} INFO - Dependencies all met for dep_context=non-requeueable deps ti=<TaskInstance: retail_dbt_daily_pipeline.save_dbt_state manual__2026-01-09T03:35:51+00:00 [queued]>
[2026-01-09T03:36:40.544+0000] {taskinstance.py:2613} INFO - Dependencies all met for dep_context=requeueable deps ti=<TaskInstance: retail_dbt_daily_pipeline.save_dbt_state manual__2026-01-09T03:35:51+00:00 [queued]>
[2026-01-09T03:36:40.544+0000] {taskinstance.py:2866} INFO - Starting attempt 1 of 2
[2026-01-09T03:36:40.551+0000] {taskinstance.py:2889} INFO - Executing <Task(BashOperator): save_dbt_state> on 2026-01-09 03:35:51+00:00
[2026-01-09T03:36:40.556+0000] {logging_mixin.py:190} WARNING - /home/***/.local/lib/python3.12/site-packages/***/task/task_runner/standard_task_runner.py:70 DeprecationWarning: This process (pid=290) is multi-threaded, use of fork() may lead to deadlocks in the child.
[2026-01-09T03:36:40.557+0000] {standard_task_runner.py:72} INFO - Started process 291 to run task
[2026-01-09T03:36:40.556+0000] {standard_task_runner.py:104} INFO - Running: ['***', 'tasks', 'run', 'retail_dbt_daily_pipeline', 'save_dbt_state', 'manual__2026-01-09T03:35:51+00:00', '--job-id', '101', '--raw', '--subdir', 'DAGS_FOLDER/retail_dbt_daily_pipeline.py', '--cfg-path', '/tmp/tmp8o5pon93']
[2026-01-09T03:36:40.558+0000] {standard_task_runner.py:105} INFO - Job 101: Subtask save_dbt_state
[2026-01-09T03:36:40.589+0000] {task_command.py:467} INFO - Running <TaskInstance: retail_dbt_daily_pipeline.save_dbt_state manual__2026-01-09T03:35:51+00:00 [running]> on host a1f5ea7d51b7
[2026-01-09T03:36:40.641+0000] {taskinstance.py:3132} INFO - Exporting env vars: AIRFLOW_CTX_DAG_OWNER='data-engineering' AIRFLOW_CTX_DAG_ID='retail_dbt_daily_pipeline' AIRFLOW_CTX_TASK_ID='save_dbt_state' AIRFLOW_CTX_EXECUTION_DATE='2026-01-09T03:35:51+00:00' AIRFLOW_CTX_TRY_NUMBER='1' AIRFLOW_CTX_DAG_RUN_ID='manual__2026-01-09T03:35:51+00:00'
[2026-01-09T03:36:40.642+0000] {taskinstance.py:731} INFO - ::endgroup::
[2026-01-09T03:36:40.652+0000] {subprocess.py:78} INFO - Tmp dir root location: /tmp
[2026-01-09T03:36:40.653+0000] {subprocess.py:88} INFO - Running command: ['/usr/bin/bash', '-c', 'cd /opt/***/dbt/retail_dbt && mkdir -p state && cp -f target/manifest.json state/manifest.json']
[2026-01-09T03:36:40.659+0000] {subprocess.py:99} INFO - Output:
[2026-01-09T03:36:40.664+0000] {subprocess.py:110} INFO - Command exited with return code 0
[2026-01-09T03:36:40.681+0000] {taskinstance.py:340} INFO - ::group::Post task execution logs
[2026-01-09T03:36:40.682+0000] {taskinstance.py:352} INFO - Marking task as SUCCESS. dag_id=retail_dbt_daily_pipeline, task_id=save_dbt_state, run_id=manual__2026-01-09T03:35:51+00:00, execution_date=20260109T033551, start_date=20260109T033640, end_date=20260109T033640
[2026-01-09T03:36:40.700+0000] {local_task_job_runner.py:266} INFO - Task exited with return code 0
[2026-01-09T03:36:40.711+0000] {taskinstance.py:3895} INFO - 0 downstream tasks scheduled from follow-on schedule check
[2026-01-09T03:36:40.712+0000] {local_task_job_runner.py:245} INFO - ::endgroup::
