[2026-01-08T18:45:17.577+0000] {local_task_job_runner.py:123} INFO - ::group::Pre task execution logs
[2026-01-08T18:45:17.587+0000] {taskinstance.py:2613} INFO - Dependencies all met for dep_context=non-requeueable deps ti=<TaskInstance: retail_dbt_daily_pipeline.dbt_snapshot manual__2026-01-08T18:45:13.707486+00:00 [queued]>
[2026-01-08T18:45:17.592+0000] {taskinstance.py:2613} INFO - Dependencies all met for dep_context=requeueable deps ti=<TaskInstance: retail_dbt_daily_pipeline.dbt_snapshot manual__2026-01-08T18:45:13.707486+00:00 [queued]>
[2026-01-08T18:45:17.592+0000] {taskinstance.py:2866} INFO - Starting attempt 1 of 2
[2026-01-08T18:45:17.600+0000] {taskinstance.py:2889} INFO - Executing <Task(BashOperator): dbt_snapshot> on 2026-01-08 18:45:13.707486+00:00
[2026-01-08T18:45:17.604+0000] {logging_mixin.py:190} WARNING - /home/***/.local/lib/python3.12/site-packages/***/task/task_runner/standard_task_runner.py:70 DeprecationWarning: This process (pid=226) is multi-threaded, use of fork() may lead to deadlocks in the child.
[2026-01-08T18:45:17.604+0000] {standard_task_runner.py:72} INFO - Started process 227 to run task
[2026-01-08T18:45:17.604+0000] {standard_task_runner.py:104} INFO - Running: ['***', 'tasks', 'run', 'retail_dbt_daily_pipeline', 'dbt_snapshot', 'manual__2026-01-08T18:45:13.707486+00:00', '--job-id', '19', '--raw', '--subdir', 'DAGS_FOLDER/retail_dw_daily.py', '--cfg-path', '/tmp/tmpy3klqjhl']
[2026-01-08T18:45:17.605+0000] {standard_task_runner.py:105} INFO - Job 19: Subtask dbt_snapshot
[2026-01-08T18:45:17.632+0000] {task_command.py:467} INFO - Running <TaskInstance: retail_dbt_daily_pipeline.dbt_snapshot manual__2026-01-08T18:45:13.707486+00:00 [running]> on host 5fc490f84247
[2026-01-08T18:45:17.678+0000] {taskinstance.py:3132} INFO - Exporting env vars: AIRFLOW_CTX_DAG_OWNER='data-engineering' AIRFLOW_CTX_DAG_ID='retail_dbt_daily_pipeline' AIRFLOW_CTX_TASK_ID='dbt_snapshot' AIRFLOW_CTX_EXECUTION_DATE='2026-01-08T18:45:13.707486+00:00' AIRFLOW_CTX_TRY_NUMBER='1' AIRFLOW_CTX_DAG_RUN_ID='manual__2026-01-08T18:45:13.707486+00:00'
[2026-01-08T18:45:17.679+0000] {taskinstance.py:731} INFO - ::endgroup::
[2026-01-08T18:45:17.689+0000] {subprocess.py:78} INFO - Tmp dir root location: /tmp
[2026-01-08T18:45:17.690+0000] {subprocess.py:88} INFO - Running command: ['/usr/bin/bash', '-c', 'cd /opt/***/dbt/retail_dbt && dbt snapshot']
[2026-01-08T18:45:17.694+0000] {subprocess.py:99} INFO - Output:
[2026-01-08T18:45:19.260+0000] {subprocess.py:106} INFO - [0m18:45:19  Running with dbt=1.8.2
[2026-01-08T18:45:21.032+0000] {subprocess.py:106} INFO - [0m18:45:21  Registered adapter: snowflake=1.8.2
[2026-01-08T18:45:21.438+0000] {subprocess.py:106} INFO - [0m18:45:21  Found 12 models, 1 snapshot, 16 data tests, 6 sources, 575 macros
[2026-01-08T18:45:21.440+0000] {subprocess.py:106} INFO - [0m18:45:21
[2026-01-08T18:45:24.686+0000] {subprocess.py:106} INFO - [0m18:45:24  Concurrency: 4 threads (target='dev')
[2026-01-08T18:45:24.687+0000] {subprocess.py:106} INFO - [0m18:45:24
[2026-01-08T18:45:24.699+0000] {subprocess.py:106} INFO - [0m18:45:24  1 of 1 START snapshot ANALYTICS.snap_customers ................................. [RUN]
[2026-01-08T18:45:35.223+0000] {subprocess.py:106} INFO - [0m18:45:35  1 of 1 OK snapshotted ANALYTICS.snap_customers ................................. [[32mSUCCESS 0[0m in 10.52s]
[2026-01-08T18:45:35.227+0000] {subprocess.py:106} INFO - [0m18:45:35
[2026-01-08T18:45:35.227+0000] {subprocess.py:106} INFO - [0m18:45:35  Finished running 1 snapshot in 0 hours 0 minutes and 13.79 seconds (13.79s).
[2026-01-08T18:45:35.265+0000] {subprocess.py:106} INFO - [0m18:45:35
[2026-01-08T18:45:35.265+0000] {subprocess.py:106} INFO - [0m18:45:35  [32mCompleted successfully[0m
[2026-01-08T18:45:35.265+0000] {subprocess.py:106} INFO - [0m18:45:35
[2026-01-08T18:45:35.266+0000] {subprocess.py:106} INFO - [0m18:45:35  Done. PASS=1 WARN=0 ERROR=0 SKIP=0 TOTAL=1
[2026-01-08T18:45:35.826+0000] {subprocess.py:110} INFO - Command exited with return code 0
[2026-01-08T18:45:35.843+0000] {taskinstance.py:340} INFO - ::group::Post task execution logs
[2026-01-08T18:45:35.843+0000] {taskinstance.py:352} INFO - Marking task as SUCCESS. dag_id=retail_dbt_daily_pipeline, task_id=dbt_snapshot, run_id=manual__2026-01-08T18:45:13.707486+00:00, execution_date=20260108T184513, start_date=20260108T184517, end_date=20260108T184535
[2026-01-08T18:45:35.851+0000] {local_task_job_runner.py:266} INFO - Task exited with return code 0
[2026-01-08T18:45:35.865+0000] {taskinstance.py:3895} INFO - 1 downstream tasks scheduled from follow-on schedule check
[2026-01-08T18:45:35.866+0000] {local_task_job_runner.py:245} INFO - ::endgroup::
