[2026-01-10T08:12:37.896+0000] {local_task_job_runner.py:123} INFO - ::group::Pre task execution logs
[2026-01-10T08:12:37.907+0000] {taskinstance.py:2613} INFO - Dependencies all met for dep_context=non-requeueable deps ti=<TaskInstance: retail_dbt_daily_pipeline.dbt_build manual__2026-01-10T08:12:33+00:00 [queued]>
[2026-01-10T08:12:37.912+0000] {taskinstance.py:2613} INFO - Dependencies all met for dep_context=requeueable deps ti=<TaskInstance: retail_dbt_daily_pipeline.dbt_build manual__2026-01-10T08:12:33+00:00 [queued]>
[2026-01-10T08:12:37.913+0000] {taskinstance.py:2866} INFO - Starting attempt 1 of 3
[2026-01-10T08:12:37.921+0000] {taskinstance.py:2889} INFO - Executing <Task(BashOperator): dbt_build> on 2026-01-10 08:12:33+00:00
[2026-01-10T08:12:37.925+0000] {logging_mixin.py:190} WARNING - /home/***/.local/lib/python3.12/site-packages/***/task/task_runner/standard_task_runner.py:70 DeprecationWarning: This process (pid=978) is multi-threaded, use of fork() may lead to deadlocks in the child.
[2026-01-10T08:12:37.926+0000] {standard_task_runner.py:72} INFO - Started process 979 to run task
[2026-01-10T08:12:37.925+0000] {standard_task_runner.py:104} INFO - Running: ['***', 'tasks', 'run', 'retail_dbt_daily_pipeline', 'dbt_build', 'manual__2026-01-10T08:12:33+00:00', '--job-id', '151', '--raw', '--subdir', 'DAGS_FOLDER/retail_dbt_daily_pipeline.py', '--cfg-path', '/tmp/tmpk056balb']
[2026-01-10T08:12:37.927+0000] {standard_task_runner.py:105} INFO - Job 151: Subtask dbt_build
[2026-01-10T08:12:37.957+0000] {task_command.py:467} INFO - Running <TaskInstance: retail_dbt_daily_pipeline.dbt_build manual__2026-01-10T08:12:33+00:00 [running]> on host 88a183b93207
[2026-01-10T08:12:38.006+0000] {taskinstance.py:3132} INFO - Exporting env vars: AIRFLOW_CTX_DAG_EMAIL='test@local' AIRFLOW_CTX_DAG_OWNER='***' AIRFLOW_CTX_DAG_ID='retail_dbt_daily_pipeline' AIRFLOW_CTX_TASK_ID='dbt_build' AIRFLOW_CTX_EXECUTION_DATE='2026-01-10T08:12:33+00:00' AIRFLOW_CTX_TRY_NUMBER='1' AIRFLOW_CTX_DAG_RUN_ID='manual__2026-01-10T08:12:33+00:00'
[2026-01-10T08:12:38.006+0000] {taskinstance.py:731} INFO - ::endgroup::
[2026-01-10T08:12:38.017+0000] {subprocess.py:78} INFO - Tmp dir root location: /tmp
[2026-01-10T08:12:38.018+0000] {subprocess.py:88} INFO - Running command: ['/usr/bin/bash', '-c', 'bash -lc "cd /opt/***/dbt/retail_dbt && /home/***/.local/bin/dbt build"']
[2026-01-10T08:12:38.023+0000] {subprocess.py:99} INFO - Output:
[2026-01-10T08:12:39.580+0000] {subprocess.py:106} INFO - [0m08:12:39  Running with dbt=1.8.2
[2026-01-10T08:12:40.247+0000] {subprocess.py:106} INFO - [0m08:12:40  Registered adapter: snowflake=1.8.2
[2026-01-10T08:12:40.614+0000] {subprocess.py:106} INFO - [0m08:12:40  Found 12 models, 1 snapshot, 16 data tests, 6 sources, 575 macros
[2026-01-10T08:12:40.617+0000] {subprocess.py:106} INFO - [0m08:12:40
[2026-01-10T08:12:42.840+0000] {subprocess.py:106} INFO - [0m08:12:42  Concurrency: 4 threads (target='dev')
[2026-01-10T08:12:42.841+0000] {subprocess.py:106} INFO - [0m08:12:42
[2026-01-10T08:12:42.850+0000] {subprocess.py:106} INFO - [0m08:12:42  1 of 29 START sql table model STAGING_ANALYTICS.dim_date ....................... [RUN]
[2026-01-10T08:12:42.851+0000] {subprocess.py:106} INFO - [0m08:12:42  2 of 29 START sql view model STAGING_STAGING.stg_customers ..................... [RUN]
[2026-01-10T08:12:42.851+0000] {subprocess.py:106} INFO - [0m08:12:42  3 of 29 START sql view model STAGING_STAGING.stg_inventory_snapshots ........... [RUN]
[2026-01-10T08:12:42.853+0000] {subprocess.py:106} INFO - [0m08:12:42  4 of 29 START sql view model STAGING_STAGING.stg_order_items ................... [RUN]
[2026-01-10T08:12:43.981+0000] {subprocess.py:106} INFO - [0m08:12:43  2 of 29 OK created sql view model STAGING_STAGING.stg_customers ................ [[32mSUCCESS 1[0m in 1.12s]
[2026-01-10T08:12:43.982+0000] {subprocess.py:106} INFO - [0m08:12:43  3 of 29 OK created sql view model STAGING_STAGING.stg_inventory_snapshots ...... [[32mSUCCESS 1[0m in 1.12s]
[2026-01-10T08:12:43.983+0000] {subprocess.py:106} INFO - [0m08:12:43  4 of 29 OK created sql view model STAGING_STAGING.stg_order_items .............. [[32mSUCCESS 1[0m in 1.12s]
[2026-01-10T08:12:43.989+0000] {subprocess.py:106} INFO - [0m08:12:43  5 of 29 START sql view model STAGING_STAGING.stg_orders ........................ [RUN]
[2026-01-10T08:12:43.990+0000] {subprocess.py:106} INFO - [0m08:12:43  6 of 29 START sql view model STAGING_STAGING.stg_products ...................... [RUN]
[2026-01-10T08:12:43.991+0000] {subprocess.py:106} INFO - [0m08:12:43  7 of 29 START sql view model STAGING_STAGING.stg_stores ........................ [RUN]
[2026-01-10T08:12:44.650+0000] {subprocess.py:106} INFO - [0m08:12:44  1 of 29 OK created sql table model STAGING_ANALYTICS.dim_date .................. [[32mSUCCESS 1[0m in 1.80s]
[2026-01-10T08:12:44.653+0000] {subprocess.py:106} INFO - [0m08:12:44  8 of 29 START snapshot ANALYTICS.snap_customers ................................ [RUN]
[2026-01-10T08:12:44.811+0000] {subprocess.py:106} INFO - [0m08:12:44  5 of 29 OK created sql view model STAGING_STAGING.stg_orders ................... [[32mSUCCESS 1[0m in 0.82s]
[2026-01-10T08:12:44.813+0000] {subprocess.py:106} INFO - [0m08:12:44  9 of 29 START sql table model STAGING_ANALYTICS.fact_inventory_snapshot ........ [RUN]
[2026-01-10T08:12:44.829+0000] {subprocess.py:106} INFO - [0m08:12:44  6 of 29 OK created sql view model STAGING_STAGING.stg_products ................. [[32mSUCCESS 1[0m in 0.84s]
[2026-01-10T08:12:44.830+0000] {subprocess.py:106} INFO - [0m08:12:44  7 of 29 OK created sql view model STAGING_STAGING.stg_stores ................... [[32mSUCCESS 1[0m in 0.84s]
[2026-01-10T08:12:44.835+0000] {subprocess.py:106} INFO - [0m08:12:44  10 of 29 START sql table model STAGING_ANALYTICS.dim_product ................... [RUN]
[2026-01-10T08:12:44.835+0000] {subprocess.py:106} INFO - [0m08:12:44  11 of 29 START sql table model STAGING_ANALYTICS.dim_store ..................... [RUN]
[2026-01-10T08:12:46.411+0000] {subprocess.py:106} INFO - [0m08:12:46  9 of 29 OK created sql table model STAGING_ANALYTICS.fact_inventory_snapshot ... [[32mSUCCESS 1[0m in 1.59s]
[2026-01-10T08:12:46.417+0000] {subprocess.py:106} INFO - [0m08:12:46  11 of 29 OK created sql table model STAGING_ANALYTICS.dim_store ................ [[32mSUCCESS 1[0m in 1.58s]
[2026-01-10T08:12:46.418+0000] {subprocess.py:106} INFO - [0m08:12:46  10 of 29 OK created sql table model STAGING_ANALYTICS.dim_product .............. [[32mSUCCESS 1[0m in 1.58s]
[2026-01-10T08:12:46.423+0000] {subprocess.py:106} INFO - [0m08:12:46  12 of 29 START test not_null_fact_inventory_snapshot_date_key .................. [RUN]
[2026-01-10T08:12:46.424+0000] {subprocess.py:106} INFO - [0m08:12:46  13 of 29 START test not_null_fact_inventory_snapshot_product_key ............... [RUN]
[2026-01-10T08:12:46.426+0000] {subprocess.py:106} INFO - [0m08:12:46  14 of 29 START test not_null_fact_inventory_snapshot_store_key ................. [RUN]
[2026-01-10T08:12:47.309+0000] {subprocess.py:106} INFO - [0m08:12:47  14 of 29 PASS not_null_fact_inventory_snapshot_store_key ....................... [[32mPASS[0m in 0.88s]
[2026-01-10T08:12:47.312+0000] {subprocess.py:106} INFO - [0m08:12:47  15 of 29 START test relationships_fact_inventory_snapshot_date_key__date_key__ref_dim_date_  [RUN]
[2026-01-10T08:12:47.315+0000] {subprocess.py:106} INFO - [0m08:12:47  13 of 29 PASS not_null_fact_inventory_snapshot_product_key ..................... [[32mPASS[0m in 0.89s]
[2026-01-10T08:12:47.328+0000] {subprocess.py:106} INFO - [0m08:12:47  12 of 29 PASS not_null_fact_inventory_snapshot_date_key ........................ [[32mPASS[0m in 0.90s]
[2026-01-10T08:12:47.332+0000] {subprocess.py:106} INFO - [0m08:12:47  16 of 29 START test relationships_fact_inventory_snapshot_store_key__store_key__ref_dim_store_  [RUN]
[2026-01-10T08:12:47.332+0000] {subprocess.py:106} INFO - [0m08:12:47  17 of 29 START test relationships_fact_inventory_snapshot_product_key__product_key__ref_dim_product_  [RUN]
[2026-01-10T08:12:48.248+0000] {subprocess.py:106} INFO - [0m08:12:48  15 of 29 PASS relationships_fact_inventory_snapshot_date_key__date_key__ref_dim_date_  [[32mPASS[0m in 0.93s]
[2026-01-10T08:12:48.254+0000] {subprocess.py:106} INFO - [0m08:12:48  17 of 29 PASS relationships_fact_inventory_snapshot_product_key__product_key__ref_dim_product_  [[32mPASS[0m in 0.92s]
[2026-01-10T08:12:48.257+0000] {subprocess.py:106} INFO - [0m08:12:48  16 of 29 PASS relationships_fact_inventory_snapshot_store_key__store_key__ref_dim_store_  [[32mPASS[0m in 0.92s]
[2026-01-10T08:12:48.854+0000] {subprocess.py:106} INFO - [0m08:12:48  8 of 29 OK snapshotted ANALYTICS.snap_customers ................................ [[32mSUCCESS 0[0m in 4.20s]
[2026-01-10T08:12:48.856+0000] {subprocess.py:106} INFO - [0m08:12:48  18 of 29 START sql table model STAGING_ANALYTICS.dim_customer .................. [RUN]
[2026-01-10T08:12:50.388+0000] {subprocess.py:106} INFO - [0m08:12:50  18 of 29 OK created sql table model STAGING_ANALYTICS.dim_customer ............. [[32mSUCCESS 1[0m in 1.53s]
[2026-01-10T08:12:50.390+0000] {subprocess.py:106} INFO - [0m08:12:50  19 of 29 START sql table model STAGING_ANALYTICS.fact_sales .................... [RUN]
[2026-01-10T08:12:52.531+0000] {subprocess.py:106} INFO - [0m08:12:52  19 of 29 OK created sql table model STAGING_ANALYTICS.fact_sales ............... [[32mSUCCESS 1[0m in 2.14s]
[2026-01-10T08:12:52.535+0000] {subprocess.py:106} INFO - [0m08:12:52  20 of 29 START test not_null_fact_sales_customer_key ........................... [RUN]
[2026-01-10T08:12:52.538+0000] {subprocess.py:106} INFO - [0m08:12:52  21 of 29 START test not_null_fact_sales_date_key ............................... [RUN]
[2026-01-10T08:12:52.539+0000] {subprocess.py:106} INFO - [0m08:12:52  22 of 29 START test not_null_fact_sales_product_key ............................ [RUN]
[2026-01-10T08:12:52.540+0000] {subprocess.py:106} INFO - [0m08:12:52  23 of 29 START test not_null_fact_sales_sales_line_key ......................... [RUN]
[2026-01-10T08:12:53.416+0000] {subprocess.py:106} INFO - [0m08:12:53  22 of 29 PASS not_null_fact_sales_product_key .................................. [[32mPASS[0m in 0.87s]
[2026-01-10T08:12:53.418+0000] {subprocess.py:106} INFO - [0m08:12:53  24 of 29 START test not_null_fact_sales_store_key .............................. [RUN]
[2026-01-10T08:12:53.433+0000] {subprocess.py:106} INFO - [0m08:12:53  21 of 29 PASS not_null_fact_sales_date_key ..................................... [[32mPASS[0m in 0.89s]
[2026-01-10T08:12:53.435+0000] {subprocess.py:106} INFO - [0m08:12:53  23 of 29 PASS not_null_fact_sales_sales_line_key ............................... [[32mPASS[0m in 0.89s]
[2026-01-10T08:12:53.439+0000] {subprocess.py:106} INFO - [0m08:12:53  25 of 29 START test relationships_fact_sales_customer_key__customer_key__ref_dim_customer_  [RUN]
[2026-01-10T08:12:53.440+0000] {subprocess.py:106} INFO - [0m08:12:53  20 of 29 PASS not_null_fact_sales_customer_key ................................. [[32mPASS[0m in 0.90s]
[2026-01-10T08:12:53.440+0000] {subprocess.py:106} INFO - [0m08:12:53  26 of 29 START test relationships_fact_sales_date_key__date_key__ref_dim_date_ . [RUN]
[2026-01-10T08:12:53.448+0000] {subprocess.py:106} INFO - [0m08:12:53  27 of 29 START test relationships_fact_sales_product_key__product_key__ref_dim_product_  [RUN]
[2026-01-10T08:12:54.174+0000] {subprocess.py:106} INFO - [0m08:12:54  24 of 29 PASS not_null_fact_sales_store_key .................................... [[32mPASS[0m in 0.75s]
[2026-01-10T08:12:54.176+0000] {subprocess.py:106} INFO - [0m08:12:54  28 of 29 START test relationships_fact_sales_store_key__store_key__ref_dim_store_  [RUN]
[2026-01-10T08:12:54.260+0000] {subprocess.py:106} INFO - [0m08:12:54  27 of 29 PASS relationships_fact_sales_product_key__product_key__ref_dim_product_  [[32mPASS[0m in 0.81s]
[2026-01-10T08:12:54.262+0000] {subprocess.py:106} INFO - [0m08:12:54  29 of 29 START test unique_fact_sales_sales_line_key ........................... [RUN]
[2026-01-10T08:12:54.270+0000] {subprocess.py:106} INFO - [0m08:12:54  25 of 29 PASS relationships_fact_sales_customer_key__customer_key__ref_dim_customer_  [[32mPASS[0m in 0.83s]
[2026-01-10T08:12:54.296+0000] {subprocess.py:106} INFO - [0m08:12:54  26 of 29 PASS relationships_fact_sales_date_key__date_key__ref_dim_date_ ....... [[32mPASS[0m in 0.85s]
[2026-01-10T08:12:54.950+0000] {subprocess.py:106} INFO - [0m08:12:54  28 of 29 PASS relationships_fact_sales_store_key__store_key__ref_dim_store_ .... [[32mPASS[0m in 0.77s]
[2026-01-10T08:12:55.016+0000] {subprocess.py:106} INFO - [0m08:12:55  29 of 29 PASS unique_fact_sales_sales_line_key ................................. [[32mPASS[0m in 0.75s]
[2026-01-10T08:12:55.022+0000] {subprocess.py:106} INFO - [0m08:12:55
[2026-01-10T08:12:55.024+0000] {subprocess.py:106} INFO - [0m08:12:55  Finished running 6 view models, 6 table models, 16 data tests, 1 snapshot in 0 hours 0 minutes and 14.40 seconds (14.40s).
[2026-01-10T08:12:55.072+0000] {subprocess.py:106} INFO - [0m08:12:55
[2026-01-10T08:12:55.073+0000] {subprocess.py:106} INFO - [0m08:12:55  [32mCompleted successfully[0m
[2026-01-10T08:12:55.073+0000] {subprocess.py:106} INFO - [0m08:12:55
[2026-01-10T08:12:55.074+0000] {subprocess.py:106} INFO - [0m08:12:55  Done. PASS=29 WARN=0 ERROR=0 SKIP=0 TOTAL=29
[2026-01-10T08:12:55.694+0000] {subprocess.py:110} INFO - Command exited with return code 0
[2026-01-10T08:12:55.713+0000] {taskinstance.py:340} INFO - ::group::Post task execution logs
[2026-01-10T08:12:55.713+0000] {taskinstance.py:352} INFO - Marking task as SUCCESS. dag_id=retail_dbt_daily_pipeline, task_id=dbt_build, run_id=manual__2026-01-10T08:12:33+00:00, execution_date=20260110T081233, start_date=20260110T081237, end_date=20260110T081255
[2026-01-10T08:12:55.727+0000] {local_task_job_runner.py:266} INFO - Task exited with return code 0
[2026-01-10T08:12:55.740+0000] {taskinstance.py:3895} INFO - 1 downstream tasks scheduled from follow-on schedule check
[2026-01-10T08:12:55.741+0000] {local_task_job_runner.py:245} INFO - ::endgroup::
