[2026-01-08T21:16:15.066+0000] {local_task_job_runner.py:123} INFO - ::group::Pre task execution logs
[2026-01-08T21:16:15.077+0000] {taskinstance.py:2613} INFO - Dependencies all met for dep_context=non-requeueable deps ti=<TaskInstance: retail_dbt_daily_pipeline.dbt_run manual__2026-01-08T21:15:57.274627+00:00 [queued]>
[2026-01-08T21:16:15.082+0000] {taskinstance.py:2613} INFO - Dependencies all met for dep_context=requeueable deps ti=<TaskInstance: retail_dbt_daily_pipeline.dbt_run manual__2026-01-08T21:15:57.274627+00:00 [queued]>
[2026-01-08T21:16:15.082+0000] {taskinstance.py:2866} INFO - Starting attempt 1 of 2
[2026-01-08T21:16:15.089+0000] {taskinstance.py:2889} INFO - Executing <Task(BashOperator): dbt_run> on 2026-01-08 21:15:57.274627+00:00
[2026-01-08T21:16:15.094+0000] {logging_mixin.py:190} WARNING - /home/***/.local/lib/python3.12/site-packages/***/task/task_runner/standard_task_runner.py:70 DeprecationWarning: This process (pid=301) is multi-threaded, use of fork() may lead to deadlocks in the child.
[2026-01-08T21:16:15.095+0000] {standard_task_runner.py:72} INFO - Started process 302 to run task
[2026-01-08T21:16:15.094+0000] {standard_task_runner.py:104} INFO - Running: ['***', 'tasks', 'run', 'retail_dbt_daily_pipeline', 'dbt_run', 'manual__2026-01-08T21:15:57.274627+00:00', '--job-id', '32', '--raw', '--subdir', 'DAGS_FOLDER/retail_dw_daily.py', '--cfg-path', '/tmp/tmpnwreo5cf']
[2026-01-08T21:16:15.096+0000] {standard_task_runner.py:105} INFO - Job 32: Subtask dbt_run
[2026-01-08T21:16:15.125+0000] {task_command.py:467} INFO - Running <TaskInstance: retail_dbt_daily_pipeline.dbt_run manual__2026-01-08T21:15:57.274627+00:00 [running]> on host 5fc490f84247
[2026-01-08T21:16:15.177+0000] {taskinstance.py:3132} INFO - Exporting env vars: AIRFLOW_CTX_DAG_OWNER='data-engineering' AIRFLOW_CTX_DAG_ID='retail_dbt_daily_pipeline' AIRFLOW_CTX_TASK_ID='dbt_run' AIRFLOW_CTX_EXECUTION_DATE='2026-01-08T21:15:57.274627+00:00' AIRFLOW_CTX_TRY_NUMBER='1' AIRFLOW_CTX_DAG_RUN_ID='manual__2026-01-08T21:15:57.274627+00:00'
[2026-01-08T21:16:15.177+0000] {taskinstance.py:731} INFO - ::endgroup::
[2026-01-08T21:16:15.187+0000] {subprocess.py:78} INFO - Tmp dir root location: /tmp
[2026-01-08T21:16:15.187+0000] {subprocess.py:88} INFO - Running command: ['/usr/bin/bash', '-c', 'cd /opt/***/dbt/retail_dbt && dbt run']
[2026-01-08T21:16:15.192+0000] {subprocess.py:99} INFO - Output:
[2026-01-08T21:16:16.959+0000] {subprocess.py:106} INFO - [0m21:16:16  Running with dbt=1.8.2
[2026-01-08T21:16:17.620+0000] {subprocess.py:106} INFO - [0m21:16:17  Registered adapter: snowflake=1.8.2
[2026-01-08T21:16:17.978+0000] {subprocess.py:106} INFO - [0m21:16:17  Found 12 models, 1 snapshot, 16 data tests, 6 sources, 575 macros
[2026-01-08T21:16:17.981+0000] {subprocess.py:106} INFO - [0m21:16:17
[2026-01-08T21:16:20.070+0000] {subprocess.py:106} INFO - [0m21:16:20  Concurrency: 4 threads (target='dev')
[2026-01-08T21:16:20.071+0000] {subprocess.py:106} INFO - [0m21:16:20
[2026-01-08T21:16:20.080+0000] {subprocess.py:106} INFO - [0m21:16:20  1 of 12 START sql table model STAGING_ANALYTICS.dim_date ....................... [RUN]
[2026-01-08T21:16:20.081+0000] {subprocess.py:106} INFO - [0m21:16:20  2 of 12 START sql view model STAGING_STAGING.stg_customers ..................... [RUN]
[2026-01-08T21:16:20.081+0000] {subprocess.py:106} INFO - [0m21:16:20  3 of 12 START sql view model STAGING_STAGING.stg_inventory_snapshots ........... [RUN]
[2026-01-08T21:16:20.083+0000] {subprocess.py:106} INFO - [0m21:16:20  4 of 12 START sql view model STAGING_STAGING.stg_order_items ................... [RUN]
[2026-01-08T21:16:21.198+0000] {subprocess.py:106} INFO - [0m21:16:21  2 of 12 OK created sql view model STAGING_STAGING.stg_customers ................ [[32mSUCCESS 1[0m in 1.11s]
[2026-01-08T21:16:21.199+0000] {subprocess.py:106} INFO - [0m21:16:21  3 of 12 OK created sql view model STAGING_STAGING.stg_inventory_snapshots ...... [[32mSUCCESS 1[0m in 1.11s]
[2026-01-08T21:16:21.202+0000] {subprocess.py:106} INFO - [0m21:16:21  5 of 12 START sql view model STAGING_STAGING.stg_orders ........................ [RUN]
[2026-01-08T21:16:21.203+0000] {subprocess.py:106} INFO - [0m21:16:21  6 of 12 START sql view model STAGING_STAGING.stg_products ...................... [RUN]
[2026-01-08T21:16:21.214+0000] {subprocess.py:106} INFO - [0m21:16:21  4 of 12 OK created sql view model STAGING_STAGING.stg_order_items .............. [[32mSUCCESS 1[0m in 1.13s]
[2026-01-08T21:16:21.216+0000] {subprocess.py:106} INFO - [0m21:16:21  7 of 12 START sql view model STAGING_STAGING.stg_stores ........................ [RUN]
[2026-01-08T21:16:21.753+0000] {subprocess.py:106} INFO - [0m21:16:21  1 of 12 OK created sql table model STAGING_ANALYTICS.dim_date .................. [[32mSUCCESS 1[0m in 1.67s]
[2026-01-08T21:16:21.756+0000] {subprocess.py:106} INFO - [0m21:16:21  8 of 12 START sql table model STAGING_ANALYTICS.dim_customer ................... [RUN]
[2026-01-08T21:16:22.221+0000] {subprocess.py:106} INFO - [0m21:16:22  6 of 12 OK created sql view model STAGING_STAGING.stg_products ................. [[32mSUCCESS 1[0m in 1.01s]
[2026-01-08T21:16:22.224+0000] {subprocess.py:106} INFO - [0m21:16:22  9 of 12 START sql table model STAGING_ANALYTICS.fact_inventory_snapshot ........ [RUN]
[2026-01-08T21:16:22.244+0000] {subprocess.py:106} INFO - [0m21:16:22  7 of 12 OK created sql view model STAGING_STAGING.stg_stores ................... [[32mSUCCESS 1[0m in 1.03s]
[2026-01-08T21:16:22.248+0000] {subprocess.py:106} INFO - [0m21:16:22  10 of 12 START sql table model STAGING_ANALYTICS.dim_product ................... [RUN]
[2026-01-08T21:16:22.255+0000] {subprocess.py:106} INFO - [0m21:16:22  5 of 12 OK created sql view model STAGING_STAGING.stg_orders ................... [[32mSUCCESS 1[0m in 1.05s]
[2026-01-08T21:16:22.257+0000] {subprocess.py:106} INFO - [0m21:16:22  11 of 12 START sql table model STAGING_ANALYTICS.dim_store ..................... [RUN]
[2026-01-08T21:16:23.514+0000] {subprocess.py:106} INFO - [0m21:16:23  8 of 12 OK created sql table model STAGING_ANALYTICS.dim_customer .............. [[32mSUCCESS 1[0m in 1.75s]
[2026-01-08T21:16:23.518+0000] {subprocess.py:106} INFO - [0m21:16:23  12 of 12 START sql table model STAGING_ANALYTICS.fact_sales .................... [RUN]
[2026-01-08T21:16:24.131+0000] {subprocess.py:106} INFO - [0m21:16:24  9 of 12 OK created sql table model STAGING_ANALYTICS.fact_inventory_snapshot ... [[32mSUCCESS 1[0m in 1.90s]
[2026-01-08T21:16:24.133+0000] {subprocess.py:106} INFO - [0m21:16:24  11 of 12 OK created sql table model STAGING_ANALYTICS.dim_store ................ [[32mSUCCESS 1[0m in 1.87s]
[2026-01-08T21:16:24.133+0000] {subprocess.py:106} INFO - [0m21:16:24  10 of 12 OK created sql table model STAGING_ANALYTICS.dim_product .............. [[32mSUCCESS 1[0m in 1.88s]
[2026-01-08T21:16:26.308+0000] {subprocess.py:106} INFO - [0m21:16:26  12 of 12 OK created sql table model STAGING_ANALYTICS.fact_sales ............... [[32mSUCCESS 1[0m in 2.79s]
[2026-01-08T21:16:26.316+0000] {subprocess.py:106} INFO - [0m21:16:26
[2026-01-08T21:16:26.317+0000] {subprocess.py:106} INFO - [0m21:16:26  Finished running 6 view models, 6 table models in 0 hours 0 minutes and 8.33 seconds (8.33s).
[2026-01-08T21:16:26.429+0000] {subprocess.py:106} INFO - [0m21:16:26
[2026-01-08T21:16:26.430+0000] {subprocess.py:106} INFO - [0m21:16:26  [32mCompleted successfully[0m
[2026-01-08T21:16:26.430+0000] {subprocess.py:106} INFO - [0m21:16:26
[2026-01-08T21:16:26.430+0000] {subprocess.py:106} INFO - [0m21:16:26  Done. PASS=12 WARN=0 ERROR=0 SKIP=0 TOTAL=12
[2026-01-08T21:16:27.105+0000] {subprocess.py:110} INFO - Command exited with return code 0
[2026-01-08T21:16:27.125+0000] {taskinstance.py:340} INFO - ::group::Post task execution logs
[2026-01-08T21:16:27.125+0000] {taskinstance.py:352} INFO - Marking task as SUCCESS. dag_id=retail_dbt_daily_pipeline, task_id=dbt_run, run_id=manual__2026-01-08T21:15:57.274627+00:00, execution_date=20260108T211557, start_date=20260108T211615, end_date=20260108T211627
[2026-01-08T21:16:27.147+0000] {local_task_job_runner.py:266} INFO - Task exited with return code 0
[2026-01-08T21:16:27.158+0000] {dagrun.py:977} ERROR - Failed to get task for ti <TaskInstance: retail_dbt_daily_pipeline.save_dbt_state manual__2026-01-08T21:15:57.274627+00:00 [None]>. Marking it as removed.
[2026-01-08T21:16:27.163+0000] {taskinstance.py:3895} INFO - 1 downstream tasks scheduled from follow-on schedule check
[2026-01-08T21:16:27.164+0000] {local_task_job_runner.py:245} INFO - ::endgroup::
