[2026-01-09T03:58:49.291+0000] {local_task_job_runner.py:123} INFO - ::group::Pre task execution logs
[2026-01-09T03:58:49.302+0000] {taskinstance.py:2613} INFO - Dependencies all met for dep_context=non-requeueable deps ti=<TaskInstance: retail_dbt_daily_pipeline.dbt_run manual__2026-01-09T03:58:31.806492+00:00 [queued]>
[2026-01-09T03:58:49.307+0000] {taskinstance.py:2613} INFO - Dependencies all met for dep_context=requeueable deps ti=<TaskInstance: retail_dbt_daily_pipeline.dbt_run manual__2026-01-09T03:58:31.806492+00:00 [queued]>
[2026-01-09T03:58:49.308+0000] {taskinstance.py:2866} INFO - Starting attempt 1 of 2
[2026-01-09T03:58:49.315+0000] {taskinstance.py:2889} INFO - Executing <Task(BashOperator): dbt_run> on 2026-01-09 03:58:31.806492+00:00
[2026-01-09T03:58:49.319+0000] {logging_mixin.py:190} WARNING - /home/***/.local/lib/python3.12/site-packages/***/task/task_runner/standard_task_runner.py:70 DeprecationWarning: This process (pid=396) is multi-threaded, use of fork() may lead to deadlocks in the child.
[2026-01-09T03:58:49.320+0000] {standard_task_runner.py:72} INFO - Started process 397 to run task
[2026-01-09T03:58:49.320+0000] {standard_task_runner.py:104} INFO - Running: ['***', 'tasks', 'run', 'retail_dbt_daily_pipeline', 'dbt_run', 'manual__2026-01-09T03:58:31.806492+00:00', '--job-id', '112', '--raw', '--subdir', 'DAGS_FOLDER/retail_dbt_daily_pipeline.py', '--cfg-path', '/tmp/tmp0bg2eanx']
[2026-01-09T03:58:49.321+0000] {standard_task_runner.py:105} INFO - Job 112: Subtask dbt_run
[2026-01-09T03:58:49.358+0000] {task_command.py:467} INFO - Running <TaskInstance: retail_dbt_daily_pipeline.dbt_run manual__2026-01-09T03:58:31.806492+00:00 [running]> on host a1f5ea7d51b7
[2026-01-09T03:58:49.417+0000] {taskinstance.py:3132} INFO - Exporting env vars: AIRFLOW_CTX_DAG_OWNER='data-engineering' AIRFLOW_CTX_DAG_ID='retail_dbt_daily_pipeline' AIRFLOW_CTX_TASK_ID='dbt_run' AIRFLOW_CTX_EXECUTION_DATE='2026-01-09T03:58:31.806492+00:00' AIRFLOW_CTX_TRY_NUMBER='1' AIRFLOW_CTX_DAG_RUN_ID='manual__2026-01-09T03:58:31.806492+00:00'
[2026-01-09T03:58:49.417+0000] {taskinstance.py:731} INFO - ::endgroup::
[2026-01-09T03:58:49.429+0000] {subprocess.py:78} INFO - Tmp dir root location: /tmp
[2026-01-09T03:58:49.429+0000] {subprocess.py:88} INFO - Running command: ['/usr/bin/bash', '-c', 'cd /opt/***/dbt/retail_dbt && /home/***/.local/bin/dbt run --target test_wh']
[2026-01-09T03:58:49.435+0000] {subprocess.py:99} INFO - Output:
[2026-01-09T03:58:51.096+0000] {subprocess.py:106} INFO - [0m03:58:51  Running with dbt=1.8.2
[2026-01-09T03:58:51.814+0000] {subprocess.py:106} INFO - [0m03:58:51  Registered adapter: snowflake=1.8.2
[2026-01-09T03:58:51.989+0000] {subprocess.py:106} INFO - [0m03:58:51  Unable to do partial parsing because config vars, config profile, or config target have changed
[2026-01-09T03:58:51.989+0000] {subprocess.py:106} INFO - [0m03:58:51  Unable to do partial parsing because profile has changed
[2026-01-09T03:58:53.098+0000] {subprocess.py:106} INFO - [0m03:58:53  [[33mWARNING[0m]: Deprecated functionality
[2026-01-09T03:58:53.098+0000] {subprocess.py:106} INFO - The `tests` config has been renamed to `data_tests`. Please see
[2026-01-09T03:58:53.099+0000] {subprocess.py:106} INFO - https://docs.getdbt.com/docs/build/data-tests#new-data_tests-syntax for more
[2026-01-09T03:58:53.099+0000] {subprocess.py:106} INFO - information.
[2026-01-09T03:58:53.418+0000] {subprocess.py:106} INFO - [0m03:58:53  Found 12 models, 1 snapshot, 16 data tests, 6 sources, 575 macros
[2026-01-09T03:58:53.420+0000] {subprocess.py:106} INFO - [0m03:58:53
[2026-01-09T03:58:56.097+0000] {subprocess.py:106} INFO - [0m03:58:56  Concurrency: 2 threads (target='test_wh')
[2026-01-09T03:58:56.098+0000] {subprocess.py:106} INFO - [0m03:58:56
[2026-01-09T03:58:56.107+0000] {subprocess.py:106} INFO - [0m03:58:56  1 of 12 START sql table model STAGING_ANALYTICS.dim_date ....................... [RUN]
[2026-01-09T03:58:56.107+0000] {subprocess.py:106} INFO - [0m03:58:56  2 of 12 START sql view model STAGING_STAGING.stg_customers ..................... [RUN]
[2026-01-09T03:58:57.171+0000] {subprocess.py:106} INFO - [0m03:58:57  2 of 12 OK created sql view model STAGING_STAGING.stg_customers ................ [[32mSUCCESS 1[0m in 1.06s]
[2026-01-09T03:58:57.173+0000] {subprocess.py:106} INFO - [0m03:58:57  3 of 12 START sql view model STAGING_STAGING.stg_inventory_snapshots ........... [RUN]
[2026-01-09T03:58:57.581+0000] {subprocess.py:106} INFO - [0m03:58:57  1 of 12 OK created sql table model STAGING_ANALYTICS.dim_date .................. [[32mSUCCESS 1[0m in 1.47s]
[2026-01-09T03:58:57.584+0000] {subprocess.py:106} INFO - [0m03:58:57  4 of 12 START sql view model STAGING_STAGING.stg_order_items ................... [RUN]
[2026-01-09T03:58:58.087+0000] {subprocess.py:106} INFO - [0m03:58:58  3 of 12 OK created sql view model STAGING_STAGING.stg_inventory_snapshots ...... [[32mSUCCESS 1[0m in 0.91s]
[2026-01-09T03:58:58.090+0000] {subprocess.py:106} INFO - [0m03:58:58  5 of 12 START sql view model STAGING_STAGING.stg_orders ........................ [RUN]
[2026-01-09T03:58:58.425+0000] {subprocess.py:106} INFO - [0m03:58:58  4 of 12 OK created sql view model STAGING_STAGING.stg_order_items .............. [[32mSUCCESS 1[0m in 0.84s]
[2026-01-09T03:58:58.429+0000] {subprocess.py:106} INFO - [0m03:58:58  6 of 12 START sql view model STAGING_STAGING.stg_products ...................... [RUN]
[2026-01-09T03:58:59.016+0000] {subprocess.py:106} INFO - [0m03:58:59  5 of 12 OK created sql view model STAGING_STAGING.stg_orders ................... [[32mSUCCESS 1[0m in 0.92s]
[2026-01-09T03:58:59.019+0000] {subprocess.py:106} INFO - [0m03:58:59  7 of 12 START sql view model STAGING_STAGING.stg_stores ........................ [RUN]
[2026-01-09T03:58:59.255+0000] {subprocess.py:106} INFO - [0m03:58:59  6 of 12 OK created sql view model STAGING_STAGING.stg_products ................. [[32mSUCCESS 1[0m in 0.82s]
[2026-01-09T03:58:59.257+0000] {subprocess.py:106} INFO - [0m03:58:59  8 of 12 START sql table model STAGING_ANALYTICS.dim_customer ................... [RUN]
[2026-01-09T03:58:59.874+0000] {subprocess.py:106} INFO - [0m03:58:59  7 of 12 OK created sql view model STAGING_STAGING.stg_stores ................... [[32mSUCCESS 1[0m in 0.85s]
[2026-01-09T03:58:59.879+0000] {subprocess.py:106} INFO - [0m03:58:59  9 of 12 START sql table model STAGING_ANALYTICS.fact_inventory_snapshot ........ [RUN]
[2026-01-09T03:59:00.760+0000] {subprocess.py:106} INFO - [0m03:59:00  8 of 12 OK created sql table model STAGING_ANALYTICS.dim_customer .............. [[32mSUCCESS 1[0m in 1.50s]
[2026-01-09T03:59:00.763+0000] {subprocess.py:106} INFO - [0m03:59:00  10 of 12 START sql table model STAGING_ANALYTICS.dim_product ................... [RUN]
[2026-01-09T03:59:01.350+0000] {subprocess.py:106} INFO - [0m03:59:01  9 of 12 OK created sql table model STAGING_ANALYTICS.fact_inventory_snapshot ... [[32mSUCCESS 1[0m in 1.47s]
[2026-01-09T03:59:01.353+0000] {subprocess.py:106} INFO - [0m03:59:01  11 of 12 START sql table model STAGING_ANALYTICS.dim_store ..................... [RUN]
[2026-01-09T03:59:02.149+0000] {subprocess.py:106} INFO - [0m03:59:02  10 of 12 OK created sql table model STAGING_ANALYTICS.dim_product .............. [[32mSUCCESS 1[0m in 1.38s]
[2026-01-09T03:59:02.152+0000] {subprocess.py:106} INFO - [0m03:59:02  12 of 12 START sql table model STAGING_ANALYTICS.fact_sales .................... [RUN]
[2026-01-09T03:59:02.801+0000] {subprocess.py:106} INFO - [0m03:59:02  11 of 12 OK created sql table model STAGING_ANALYTICS.dim_store ................ [[32mSUCCESS 1[0m in 1.45s]
[2026-01-09T03:59:04.235+0000] {subprocess.py:106} INFO - [0m03:59:04  12 of 12 OK created sql table model STAGING_ANALYTICS.fact_sales ............... [[32mSUCCESS 1[0m in 2.08s]
[2026-01-09T03:59:04.239+0000] {subprocess.py:106} INFO - [0m03:59:04
[2026-01-09T03:59:04.239+0000] {subprocess.py:106} INFO - [0m03:59:04  Finished running 6 view models, 6 table models in 0 hours 0 minutes and 10.82 seconds (10.82s).
[2026-01-09T03:59:04.281+0000] {subprocess.py:106} INFO - [0m03:59:04
[2026-01-09T03:59:04.282+0000] {subprocess.py:106} INFO - [0m03:59:04  [32mCompleted successfully[0m
[2026-01-09T03:59:04.282+0000] {subprocess.py:106} INFO - [0m03:59:04
[2026-01-09T03:59:04.282+0000] {subprocess.py:106} INFO - [0m03:59:04  Done. PASS=12 WARN=0 ERROR=0 SKIP=0 TOTAL=12
[2026-01-09T03:59:04.950+0000] {subprocess.py:110} INFO - Command exited with return code 0
[2026-01-09T03:59:04.993+0000] {taskinstance.py:340} INFO - ::group::Post task execution logs
[2026-01-09T03:59:04.993+0000] {taskinstance.py:352} INFO - Marking task as SUCCESS. dag_id=retail_dbt_daily_pipeline, task_id=dbt_run, run_id=manual__2026-01-09T03:58:31.806492+00:00, execution_date=20260109T035831, start_date=20260109T035849, end_date=20260109T035904
[2026-01-09T03:59:05.031+0000] {local_task_job_runner.py:266} INFO - Task exited with return code 0
[2026-01-09T03:59:05.048+0000] {taskinstance.py:3895} INFO - 1 downstream tasks scheduled from follow-on schedule check
[2026-01-09T03:59:05.049+0000] {local_task_job_runner.py:245} INFO - ::endgroup::
