[2026-01-09T03:35:52.200+0000] {local_task_job_runner.py:123} INFO - ::group::Pre task execution logs
[2026-01-09T03:35:52.211+0000] {taskinstance.py:2613} INFO - Dependencies all met for dep_context=non-requeueable deps ti=<TaskInstance: retail_dbt_daily_pipeline.dbt_deps manual__2026-01-09T03:35:51+00:00 [queued]>
[2026-01-09T03:35:52.216+0000] {taskinstance.py:2613} INFO - Dependencies all met for dep_context=requeueable deps ti=<TaskInstance: retail_dbt_daily_pipeline.dbt_deps manual__2026-01-09T03:35:51+00:00 [queued]>
[2026-01-09T03:35:52.216+0000] {taskinstance.py:2866} INFO - Starting attempt 1 of 2
[2026-01-09T03:35:52.223+0000] {taskinstance.py:2889} INFO - Executing <Task(BashOperator): dbt_deps> on 2026-01-09 03:35:51+00:00
[2026-01-09T03:35:52.227+0000] {logging_mixin.py:190} WARNING - /home/***/.local/lib/python3.12/site-packages/***/task/task_runner/standard_task_runner.py:70 DeprecationWarning: This process (pid=181) is multi-threaded, use of fork() may lead to deadlocks in the child.
[2026-01-09T03:35:52.228+0000] {standard_task_runner.py:72} INFO - Started process 192 to run task
[2026-01-09T03:35:52.228+0000] {standard_task_runner.py:104} INFO - Running: ['***', 'tasks', 'run', 'retail_dbt_daily_pipeline', 'dbt_deps', 'manual__2026-01-09T03:35:51+00:00', '--job-id', '97', '--raw', '--subdir', 'DAGS_FOLDER/retail_dbt_daily_pipeline.py', '--cfg-path', '/tmp/tmp1o37nwsk']
[2026-01-09T03:35:52.229+0000] {standard_task_runner.py:105} INFO - Job 97: Subtask dbt_deps
[2026-01-09T03:35:52.259+0000] {task_command.py:467} INFO - Running <TaskInstance: retail_dbt_daily_pipeline.dbt_deps manual__2026-01-09T03:35:51+00:00 [running]> on host a1f5ea7d51b7
[2026-01-09T03:35:52.311+0000] {taskinstance.py:3132} INFO - Exporting env vars: AIRFLOW_CTX_DAG_OWNER='data-engineering' AIRFLOW_CTX_DAG_ID='retail_dbt_daily_pipeline' AIRFLOW_CTX_TASK_ID='dbt_deps' AIRFLOW_CTX_EXECUTION_DATE='2026-01-09T03:35:51+00:00' AIRFLOW_CTX_TRY_NUMBER='1' AIRFLOW_CTX_DAG_RUN_ID='manual__2026-01-09T03:35:51+00:00'
[2026-01-09T03:35:52.311+0000] {taskinstance.py:731} INFO - ::endgroup::
[2026-01-09T03:35:52.321+0000] {subprocess.py:78} INFO - Tmp dir root location: /tmp
[2026-01-09T03:35:52.322+0000] {subprocess.py:88} INFO - Running command: ['/usr/bin/bash', '-c', 'cd /opt/***/dbt/retail_dbt && /home/***/.local/bin/dbt deps']
[2026-01-09T03:35:52.327+0000] {subprocess.py:99} INFO - Output:
[2026-01-09T03:35:53.949+0000] {subprocess.py:106} INFO - [0m03:35:53  Running with dbt=1.8.2
[2026-01-09T03:35:54.314+0000] {subprocess.py:106} INFO - [0m03:35:54  Installing dbt-labs/dbt_utils
[2026-01-09T03:35:54.985+0000] {subprocess.py:106} INFO - [0m03:35:54  Installed from version 1.3.0
[2026-01-09T03:35:54.986+0000] {subprocess.py:106} INFO - [0m03:35:54  Updated version available: 1.3.3
[2026-01-09T03:35:54.987+0000] {subprocess.py:106} INFO - [0m03:35:54
[2026-01-09T03:35:54.988+0000] {subprocess.py:106} INFO - [0m03:35:54  Updates available for packages: ['dbt-labs/dbt_utils']
[2026-01-09T03:35:54.988+0000] {subprocess.py:106} INFO - Update your versions in packages.yml, then run dbt deps
[2026-01-09T03:35:55.523+0000] {subprocess.py:110} INFO - Command exited with return code 0
[2026-01-09T03:35:55.544+0000] {taskinstance.py:340} INFO - ::group::Post task execution logs
[2026-01-09T03:35:55.544+0000] {taskinstance.py:352} INFO - Marking task as SUCCESS. dag_id=retail_dbt_daily_pipeline, task_id=dbt_deps, run_id=manual__2026-01-09T03:35:51+00:00, execution_date=20260109T033551, start_date=20260109T033552, end_date=20260109T033555
[2026-01-09T03:35:55.587+0000] {local_task_job_runner.py:266} INFO - Task exited with return code 0
[2026-01-09T03:35:55.606+0000] {taskinstance.py:3895} INFO - 1 downstream tasks scheduled from follow-on schedule check
[2026-01-09T03:35:55.607+0000] {local_task_job_runner.py:245} INFO - ::endgroup::
