[2026-01-08T18:45:36.348+0000] {local_task_job_runner.py:123} INFO - ::group::Pre task execution logs
[2026-01-08T18:45:36.358+0000] {taskinstance.py:2613} INFO - Dependencies all met for dep_context=non-requeueable deps ti=<TaskInstance: retail_dbt_daily_pipeline.dbt_run manual__2026-01-08T18:45:13.707486+00:00 [queued]>
[2026-01-08T18:45:36.363+0000] {taskinstance.py:2613} INFO - Dependencies all met for dep_context=requeueable deps ti=<TaskInstance: retail_dbt_daily_pipeline.dbt_run manual__2026-01-08T18:45:13.707486+00:00 [queued]>
[2026-01-08T18:45:36.363+0000] {taskinstance.py:2866} INFO - Starting attempt 1 of 2
[2026-01-08T18:45:36.371+0000] {taskinstance.py:2889} INFO - Executing <Task(BashOperator): dbt_run> on 2026-01-08 18:45:13.707486+00:00
[2026-01-08T18:45:36.375+0000] {logging_mixin.py:190} WARNING - /home/***/.local/lib/python3.12/site-packages/***/task/task_runner/standard_task_runner.py:70 DeprecationWarning: This process (pid=294) is multi-threaded, use of fork() may lead to deadlocks in the child.
[2026-01-08T18:45:36.376+0000] {standard_task_runner.py:72} INFO - Started process 295 to run task
[2026-01-08T18:45:36.375+0000] {standard_task_runner.py:104} INFO - Running: ['***', 'tasks', 'run', 'retail_dbt_daily_pipeline', 'dbt_run', 'manual__2026-01-08T18:45:13.707486+00:00', '--job-id', '22', '--raw', '--subdir', 'DAGS_FOLDER/retail_dw_daily.py', '--cfg-path', '/tmp/tmp8d64kek4']
[2026-01-08T18:45:36.377+0000] {standard_task_runner.py:105} INFO - Job 22: Subtask dbt_run
[2026-01-08T18:45:36.405+0000] {task_command.py:467} INFO - Running <TaskInstance: retail_dbt_daily_pipeline.dbt_run manual__2026-01-08T18:45:13.707486+00:00 [running]> on host 5fc490f84247
[2026-01-08T18:45:36.452+0000] {taskinstance.py:3132} INFO - Exporting env vars: AIRFLOW_CTX_DAG_OWNER='data-engineering' AIRFLOW_CTX_DAG_ID='retail_dbt_daily_pipeline' AIRFLOW_CTX_TASK_ID='dbt_run' AIRFLOW_CTX_EXECUTION_DATE='2026-01-08T18:45:13.707486+00:00' AIRFLOW_CTX_TRY_NUMBER='1' AIRFLOW_CTX_DAG_RUN_ID='manual__2026-01-08T18:45:13.707486+00:00'
[2026-01-08T18:45:36.453+0000] {taskinstance.py:731} INFO - ::endgroup::
[2026-01-08T18:45:36.464+0000] {subprocess.py:78} INFO - Tmp dir root location: /tmp
[2026-01-08T18:45:36.464+0000] {subprocess.py:88} INFO - Running command: ['/usr/bin/bash', '-c', 'cd /opt/***/dbt/retail_dbt && dbt run']
[2026-01-08T18:45:36.469+0000] {subprocess.py:99} INFO - Output:
[2026-01-08T18:45:38.053+0000] {subprocess.py:106} INFO - [0m18:45:38  Running with dbt=1.8.2
[2026-01-08T18:45:38.715+0000] {subprocess.py:106} INFO - [0m18:45:38  Registered adapter: snowflake=1.8.2
[2026-01-08T18:45:39.089+0000] {subprocess.py:106} INFO - [0m18:45:39  Found 12 models, 1 snapshot, 16 data tests, 6 sources, 575 macros
[2026-01-08T18:45:39.092+0000] {subprocess.py:106} INFO - [0m18:45:39
[2026-01-08T18:45:41.230+0000] {subprocess.py:106} INFO - [0m18:45:41  Concurrency: 4 threads (target='dev')
[2026-01-08T18:45:41.231+0000] {subprocess.py:106} INFO - [0m18:45:41
[2026-01-08T18:45:41.240+0000] {subprocess.py:106} INFO - [0m18:45:41  1 of 12 START sql table model STAGING_ANALYTICS.dim_date ....................... [RUN]
[2026-01-08T18:45:41.240+0000] {subprocess.py:106} INFO - [0m18:45:41  2 of 12 START sql view model STAGING_STAGING.stg_customers ..................... [RUN]
[2026-01-08T18:45:41.241+0000] {subprocess.py:106} INFO - [0m18:45:41  3 of 12 START sql view model STAGING_STAGING.stg_inventory_snapshots ........... [RUN]
[2026-01-08T18:45:41.242+0000] {subprocess.py:106} INFO - [0m18:45:41  4 of 12 START sql view model STAGING_STAGING.stg_order_items ................... [RUN]
[2026-01-08T18:45:42.799+0000] {subprocess.py:106} INFO - [0m18:45:42  2 of 12 OK created sql view model STAGING_STAGING.stg_customers ................ [[32mSUCCESS 1[0m in 1.55s]
[2026-01-08T18:45:42.802+0000] {subprocess.py:106} INFO - [0m18:45:42  5 of 12 START sql view model STAGING_STAGING.stg_orders ........................ [RUN]
[2026-01-08T18:45:42.816+0000] {subprocess.py:106} INFO - [0m18:45:42  4 of 12 OK created sql view model STAGING_STAGING.stg_order_items .............. [[32mSUCCESS 1[0m in 1.57s]
[2026-01-08T18:45:42.818+0000] {subprocess.py:106} INFO - [0m18:45:42  6 of 12 START sql view model STAGING_STAGING.stg_products ...................... [RUN]
[2026-01-08T18:45:42.858+0000] {subprocess.py:106} INFO - [0m18:45:42  3 of 12 OK created sql view model STAGING_STAGING.stg_inventory_snapshots ...... [[32mSUCCESS 1[0m in 1.61s]
[2026-01-08T18:45:42.860+0000] {subprocess.py:106} INFO - [0m18:45:42  7 of 12 START sql view model STAGING_STAGING.stg_stores ........................ [RUN]
[2026-01-08T18:45:43.747+0000] {subprocess.py:106} INFO - [0m18:45:43  1 of 12 OK created sql table model STAGING_ANALYTICS.dim_date .................. [[32mSUCCESS 1[0m in 2.50s]
[2026-01-08T18:45:43.750+0000] {subprocess.py:106} INFO - [0m18:45:43  8 of 12 START sql table model STAGING_ANALYTICS.dim_customer ................... [RUN]
[2026-01-08T18:45:44.069+0000] {subprocess.py:106} INFO - [0m18:45:44  5 of 12 OK created sql view model STAGING_STAGING.stg_orders ................... [[32mSUCCESS 1[0m in 1.27s]
[2026-01-08T18:45:44.071+0000] {subprocess.py:106} INFO - [0m18:45:44  9 of 12 START sql table model STAGING_ANALYTICS.fact_inventory_snapshot ........ [RUN]
[2026-01-08T18:45:44.097+0000] {subprocess.py:106} INFO - [0m18:45:44  6 of 12 OK created sql view model STAGING_STAGING.stg_products ................. [[32mSUCCESS 1[0m in 1.28s]
[2026-01-08T18:45:44.099+0000] {subprocess.py:106} INFO - [0m18:45:44  10 of 12 START sql table model STAGING_ANALYTICS.dim_product ................... [RUN]
[2026-01-08T18:45:44.225+0000] {subprocess.py:106} INFO - [0m18:45:44  7 of 12 OK created sql view model STAGING_STAGING.stg_stores ................... [[32mSUCCESS 1[0m in 1.36s]
[2026-01-08T18:45:44.227+0000] {subprocess.py:106} INFO - [0m18:45:44  11 of 12 START sql table model STAGING_ANALYTICS.dim_store ..................... [RUN]
[2026-01-08T18:45:46.305+0000] {subprocess.py:106} INFO - [0m18:45:46  8 of 12 OK created sql table model STAGING_ANALYTICS.dim_customer .............. [[32mSUCCESS 1[0m in 2.55s]
[2026-01-08T18:45:46.310+0000] {subprocess.py:106} INFO - [0m18:45:46  12 of 12 START sql table model STAGING_ANALYTICS.fact_sales .................... [RUN]
[2026-01-08T18:45:46.762+0000] {subprocess.py:106} INFO - [0m18:45:46  10 of 12 OK created sql table model STAGING_ANALYTICS.dim_product .............. [[32mSUCCESS 1[0m in 2.66s]
[2026-01-08T18:45:47.010+0000] {subprocess.py:106} INFO - [0m18:45:47  9 of 12 OK created sql table model STAGING_ANALYTICS.fact_inventory_snapshot ... [[32mSUCCESS 1[0m in 2.93s]
[2026-01-08T18:45:47.111+0000] {subprocess.py:106} INFO - [0m18:45:47  11 of 12 OK created sql table model STAGING_ANALYTICS.dim_store ................ [[32mSUCCESS 1[0m in 2.88s]
[2026-01-08T18:45:50.942+0000] {subprocess.py:106} INFO - [0m18:45:50  12 of 12 OK created sql table model STAGING_ANALYTICS.fact_sales ............... [[32mSUCCESS 1[0m in 4.63s]
[2026-01-08T18:45:50.948+0000] {subprocess.py:106} INFO - [0m18:45:50
[2026-01-08T18:45:50.948+0000] {subprocess.py:106} INFO - [0m18:45:50  Finished running 6 view models, 6 table models in 0 hours 0 minutes and 11.86 seconds (11.86s).
[2026-01-08T18:45:51.041+0000] {subprocess.py:106} INFO - [0m18:45:51
[2026-01-08T18:45:51.041+0000] {subprocess.py:106} INFO - [0m18:45:51  [32mCompleted successfully[0m
[2026-01-08T18:45:51.041+0000] {subprocess.py:106} INFO - [0m18:45:51
[2026-01-08T18:45:51.042+0000] {subprocess.py:106} INFO - [0m18:45:51  Done. PASS=12 WARN=0 ERROR=0 SKIP=0 TOTAL=12
[2026-01-08T18:45:51.659+0000] {subprocess.py:110} INFO - Command exited with return code 0
[2026-01-08T18:45:51.676+0000] {taskinstance.py:340} INFO - ::group::Post task execution logs
[2026-01-08T18:45:51.676+0000] {taskinstance.py:352} INFO - Marking task as SUCCESS. dag_id=retail_dbt_daily_pipeline, task_id=dbt_run, run_id=manual__2026-01-08T18:45:13.707486+00:00, execution_date=20260108T184513, start_date=20260108T184536, end_date=20260108T184551
[2026-01-08T18:45:51.723+0000] {local_task_job_runner.py:266} INFO - Task exited with return code 0
[2026-01-08T18:45:51.736+0000] {taskinstance.py:3895} INFO - 1 downstream tasks scheduled from follow-on schedule check
[2026-01-08T18:45:51.737+0000] {local_task_job_runner.py:245} INFO - ::endgroup::
