[2026-01-09T03:29:41.074+0000] {local_task_job_runner.py:123} INFO - ::group::Pre task execution logs
[2026-01-09T03:29:41.085+0000] {taskinstance.py:2613} INFO - Dependencies all met for dep_context=non-requeueable deps ti=<TaskInstance: retail_dbt_daily_pipeline.dbt_snapshot scheduled__2026-01-08T00:00:00+00:00 [queued]>
[2026-01-09T03:29:41.090+0000] {taskinstance.py:2613} INFO - Dependencies all met for dep_context=requeueable deps ti=<TaskInstance: retail_dbt_daily_pipeline.dbt_snapshot scheduled__2026-01-08T00:00:00+00:00 [queued]>
[2026-01-09T03:29:41.090+0000] {taskinstance.py:2866} INFO - Starting attempt 1 of 2
[2026-01-09T03:29:41.097+0000] {taskinstance.py:2889} INFO - Executing <Task(BashOperator): dbt_snapshot> on 2026-01-08 00:00:00+00:00
[2026-01-09T03:29:41.102+0000] {logging_mixin.py:190} WARNING - /home/***/.local/lib/python3.12/site-packages/***/task/task_runner/standard_task_runner.py:70 DeprecationWarning: This process (pid=167) is multi-threaded, use of fork() may lead to deadlocks in the child.
[2026-01-09T03:29:41.102+0000] {standard_task_runner.py:72} INFO - Started process 178 to run task
[2026-01-09T03:29:41.102+0000] {standard_task_runner.py:104} INFO - Running: ['***', 'tasks', 'run', 'retail_dbt_daily_pipeline', 'dbt_snapshot', 'scheduled__2026-01-08T00:00:00+00:00', '--job-id', '91', '--raw', '--subdir', 'DAGS_FOLDER/retail_dbt_daily_pipeline.py', '--cfg-path', '/tmp/tmp3w9g6srg']
[2026-01-09T03:29:41.104+0000] {standard_task_runner.py:105} INFO - Job 91: Subtask dbt_snapshot
[2026-01-09T03:29:41.135+0000] {task_command.py:467} INFO - Running <TaskInstance: retail_dbt_daily_pipeline.dbt_snapshot scheduled__2026-01-08T00:00:00+00:00 [running]> on host a1f5ea7d51b7
[2026-01-09T03:29:41.186+0000] {taskinstance.py:3132} INFO - Exporting env vars: AIRFLOW_CTX_DAG_OWNER='data-engineering' AIRFLOW_CTX_DAG_ID='retail_dbt_daily_pipeline' AIRFLOW_CTX_TASK_ID='dbt_snapshot' AIRFLOW_CTX_EXECUTION_DATE='2026-01-08T00:00:00+00:00' AIRFLOW_CTX_TRY_NUMBER='1' AIRFLOW_CTX_DAG_RUN_ID='scheduled__2026-01-08T00:00:00+00:00'
[2026-01-09T03:29:41.187+0000] {taskinstance.py:731} INFO - ::endgroup::
[2026-01-09T03:29:41.196+0000] {subprocess.py:78} INFO - Tmp dir root location: /tmp
[2026-01-09T03:29:41.197+0000] {subprocess.py:88} INFO - Running command: ['/usr/bin/bash', '-c', 'cd /opt/***/dbt/retail_dbt && /home/***/.local/bin/dbt snapshot']
[2026-01-09T03:29:41.202+0000] {subprocess.py:99} INFO - Output:
[2026-01-09T03:29:42.844+0000] {subprocess.py:106} INFO - [0m03:29:42  Running with dbt=1.8.2
[2026-01-09T03:29:43.531+0000] {subprocess.py:106} INFO - [0m03:29:43  Registered adapter: snowflake=1.8.2
[2026-01-09T03:29:43.959+0000] {subprocess.py:106} INFO - [0m03:29:43  Found 12 models, 1 snapshot, 16 data tests, 6 sources, 575 macros
[2026-01-09T03:29:43.970+0000] {subprocess.py:106} INFO - [0m03:29:43
[2026-01-09T03:29:44.355+0000] {subprocess.py:106} INFO - [0m03:29:44
[2026-01-09T03:29:44.356+0000] {subprocess.py:106} INFO - [0m03:29:44  Finished running  in 0 hours 0 minutes and 0.38 seconds (0.38s).
[2026-01-09T03:29:44.356+0000] {subprocess.py:106} INFO - [0m03:29:44  Encountered an error:
[2026-01-09T03:29:44.357+0000] {subprocess.py:106} INFO - Runtime Error
[2026-01-09T03:29:44.357+0000] {subprocess.py:106} INFO -   Database error while listing schemas in database "RETAIL_DW"
[2026-01-09T03:29:44.357+0000] {subprocess.py:106} INFO -   Database Error
[2026-01-09T03:29:44.358+0000] {subprocess.py:106} INFO -     250001 (08001): Failed to connect to DB: PIITFVT-FW65290.snowflakecomputing.com:443. Your user account has been temporarily locked. Try again later or contact your account administrator for assistance. For more information about this error, go to https://community.snowflake.com/s/error-your-user-login-has-been-locked.
[2026-01-09T03:29:44.980+0000] {subprocess.py:110} INFO - Command exited with return code 2
[2026-01-09T03:29:44.990+0000] {taskinstance.py:3311} ERROR - Task failed with exception
Traceback (most recent call last):
  File "/home/airflow/.local/lib/python3.12/site-packages/airflow/models/taskinstance.py", line 767, in _execute_task
    result = _execute_callable(context=context, **execute_callable_kwargs)
             ^^^^^^^^^^^^^^^^^^^^^^^^^^^^^^^^^^^^^^^^^^^^^^^^^^^^^^^^^^^^^
  File "/home/airflow/.local/lib/python3.12/site-packages/airflow/models/taskinstance.py", line 733, in _execute_callable
    return ExecutionCallableRunner(
           ^^^^^^^^^^^^^^^^^^^^^^^^
  File "/home/airflow/.local/lib/python3.12/site-packages/airflow/utils/operator_helpers.py", line 252, in run
    return self.func(*args, **kwargs)
           ^^^^^^^^^^^^^^^^^^^^^^^^^^
  File "/home/airflow/.local/lib/python3.12/site-packages/airflow/models/baseoperator.py", line 417, in wrapper
    return func(self, *args, **kwargs)
           ^^^^^^^^^^^^^^^^^^^^^^^^^^^
  File "/home/airflow/.local/lib/python3.12/site-packages/airflow/operators/bash.py", line 276, in execute
    raise AirflowException(
airflow.exceptions.AirflowException: Bash command failed. The command returned a non-zero exit code 2.
[2026-01-09T03:29:44.996+0000] {taskinstance.py:1225} INFO - Marking task as UP_FOR_RETRY. dag_id=retail_dbt_daily_pipeline, task_id=dbt_snapshot, run_id=scheduled__2026-01-08T00:00:00+00:00, execution_date=20260108T000000, start_date=20260109T032941, end_date=20260109T032944
[2026-01-09T03:29:45.007+0000] {taskinstance.py:340} INFO - ::group::Post task execution logs
[2026-01-09T03:29:45.007+0000] {standard_task_runner.py:124} ERROR - Failed to execute job 91 for task dbt_snapshot (Bash command failed. The command returned a non-zero exit code 2.; 178)
Traceback (most recent call last):
  File "/home/airflow/.local/lib/python3.12/site-packages/airflow/task/task_runner/standard_task_runner.py", line 117, in _start_by_fork
    ret = args.func(args, dag=self.dag)
          ^^^^^^^^^^^^^^^^^^^^^^^^^^^^^
  File "/home/airflow/.local/lib/python3.12/site-packages/airflow/cli/cli_config.py", line 49, in command
    return func(*args, **kwargs)
           ^^^^^^^^^^^^^^^^^^^^^
  File "/home/airflow/.local/lib/python3.12/site-packages/airflow/utils/cli.py", line 116, in wrapper
    return f(*args, **kwargs)
           ^^^^^^^^^^^^^^^^^^
  File "/home/airflow/.local/lib/python3.12/site-packages/airflow/cli/commands/task_command.py", line 483, in task_run
    task_return_code = _run_task_by_selected_method(args, _dag, ti)
                       ^^^^^^^^^^^^^^^^^^^^^^^^^^^^^^^^^^^^^^^^^^^^
  File "/home/airflow/.local/lib/python3.12/site-packages/airflow/cli/commands/task_command.py", line 256, in _run_task_by_selected_method
    return _run_raw_task(args, ti)
           ^^^^^^^^^^^^^^^^^^^^^^^
  File "/home/airflow/.local/lib/python3.12/site-packages/airflow/cli/commands/task_command.py", line 341, in _run_raw_task
    return ti._run_raw_task(
           ^^^^^^^^^^^^^^^^^
  File "/home/airflow/.local/lib/python3.12/site-packages/airflow/utils/session.py", line 97, in wrapper
    return func(*args, session=session, **kwargs)
           ^^^^^^^^^^^^^^^^^^^^^^^^^^^^^^^^^^^^^^
  File "/home/airflow/.local/lib/python3.12/site-packages/airflow/models/taskinstance.py", line 3005, in _run_raw_task
    return _run_raw_task(
           ^^^^^^^^^^^^^^
  File "/home/airflow/.local/lib/python3.12/site-packages/airflow/models/taskinstance.py", line 273, in _run_raw_task
    TaskInstance._execute_task_with_callbacks(
  File "/home/airflow/.local/lib/python3.12/site-packages/airflow/models/taskinstance.py", line 3159, in _execute_task_with_callbacks
    result = self._execute_task(context, task_orig)
             ^^^^^^^^^^^^^^^^^^^^^^^^^^^^^^^^^^^^^^
  File "/home/airflow/.local/lib/python3.12/site-packages/airflow/models/taskinstance.py", line 3183, in _execute_task
    return _execute_task(self, context, task_orig)
           ^^^^^^^^^^^^^^^^^^^^^^^^^^^^^^^^^^^^^^^
  File "/home/airflow/.local/lib/python3.12/site-packages/airflow/models/taskinstance.py", line 767, in _execute_task
    result = _execute_callable(context=context, **execute_callable_kwargs)
             ^^^^^^^^^^^^^^^^^^^^^^^^^^^^^^^^^^^^^^^^^^^^^^^^^^^^^^^^^^^^^
  File "/home/airflow/.local/lib/python3.12/site-packages/airflow/models/taskinstance.py", line 733, in _execute_callable
    return ExecutionCallableRunner(
           ^^^^^^^^^^^^^^^^^^^^^^^^
  File "/home/airflow/.local/lib/python3.12/site-packages/airflow/utils/operator_helpers.py", line 252, in run
    return self.func(*args, **kwargs)
           ^^^^^^^^^^^^^^^^^^^^^^^^^^
  File "/home/airflow/.local/lib/python3.12/site-packages/airflow/models/baseoperator.py", line 417, in wrapper
    return func(self, *args, **kwargs)
           ^^^^^^^^^^^^^^^^^^^^^^^^^^^
  File "/home/airflow/.local/lib/python3.12/site-packages/airflow/operators/bash.py", line 276, in execute
    raise AirflowException(
airflow.exceptions.AirflowException: Bash command failed. The command returned a non-zero exit code 2.
[2026-01-09T03:29:45.041+0000] {local_task_job_runner.py:266} INFO - Task exited with return code 1
[2026-01-09T03:29:45.058+0000] {taskinstance.py:3895} INFO - 0 downstream tasks scheduled from follow-on schedule check
[2026-01-09T03:29:45.059+0000] {local_task_job_runner.py:245} INFO - ::endgroup::
