[2026-01-10T06:35:09.403+0000] {local_task_job_runner.py:123} INFO - ::group::Pre task execution logs
[2026-01-10T06:35:09.413+0000] {taskinstance.py:2613} INFO - Dependencies all met for dep_context=non-requeueable deps ti=<TaskInstance: retail_dbt_daily_pipeline.dbt_run manual__2026-01-10T06:35:03.961886+00:00 [queued]>
[2026-01-10T06:35:09.418+0000] {taskinstance.py:2613} INFO - Dependencies all met for dep_context=requeueable deps ti=<TaskInstance: retail_dbt_daily_pipeline.dbt_run manual__2026-01-10T06:35:03.961886+00:00 [queued]>
[2026-01-10T06:35:09.418+0000] {taskinstance.py:2866} INFO - Starting attempt 1 of 3
[2026-01-10T06:35:09.425+0000] {taskinstance.py:2889} INFO - Executing <Task(BashOperator): dbt_run> on 2026-01-10 06:35:03.961886+00:00
[2026-01-10T06:35:09.432+0000] {logging_mixin.py:190} WARNING - /home/***/.local/lib/python3.12/site-packages/***/task/task_runner/standard_task_runner.py:70 DeprecationWarning: This process (pid=5812) is multi-threaded, use of fork() may lead to deadlocks in the child.
[2026-01-10T06:35:09.432+0000] {standard_task_runner.py:72} INFO - Started process 5813 to run task
[2026-01-10T06:35:09.432+0000] {standard_task_runner.py:104} INFO - Running: ['***', 'tasks', 'run', 'retail_dbt_daily_pipeline', 'dbt_run', 'manual__2026-01-10T06:35:03.961886+00:00', '--job-id', '126', '--raw', '--subdir', 'DAGS_FOLDER/retail_dbt_daily_pipeline.py', '--cfg-path', '/tmp/tmpl8we53nb']
[2026-01-10T06:35:09.434+0000] {standard_task_runner.py:105} INFO - Job 126: Subtask dbt_run
[2026-01-10T06:35:09.462+0000] {task_command.py:467} INFO - Running <TaskInstance: retail_dbt_daily_pipeline.dbt_run manual__2026-01-10T06:35:03.961886+00:00 [running]> on host a1f5ea7d51b7
[2026-01-10T06:35:09.510+0000] {taskinstance.py:3132} INFO - Exporting env vars: AIRFLOW_CTX_DAG_OWNER='***' AIRFLOW_CTX_DAG_ID='retail_dbt_daily_pipeline' AIRFLOW_CTX_TASK_ID='dbt_run' AIRFLOW_CTX_EXECUTION_DATE='2026-01-10T06:35:03.961886+00:00' AIRFLOW_CTX_TRY_NUMBER='1' AIRFLOW_CTX_DAG_RUN_ID='manual__2026-01-10T06:35:03.961886+00:00'
[2026-01-10T06:35:09.510+0000] {taskinstance.py:731} INFO - ::endgroup::
[2026-01-10T06:35:09.520+0000] {subprocess.py:78} INFO - Tmp dir root location: /tmp
[2026-01-10T06:35:09.520+0000] {subprocess.py:88} INFO - Running command: ['/usr/bin/bash', '-c', 'bash -lc "cd /opt/***/dbt/retail_dbt && /home/***/.local/bin/dbt run"']
[2026-01-10T06:35:09.525+0000] {subprocess.py:99} INFO - Output:
[2026-01-10T06:35:11.113+0000] {subprocess.py:106} INFO - [0m06:35:11  Running with dbt=1.8.2
[2026-01-10T06:35:11.826+0000] {subprocess.py:106} INFO - [0m06:35:11  Registered adapter: snowflake=1.8.2
[2026-01-10T06:35:12.214+0000] {subprocess.py:106} INFO - [0m06:35:12  Found 12 models, 1 snapshot, 16 data tests, 6 sources, 575 macros
[2026-01-10T06:35:12.217+0000] {subprocess.py:106} INFO - [0m06:35:12
[2026-01-10T06:35:14.218+0000] {subprocess.py:106} INFO - [0m06:35:14  Concurrency: 4 threads (target='dev')
[2026-01-10T06:35:14.219+0000] {subprocess.py:106} INFO - [0m06:35:14
[2026-01-10T06:35:14.230+0000] {subprocess.py:106} INFO - [0m06:35:14  1 of 12 START sql table model STAGING_ANALYTICS.dim_date ....................... [RUN]
[2026-01-10T06:35:14.231+0000] {subprocess.py:106} INFO - [0m06:35:14  2 of 12 START sql view model STAGING_STAGING.stg_customers ..................... [RUN]
[2026-01-10T06:35:14.232+0000] {subprocess.py:106} INFO - [0m06:35:14  3 of 12 START sql view model STAGING_STAGING.stg_inventory_snapshots ........... [RUN]
[2026-01-10T06:35:14.233+0000] {subprocess.py:106} INFO - [0m06:35:14  4 of 12 START sql view model STAGING_STAGING.stg_order_items ................... [RUN]
[2026-01-10T06:35:15.163+0000] {subprocess.py:106} INFO - [0m06:35:15  3 of 12 OK created sql view model STAGING_STAGING.stg_inventory_snapshots ...... [[32mSUCCESS 1[0m in 0.92s]
[2026-01-10T06:35:15.168+0000] {subprocess.py:106} INFO - [0m06:35:15  5 of 12 START sql view model STAGING_STAGING.stg_orders ........................ [RUN]
[2026-01-10T06:35:15.177+0000] {subprocess.py:106} INFO - [0m06:35:15  2 of 12 OK created sql view model STAGING_STAGING.stg_customers ................ [[32mSUCCESS 1[0m in 0.94s]
[2026-01-10T06:35:15.182+0000] {subprocess.py:106} INFO - [0m06:35:15  6 of 12 START sql view model STAGING_STAGING.stg_products ...................... [RUN]
[2026-01-10T06:35:15.220+0000] {subprocess.py:106} INFO - [0m06:35:15  4 of 12 OK created sql view model STAGING_STAGING.stg_order_items .............. [[32mSUCCESS 1[0m in 0.98s]
[2026-01-10T06:35:15.222+0000] {subprocess.py:106} INFO - [0m06:35:15  7 of 12 START sql view model STAGING_STAGING.stg_stores ........................ [RUN]
[2026-01-10T06:35:16.059+0000] {subprocess.py:106} INFO - [0m06:35:16  5 of 12 OK created sql view model STAGING_STAGING.stg_orders ................... [[32mSUCCESS 1[0m in 0.88s]
[2026-01-10T06:35:16.062+0000] {subprocess.py:106} INFO - [0m06:35:16  8 of 12 START sql table model STAGING_ANALYTICS.fact_inventory_snapshot ........ [RUN]
[2026-01-10T06:35:16.083+0000] {subprocess.py:106} INFO - [0m06:35:16  7 of 12 OK created sql view model STAGING_STAGING.stg_stores ................... [[32mSUCCESS 1[0m in 0.86s]
[2026-01-10T06:35:16.088+0000] {subprocess.py:106} INFO - [0m06:35:16  9 of 12 START sql table model STAGING_ANALYTICS.dim_customer ................... [RUN]
[2026-01-10T06:35:16.242+0000] {subprocess.py:106} INFO - [0m06:35:16  6 of 12 OK created sql view model STAGING_STAGING.stg_products ................. [[32mSUCCESS 1[0m in 1.06s]
[2026-01-10T06:35:16.243+0000] {subprocess.py:106} INFO - [0m06:35:16  10 of 12 START sql table model STAGING_ANALYTICS.dim_store ..................... [RUN]
[2026-01-10T06:35:16.294+0000] {subprocess.py:106} INFO - [0m06:35:16  1 of 12 OK created sql table model STAGING_ANALYTICS.dim_date .................. [[32mSUCCESS 1[0m in 2.06s]
[2026-01-10T06:35:16.295+0000] {subprocess.py:106} INFO - [0m06:35:16  11 of 12 START sql table model STAGING_ANALYTICS.dim_product ................... [RUN]
[2026-01-10T06:35:17.634+0000] {subprocess.py:106} INFO - [0m06:35:17  8 of 12 OK created sql table model STAGING_ANALYTICS.fact_inventory_snapshot ... [[32mSUCCESS 1[0m in 1.57s]
[2026-01-10T06:35:17.634+0000] {subprocess.py:106} INFO - [0m06:35:17  9 of 12 OK created sql table model STAGING_ANALYTICS.dim_customer .............. [[32mSUCCESS 1[0m in 1.54s]
[2026-01-10T06:35:17.635+0000] {subprocess.py:106} INFO - [0m06:35:17  10 of 12 OK created sql table model STAGING_ANALYTICS.dim_store ................ [[32mSUCCESS 1[0m in 1.39s]
[2026-01-10T06:35:17.639+0000] {subprocess.py:106} INFO - [0m06:35:17  12 of 12 START sql table model STAGING_ANALYTICS.fact_sales .................... [RUN]
[2026-01-10T06:35:17.705+0000] {subprocess.py:106} INFO - [0m06:35:17  11 of 12 OK created sql table model STAGING_ANALYTICS.dim_product .............. [[32mSUCCESS 1[0m in 1.41s]
[2026-01-10T06:35:19.543+0000] {subprocess.py:106} INFO - [0m06:35:19  12 of 12 OK created sql table model STAGING_ANALYTICS.fact_sales ............... [[32mSUCCESS 1[0m in 1.90s]
[2026-01-10T06:35:19.548+0000] {subprocess.py:106} INFO - [0m06:35:19
[2026-01-10T06:35:19.548+0000] {subprocess.py:106} INFO - [0m06:35:19  Finished running 6 view models, 6 table models in 0 hours 0 minutes and 7.33 seconds (7.33s).
[2026-01-10T06:35:19.662+0000] {subprocess.py:106} INFO - [0m06:35:19
[2026-01-10T06:35:19.663+0000] {subprocess.py:106} INFO - [0m06:35:19  [32mCompleted successfully[0m
[2026-01-10T06:35:19.663+0000] {subprocess.py:106} INFO - [0m06:35:19
[2026-01-10T06:35:19.664+0000] {subprocess.py:106} INFO - [0m06:35:19  Done. PASS=12 WARN=0 ERROR=0 SKIP=0 TOTAL=12
[2026-01-10T06:35:20.292+0000] {subprocess.py:110} INFO - Command exited with return code 0
[2026-01-10T06:35:20.310+0000] {taskinstance.py:340} INFO - ::group::Post task execution logs
[2026-01-10T06:35:20.310+0000] {taskinstance.py:352} INFO - Marking task as SUCCESS. dag_id=retail_dbt_daily_pipeline, task_id=dbt_run, run_id=manual__2026-01-10T06:35:03.961886+00:00, execution_date=20260110T063503, start_date=20260110T063509, end_date=20260110T063520
[2026-01-10T06:35:20.347+0000] {local_task_job_runner.py:266} INFO - Task exited with return code 0
[2026-01-10T06:35:20.429+0000] {taskinstance.py:3895} INFO - 1 downstream tasks scheduled from follow-on schedule check
[2026-01-10T06:35:20.430+0000] {local_task_job_runner.py:245} INFO - ::endgroup::
