[2026-01-09T02:18:18.208+0000] {local_task_job_runner.py:123} INFO - ::group::Pre task execution logs
[2026-01-09T02:18:18.219+0000] {taskinstance.py:2613} INFO - Dependencies all met for dep_context=non-requeueable deps ti=<TaskInstance: retail_dbt_daily_pipeline.dbt_run manual__2026-01-09T02:18:01+00:00 [queued]>
[2026-01-09T02:18:18.223+0000] {taskinstance.py:2613} INFO - Dependencies all met for dep_context=requeueable deps ti=<TaskInstance: retail_dbt_daily_pipeline.dbt_run manual__2026-01-09T02:18:01+00:00 [queued]>
[2026-01-09T02:18:18.224+0000] {taskinstance.py:2866} INFO - Starting attempt 1 of 2
[2026-01-09T02:18:18.231+0000] {taskinstance.py:2889} INFO - Executing <Task(BashOperator): dbt_run> on 2026-01-09 02:18:01+00:00
[2026-01-09T02:18:18.236+0000] {logging_mixin.py:190} WARNING - /home/***/.local/lib/python3.12/site-packages/***/task/task_runner/standard_task_runner.py:70 DeprecationWarning: This process (pid=266) is multi-threaded, use of fork() may lead to deadlocks in the child.
[2026-01-09T02:18:18.236+0000] {standard_task_runner.py:72} INFO - Started process 267 to run task
[2026-01-09T02:18:18.236+0000] {standard_task_runner.py:104} INFO - Running: ['***', 'tasks', 'run', 'retail_dbt_daily_pipeline', 'dbt_run', 'manual__2026-01-09T02:18:01+00:00', '--job-id', '65', '--raw', '--subdir', 'DAGS_FOLDER/retail_dbt_daily_pipeline.py', '--cfg-path', '/tmp/tmph5sgjj48']
[2026-01-09T02:18:18.237+0000] {standard_task_runner.py:105} INFO - Job 65: Subtask dbt_run
[2026-01-09T02:18:18.265+0000] {task_command.py:467} INFO - Running <TaskInstance: retail_dbt_daily_pipeline.dbt_run manual__2026-01-09T02:18:01+00:00 [running]> on host 5fc490f84247
[2026-01-09T02:18:18.313+0000] {taskinstance.py:3132} INFO - Exporting env vars: AIRFLOW_CTX_DAG_OWNER='analytics' AIRFLOW_CTX_DAG_ID='retail_dbt_daily_pipeline' AIRFLOW_CTX_TASK_ID='dbt_run' AIRFLOW_CTX_EXECUTION_DATE='2026-01-09T02:18:01+00:00' AIRFLOW_CTX_TRY_NUMBER='1' AIRFLOW_CTX_DAG_RUN_ID='manual__2026-01-09T02:18:01+00:00'
[2026-01-09T02:18:18.314+0000] {taskinstance.py:731} INFO - ::endgroup::
[2026-01-09T02:18:18.323+0000] {subprocess.py:78} INFO - Tmp dir root location: /tmp
[2026-01-09T02:18:18.324+0000] {subprocess.py:88} INFO - Running command: ['/usr/bin/bash', '-c', 'cd /opt/***/dbt/retail_dbt && /home/***/.local/bin/dbt run --fail-fast']
[2026-01-09T02:18:18.329+0000] {subprocess.py:99} INFO - Output:
[2026-01-09T02:18:19.917+0000] {subprocess.py:106} INFO - [0m02:18:19  Running with dbt=1.8.2
[2026-01-09T02:18:20.597+0000] {subprocess.py:106} INFO - [0m02:18:20  Registered adapter: snowflake=1.8.2
[2026-01-09T02:18:20.936+0000] {subprocess.py:106} INFO - [0m02:18:20  Found 12 models, 1 snapshot, 16 data tests, 6 sources, 575 macros
[2026-01-09T02:18:20.938+0000] {subprocess.py:106} INFO - [0m02:18:20
[2026-01-09T02:18:22.494+0000] {subprocess.py:106} INFO - [0m02:18:22  Concurrency: 4 threads (target='dev')
[2026-01-09T02:18:22.495+0000] {subprocess.py:106} INFO - [0m02:18:22
[2026-01-09T02:18:22.504+0000] {subprocess.py:106} INFO - [0m02:18:22  1 of 12 START sql table model STAGING_ANALYTICS.dim_date ....................... [RUN]
[2026-01-09T02:18:22.505+0000] {subprocess.py:106} INFO - [0m02:18:22  2 of 12 START sql view model STAGING_STAGING.stg_customers ..................... [RUN]
[2026-01-09T02:18:22.506+0000] {subprocess.py:106} INFO - [0m02:18:22  3 of 12 START sql view model STAGING_STAGING.stg_inventory_snapshots ........... [RUN]
[2026-01-09T02:18:22.507+0000] {subprocess.py:106} INFO - [0m02:18:22  4 of 12 START sql view model STAGING_STAGING.stg_order_items ................... [RUN]
[2026-01-09T02:18:23.502+0000] {subprocess.py:106} INFO - [0m02:18:23  3 of 12 OK created sql view model STAGING_STAGING.stg_inventory_snapshots ...... [[32mSUCCESS 1[0m in 0.99s]
[2026-01-09T02:18:23.503+0000] {subprocess.py:106} INFO - [0m02:18:23  5 of 12 START sql view model STAGING_STAGING.stg_orders ........................ [RUN]
[2026-01-09T02:18:23.509+0000] {subprocess.py:106} INFO - [0m02:18:23  4 of 12 OK created sql view model STAGING_STAGING.stg_order_items .............. [[32mSUCCESS 1[0m in 1.00s]
[2026-01-09T02:18:23.513+0000] {subprocess.py:106} INFO - [0m02:18:23  6 of 12 START sql view model STAGING_STAGING.stg_products ...................... [RUN]
[2026-01-09T02:18:23.520+0000] {subprocess.py:106} INFO - [0m02:18:23  2 of 12 OK created sql view model STAGING_STAGING.stg_customers ................ [[32mSUCCESS 1[0m in 1.01s]
[2026-01-09T02:18:23.525+0000] {subprocess.py:106} INFO - [0m02:18:23  7 of 12 START sql view model STAGING_STAGING.stg_stores ........................ [RUN]
[2026-01-09T02:18:24.033+0000] {subprocess.py:106} INFO - [0m02:18:24  1 of 12 OK created sql table model STAGING_ANALYTICS.dim_date .................. [[32mSUCCESS 1[0m in 1.53s]
[2026-01-09T02:18:24.036+0000] {subprocess.py:106} INFO - [0m02:18:24  8 of 12 START sql table model STAGING_ANALYTICS.fact_inventory_snapshot ........ [RUN]
[2026-01-09T02:18:24.311+0000] {subprocess.py:106} INFO - [0m02:18:24  5 of 12 OK created sql view model STAGING_STAGING.stg_orders ................... [[32mSUCCESS 1[0m in 0.81s]
[2026-01-09T02:18:24.313+0000] {subprocess.py:106} INFO - [0m02:18:24  9 of 12 START sql table model STAGING_ANALYTICS.dim_customer ................... [RUN]
[2026-01-09T02:18:24.357+0000] {subprocess.py:106} INFO - [0m02:18:24  6 of 12 OK created sql view model STAGING_STAGING.stg_products ................. [[32mSUCCESS 1[0m in 0.84s]
[2026-01-09T02:18:24.359+0000] {subprocess.py:106} INFO - [0m02:18:24  10 of 12 START sql table model STAGING_ANALYTICS.dim_product ................... [RUN]
[2026-01-09T02:18:24.395+0000] {subprocess.py:106} INFO - [0m02:18:24  7 of 12 OK created sql view model STAGING_STAGING.stg_stores ................... [[32mSUCCESS 1[0m in 0.87s]
[2026-01-09T02:18:24.396+0000] {subprocess.py:106} INFO - [0m02:18:24  11 of 12 START sql table model STAGING_ANALYTICS.dim_store ..................... [RUN]
[2026-01-09T02:18:25.833+0000] {subprocess.py:106} INFO - [0m02:18:25  9 of 12 OK created sql table model STAGING_ANALYTICS.dim_customer .............. [[32mSUCCESS 1[0m in 1.52s]
[2026-01-09T02:18:25.836+0000] {subprocess.py:106} INFO - [0m02:18:25  12 of 12 START sql table model STAGING_ANALYTICS.fact_sales .................... [RUN]
[2026-01-09T02:18:25.905+0000] {subprocess.py:106} INFO - [0m02:18:25  8 of 12 OK created sql table model STAGING_ANALYTICS.fact_inventory_snapshot ... [[32mSUCCESS 1[0m in 1.87s]
[2026-01-09T02:18:26.202+0000] {subprocess.py:106} INFO - [0m02:18:26  10 of 12 OK created sql table model STAGING_ANALYTICS.dim_product .............. [[32mSUCCESS 1[0m in 1.84s]
[2026-01-09T02:18:26.274+0000] {subprocess.py:106} INFO - [0m02:18:26  11 of 12 OK created sql table model STAGING_ANALYTICS.dim_store ................ [[32mSUCCESS 1[0m in 1.88s]
[2026-01-09T02:18:28.518+0000] {subprocess.py:106} INFO - [0m02:18:28  12 of 12 OK created sql table model STAGING_ANALYTICS.fact_sales ............... [[32mSUCCESS 1[0m in 2.68s]
[2026-01-09T02:18:28.525+0000] {subprocess.py:106} INFO - [0m02:18:28
[2026-01-09T02:18:28.526+0000] {subprocess.py:106} INFO - [0m02:18:28  Finished running 6 view models, 6 table models in 0 hours 0 minutes and 7.59 seconds (7.59s).
[2026-01-09T02:18:28.639+0000] {subprocess.py:106} INFO - [0m02:18:28
[2026-01-09T02:18:28.640+0000] {subprocess.py:106} INFO - [0m02:18:28  [32mCompleted successfully[0m
[2026-01-09T02:18:28.640+0000] {subprocess.py:106} INFO - [0m02:18:28
[2026-01-09T02:18:28.640+0000] {subprocess.py:106} INFO - [0m02:18:28  Done. PASS=12 WARN=0 ERROR=0 SKIP=0 TOTAL=12
[2026-01-09T02:18:29.267+0000] {subprocess.py:110} INFO - Command exited with return code 0
[2026-01-09T02:18:29.283+0000] {taskinstance.py:340} INFO - ::group::Post task execution logs
[2026-01-09T02:18:29.283+0000] {taskinstance.py:352} INFO - Marking task as SUCCESS. dag_id=retail_dbt_daily_pipeline, task_id=dbt_run, run_id=manual__2026-01-09T02:18:01+00:00, execution_date=20260109T021801, start_date=20260109T021818, end_date=20260109T021829
[2026-01-09T02:18:29.335+0000] {local_task_job_runner.py:266} INFO - Task exited with return code 0
[2026-01-09T02:18:29.350+0000] {taskinstance.py:3895} INFO - 1 downstream tasks scheduled from follow-on schedule check
[2026-01-09T02:18:29.351+0000] {local_task_job_runner.py:245} INFO - ::endgroup::
