[2026-01-10T06:04:55.682+0000] {local_task_job_runner.py:123} INFO - ::group::Pre task execution logs
[2026-01-10T06:04:55.693+0000] {taskinstance.py:2613} INFO - Dependencies all met for dep_context=non-requeueable deps ti=<TaskInstance: retail_dbt_daily_pipeline.dbt_run_modified scheduled__2026-01-09T00:00:00+00:00 [queued]>
[2026-01-10T06:04:55.701+0000] {taskinstance.py:2613} INFO - Dependencies all met for dep_context=requeueable deps ti=<TaskInstance: retail_dbt_daily_pipeline.dbt_run_modified scheduled__2026-01-09T00:00:00+00:00 [queued]>
[2026-01-10T06:04:55.702+0000] {taskinstance.py:2866} INFO - Starting attempt 1 of 2
[2026-01-10T06:04:55.710+0000] {taskinstance.py:2889} INFO - Executing <Task(BashOperator): dbt_run_modified> on 2026-01-09 00:00:00+00:00
[2026-01-10T06:04:55.714+0000] {logging_mixin.py:190} WARNING - /home/***/.local/lib/python3.12/site-packages/***/task/task_runner/standard_task_runner.py:70 DeprecationWarning: This process (pid=5183) is multi-threaded, use of fork() may lead to deadlocks in the child.
[2026-01-10T06:04:55.715+0000] {standard_task_runner.py:72} INFO - Started process 5184 to run task
[2026-01-10T06:04:55.715+0000] {standard_task_runner.py:104} INFO - Running: ['***', 'tasks', 'run', 'retail_dbt_daily_pipeline', 'dbt_run_modified', 'scheduled__2026-01-09T00:00:00+00:00', '--job-id', '123', '--raw', '--subdir', 'DAGS_FOLDER/retail_dbt_daily_pipeline.py', '--cfg-path', '/tmp/tmpynca6mmu']
[2026-01-10T06:04:55.716+0000] {standard_task_runner.py:105} INFO - Job 123: Subtask dbt_run_modified
[2026-01-10T06:04:55.749+0000] {task_command.py:467} INFO - Running <TaskInstance: retail_dbt_daily_pipeline.dbt_run_modified scheduled__2026-01-09T00:00:00+00:00 [running]> on host a1f5ea7d51b7
[2026-01-10T06:04:55.807+0000] {taskinstance.py:3132} INFO - Exporting env vars: AIRFLOW_CTX_DAG_OWNER='data-engineering' AIRFLOW_CTX_DAG_ID='retail_dbt_daily_pipeline' AIRFLOW_CTX_TASK_ID='dbt_run_modified' AIRFLOW_CTX_EXECUTION_DATE='2026-01-09T00:00:00+00:00' AIRFLOW_CTX_TRY_NUMBER='1' AIRFLOW_CTX_DAG_RUN_ID='scheduled__2026-01-09T00:00:00+00:00'
[2026-01-10T06:04:55.808+0000] {taskinstance.py:731} INFO - ::endgroup::
[2026-01-10T06:04:55.818+0000] {subprocess.py:78} INFO - Tmp dir root location: /tmp
[2026-01-10T06:04:55.819+0000] {subprocess.py:88} INFO - Running command: ['/usr/bin/bash', '-c', "cd /opt/***/dbt/retail_dbt && test -f state/manifest.json && /home/***/.local/bin/dbt run --select state:modified+ --state state --target test_wh || echo 'No prior state manifest found; skipping dbt_run_modified.'"]
[2026-01-10T06:04:55.824+0000] {subprocess.py:99} INFO - Output:
[2026-01-10T06:04:57.537+0000] {subprocess.py:106} INFO - [0m06:04:57  Running with dbt=1.8.2
[2026-01-10T06:04:58.268+0000] {subprocess.py:106} INFO - [0m06:04:58  Registered adapter: snowflake=1.8.2
[2026-01-10T06:04:58.699+0000] {subprocess.py:106} INFO - [0m06:04:58  Found 12 models, 1 snapshot, 16 data tests, 6 sources, 575 macros
[2026-01-10T06:04:58.701+0000] {subprocess.py:106} INFO - [0m06:04:58  The selection criterion 'state:modified+' does not match any enabled nodes
[2026-01-10T06:04:58.702+0000] {subprocess.py:106} INFO - [0m06:04:58
[2026-01-10T06:04:58.703+0000] {subprocess.py:106} INFO - [0m06:04:58  Nothing to do. Try checking your model configs and model specification args
[2026-01-10T06:04:59.340+0000] {subprocess.py:110} INFO - Command exited with return code 0
[2026-01-10T06:04:59.358+0000] {taskinstance.py:340} INFO - ::group::Post task execution logs
[2026-01-10T06:04:59.358+0000] {taskinstance.py:352} INFO - Marking task as SUCCESS. dag_id=retail_dbt_daily_pipeline, task_id=dbt_run_modified, run_id=scheduled__2026-01-09T00:00:00+00:00, execution_date=20260109T000000, start_date=20260110T060455, end_date=20260110T060459
[2026-01-10T06:04:59.398+0000] {local_task_job_runner.py:266} INFO - Task exited with return code 0
[2026-01-10T06:04:59.412+0000] {taskinstance.py:3895} INFO - 1 downstream tasks scheduled from follow-on schedule check
[2026-01-10T06:04:59.413+0000] {local_task_job_runner.py:245} INFO - ::endgroup::
