[2026-01-08T21:17:27.631+0000] {local_task_job_runner.py:123} INFO - ::group::Pre task execution logs
[2026-01-08T21:17:27.644+0000] {taskinstance.py:2613} INFO - Dependencies all met for dep_context=non-requeueable deps ti=<TaskInstance: retail_dbt_daily_pipeline.dbt_deps manual__2026-01-08T21:17:26.709108+00:00 [queued]>
[2026-01-08T21:17:27.649+0000] {taskinstance.py:2613} INFO - Dependencies all met for dep_context=requeueable deps ti=<TaskInstance: retail_dbt_daily_pipeline.dbt_deps manual__2026-01-08T21:17:26.709108+00:00 [queued]>
[2026-01-08T21:17:27.649+0000] {taskinstance.py:2866} INFO - Starting attempt 1 of 2
[2026-01-08T21:17:27.657+0000] {taskinstance.py:2889} INFO - Executing <Task(BashOperator): dbt_deps> on 2026-01-08 21:17:26.709108+00:00
[2026-01-08T21:17:27.662+0000] {logging_mixin.py:190} WARNING - /home/***/.local/lib/python3.12/site-packages/***/task/task_runner/standard_task_runner.py:70 DeprecationWarning: This process (pid=379) is multi-threaded, use of fork() may lead to deadlocks in the child.
[2026-01-08T21:17:27.663+0000] {standard_task_runner.py:72} INFO - Started process 380 to run task
[2026-01-08T21:17:27.662+0000] {standard_task_runner.py:104} INFO - Running: ['***', 'tasks', 'run', 'retail_dbt_daily_pipeline', 'dbt_deps', 'manual__2026-01-08T21:17:26.709108+00:00', '--job-id', '34', '--raw', '--subdir', 'DAGS_FOLDER/retail_dw_daily.py', '--cfg-path', '/tmp/tmphvfii257']
[2026-01-08T21:17:27.664+0000] {standard_task_runner.py:105} INFO - Job 34: Subtask dbt_deps
[2026-01-08T21:17:27.699+0000] {task_command.py:467} INFO - Running <TaskInstance: retail_dbt_daily_pipeline.dbt_deps manual__2026-01-08T21:17:26.709108+00:00 [running]> on host 5fc490f84247
[2026-01-08T21:17:27.756+0000] {taskinstance.py:3132} INFO - Exporting env vars: AIRFLOW_CTX_DAG_OWNER='data-engineering' AIRFLOW_CTX_DAG_ID='retail_dbt_daily_pipeline' AIRFLOW_CTX_TASK_ID='dbt_deps' AIRFLOW_CTX_EXECUTION_DATE='2026-01-08T21:17:26.709108+00:00' AIRFLOW_CTX_TRY_NUMBER='1' AIRFLOW_CTX_DAG_RUN_ID='manual__2026-01-08T21:17:26.709108+00:00'
[2026-01-08T21:17:27.757+0000] {taskinstance.py:731} INFO - ::endgroup::
[2026-01-08T21:17:27.768+0000] {subprocess.py:78} INFO - Tmp dir root location: /tmp
[2026-01-08T21:17:27.768+0000] {subprocess.py:88} INFO - Running command: ['/usr/bin/bash', '-c', 'cd /opt/***/dbt/retail_dbt && dbt deps']
[2026-01-08T21:17:27.773+0000] {subprocess.py:99} INFO - Output:
[2026-01-08T21:17:29.364+0000] {subprocess.py:106} INFO - [0m21:17:29  Running with dbt=1.8.2
[2026-01-08T21:17:29.652+0000] {subprocess.py:106} INFO - [0m21:17:29  Installing dbt-labs/dbt_utils
[2026-01-08T21:17:30.257+0000] {subprocess.py:106} INFO - [0m21:17:30  Installed from version 1.3.0
[2026-01-08T21:17:30.257+0000] {subprocess.py:106} INFO - [0m21:17:30  Updated version available: 1.3.3
[2026-01-08T21:17:30.258+0000] {subprocess.py:106} INFO - [0m21:17:30
[2026-01-08T21:17:30.259+0000] {subprocess.py:106} INFO - [0m21:17:30  Updates available for packages: ['dbt-labs/dbt_utils']
[2026-01-08T21:17:30.259+0000] {subprocess.py:106} INFO - Update your versions in packages.yml, then run dbt deps
[2026-01-08T21:17:30.757+0000] {subprocess.py:110} INFO - Command exited with return code 0
[2026-01-08T21:17:30.776+0000] {taskinstance.py:340} INFO - ::group::Post task execution logs
[2026-01-08T21:17:30.776+0000] {taskinstance.py:352} INFO - Marking task as SUCCESS. dag_id=retail_dbt_daily_pipeline, task_id=dbt_deps, run_id=manual__2026-01-08T21:17:26.709108+00:00, execution_date=20260108T211726, start_date=20260108T211727, end_date=20260108T211730
[2026-01-08T21:17:30.790+0000] {local_task_job_runner.py:266} INFO - Task exited with return code 0
[2026-01-08T21:17:30.802+0000] {dagrun.py:977} ERROR - Failed to get task for ti <TaskInstance: retail_dbt_daily_pipeline.save_dbt_state manual__2026-01-08T21:17:26.709108+00:00 [None]>. Marking it as removed.
[2026-01-08T21:17:30.809+0000] {taskinstance.py:3895} INFO - 1 downstream tasks scheduled from follow-on schedule check
[2026-01-08T21:17:30.810+0000] {local_task_job_runner.py:245} INFO - ::endgroup::
