[2026-01-08T21:17:42.688+0000] {local_task_job_runner.py:123} INFO - ::group::Pre task execution logs
[2026-01-08T21:17:42.698+0000] {taskinstance.py:2613} INFO - Dependencies all met for dep_context=non-requeueable deps ti=<TaskInstance: retail_dbt_daily_pipeline.dbt_run manual__2026-01-08T21:17:26.709108+00:00 [queued]>
[2026-01-08T21:17:42.703+0000] {taskinstance.py:2613} INFO - Dependencies all met for dep_context=requeueable deps ti=<TaskInstance: retail_dbt_daily_pipeline.dbt_run manual__2026-01-08T21:17:26.709108+00:00 [queued]>
[2026-01-08T21:17:42.703+0000] {taskinstance.py:2866} INFO - Starting attempt 1 of 2
[2026-01-08T21:17:42.710+0000] {taskinstance.py:2889} INFO - Executing <Task(BashOperator): dbt_run> on 2026-01-08 21:17:26.709108+00:00
[2026-01-08T21:17:42.714+0000] {logging_mixin.py:190} WARNING - /home/***/.local/lib/python3.12/site-packages/***/task/task_runner/standard_task_runner.py:70 DeprecationWarning: This process (pid=408) is multi-threaded, use of fork() may lead to deadlocks in the child.
[2026-01-08T21:17:42.714+0000] {standard_task_runner.py:72} INFO - Started process 409 to run task
[2026-01-08T21:17:42.714+0000] {standard_task_runner.py:104} INFO - Running: ['***', 'tasks', 'run', 'retail_dbt_daily_pipeline', 'dbt_run', 'manual__2026-01-08T21:17:26.709108+00:00', '--job-id', '36', '--raw', '--subdir', 'DAGS_FOLDER/retail_dw_daily.py', '--cfg-path', '/tmp/tmpt__rynyc']
[2026-01-08T21:17:42.715+0000] {standard_task_runner.py:105} INFO - Job 36: Subtask dbt_run
[2026-01-08T21:17:42.742+0000] {task_command.py:467} INFO - Running <TaskInstance: retail_dbt_daily_pipeline.dbt_run manual__2026-01-08T21:17:26.709108+00:00 [running]> on host 5fc490f84247
[2026-01-08T21:17:42.798+0000] {taskinstance.py:3132} INFO - Exporting env vars: AIRFLOW_CTX_DAG_OWNER='data-engineering' AIRFLOW_CTX_DAG_ID='retail_dbt_daily_pipeline' AIRFLOW_CTX_TASK_ID='dbt_run' AIRFLOW_CTX_EXECUTION_DATE='2026-01-08T21:17:26.709108+00:00' AIRFLOW_CTX_TRY_NUMBER='1' AIRFLOW_CTX_DAG_RUN_ID='manual__2026-01-08T21:17:26.709108+00:00'
[2026-01-08T21:17:42.798+0000] {taskinstance.py:731} INFO - ::endgroup::
[2026-01-08T21:17:42.808+0000] {subprocess.py:78} INFO - Tmp dir root location: /tmp
[2026-01-08T21:17:42.809+0000] {subprocess.py:88} INFO - Running command: ['/usr/bin/bash', '-c', 'cd /opt/***/dbt/retail_dbt && dbt run']
[2026-01-08T21:17:42.814+0000] {subprocess.py:99} INFO - Output:
[2026-01-08T21:17:44.447+0000] {subprocess.py:106} INFO - [0m21:17:44  Running with dbt=1.8.2
[2026-01-08T21:17:45.140+0000] {subprocess.py:106} INFO - [0m21:17:45  Registered adapter: snowflake=1.8.2
[2026-01-08T21:17:45.501+0000] {subprocess.py:106} INFO - [0m21:17:45  Found 12 models, 1 snapshot, 16 data tests, 6 sources, 575 macros
[2026-01-08T21:17:45.504+0000] {subprocess.py:106} INFO - [0m21:17:45
[2026-01-08T21:17:47.292+0000] {subprocess.py:106} INFO - [0m21:17:47  Concurrency: 4 threads (target='dev')
[2026-01-08T21:17:47.294+0000] {subprocess.py:106} INFO - [0m21:17:47
[2026-01-08T21:17:47.307+0000] {subprocess.py:106} INFO - [0m21:17:47  1 of 12 START sql table model STAGING_ANALYTICS.dim_date ....................... [RUN]
[2026-01-08T21:17:47.308+0000] {subprocess.py:106} INFO - [0m21:17:47  2 of 12 START sql view model STAGING_STAGING.stg_customers ..................... [RUN]
[2026-01-08T21:17:47.309+0000] {subprocess.py:106} INFO - [0m21:17:47  3 of 12 START sql view model STAGING_STAGING.stg_inventory_snapshots ........... [RUN]
[2026-01-08T21:17:47.310+0000] {subprocess.py:106} INFO - [0m21:17:47  4 of 12 START sql view model STAGING_STAGING.stg_order_items ................... [RUN]
[2026-01-08T21:17:48.470+0000] {subprocess.py:106} INFO - [0m21:17:48  2 of 12 OK created sql view model STAGING_STAGING.stg_customers ................ [[32mSUCCESS 1[0m in 1.15s]
[2026-01-08T21:17:48.477+0000] {subprocess.py:106} INFO - [0m21:17:48  5 of 12 START sql view model STAGING_STAGING.stg_orders ........................ [RUN]
[2026-01-08T21:17:48.478+0000] {subprocess.py:106} INFO - [0m21:17:48  3 of 12 OK created sql view model STAGING_STAGING.stg_inventory_snapshots ...... [[32mSUCCESS 1[0m in 1.16s]
[2026-01-08T21:17:48.479+0000] {subprocess.py:106} INFO - [0m21:17:48  4 of 12 OK created sql view model STAGING_STAGING.stg_order_items .............. [[32mSUCCESS 1[0m in 1.16s]
[2026-01-08T21:17:48.488+0000] {subprocess.py:106} INFO - [0m21:17:48  6 of 12 START sql view model STAGING_STAGING.stg_products ...................... [RUN]
[2026-01-08T21:17:48.488+0000] {subprocess.py:106} INFO - [0m21:17:48  7 of 12 START sql view model STAGING_STAGING.stg_stores ........................ [RUN]
[2026-01-08T21:17:48.983+0000] {subprocess.py:106} INFO - [0m21:17:48  1 of 12 OK created sql table model STAGING_ANALYTICS.dim_date .................. [[32mSUCCESS 1[0m in 1.67s]
[2026-01-08T21:17:48.987+0000] {subprocess.py:106} INFO - [0m21:17:48  8 of 12 START sql table model STAGING_ANALYTICS.dim_customer ................... [RUN]
[2026-01-08T21:17:49.496+0000] {subprocess.py:106} INFO - [0m21:17:49  6 of 12 OK created sql view model STAGING_STAGING.stg_products ................. [[32mSUCCESS 1[0m in 1.00s]
[2026-01-08T21:17:49.500+0000] {subprocess.py:106} INFO - [0m21:17:49  9 of 12 START sql table model STAGING_ANALYTICS.fact_inventory_snapshot ........ [RUN]
[2026-01-08T21:17:49.504+0000] {subprocess.py:106} INFO - [0m21:17:49  5 of 12 OK created sql view model STAGING_STAGING.stg_orders ................... [[32mSUCCESS 1[0m in 1.02s]
[2026-01-08T21:17:49.513+0000] {subprocess.py:106} INFO - [0m21:17:49  10 of 12 START sql table model STAGING_ANALYTICS.dim_product ................... [RUN]
[2026-01-08T21:17:49.543+0000] {subprocess.py:106} INFO - [0m21:17:49  7 of 12 OK created sql view model STAGING_STAGING.stg_stores ................... [[32mSUCCESS 1[0m in 1.05s]
[2026-01-08T21:17:49.545+0000] {subprocess.py:106} INFO - [0m21:17:49  11 of 12 START sql table model STAGING_ANALYTICS.dim_store ..................... [RUN]
[2026-01-08T21:17:50.842+0000] {subprocess.py:106} INFO - [0m21:17:50  8 of 12 OK created sql table model STAGING_ANALYTICS.dim_customer .............. [[32mSUCCESS 1[0m in 1.85s]
[2026-01-08T21:17:50.845+0000] {subprocess.py:106} INFO - [0m21:17:50  12 of 12 START sql table model STAGING_ANALYTICS.fact_sales .................... [RUN]
[2026-01-08T21:17:51.327+0000] {subprocess.py:106} INFO - [0m21:17:51  9 of 12 OK created sql table model STAGING_ANALYTICS.fact_inventory_snapshot ... [[32mSUCCESS 1[0m in 1.82s]
[2026-01-08T21:17:51.435+0000] {subprocess.py:106} INFO - [0m21:17:51  11 of 12 OK created sql table model STAGING_ANALYTICS.dim_store ................ [[32mSUCCESS 1[0m in 1.89s]
[2026-01-08T21:17:51.528+0000] {subprocess.py:106} INFO - [0m21:17:51  10 of 12 OK created sql table model STAGING_ANALYTICS.dim_product .............. [[32mSUCCESS 1[0m in 2.01s]
[2026-01-08T21:17:53.152+0000] {subprocess.py:106} INFO - [0m21:17:53  12 of 12 OK created sql table model STAGING_ANALYTICS.fact_sales ............... [[32mSUCCESS 1[0m in 2.30s]
[2026-01-08T21:17:53.160+0000] {subprocess.py:106} INFO - [0m21:17:53
[2026-01-08T21:17:53.161+0000] {subprocess.py:106} INFO - [0m21:17:53  Finished running 6 view models, 6 table models in 0 hours 0 minutes and 7.66 seconds (7.66s).
[2026-01-08T21:17:53.274+0000] {subprocess.py:106} INFO - [0m21:17:53
[2026-01-08T21:17:53.275+0000] {subprocess.py:106} INFO - [0m21:17:53  [32mCompleted successfully[0m
[2026-01-08T21:17:53.275+0000] {subprocess.py:106} INFO - [0m21:17:53
[2026-01-08T21:17:53.276+0000] {subprocess.py:106} INFO - [0m21:17:53  Done. PASS=12 WARN=0 ERROR=0 SKIP=0 TOTAL=12
[2026-01-08T21:17:53.892+0000] {subprocess.py:110} INFO - Command exited with return code 0
[2026-01-08T21:17:53.911+0000] {taskinstance.py:340} INFO - ::group::Post task execution logs
[2026-01-08T21:17:53.912+0000] {taskinstance.py:352} INFO - Marking task as SUCCESS. dag_id=retail_dbt_daily_pipeline, task_id=dbt_run, run_id=manual__2026-01-08T21:17:26.709108+00:00, execution_date=20260108T211726, start_date=20260108T211742, end_date=20260108T211753
[2026-01-08T21:17:53.945+0000] {local_task_job_runner.py:266} INFO - Task exited with return code 0
[2026-01-08T21:17:53.958+0000] {taskinstance.py:3895} INFO - 1 downstream tasks scheduled from follow-on schedule check
[2026-01-08T21:17:53.958+0000] {local_task_job_runner.py:245} INFO - ::endgroup::
