[2026-01-10T08:14:34.255+0000] {local_task_job_runner.py:123} INFO - ::group::Pre task execution logs
[2026-01-10T08:14:34.265+0000] {taskinstance.py:2613} INFO - Dependencies all met for dep_context=non-requeueable deps ti=<TaskInstance: retail_dbt_daily_pipeline.dbt_build manual__2026-01-10T08:14:30.036840+00:00 [queued]>
[2026-01-10T08:14:34.270+0000] {taskinstance.py:2613} INFO - Dependencies all met for dep_context=requeueable deps ti=<TaskInstance: retail_dbt_daily_pipeline.dbt_build manual__2026-01-10T08:14:30.036840+00:00 [queued]>
[2026-01-10T08:14:34.270+0000] {taskinstance.py:2866} INFO - Starting attempt 1 of 3
[2026-01-10T08:14:34.278+0000] {taskinstance.py:2889} INFO - Executing <Task(BashOperator): dbt_build> on 2026-01-10 08:14:30.036840+00:00
[2026-01-10T08:14:34.283+0000] {logging_mixin.py:190} WARNING - /home/***/.local/lib/python3.12/site-packages/***/task/task_runner/standard_task_runner.py:70 DeprecationWarning: This process (pid=1066) is multi-threaded, use of fork() may lead to deadlocks in the child.
[2026-01-10T08:14:34.283+0000] {standard_task_runner.py:72} INFO - Started process 1067 to run task
[2026-01-10T08:14:34.283+0000] {standard_task_runner.py:104} INFO - Running: ['***', 'tasks', 'run', 'retail_dbt_daily_pipeline', 'dbt_build', 'manual__2026-01-10T08:14:30.036840+00:00', '--job-id', '154', '--raw', '--subdir', 'DAGS_FOLDER/retail_dbt_daily_pipeline.py', '--cfg-path', '/tmp/tmp6pl22qbn']
[2026-01-10T08:14:34.285+0000] {standard_task_runner.py:105} INFO - Job 154: Subtask dbt_build
[2026-01-10T08:14:34.313+0000] {task_command.py:467} INFO - Running <TaskInstance: retail_dbt_daily_pipeline.dbt_build manual__2026-01-10T08:14:30.036840+00:00 [running]> on host 88a183b93207
[2026-01-10T08:14:34.361+0000] {taskinstance.py:3132} INFO - Exporting env vars: AIRFLOW_CTX_DAG_EMAIL='test@local' AIRFLOW_CTX_DAG_OWNER='***' AIRFLOW_CTX_DAG_ID='retail_dbt_daily_pipeline' AIRFLOW_CTX_TASK_ID='dbt_build' AIRFLOW_CTX_EXECUTION_DATE='2026-01-10T08:14:30.036840+00:00' AIRFLOW_CTX_TRY_NUMBER='1' AIRFLOW_CTX_DAG_RUN_ID='manual__2026-01-10T08:14:30.036840+00:00'
[2026-01-10T08:14:34.361+0000] {taskinstance.py:731} INFO - ::endgroup::
[2026-01-10T08:14:34.373+0000] {subprocess.py:78} INFO - Tmp dir root location: /tmp
[2026-01-10T08:14:34.373+0000] {subprocess.py:88} INFO - Running command: ['/usr/bin/bash', '-c', 'bash -lc "cd /opt/***/dbt/retail_dbt && /home/***/.local/bin/dbt build"']
[2026-01-10T08:14:34.378+0000] {subprocess.py:99} INFO - Output:
[2026-01-10T08:14:35.996+0000] {subprocess.py:106} INFO - [0m08:14:35  Running with dbt=1.8.2
[2026-01-10T08:14:36.705+0000] {subprocess.py:106} INFO - [0m08:14:36  Registered adapter: snowflake=1.8.2
[2026-01-10T08:14:37.067+0000] {subprocess.py:106} INFO - [0m08:14:37  Found 12 models, 1 snapshot, 16 data tests, 6 sources, 575 macros
[2026-01-10T08:14:37.070+0000] {subprocess.py:106} INFO - [0m08:14:37
[2026-01-10T08:14:38.819+0000] {subprocess.py:106} INFO - [0m08:14:38  Concurrency: 4 threads (target='dev')
[2026-01-10T08:14:38.820+0000] {subprocess.py:106} INFO - [0m08:14:38
[2026-01-10T08:14:38.829+0000] {subprocess.py:106} INFO - [0m08:14:38  1 of 29 START sql table model STAGING_ANALYTICS.dim_date ....................... [RUN]
[2026-01-10T08:14:38.830+0000] {subprocess.py:106} INFO - [0m08:14:38  2 of 29 START sql view model STAGING_STAGING.stg_customers ..................... [RUN]
[2026-01-10T08:14:38.831+0000] {subprocess.py:106} INFO - [0m08:14:38  3 of 29 START sql view model STAGING_STAGING.stg_inventory_snapshots ........... [RUN]
[2026-01-10T08:14:38.832+0000] {subprocess.py:106} INFO - [0m08:14:38  4 of 29 START sql view model STAGING_STAGING.stg_order_items ................... [RUN]
[2026-01-10T08:14:39.821+0000] {subprocess.py:106} INFO - [0m08:14:39  4 of 29 OK created sql view model STAGING_STAGING.stg_order_items .............. [[32mSUCCESS 1[0m in 0.98s]
[2026-01-10T08:14:39.823+0000] {subprocess.py:106} INFO - [0m08:14:39  3 of 29 OK created sql view model STAGING_STAGING.stg_inventory_snapshots ...... [[32mSUCCESS 1[0m in 0.98s]
[2026-01-10T08:14:39.825+0000] {subprocess.py:106} INFO - [0m08:14:39  2 of 29 OK created sql view model STAGING_STAGING.stg_customers ................ [[32mSUCCESS 1[0m in 0.99s]
[2026-01-10T08:14:39.829+0000] {subprocess.py:106} INFO - [0m08:14:39  5 of 29 START sql view model STAGING_STAGING.stg_orders ........................ [RUN]
[2026-01-10T08:14:39.831+0000] {subprocess.py:106} INFO - [0m08:14:39  6 of 29 START sql view model STAGING_STAGING.stg_products ...................... [RUN]
[2026-01-10T08:14:39.832+0000] {subprocess.py:106} INFO - [0m08:14:39  7 of 29 START sql view model STAGING_STAGING.stg_stores ........................ [RUN]
[2026-01-10T08:14:40.508+0000] {subprocess.py:106} INFO - [0m08:14:40  1 of 29 OK created sql table model STAGING_ANALYTICS.dim_date .................. [[32mSUCCESS 1[0m in 1.68s]
[2026-01-10T08:14:40.510+0000] {subprocess.py:106} INFO - [0m08:14:40  8 of 29 START sql table model STAGING_ANALYTICS.fact_inventory_snapshot ........ [RUN]
[2026-01-10T08:14:40.688+0000] {subprocess.py:106} INFO - [0m08:14:40  6 of 29 OK created sql view model STAGING_STAGING.stg_products ................. [[32mSUCCESS 1[0m in 0.85s]
[2026-01-10T08:14:40.689+0000] {subprocess.py:106} INFO - [0m08:14:40  7 of 29 OK created sql view model STAGING_STAGING.stg_stores ................... [[32mSUCCESS 1[0m in 0.85s]
[2026-01-10T08:14:40.692+0000] {subprocess.py:106} INFO - [0m08:14:40  9 of 29 START snapshot ANALYTICS.snap_customers ................................ [RUN]
[2026-01-10T08:14:40.693+0000] {subprocess.py:106} INFO - [0m08:14:40  10 of 29 START sql table model STAGING_ANALYTICS.dim_product ................... [RUN]
[2026-01-10T08:14:40.741+0000] {subprocess.py:106} INFO - [0m08:14:40  5 of 29 OK created sql view model STAGING_STAGING.stg_orders ................... [[32mSUCCESS 1[0m in 0.91s]
[2026-01-10T08:14:40.752+0000] {subprocess.py:106} INFO - [0m08:14:40  11 of 29 START sql table model STAGING_ANALYTICS.dim_store ..................... [RUN]
[2026-01-10T08:14:41.922+0000] {subprocess.py:106} INFO - [0m08:14:41  8 of 29 OK created sql table model STAGING_ANALYTICS.fact_inventory_snapshot ... [[32mSUCCESS 1[0m in 1.41s]
[2026-01-10T08:14:41.926+0000] {subprocess.py:106} INFO - [0m08:14:41  12 of 29 START test not_null_fact_inventory_snapshot_date_key .................. [RUN]
[2026-01-10T08:14:42.154+0000] {subprocess.py:106} INFO - [0m08:14:42  10 of 29 OK created sql table model STAGING_ANALYTICS.dim_product .............. [[32mSUCCESS 1[0m in 1.46s]
[2026-01-10T08:14:42.157+0000] {subprocess.py:106} INFO - [0m08:14:42  13 of 29 START test not_null_fact_inventory_snapshot_product_key ............... [RUN]
[2026-01-10T08:14:42.176+0000] {subprocess.py:106} INFO - [0m08:14:42  11 of 29 OK created sql table model STAGING_ANALYTICS.dim_store ................ [[32mSUCCESS 1[0m in 1.42s]
[2026-01-10T08:14:42.177+0000] {subprocess.py:106} INFO - [0m08:14:42  14 of 29 START test not_null_fact_inventory_snapshot_store_key ................. [RUN]
[2026-01-10T08:14:42.785+0000] {subprocess.py:106} INFO - [0m08:14:42  12 of 29 PASS not_null_fact_inventory_snapshot_date_key ........................ [[32mPASS[0m in 0.86s]
[2026-01-10T08:14:42.788+0000] {subprocess.py:106} INFO - [0m08:14:42  15 of 29 START test relationships_fact_inventory_snapshot_date_key__date_key__ref_dim_date_  [RUN]
[2026-01-10T08:14:42.871+0000] {subprocess.py:106} INFO - [0m08:14:42  13 of 29 PASS not_null_fact_inventory_snapshot_product_key ..................... [[32mPASS[0m in 0.71s]
[2026-01-10T08:14:42.874+0000] {subprocess.py:106} INFO - [0m08:14:42  16 of 29 START test relationships_fact_inventory_snapshot_product_key__product_key__ref_dim_product_  [RUN]
[2026-01-10T08:14:42.883+0000] {subprocess.py:106} INFO - [0m08:14:42  14 of 29 PASS not_null_fact_inventory_snapshot_store_key ....................... [[32mPASS[0m in 0.70s]
[2026-01-10T08:14:42.887+0000] {subprocess.py:106} INFO - [0m08:14:42  17 of 29 START test relationships_fact_inventory_snapshot_store_key__store_key__ref_dim_store_  [RUN]
[2026-01-10T08:14:43.672+0000] {subprocess.py:106} INFO - [0m08:14:43  15 of 29 PASS relationships_fact_inventory_snapshot_date_key__date_key__ref_dim_date_  [[32mPASS[0m in 0.88s]
[2026-01-10T08:14:43.766+0000] {subprocess.py:106} INFO - [0m08:14:43  16 of 29 PASS relationships_fact_inventory_snapshot_product_key__product_key__ref_dim_product_  [[32mPASS[0m in 0.89s]
[2026-01-10T08:14:43.767+0000] {subprocess.py:106} INFO - [0m08:14:43  17 of 29 PASS relationships_fact_inventory_snapshot_store_key__store_key__ref_dim_store_  [[32mPASS[0m in 0.88s]
[2026-01-10T08:14:44.366+0000] {subprocess.py:106} INFO - [0m08:14:44  9 of 29 OK snapshotted ANALYTICS.snap_customers ................................ [[32mSUCCESS 0[0m in 3.67s]
[2026-01-10T08:14:44.370+0000] {subprocess.py:106} INFO - [0m08:14:44  18 of 29 START sql table model STAGING_ANALYTICS.dim_customer .................. [RUN]
[2026-01-10T08:14:45.900+0000] {subprocess.py:106} INFO - [0m08:14:45  18 of 29 OK created sql table model STAGING_ANALYTICS.dim_customer ............. [[32mSUCCESS 1[0m in 1.53s]
[2026-01-10T08:14:45.905+0000] {subprocess.py:106} INFO - [0m08:14:45  19 of 29 START sql table model STAGING_ANALYTICS.fact_sales .................... [RUN]
[2026-01-10T08:14:47.733+0000] {subprocess.py:106} INFO - [0m08:14:47  19 of 29 OK created sql table model STAGING_ANALYTICS.fact_sales ............... [[32mSUCCESS 1[0m in 1.83s]
[2026-01-10T08:14:47.738+0000] {subprocess.py:106} INFO - [0m08:14:47  20 of 29 START test not_null_fact_sales_customer_key ........................... [RUN]
[2026-01-10T08:14:47.739+0000] {subprocess.py:106} INFO - [0m08:14:47  21 of 29 START test not_null_fact_sales_date_key ............................... [RUN]
[2026-01-10T08:14:47.740+0000] {subprocess.py:106} INFO - [0m08:14:47  22 of 29 START test not_null_fact_sales_product_key ............................ [RUN]
[2026-01-10T08:14:47.741+0000] {subprocess.py:106} INFO - [0m08:14:47  23 of 29 START test not_null_fact_sales_sales_line_key ......................... [RUN]
[2026-01-10T08:14:48.581+0000] {subprocess.py:106} INFO - [0m08:14:48  23 of 29 PASS not_null_fact_sales_sales_line_key ............................... [[32mPASS[0m in 0.84s]
[2026-01-10T08:14:48.583+0000] {subprocess.py:106} INFO - [0m08:14:48  20 of 29 PASS not_null_fact_sales_customer_key ................................. [[32mPASS[0m in 0.84s]
[2026-01-10T08:14:48.585+0000] {subprocess.py:106} INFO - [0m08:14:48  21 of 29 PASS not_null_fact_sales_date_key ..................................... [[32mPASS[0m in 0.84s]
[2026-01-10T08:14:48.589+0000] {subprocess.py:106} INFO - [0m08:14:48  22 of 29 PASS not_null_fact_sales_product_key .................................. [[32mPASS[0m in 0.85s]
[2026-01-10T08:14:48.589+0000] {subprocess.py:106} INFO - [0m08:14:48  24 of 29 START test not_null_fact_sales_store_key .............................. [RUN]
[2026-01-10T08:14:48.592+0000] {subprocess.py:106} INFO - [0m08:14:48  25 of 29 START test relationships_fact_sales_customer_key__customer_key__ref_dim_customer_  [RUN]
[2026-01-10T08:14:48.593+0000] {subprocess.py:106} INFO - [0m08:14:48  26 of 29 START test relationships_fact_sales_date_key__date_key__ref_dim_date_ . [RUN]
[2026-01-10T08:14:48.595+0000] {subprocess.py:106} INFO - [0m08:14:48  27 of 29 START test relationships_fact_sales_product_key__product_key__ref_dim_product_  [RUN]
[2026-01-10T08:14:49.342+0000] {subprocess.py:106} INFO - [0m08:14:49  24 of 29 PASS not_null_fact_sales_store_key .................................... [[32mPASS[0m in 0.75s]
[2026-01-10T08:14:49.345+0000] {subprocess.py:106} INFO - [0m08:14:49  28 of 29 START test relationships_fact_sales_store_key__store_key__ref_dim_store_  [RUN]
[2026-01-10T08:14:49.404+0000] {subprocess.py:106} INFO - [0m08:14:49  25 of 29 PASS relationships_fact_sales_customer_key__customer_key__ref_dim_customer_  [[32mPASS[0m in 0.81s]
[2026-01-10T08:14:49.406+0000] {subprocess.py:106} INFO - [0m08:14:49  27 of 29 PASS relationships_fact_sales_product_key__product_key__ref_dim_product_  [[32mPASS[0m in 0.80s]
[2026-01-10T08:14:49.409+0000] {subprocess.py:106} INFO - [0m08:14:49  29 of 29 START test unique_fact_sales_sales_line_key ........................... [RUN]
[2026-01-10T08:14:49.480+0000] {subprocess.py:106} INFO - [0m08:14:49  26 of 29 PASS relationships_fact_sales_date_key__date_key__ref_dim_date_ ....... [[32mPASS[0m in 0.89s]
[2026-01-10T08:14:50.170+0000] {subprocess.py:106} INFO - [0m08:14:50  28 of 29 PASS relationships_fact_sales_store_key__store_key__ref_dim_store_ .... [[32mPASS[0m in 0.82s]
[2026-01-10T08:14:50.173+0000] {subprocess.py:106} INFO - [0m08:14:50  29 of 29 PASS unique_fact_sales_sales_line_key ................................. [[32mPASS[0m in 0.76s]
[2026-01-10T08:14:50.181+0000] {subprocess.py:106} INFO - [0m08:14:50
[2026-01-10T08:14:50.182+0000] {subprocess.py:106} INFO - [0m08:14:50  Finished running 6 view models, 6 table models, 16 data tests, 1 snapshot in 0 hours 0 minutes and 13.11 seconds (13.11s).
[2026-01-10T08:14:50.231+0000] {subprocess.py:106} INFO - [0m08:14:50
[2026-01-10T08:14:50.232+0000] {subprocess.py:106} INFO - [0m08:14:50  [32mCompleted successfully[0m
[2026-01-10T08:14:50.232+0000] {subprocess.py:106} INFO - [0m08:14:50
[2026-01-10T08:14:50.232+0000] {subprocess.py:106} INFO - [0m08:14:50  Done. PASS=29 WARN=0 ERROR=0 SKIP=0 TOTAL=29
[2026-01-10T08:14:50.881+0000] {subprocess.py:110} INFO - Command exited with return code 0
[2026-01-10T08:14:50.899+0000] {taskinstance.py:340} INFO - ::group::Post task execution logs
[2026-01-10T08:14:50.900+0000] {taskinstance.py:352} INFO - Marking task as SUCCESS. dag_id=retail_dbt_daily_pipeline, task_id=dbt_build, run_id=manual__2026-01-10T08:14:30.036840+00:00, execution_date=20260110T081430, start_date=20260110T081434, end_date=20260110T081450
[2026-01-10T08:14:50.913+0000] {local_task_job_runner.py:266} INFO - Task exited with return code 0
[2026-01-10T08:14:50.925+0000] {taskinstance.py:3895} INFO - 1 downstream tasks scheduled from follow-on schedule check
[2026-01-10T08:14:50.926+0000] {local_task_job_runner.py:245} INFO - ::endgroup::
