[2026-01-10T07:10:31.447+0000] {local_task_job_runner.py:123} INFO - ::group::Pre task execution logs
[2026-01-10T07:10:31.458+0000] {taskinstance.py:2613} INFO - Dependencies all met for dep_context=non-requeueable deps ti=<TaskInstance: retail_dbt_daily_pipeline.dbt_deps manual__2026-01-10T07:10:30.701295+00:00 [queued]>
[2026-01-10T07:10:31.464+0000] {taskinstance.py:2613} INFO - Dependencies all met for dep_context=requeueable deps ti=<TaskInstance: retail_dbt_daily_pipeline.dbt_deps manual__2026-01-10T07:10:30.701295+00:00 [queued]>
[2026-01-10T07:10:31.464+0000] {taskinstance.py:2866} INFO - Starting attempt 1 of 3
[2026-01-10T07:10:31.472+0000] {taskinstance.py:2889} INFO - Executing <Task(BashOperator): dbt_deps> on 2026-01-10 07:10:30.701295+00:00
[2026-01-10T07:10:31.476+0000] {logging_mixin.py:190} WARNING - /home/***/.local/lib/python3.12/site-packages/***/task/task_runner/standard_task_runner.py:70 DeprecationWarning: This process (pid=542) is multi-threaded, use of fork() may lead to deadlocks in the child.
[2026-01-10T07:10:31.477+0000] {standard_task_runner.py:72} INFO - Started process 543 to run task
[2026-01-10T07:10:31.477+0000] {standard_task_runner.py:104} INFO - Running: ['***', 'tasks', 'run', 'retail_dbt_daily_pipeline', 'dbt_deps', 'manual__2026-01-10T07:10:30.701295+00:00', '--job-id', '135', '--raw', '--subdir', 'DAGS_FOLDER/retail_dbt_daily_pipeline.py', '--cfg-path', '/tmp/tmpidfl95qs']
[2026-01-10T07:10:31.478+0000] {standard_task_runner.py:105} INFO - Job 135: Subtask dbt_deps
[2026-01-10T07:10:31.507+0000] {task_command.py:467} INFO - Running <TaskInstance: retail_dbt_daily_pipeline.dbt_deps manual__2026-01-10T07:10:30.701295+00:00 [running]> on host 258acc570ce0
[2026-01-10T07:10:31.558+0000] {taskinstance.py:3132} INFO - Exporting env vars: AIRFLOW_CTX_DAG_EMAIL='test@local' AIRFLOW_CTX_DAG_OWNER='***' AIRFLOW_CTX_DAG_ID='retail_dbt_daily_pipeline' AIRFLOW_CTX_TASK_ID='dbt_deps' AIRFLOW_CTX_EXECUTION_DATE='2026-01-10T07:10:30.701295+00:00' AIRFLOW_CTX_TRY_NUMBER='1' AIRFLOW_CTX_DAG_RUN_ID='manual__2026-01-10T07:10:30.701295+00:00'
[2026-01-10T07:10:31.559+0000] {taskinstance.py:731} INFO - ::endgroup::
[2026-01-10T07:10:31.571+0000] {subprocess.py:78} INFO - Tmp dir root location: /tmp
[2026-01-10T07:10:31.572+0000] {subprocess.py:88} INFO - Running command: ['/usr/bin/bash', '-c', 'bash -lc "cd /opt/***/dbt/retail_dbt && /home/***/.local/bin/dbt deps"']
[2026-01-10T07:10:31.577+0000] {subprocess.py:99} INFO - Output:
[2026-01-10T07:10:33.219+0000] {subprocess.py:106} INFO - [0m07:10:33  Running with dbt=1.8.2
[2026-01-10T07:10:33.534+0000] {subprocess.py:106} INFO - [0m07:10:33  Installing dbt-labs/dbt_utils
[2026-01-10T07:10:34.099+0000] {subprocess.py:106} INFO - [0m07:10:34  Installed from version 1.3.0
[2026-01-10T07:10:34.100+0000] {subprocess.py:106} INFO - [0m07:10:34  Updated version available: 1.3.3
[2026-01-10T07:10:34.102+0000] {subprocess.py:106} INFO - [0m07:10:34
[2026-01-10T07:10:34.102+0000] {subprocess.py:106} INFO - [0m07:10:34  Updates available for packages: ['dbt-labs/dbt_utils']
[2026-01-10T07:10:34.103+0000] {subprocess.py:106} INFO - Update your versions in packages.yml, then run dbt deps
[2026-01-10T07:10:34.610+0000] {subprocess.py:110} INFO - Command exited with return code 0
[2026-01-10T07:10:34.629+0000] {taskinstance.py:340} INFO - ::group::Post task execution logs
[2026-01-10T07:10:34.630+0000] {taskinstance.py:352} INFO - Marking task as SUCCESS. dag_id=retail_dbt_daily_pipeline, task_id=dbt_deps, run_id=manual__2026-01-10T07:10:30.701295+00:00, execution_date=20260110T071030, start_date=20260110T071031, end_date=20260110T071034
[2026-01-10T07:10:34.653+0000] {local_task_job_runner.py:266} INFO - Task exited with return code 0
[2026-01-10T07:10:34.669+0000] {taskinstance.py:3895} INFO - 1 downstream tasks scheduled from follow-on schedule check
[2026-01-10T07:10:34.670+0000] {local_task_job_runner.py:245} INFO - ::endgroup::
