[2026-01-10T08:03:27.650+0000] {local_task_job_runner.py:123} INFO - ::group::Pre task execution logs
[2026-01-10T08:03:27.661+0000] {taskinstance.py:2613} INFO - Dependencies all met for dep_context=non-requeueable deps ti=<TaskInstance: retail_dbt_daily_pipeline.dbt_deps manual__2026-01-10T08:03:26.471365+00:00 [queued]>
[2026-01-10T08:03:27.666+0000] {taskinstance.py:2613} INFO - Dependencies all met for dep_context=requeueable deps ti=<TaskInstance: retail_dbt_daily_pipeline.dbt_deps manual__2026-01-10T08:03:26.471365+00:00 [queued]>
[2026-01-10T08:03:27.666+0000] {taskinstance.py:2866} INFO - Starting attempt 1 of 3
[2026-01-10T08:03:27.674+0000] {taskinstance.py:2889} INFO - Executing <Task(BashOperator): dbt_deps> on 2026-01-10 08:03:26.471365+00:00
[2026-01-10T08:03:27.680+0000] {logging_mixin.py:190} WARNING - /home/***/.local/lib/python3.12/site-packages/***/task/task_runner/standard_task_runner.py:70 DeprecationWarning: This process (pid=701) is multi-threaded, use of fork() may lead to deadlocks in the child.
[2026-01-10T08:03:27.679+0000] {standard_task_runner.py:104} INFO - Running: ['***', 'tasks', 'run', 'retail_dbt_daily_pipeline', 'dbt_deps', 'manual__2026-01-10T08:03:26.471365+00:00', '--job-id', '146', '--raw', '--subdir', 'DAGS_FOLDER/retail_dbt_daily_pipeline.py', '--cfg-path', '/tmp/tmp19sq1pii']
[2026-01-10T08:03:27.681+0000] {standard_task_runner.py:105} INFO - Job 146: Subtask dbt_deps
[2026-01-10T08:03:27.681+0000] {standard_task_runner.py:72} INFO - Started process 702 to run task
[2026-01-10T08:03:27.715+0000] {task_command.py:467} INFO - Running <TaskInstance: retail_dbt_daily_pipeline.dbt_deps manual__2026-01-10T08:03:26.471365+00:00 [running]> on host 88a183b93207
[2026-01-10T08:03:27.776+0000] {taskinstance.py:3132} INFO - Exporting env vars: AIRFLOW_CTX_DAG_EMAIL='test@local' AIRFLOW_CTX_DAG_OWNER='***' AIRFLOW_CTX_DAG_ID='retail_dbt_daily_pipeline' AIRFLOW_CTX_TASK_ID='dbt_deps' AIRFLOW_CTX_EXECUTION_DATE='2026-01-10T08:03:26.471365+00:00' AIRFLOW_CTX_TRY_NUMBER='1' AIRFLOW_CTX_DAG_RUN_ID='manual__2026-01-10T08:03:26.471365+00:00'
[2026-01-10T08:03:27.777+0000] {taskinstance.py:731} INFO - ::endgroup::
[2026-01-10T08:03:27.808+0000] {subprocess.py:78} INFO - Tmp dir root location: /tmp
[2026-01-10T08:03:27.809+0000] {subprocess.py:88} INFO - Running command: ['/usr/bin/bash', '-c', 'bash -lc "cd /opt/***/dbt/retail_dbt && /home/***/.local/bin/dbt deps"']
[2026-01-10T08:03:27.815+0000] {subprocess.py:99} INFO - Output:
[2026-01-10T08:03:29.713+0000] {subprocess.py:106} INFO - [0m08:03:29  Running with dbt=1.8.2
[2026-01-10T08:03:30.085+0000] {subprocess.py:106} INFO - [0m08:03:30  Installing dbt-labs/dbt_utils
[2026-01-10T08:03:30.730+0000] {subprocess.py:106} INFO - [0m08:03:30  Installed from version 1.3.0
[2026-01-10T08:03:30.730+0000] {subprocess.py:106} INFO - [0m08:03:30  Updated version available: 1.3.3
[2026-01-10T08:03:30.731+0000] {subprocess.py:106} INFO - [0m08:03:30
[2026-01-10T08:03:30.732+0000] {subprocess.py:106} INFO - [0m08:03:30  Updates available for packages: ['dbt-labs/dbt_utils']
[2026-01-10T08:03:30.732+0000] {subprocess.py:106} INFO - Update your versions in packages.yml, then run dbt deps
[2026-01-10T08:03:31.267+0000] {subprocess.py:110} INFO - Command exited with return code 0
[2026-01-10T08:03:31.287+0000] {taskinstance.py:340} INFO - ::group::Post task execution logs
[2026-01-10T08:03:31.288+0000] {taskinstance.py:352} INFO - Marking task as SUCCESS. dag_id=retail_dbt_daily_pipeline, task_id=dbt_deps, run_id=manual__2026-01-10T08:03:26.471365+00:00, execution_date=20260110T080326, start_date=20260110T080327, end_date=20260110T080331
[2026-01-10T08:03:31.339+0000] {local_task_job_runner.py:266} INFO - Task exited with return code 0
[2026-01-10T08:03:31.356+0000] {taskinstance.py:3895} INFO - 1 downstream tasks scheduled from follow-on schedule check
[2026-01-10T08:03:31.357+0000] {local_task_job_runner.py:245} INFO - ::endgroup::
