[2026-01-08T01:14:07.336+0000] {local_task_job_runner.py:123} INFO - ::group::Pre task execution logs
[2026-01-08T01:14:07.351+0000] {taskinstance.py:2613} INFO - Dependencies all met for dep_context=non-requeueable deps ti=<TaskInstance: retail_dbt_daily_pipeline.dbt_snapshot manual__2026-01-08T01:14:02.160581+00:00 [queued]>
[2026-01-08T01:14:07.356+0000] {taskinstance.py:2613} INFO - Dependencies all met for dep_context=requeueable deps ti=<TaskInstance: retail_dbt_daily_pipeline.dbt_snapshot manual__2026-01-08T01:14:02.160581+00:00 [queued]>
[2026-01-08T01:14:07.356+0000] {taskinstance.py:2866} INFO - Starting attempt 1 of 2
[2026-01-08T01:14:07.363+0000] {taskinstance.py:2889} INFO - Executing <Task(BashOperator): dbt_snapshot> on 2026-01-08 01:14:02.160581+00:00
[2026-01-08T01:14:07.369+0000] {logging_mixin.py:190} WARNING - /home/***/.local/lib/python3.12/site-packages/***/task/task_runner/standard_task_runner.py:70 DeprecationWarning: This process (pid=255) is multi-threaded, use of fork() may lead to deadlocks in the child.
[2026-01-08T01:14:07.369+0000] {standard_task_runner.py:72} INFO - Started process 256 to run task
[2026-01-08T01:14:07.368+0000] {standard_task_runner.py:104} INFO - Running: ['***', 'tasks', 'run', 'retail_dbt_daily_pipeline', 'dbt_snapshot', 'manual__2026-01-08T01:14:02.160581+00:00', '--job-id', '9', '--raw', '--subdir', 'DAGS_FOLDER/retail_dw_daily.py', '--cfg-path', '/tmp/tmpk5gnzp7e']
[2026-01-08T01:14:07.370+0000] {standard_task_runner.py:105} INFO - Job 9: Subtask dbt_snapshot
[2026-01-08T01:14:07.401+0000] {task_command.py:467} INFO - Running <TaskInstance: retail_dbt_daily_pipeline.dbt_snapshot manual__2026-01-08T01:14:02.160581+00:00 [running]> on host a507ef954979
[2026-01-08T01:14:07.449+0000] {taskinstance.py:3132} INFO - Exporting env vars: AIRFLOW_CTX_DAG_OWNER='data-engineering' AIRFLOW_CTX_DAG_ID='retail_dbt_daily_pipeline' AIRFLOW_CTX_TASK_ID='dbt_snapshot' AIRFLOW_CTX_EXECUTION_DATE='2026-01-08T01:14:02.160581+00:00' AIRFLOW_CTX_TRY_NUMBER='1' AIRFLOW_CTX_DAG_RUN_ID='manual__2026-01-08T01:14:02.160581+00:00'
[2026-01-08T01:14:07.449+0000] {taskinstance.py:731} INFO - ::endgroup::
[2026-01-08T01:14:07.460+0000] {subprocess.py:78} INFO - Tmp dir root location: /tmp
[2026-01-08T01:14:07.461+0000] {subprocess.py:88} INFO - Running command: ['/usr/bin/bash', '-c', 'cd /opt/***/dbt/retail_dbt && dbt snapshot']
[2026-01-08T01:14:07.466+0000] {subprocess.py:99} INFO - Output:
[2026-01-08T01:14:09.038+0000] {subprocess.py:106} INFO - [0m01:14:09  Running with dbt=1.8.2
[2026-01-08T01:14:09.695+0000] {subprocess.py:106} INFO - [0m01:14:09  Registered adapter: snowflake=1.8.2
[2026-01-08T01:14:10.052+0000] {subprocess.py:106} INFO - [0m01:14:10  Found 12 models, 1 snapshot, 16 data tests, 6 sources, 575 macros
[2026-01-08T01:14:10.054+0000] {subprocess.py:106} INFO - [0m01:14:10
[2026-01-08T01:14:12.329+0000] {subprocess.py:106} INFO - [0m01:14:12  Concurrency: 4 threads (target='dev')
[2026-01-08T01:14:12.330+0000] {subprocess.py:106} INFO - [0m01:14:12
[2026-01-08T01:14:12.338+0000] {subprocess.py:106} INFO - [0m01:14:12  1 of 1 START snapshot ANALYTICS.snap_customers ................................. [RUN]
[2026-01-08T01:14:16.754+0000] {subprocess.py:106} INFO - [0m01:14:16  1 of 1 OK snapshotted ANALYTICS.snap_customers ................................. [[32mSUCCESS 0[0m in 4.41s]
[2026-01-08T01:14:16.760+0000] {subprocess.py:106} INFO - [0m01:14:16
[2026-01-08T01:14:16.762+0000] {subprocess.py:106} INFO - [0m01:14:16  Finished running 1 snapshot in 0 hours 0 minutes and 6.71 seconds (6.71s).
[2026-01-08T01:14:16.806+0000] {subprocess.py:106} INFO - [0m01:14:16
[2026-01-08T01:14:16.807+0000] {subprocess.py:106} INFO - [0m01:14:16  [32mCompleted successfully[0m
[2026-01-08T01:14:16.807+0000] {subprocess.py:106} INFO - [0m01:14:16
[2026-01-08T01:14:16.807+0000] {subprocess.py:106} INFO - [0m01:14:16  Done. PASS=1 WARN=0 ERROR=0 SKIP=0 TOTAL=1
[2026-01-08T01:14:17.384+0000] {subprocess.py:110} INFO - Command exited with return code 0
[2026-01-08T01:14:17.403+0000] {taskinstance.py:340} INFO - ::group::Post task execution logs
[2026-01-08T01:14:17.404+0000] {taskinstance.py:352} INFO - Marking task as SUCCESS. dag_id=retail_dbt_daily_pipeline, task_id=dbt_snapshot, run_id=manual__2026-01-08T01:14:02.160581+00:00, execution_date=20260108T011402, start_date=20260108T011407, end_date=20260108T011417
[2026-01-08T01:14:17.457+0000] {local_task_job_runner.py:266} INFO - Task exited with return code 0
[2026-01-08T01:14:17.474+0000] {taskinstance.py:3895} INFO - 1 downstream tasks scheduled from follow-on schedule check
[2026-01-08T01:14:17.476+0000] {local_task_job_runner.py:245} INFO - ::endgroup::
