[2026-01-08T18:49:02.268+0000] {local_task_job_runner.py:123} INFO - ::group::Pre task execution logs
[2026-01-08T18:49:02.277+0000] {taskinstance.py:2613} INFO - Dependencies all met for dep_context=non-requeueable deps ti=<TaskInstance: retail_dbt_daily_pipeline.dbt_snapshot scheduled__2026-01-07T06:00:00+00:00 [queued]>
[2026-01-08T18:49:02.282+0000] {taskinstance.py:2613} INFO - Dependencies all met for dep_context=requeueable deps ti=<TaskInstance: retail_dbt_daily_pipeline.dbt_snapshot scheduled__2026-01-07T06:00:00+00:00 [queued]>
[2026-01-08T18:49:02.282+0000] {taskinstance.py:2866} INFO - Starting attempt 2 of 2
[2026-01-08T18:49:02.291+0000] {taskinstance.py:2889} INFO - Executing <Task(BashOperator): dbt_snapshot> on 2026-01-07 06:00:00+00:00
[2026-01-08T18:49:02.294+0000] {logging_mixin.py:190} WARNING - /home/***/.local/lib/python3.12/site-packages/***/task/task_runner/standard_task_runner.py:70 DeprecationWarning: This process (pid=495) is multi-threaded, use of fork() may lead to deadlocks in the child.
[2026-01-08T18:49:02.295+0000] {standard_task_runner.py:72} INFO - Started process 496 to run task
[2026-01-08T18:49:02.295+0000] {standard_task_runner.py:104} INFO - Running: ['***', 'tasks', 'run', 'retail_dbt_daily_pipeline', 'dbt_snapshot', 'scheduled__2026-01-07T06:00:00+00:00', '--job-id', '26', '--raw', '--subdir', 'DAGS_FOLDER/retail_dw_daily.py', '--cfg-path', '/tmp/tmpmx6hpnmq']
[2026-01-08T18:49:02.296+0000] {standard_task_runner.py:105} INFO - Job 26: Subtask dbt_snapshot
[2026-01-08T18:49:02.324+0000] {task_command.py:467} INFO - Running <TaskInstance: retail_dbt_daily_pipeline.dbt_snapshot scheduled__2026-01-07T06:00:00+00:00 [running]> on host 5fc490f84247
[2026-01-08T18:49:02.372+0000] {taskinstance.py:3132} INFO - Exporting env vars: AIRFLOW_CTX_DAG_OWNER='data-engineering' AIRFLOW_CTX_DAG_ID='retail_dbt_daily_pipeline' AIRFLOW_CTX_TASK_ID='dbt_snapshot' AIRFLOW_CTX_EXECUTION_DATE='2026-01-07T06:00:00+00:00' AIRFLOW_CTX_TRY_NUMBER='2' AIRFLOW_CTX_DAG_RUN_ID='scheduled__2026-01-07T06:00:00+00:00'
[2026-01-08T18:49:02.372+0000] {taskinstance.py:731} INFO - ::endgroup::
[2026-01-08T18:49:02.383+0000] {subprocess.py:78} INFO - Tmp dir root location: /tmp
[2026-01-08T18:49:02.384+0000] {subprocess.py:88} INFO - Running command: ['/usr/bin/bash', '-c', 'cd /opt/***/dbt/retail_dbt && dbt snapshot']
[2026-01-08T18:49:02.388+0000] {subprocess.py:99} INFO - Output:
[2026-01-08T18:49:03.955+0000] {subprocess.py:106} INFO - [0m18:49:03  Running with dbt=1.8.2
[2026-01-08T18:49:04.603+0000] {subprocess.py:106} INFO - [0m18:49:04  Registered adapter: snowflake=1.8.2
[2026-01-08T18:49:04.950+0000] {subprocess.py:106} INFO - [0m18:49:04  Found 12 models, 1 snapshot, 16 data tests, 6 sources, 575 macros
[2026-01-08T18:49:04.952+0000] {subprocess.py:106} INFO - [0m18:49:04
[2026-01-08T18:49:07.101+0000] {subprocess.py:106} INFO - [0m18:49:07  Concurrency: 4 threads (target='dev')
[2026-01-08T18:49:07.106+0000] {subprocess.py:106} INFO - [0m18:49:07
[2026-01-08T18:49:07.115+0000] {subprocess.py:106} INFO - [0m18:49:07  1 of 1 START snapshot ANALYTICS.snap_customers ................................. [RUN]
[2026-01-08T18:49:12.554+0000] {subprocess.py:106} INFO - [0m18:49:12  1 of 1 OK snapshotted ANALYTICS.snap_customers ................................. [[32mSUCCESS 0[0m in 5.43s]
[2026-01-08T18:49:12.560+0000] {subprocess.py:106} INFO - [0m18:49:12
[2026-01-08T18:49:12.561+0000] {subprocess.py:106} INFO - [0m18:49:12  Finished running 1 snapshot in 0 hours 0 minutes and 7.61 seconds (7.61s).
[2026-01-08T18:49:12.604+0000] {subprocess.py:106} INFO - [0m18:49:12
[2026-01-08T18:49:12.605+0000] {subprocess.py:106} INFO - [0m18:49:12  [32mCompleted successfully[0m
[2026-01-08T18:49:12.605+0000] {subprocess.py:106} INFO - [0m18:49:12
[2026-01-08T18:49:12.606+0000] {subprocess.py:106} INFO - [0m18:49:12  Done. PASS=1 WARN=0 ERROR=0 SKIP=0 TOTAL=1
[2026-01-08T18:49:13.225+0000] {subprocess.py:110} INFO - Command exited with return code 0
[2026-01-08T18:49:13.242+0000] {taskinstance.py:340} INFO - ::group::Post task execution logs
[2026-01-08T18:49:13.242+0000] {taskinstance.py:352} INFO - Marking task as SUCCESS. dag_id=retail_dbt_daily_pipeline, task_id=dbt_snapshot, run_id=scheduled__2026-01-07T06:00:00+00:00, execution_date=20260107T060000, start_date=20260108T184902, end_date=20260108T184913
[2026-01-08T18:49:13.278+0000] {local_task_job_runner.py:266} INFO - Task exited with return code 0
[2026-01-08T18:49:13.292+0000] {taskinstance.py:3895} INFO - 1 downstream tasks scheduled from follow-on schedule check
[2026-01-08T18:49:13.292+0000] {local_task_job_runner.py:245} INFO - ::endgroup::
