[2026-01-10T07:12:49.405+0000] {local_task_job_runner.py:123} INFO - ::group::Pre task execution logs
[2026-01-10T07:12:49.416+0000] {taskinstance.py:2613} INFO - Dependencies all met for dep_context=non-requeueable deps ti=<TaskInstance: retail_dbt_daily_pipeline.dbt_run manual__2026-01-10T07:12:44.039698+00:00 [queued]>
[2026-01-10T07:12:49.420+0000] {taskinstance.py:2613} INFO - Dependencies all met for dep_context=requeueable deps ti=<TaskInstance: retail_dbt_daily_pipeline.dbt_run manual__2026-01-10T07:12:44.039698+00:00 [queued]>
[2026-01-10T07:12:49.420+0000] {taskinstance.py:2866} INFO - Starting attempt 1 of 3
[2026-01-10T07:12:49.428+0000] {taskinstance.py:2889} INFO - Executing <Task(BashOperator): dbt_run> on 2026-01-10 07:12:44.039698+00:00
[2026-01-10T07:12:49.433+0000] {logging_mixin.py:190} WARNING - /home/***/.local/lib/python3.12/site-packages/***/task/task_runner/standard_task_runner.py:70 DeprecationWarning: This process (pid=637) is multi-threaded, use of fork() may lead to deadlocks in the child.
[2026-01-10T07:12:49.433+0000] {standard_task_runner.py:72} INFO - Started process 638 to run task
[2026-01-10T07:12:49.433+0000] {standard_task_runner.py:104} INFO - Running: ['***', 'tasks', 'run', 'retail_dbt_daily_pipeline', 'dbt_run', 'manual__2026-01-10T07:12:44.039698+00:00', '--job-id', '140', '--raw', '--subdir', 'DAGS_FOLDER/retail_dbt_daily_pipeline.py', '--cfg-path', '/tmp/tmp9tko_xx8']
[2026-01-10T07:12:49.434+0000] {standard_task_runner.py:105} INFO - Job 140: Subtask dbt_run
[2026-01-10T07:12:49.464+0000] {task_command.py:467} INFO - Running <TaskInstance: retail_dbt_daily_pipeline.dbt_run manual__2026-01-10T07:12:44.039698+00:00 [running]> on host 258acc570ce0
[2026-01-10T07:12:49.513+0000] {taskinstance.py:3132} INFO - Exporting env vars: AIRFLOW_CTX_DAG_EMAIL='test@local' AIRFLOW_CTX_DAG_OWNER='***' AIRFLOW_CTX_DAG_ID='retail_dbt_daily_pipeline' AIRFLOW_CTX_TASK_ID='dbt_run' AIRFLOW_CTX_EXECUTION_DATE='2026-01-10T07:12:44.039698+00:00' AIRFLOW_CTX_TRY_NUMBER='1' AIRFLOW_CTX_DAG_RUN_ID='manual__2026-01-10T07:12:44.039698+00:00'
[2026-01-10T07:12:49.513+0000] {taskinstance.py:731} INFO - ::endgroup::
[2026-01-10T07:12:49.524+0000] {subprocess.py:78} INFO - Tmp dir root location: /tmp
[2026-01-10T07:12:49.525+0000] {subprocess.py:88} INFO - Running command: ['/usr/bin/bash', '-c', 'bash -lc "cd /opt/***/dbt/retail_dbt && /home/***/.local/bin/dbt run"']
[2026-01-10T07:12:49.530+0000] {subprocess.py:99} INFO - Output:
[2026-01-10T07:12:51.118+0000] {subprocess.py:106} INFO - [0m07:12:51  Running with dbt=1.8.2
[2026-01-10T07:12:51.780+0000] {subprocess.py:106} INFO - [0m07:12:51  Registered adapter: snowflake=1.8.2
[2026-01-10T07:12:52.132+0000] {subprocess.py:106} INFO - [0m07:12:52  Found 12 models, 1 snapshot, 16 data tests, 6 sources, 575 macros
[2026-01-10T07:12:52.135+0000] {subprocess.py:106} INFO - [0m07:12:52
[2026-01-10T07:12:53.985+0000] {subprocess.py:106} INFO - [0m07:12:53  Concurrency: 4 threads (target='dev')
[2026-01-10T07:12:53.986+0000] {subprocess.py:106} INFO - [0m07:12:53
[2026-01-10T07:12:53.999+0000] {subprocess.py:106} INFO - [0m07:12:53  1 of 12 START sql table model STAGING_ANALYTICS.dim_date ....................... [RUN]
[2026-01-10T07:12:54.000+0000] {subprocess.py:106} INFO - [0m07:12:54  2 of 12 START sql view model STAGING_STAGING.stg_customers ..................... [RUN]
[2026-01-10T07:12:54.000+0000] {subprocess.py:106} INFO - [0m07:12:54  3 of 12 START sql view model STAGING_STAGING.stg_inventory_snapshots ........... [RUN]
[2026-01-10T07:12:54.002+0000] {subprocess.py:106} INFO - [0m07:12:54  4 of 12 START sql view model STAGING_STAGING.stg_order_items ................... [RUN]
[2026-01-10T07:12:54.919+0000] {subprocess.py:106} INFO - [0m07:12:54  3 of 12 OK created sql view model STAGING_STAGING.stg_inventory_snapshots ...... [[32mSUCCESS 1[0m in 0.91s]
[2026-01-10T07:12:54.922+0000] {subprocess.py:106} INFO - [0m07:12:54  5 of 12 START sql view model STAGING_STAGING.stg_orders ........................ [RUN]
[2026-01-10T07:12:54.926+0000] {subprocess.py:106} INFO - [0m07:12:54  4 of 12 OK created sql view model STAGING_STAGING.stg_order_items .............. [[32mSUCCESS 1[0m in 0.92s]
[2026-01-10T07:12:54.931+0000] {subprocess.py:106} INFO - [0m07:12:54  6 of 12 START sql view model STAGING_STAGING.stg_products ...................... [RUN]
[2026-01-10T07:12:54.942+0000] {subprocess.py:106} INFO - [0m07:12:54  2 of 12 OK created sql view model STAGING_STAGING.stg_customers ................ [[32mSUCCESS 1[0m in 0.94s]
[2026-01-10T07:12:54.947+0000] {subprocess.py:106} INFO - [0m07:12:54  7 of 12 START sql view model STAGING_STAGING.stg_stores ........................ [RUN]
[2026-01-10T07:12:55.678+0000] {subprocess.py:106} INFO - [0m07:12:55  1 of 12 OK created sql table model STAGING_ANALYTICS.dim_date .................. [[32mSUCCESS 1[0m in 1.67s]
[2026-01-10T07:12:55.681+0000] {subprocess.py:106} INFO - [0m07:12:55  8 of 12 START sql table model STAGING_ANALYTICS.fact_inventory_snapshot ........ [RUN]
[2026-01-10T07:12:55.766+0000] {subprocess.py:106} INFO - [0m07:12:55  5 of 12 OK created sql view model STAGING_STAGING.stg_orders ................... [[32mSUCCESS 1[0m in 0.84s]
[2026-01-10T07:12:55.768+0000] {subprocess.py:106} INFO - [0m07:12:55  9 of 12 START sql table model STAGING_ANALYTICS.dim_customer ................... [RUN]
[2026-01-10T07:12:55.777+0000] {subprocess.py:106} INFO - [0m07:12:55  6 of 12 OK created sql view model STAGING_STAGING.stg_products ................. [[32mSUCCESS 1[0m in 0.84s]
[2026-01-10T07:12:55.779+0000] {subprocess.py:106} INFO - [0m07:12:55  10 of 12 START sql table model STAGING_ANALYTICS.dim_product ................... [RUN]
[2026-01-10T07:12:55.816+0000] {subprocess.py:106} INFO - [0m07:12:55  7 of 12 OK created sql view model STAGING_STAGING.stg_stores ................... [[32mSUCCESS 1[0m in 0.87s]
[2026-01-10T07:12:55.818+0000] {subprocess.py:106} INFO - [0m07:12:55  11 of 12 START sql table model STAGING_ANALYTICS.dim_store ..................... [RUN]
[2026-01-10T07:12:57.223+0000] {subprocess.py:106} INFO - [0m07:12:57  11 of 12 OK created sql table model STAGING_ANALYTICS.dim_store ................ [[32mSUCCESS 1[0m in 1.40s]
[2026-01-10T07:12:57.225+0000] {subprocess.py:106} INFO - [0m07:12:57  9 of 12 OK created sql table model STAGING_ANALYTICS.dim_customer .............. [[32mSUCCESS 1[0m in 1.45s]
[2026-01-10T07:12:57.226+0000] {subprocess.py:106} INFO - [0m07:12:57  10 of 12 OK created sql table model STAGING_ANALYTICS.dim_product .............. [[32mSUCCESS 1[0m in 1.44s]
[2026-01-10T07:12:57.227+0000] {subprocess.py:106} INFO - [0m07:12:57  8 of 12 OK created sql table model STAGING_ANALYTICS.fact_inventory_snapshot ... [[32mSUCCESS 1[0m in 1.54s]
[2026-01-10T07:12:57.233+0000] {subprocess.py:106} INFO - [0m07:12:57  12 of 12 START sql table model STAGING_ANALYTICS.fact_sales .................... [RUN]
[2026-01-10T07:12:59.127+0000] {subprocess.py:106} INFO - [0m07:12:59  12 of 12 OK created sql table model STAGING_ANALYTICS.fact_sales ............... [[32mSUCCESS 1[0m in 1.89s]
[2026-01-10T07:12:59.131+0000] {subprocess.py:106} INFO - [0m07:12:59
[2026-01-10T07:12:59.132+0000] {subprocess.py:106} INFO - [0m07:12:59  Finished running 6 view models, 6 table models in 0 hours 0 minutes and 7.00 seconds (7.00s).
[2026-01-10T07:12:59.222+0000] {subprocess.py:106} INFO - [0m07:12:59
[2026-01-10T07:12:59.223+0000] {subprocess.py:106} INFO - [0m07:12:59  [32mCompleted successfully[0m
[2026-01-10T07:12:59.223+0000] {subprocess.py:106} INFO - [0m07:12:59
[2026-01-10T07:12:59.224+0000] {subprocess.py:106} INFO - [0m07:12:59  Done. PASS=12 WARN=0 ERROR=0 SKIP=0 TOTAL=12
[2026-01-10T07:12:59.983+0000] {subprocess.py:110} INFO - Command exited with return code 0
[2026-01-10T07:13:00.000+0000] {taskinstance.py:340} INFO - ::group::Post task execution logs
[2026-01-10T07:13:00.001+0000] {taskinstance.py:352} INFO - Marking task as SUCCESS. dag_id=retail_dbt_daily_pipeline, task_id=dbt_run, run_id=manual__2026-01-10T07:12:44.039698+00:00, execution_date=20260110T071244, start_date=20260110T071249, end_date=20260110T071300
[2026-01-10T07:13:00.026+0000] {local_task_job_runner.py:266} INFO - Task exited with return code 0
[2026-01-10T07:13:00.038+0000] {taskinstance.py:3895} INFO - 1 downstream tasks scheduled from follow-on schedule check
[2026-01-10T07:13:00.038+0000] {local_task_job_runner.py:245} INFO - ::endgroup::
