[2026-01-09T03:29:44.240+0000] {local_task_job_runner.py:123} INFO - ::group::Pre task execution logs
[2026-01-09T03:29:44.254+0000] {taskinstance.py:2613} INFO - Dependencies all met for dep_context=non-requeueable deps ti=<TaskInstance: retail_dbt_daily_pipeline.dbt_deps manual__2026-01-09T03:29:43+00:00 [queued]>
[2026-01-09T03:29:44.259+0000] {taskinstance.py:2613} INFO - Dependencies all met for dep_context=requeueable deps ti=<TaskInstance: retail_dbt_daily_pipeline.dbt_deps manual__2026-01-09T03:29:43+00:00 [queued]>
[2026-01-09T03:29:44.260+0000] {taskinstance.py:2866} INFO - Starting attempt 1 of 2
[2026-01-09T03:29:44.268+0000] {taskinstance.py:2889} INFO - Executing <Task(BashOperator): dbt_deps> on 2026-01-09 03:29:43+00:00
[2026-01-09T03:29:44.273+0000] {logging_mixin.py:190} WARNING - /home/***/.local/lib/python3.12/site-packages/***/task/task_runner/standard_task_runner.py:70 DeprecationWarning: This process (pid=205) is multi-threaded, use of fork() may lead to deadlocks in the child.
[2026-01-09T03:29:44.275+0000] {standard_task_runner.py:72} INFO - Started process 206 to run task
[2026-01-09T03:29:44.274+0000] {standard_task_runner.py:104} INFO - Running: ['***', 'tasks', 'run', 'retail_dbt_daily_pipeline', 'dbt_deps', 'manual__2026-01-09T03:29:43+00:00', '--job-id', '92', '--raw', '--subdir', 'DAGS_FOLDER/retail_dbt_daily_pipeline.py', '--cfg-path', '/tmp/tmp2yx1zt5c']
[2026-01-09T03:29:44.276+0000] {standard_task_runner.py:105} INFO - Job 92: Subtask dbt_deps
[2026-01-09T03:29:44.311+0000] {task_command.py:467} INFO - Running <TaskInstance: retail_dbt_daily_pipeline.dbt_deps manual__2026-01-09T03:29:43+00:00 [running]> on host a1f5ea7d51b7
[2026-01-09T03:29:44.371+0000] {taskinstance.py:3132} INFO - Exporting env vars: AIRFLOW_CTX_DAG_OWNER='data-engineering' AIRFLOW_CTX_DAG_ID='retail_dbt_daily_pipeline' AIRFLOW_CTX_TASK_ID='dbt_deps' AIRFLOW_CTX_EXECUTION_DATE='2026-01-09T03:29:43+00:00' AIRFLOW_CTX_TRY_NUMBER='1' AIRFLOW_CTX_DAG_RUN_ID='manual__2026-01-09T03:29:43+00:00'
[2026-01-09T03:29:44.372+0000] {taskinstance.py:731} INFO - ::endgroup::
[2026-01-09T03:29:44.383+0000] {subprocess.py:78} INFO - Tmp dir root location: /tmp
[2026-01-09T03:29:44.383+0000] {subprocess.py:88} INFO - Running command: ['/usr/bin/bash', '-c', 'cd /opt/***/dbt/retail_dbt && /home/***/.local/bin/dbt deps']
[2026-01-09T03:29:44.390+0000] {subprocess.py:99} INFO - Output:
[2026-01-09T03:29:46.085+0000] {subprocess.py:106} INFO - [0m03:29:46  Running with dbt=1.8.2
[2026-01-09T03:29:46.329+0000] {subprocess.py:106} INFO - [0m03:29:46  Installing dbt-labs/dbt_utils
[2026-01-09T03:29:46.881+0000] {subprocess.py:106} INFO - [0m03:29:46  Installed from version 1.3.0
[2026-01-09T03:29:46.882+0000] {subprocess.py:106} INFO - [0m03:29:46  Updated version available: 1.3.3
[2026-01-09T03:29:46.883+0000] {subprocess.py:106} INFO - [0m03:29:46
[2026-01-09T03:29:46.883+0000] {subprocess.py:106} INFO - [0m03:29:46  Updates available for packages: ['dbt-labs/dbt_utils']
[2026-01-09T03:29:46.883+0000] {subprocess.py:106} INFO - Update your versions in packages.yml, then run dbt deps
[2026-01-09T03:29:47.344+0000] {subprocess.py:110} INFO - Command exited with return code 0
[2026-01-09T03:29:47.366+0000] {taskinstance.py:340} INFO - ::group::Post task execution logs
[2026-01-09T03:29:47.367+0000] {taskinstance.py:352} INFO - Marking task as SUCCESS. dag_id=retail_dbt_daily_pipeline, task_id=dbt_deps, run_id=manual__2026-01-09T03:29:43+00:00, execution_date=20260109T032943, start_date=20260109T032944, end_date=20260109T032947
[2026-01-09T03:29:47.384+0000] {local_task_job_runner.py:266} INFO - Task exited with return code 0
[2026-01-09T03:29:47.402+0000] {taskinstance.py:3895} INFO - 1 downstream tasks scheduled from follow-on schedule check
[2026-01-09T03:29:47.403+0000] {local_task_job_runner.py:245} INFO - ::endgroup::
