[2026-01-08T18:45:26.202+0000] {local_task_job_runner.py:123} INFO - ::group::Pre task execution logs
[2026-01-08T18:45:26.212+0000] {taskinstance.py:2613} INFO - Dependencies all met for dep_context=non-requeueable deps ti=<TaskInstance: retail_dbt_daily_pipeline.dbt_snapshot manual__2026-01-08T18:45:21.317009+00:00 [queued]>
[2026-01-08T18:45:26.216+0000] {taskinstance.py:2613} INFO - Dependencies all met for dep_context=requeueable deps ti=<TaskInstance: retail_dbt_daily_pipeline.dbt_snapshot manual__2026-01-08T18:45:21.317009+00:00 [queued]>
[2026-01-08T18:45:26.216+0000] {taskinstance.py:2866} INFO - Starting attempt 1 of 2
[2026-01-08T18:45:26.224+0000] {taskinstance.py:2889} INFO - Executing <Task(BashOperator): dbt_snapshot> on 2026-01-08 18:45:21.317009+00:00
[2026-01-08T18:45:26.228+0000] {logging_mixin.py:190} WARNING - /home/***/.local/lib/python3.12/site-packages/***/task/task_runner/standard_task_runner.py:70 DeprecationWarning: This process (pid=255) is multi-threaded, use of fork() may lead to deadlocks in the child.
[2026-01-08T18:45:26.229+0000] {standard_task_runner.py:72} INFO - Started process 256 to run task
[2026-01-08T18:45:26.228+0000] {standard_task_runner.py:104} INFO - Running: ['***', 'tasks', 'run', 'retail_dbt_daily_pipeline', 'dbt_snapshot', 'manual__2026-01-08T18:45:21.317009+00:00', '--job-id', '21', '--raw', '--subdir', 'DAGS_FOLDER/retail_dw_daily.py', '--cfg-path', '/tmp/tmpdzyf3so8']
[2026-01-08T18:45:26.230+0000] {standard_task_runner.py:105} INFO - Job 21: Subtask dbt_snapshot
[2026-01-08T18:45:26.256+0000] {task_command.py:467} INFO - Running <TaskInstance: retail_dbt_daily_pipeline.dbt_snapshot manual__2026-01-08T18:45:21.317009+00:00 [running]> on host 5fc490f84247
[2026-01-08T18:45:26.302+0000] {taskinstance.py:3132} INFO - Exporting env vars: AIRFLOW_CTX_DAG_OWNER='data-engineering' AIRFLOW_CTX_DAG_ID='retail_dbt_daily_pipeline' AIRFLOW_CTX_TASK_ID='dbt_snapshot' AIRFLOW_CTX_EXECUTION_DATE='2026-01-08T18:45:21.317009+00:00' AIRFLOW_CTX_TRY_NUMBER='1' AIRFLOW_CTX_DAG_RUN_ID='manual__2026-01-08T18:45:21.317009+00:00'
[2026-01-08T18:45:26.303+0000] {taskinstance.py:731} INFO - ::endgroup::
[2026-01-08T18:45:26.313+0000] {subprocess.py:78} INFO - Tmp dir root location: /tmp
[2026-01-08T18:45:26.314+0000] {subprocess.py:88} INFO - Running command: ['/usr/bin/bash', '-c', 'cd /opt/***/dbt/retail_dbt && dbt snapshot']
[2026-01-08T18:45:26.318+0000] {subprocess.py:99} INFO - Output:
[2026-01-08T18:45:27.879+0000] {subprocess.py:106} INFO - [0m18:45:27  Running with dbt=1.8.2
[2026-01-08T18:45:28.558+0000] {subprocess.py:106} INFO - [0m18:45:28  Registered adapter: snowflake=1.8.2
[2026-01-08T18:45:28.977+0000] {subprocess.py:106} INFO - [0m18:45:28  Found 12 models, 1 snapshot, 16 data tests, 6 sources, 575 macros
[2026-01-08T18:45:28.979+0000] {subprocess.py:106} INFO - [0m18:45:28
[2026-01-08T18:45:31.029+0000] {subprocess.py:106} INFO - [0m18:45:31  Concurrency: 4 threads (target='dev')
[2026-01-08T18:45:31.030+0000] {subprocess.py:106} INFO - [0m18:45:31
[2026-01-08T18:45:31.043+0000] {subprocess.py:106} INFO - [0m18:45:31  1 of 1 START snapshot ANALYTICS.snap_customers ................................. [RUN]
[2026-01-08T18:45:38.244+0000] {subprocess.py:106} INFO - [0m18:45:38  1 of 1 OK snapshotted ANALYTICS.snap_customers ................................. [[32mSUCCESS 0[0m in 7.20s]
[2026-01-08T18:45:38.247+0000] {subprocess.py:106} INFO - [0m18:45:38
[2026-01-08T18:45:38.247+0000] {subprocess.py:106} INFO - [0m18:45:38  Finished running 1 snapshot in 0 hours 0 minutes and 9.27 seconds (9.27s).
[2026-01-08T18:45:38.283+0000] {subprocess.py:106} INFO - [0m18:45:38
[2026-01-08T18:45:38.284+0000] {subprocess.py:106} INFO - [0m18:45:38  [32mCompleted successfully[0m
[2026-01-08T18:45:38.284+0000] {subprocess.py:106} INFO - [0m18:45:38
[2026-01-08T18:45:38.284+0000] {subprocess.py:106} INFO - [0m18:45:38  Done. PASS=1 WARN=0 ERROR=0 SKIP=0 TOTAL=1
[2026-01-08T18:45:38.829+0000] {subprocess.py:110} INFO - Command exited with return code 0
[2026-01-08T18:45:38.855+0000] {taskinstance.py:340} INFO - ::group::Post task execution logs
[2026-01-08T18:45:38.856+0000] {taskinstance.py:352} INFO - Marking task as SUCCESS. dag_id=retail_dbt_daily_pipeline, task_id=dbt_snapshot, run_id=manual__2026-01-08T18:45:21.317009+00:00, execution_date=20260108T184521, start_date=20260108T184526, end_date=20260108T184538
[2026-01-08T18:45:38.906+0000] {local_task_job_runner.py:266} INFO - Task exited with return code 0
[2026-01-08T18:45:38.921+0000] {taskinstance.py:3895} INFO - 1 downstream tasks scheduled from follow-on schedule check
[2026-01-08T18:45:38.924+0000] {local_task_job_runner.py:245} INFO - ::endgroup::
