[2026-01-09T03:26:00.245+0000] {local_task_job_runner.py:123} INFO - ::group::Pre task execution logs
[2026-01-09T03:26:00.256+0000] {taskinstance.py:2613} INFO - Dependencies all met for dep_context=non-requeueable deps ti=<TaskInstance: retail_dbt_daily_pipeline.dbt_snapshot manual__2026-01-09T03:20:50+00:00 [queued]>
[2026-01-09T03:26:00.261+0000] {taskinstance.py:2613} INFO - Dependencies all met for dep_context=requeueable deps ti=<TaskInstance: retail_dbt_daily_pipeline.dbt_snapshot manual__2026-01-09T03:20:50+00:00 [queued]>
[2026-01-09T03:26:00.261+0000] {taskinstance.py:2866} INFO - Starting attempt 2 of 2
[2026-01-09T03:26:00.268+0000] {taskinstance.py:2889} INFO - Executing <Task(BashOperator): dbt_snapshot> on 2026-01-09 03:20:50+00:00
[2026-01-09T03:26:00.272+0000] {logging_mixin.py:190} WARNING - /home/***/.local/lib/python3.12/site-packages/***/task/task_runner/standard_task_runner.py:70 DeprecationWarning: This process (pid=260) is multi-threaded, use of fork() may lead to deadlocks in the child.
[2026-01-09T03:26:00.273+0000] {standard_task_runner.py:72} INFO - Started process 261 to run task
[2026-01-09T03:26:00.273+0000] {standard_task_runner.py:104} INFO - Running: ['***', 'tasks', 'run', 'retail_dbt_daily_pipeline', 'dbt_snapshot', 'manual__2026-01-09T03:20:50+00:00', '--job-id', '87', '--raw', '--subdir', 'DAGS_FOLDER/retail_dbt_daily_pipeline.py', '--cfg-path', '/tmp/tmpz8echf39']
[2026-01-09T03:26:00.274+0000] {standard_task_runner.py:105} INFO - Job 87: Subtask dbt_snapshot
[2026-01-09T03:26:00.303+0000] {task_command.py:467} INFO - Running <TaskInstance: retail_dbt_daily_pipeline.dbt_snapshot manual__2026-01-09T03:20:50+00:00 [running]> on host a1f5ea7d51b7
[2026-01-09T03:26:00.354+0000] {taskinstance.py:3132} INFO - Exporting env vars: AIRFLOW_CTX_DAG_OWNER='analytics' AIRFLOW_CTX_DAG_ID='retail_dbt_daily_pipeline' AIRFLOW_CTX_TASK_ID='dbt_snapshot' AIRFLOW_CTX_EXECUTION_DATE='2026-01-09T03:20:50+00:00' AIRFLOW_CTX_TRY_NUMBER='2' AIRFLOW_CTX_DAG_RUN_ID='manual__2026-01-09T03:20:50+00:00'
[2026-01-09T03:26:00.354+0000] {taskinstance.py:731} INFO - ::endgroup::
[2026-01-09T03:26:00.365+0000] {subprocess.py:78} INFO - Tmp dir root location: /tmp
[2026-01-09T03:26:00.365+0000] {subprocess.py:88} INFO - Running command: ['/usr/bin/bash', '-c', 'cd /opt/***/dbt/retail_dbt && /home/***/.local/bin/dbt snapshot']
[2026-01-09T03:26:00.370+0000] {subprocess.py:99} INFO - Output:
[2026-01-09T03:26:01.946+0000] {subprocess.py:106} INFO - [0m03:26:01  Running with dbt=1.8.2
[2026-01-09T03:26:02.629+0000] {subprocess.py:106} INFO - [0m03:26:02  Registered adapter: snowflake=1.8.2
[2026-01-09T03:26:02.987+0000] {subprocess.py:106} INFO - [0m03:26:02  Found 12 models, 1 snapshot, 16 data tests, 6 sources, 575 macros
[2026-01-09T03:26:02.989+0000] {subprocess.py:106} INFO - [0m03:26:02
[2026-01-09T03:26:03.355+0000] {subprocess.py:106} INFO - [0m03:26:03
[2026-01-09T03:26:03.356+0000] {subprocess.py:106} INFO - [0m03:26:03  Finished running  in 0 hours 0 minutes and 0.37 seconds (0.37s).
[2026-01-09T03:26:03.356+0000] {subprocess.py:106} INFO - [0m03:26:03  Encountered an error:
[2026-01-09T03:26:03.357+0000] {subprocess.py:106} INFO - Runtime Error
[2026-01-09T03:26:03.357+0000] {subprocess.py:106} INFO -   Database error while listing schemas in database "RETAIL_DW"
[2026-01-09T03:26:03.357+0000] {subprocess.py:106} INFO -   Database Error
[2026-01-09T03:26:03.357+0000] {subprocess.py:106} INFO -     250001 (08001): Failed to connect to DB: PIITFVT-FW65290.snowflakecomputing.com:443. Your user account has been temporarily locked. Try again later or contact your account administrator for assistance. For more information about this error, go to https://community.snowflake.com/s/error-your-user-login-has-been-locked.
[2026-01-09T03:26:03.941+0000] {subprocess.py:110} INFO - Command exited with return code 2
[2026-01-09T03:26:03.950+0000] {taskinstance.py:3311} ERROR - Task failed with exception
Traceback (most recent call last):
  File "/home/airflow/.local/lib/python3.12/site-packages/airflow/models/taskinstance.py", line 762, in _execute_task
    result = _execute_callable(context=context, **execute_callable_kwargs)
             ^^^^^^^^^^^^^^^^^^^^^^^^^^^^^^^^^^^^^^^^^^^^^^^^^^^^^^^^^^^^^
  File "/home/airflow/.local/lib/python3.12/site-packages/airflow/models/taskinstance.py", line 733, in _execute_callable
    return ExecutionCallableRunner(
           ^^^^^^^^^^^^^^^^^^^^^^^^
  File "/home/airflow/.local/lib/python3.12/site-packages/airflow/utils/operator_helpers.py", line 252, in run
    return self.func(*args, **kwargs)
           ^^^^^^^^^^^^^^^^^^^^^^^^^^
  File "/home/airflow/.local/lib/python3.12/site-packages/airflow/models/baseoperator.py", line 417, in wrapper
    return func(self, *args, **kwargs)
           ^^^^^^^^^^^^^^^^^^^^^^^^^^^
  File "/home/airflow/.local/lib/python3.12/site-packages/airflow/operators/bash.py", line 276, in execute
    raise AirflowException(
airflow.exceptions.AirflowException: Bash command failed. The command returned a non-zero exit code 2.
[2026-01-09T03:26:03.952+0000] {taskinstance.py:1225} INFO - Marking task as FAILED. dag_id=retail_dbt_daily_pipeline, task_id=dbt_snapshot, run_id=manual__2026-01-09T03:20:50+00:00, execution_date=20260109T032050, start_date=20260109T032600, end_date=20260109T032603
[2026-01-09T03:26:03.960+0000] {taskinstance.py:340} INFO - ::group::Post task execution logs
[2026-01-09T03:26:03.960+0000] {standard_task_runner.py:124} ERROR - Failed to execute job 87 for task dbt_snapshot (Bash command failed. The command returned a non-zero exit code 2.; 261)
Traceback (most recent call last):
  File "/home/airflow/.local/lib/python3.12/site-packages/airflow/task/task_runner/standard_task_runner.py", line 117, in _start_by_fork
    ret = args.func(args, dag=self.dag)
          ^^^^^^^^^^^^^^^^^^^^^^^^^^^^^
  File "/home/airflow/.local/lib/python3.12/site-packages/airflow/cli/cli_config.py", line 49, in command
    return func(*args, **kwargs)
           ^^^^^^^^^^^^^^^^^^^^^
  File "/home/airflow/.local/lib/python3.12/site-packages/airflow/utils/cli.py", line 116, in wrapper
    return f(*args, **kwargs)
           ^^^^^^^^^^^^^^^^^^
  File "/home/airflow/.local/lib/python3.12/site-packages/airflow/cli/commands/task_command.py", line 483, in task_run
    task_return_code = _run_task_by_selected_method(args, _dag, ti)
                       ^^^^^^^^^^^^^^^^^^^^^^^^^^^^^^^^^^^^^^^^^^^^
  File "/home/airflow/.local/lib/python3.12/site-packages/airflow/cli/commands/task_command.py", line 256, in _run_task_by_selected_method
    return _run_raw_task(args, ti)
           ^^^^^^^^^^^^^^^^^^^^^^^
  File "/home/airflow/.local/lib/python3.12/site-packages/airflow/cli/commands/task_command.py", line 341, in _run_raw_task
    return ti._run_raw_task(
           ^^^^^^^^^^^^^^^^^
  File "/home/airflow/.local/lib/python3.12/site-packages/airflow/utils/session.py", line 97, in wrapper
    return func(*args, session=session, **kwargs)
           ^^^^^^^^^^^^^^^^^^^^^^^^^^^^^^^^^^^^^^
  File "/home/airflow/.local/lib/python3.12/site-packages/airflow/models/taskinstance.py", line 3005, in _run_raw_task
    return _run_raw_task(
           ^^^^^^^^^^^^^^
  File "/home/airflow/.local/lib/python3.12/site-packages/airflow/models/taskinstance.py", line 273, in _run_raw_task
    TaskInstance._execute_task_with_callbacks(
  File "/home/airflow/.local/lib/python3.12/site-packages/airflow/models/taskinstance.py", line 3159, in _execute_task_with_callbacks
    result = self._execute_task(context, task_orig)
             ^^^^^^^^^^^^^^^^^^^^^^^^^^^^^^^^^^^^^^
  File "/home/airflow/.local/lib/python3.12/site-packages/airflow/models/taskinstance.py", line 3183, in _execute_task
    return _execute_task(self, context, task_orig)
           ^^^^^^^^^^^^^^^^^^^^^^^^^^^^^^^^^^^^^^^
  File "/home/airflow/.local/lib/python3.12/site-packages/airflow/models/taskinstance.py", line 762, in _execute_task
    result = _execute_callable(context=context, **execute_callable_kwargs)
             ^^^^^^^^^^^^^^^^^^^^^^^^^^^^^^^^^^^^^^^^^^^^^^^^^^^^^^^^^^^^^
  File "/home/airflow/.local/lib/python3.12/site-packages/airflow/models/taskinstance.py", line 733, in _execute_callable
    return ExecutionCallableRunner(
           ^^^^^^^^^^^^^^^^^^^^^^^^
  File "/home/airflow/.local/lib/python3.12/site-packages/airflow/utils/operator_helpers.py", line 252, in run
    return self.func(*args, **kwargs)
           ^^^^^^^^^^^^^^^^^^^^^^^^^^
  File "/home/airflow/.local/lib/python3.12/site-packages/airflow/models/baseoperator.py", line 417, in wrapper
    return func(self, *args, **kwargs)
           ^^^^^^^^^^^^^^^^^^^^^^^^^^^
  File "/home/airflow/.local/lib/python3.12/site-packages/airflow/operators/bash.py", line 276, in execute
    raise AirflowException(
airflow.exceptions.AirflowException: Bash command failed. The command returned a non-zero exit code 2.
[2026-01-09T03:26:04.006+0000] {local_task_job_runner.py:266} INFO - Task exited with return code 1
[2026-01-09T03:26:04.020+0000] {taskinstance.py:3895} INFO - 0 downstream tasks scheduled from follow-on schedule check
[2026-01-09T03:26:04.022+0000] {local_task_job_runner.py:245} INFO - ::endgroup::
