[2026-01-10T07:10:35.707+0000] {local_task_job_runner.py:123} INFO - ::group::Pre task execution logs
[2026-01-10T07:10:35.717+0000] {taskinstance.py:2613} INFO - Dependencies all met for dep_context=non-requeueable deps ti=<TaskInstance: retail_dbt_daily_pipeline.dbt_run manual__2026-01-10T07:10:30.701295+00:00 [queued]>
[2026-01-10T07:10:35.721+0000] {taskinstance.py:2613} INFO - Dependencies all met for dep_context=requeueable deps ti=<TaskInstance: retail_dbt_daily_pipeline.dbt_run manual__2026-01-10T07:10:30.701295+00:00 [queued]>
[2026-01-10T07:10:35.722+0000] {taskinstance.py:2866} INFO - Starting attempt 1 of 3
[2026-01-10T07:10:35.729+0000] {taskinstance.py:2889} INFO - Executing <Task(BashOperator): dbt_run> on 2026-01-10 07:10:30.701295+00:00
[2026-01-10T07:10:35.733+0000] {logging_mixin.py:190} WARNING - /home/***/.local/lib/python3.12/site-packages/***/task/task_runner/standard_task_runner.py:70 DeprecationWarning: This process (pid=548) is multi-threaded, use of fork() may lead to deadlocks in the child.
[2026-01-10T07:10:35.734+0000] {standard_task_runner.py:72} INFO - Started process 549 to run task
[2026-01-10T07:10:35.734+0000] {standard_task_runner.py:104} INFO - Running: ['***', 'tasks', 'run', 'retail_dbt_daily_pipeline', 'dbt_run', 'manual__2026-01-10T07:10:30.701295+00:00', '--job-id', '136', '--raw', '--subdir', 'DAGS_FOLDER/retail_dbt_daily_pipeline.py', '--cfg-path', '/tmp/tmpx6f250un']
[2026-01-10T07:10:35.735+0000] {standard_task_runner.py:105} INFO - Job 136: Subtask dbt_run
[2026-01-10T07:10:35.766+0000] {task_command.py:467} INFO - Running <TaskInstance: retail_dbt_daily_pipeline.dbt_run manual__2026-01-10T07:10:30.701295+00:00 [running]> on host 258acc570ce0
[2026-01-10T07:10:35.814+0000] {taskinstance.py:3132} INFO - Exporting env vars: AIRFLOW_CTX_DAG_EMAIL='test@local' AIRFLOW_CTX_DAG_OWNER='***' AIRFLOW_CTX_DAG_ID='retail_dbt_daily_pipeline' AIRFLOW_CTX_TASK_ID='dbt_run' AIRFLOW_CTX_EXECUTION_DATE='2026-01-10T07:10:30.701295+00:00' AIRFLOW_CTX_TRY_NUMBER='1' AIRFLOW_CTX_DAG_RUN_ID='manual__2026-01-10T07:10:30.701295+00:00'
[2026-01-10T07:10:35.815+0000] {taskinstance.py:731} INFO - ::endgroup::
[2026-01-10T07:10:35.826+0000] {subprocess.py:78} INFO - Tmp dir root location: /tmp
[2026-01-10T07:10:35.826+0000] {subprocess.py:88} INFO - Running command: ['/usr/bin/bash', '-c', 'bash -lc "cd /opt/***/dbt/retail_dbt && /home/***/.local/bin/dbt run"']
[2026-01-10T07:10:35.831+0000] {subprocess.py:99} INFO - Output:
[2026-01-10T07:10:37.456+0000] {subprocess.py:106} INFO - [0m07:10:37  Running with dbt=1.8.2
[2026-01-10T07:10:38.207+0000] {subprocess.py:106} INFO - [0m07:10:38  Registered adapter: snowflake=1.8.2
[2026-01-10T07:10:38.604+0000] {subprocess.py:106} INFO - [0m07:10:38  Found 12 models, 1 snapshot, 16 data tests, 6 sources, 575 macros
[2026-01-10T07:10:38.607+0000] {subprocess.py:106} INFO - [0m07:10:38
[2026-01-10T07:10:40.453+0000] {subprocess.py:106} INFO - [0m07:10:40  Concurrency: 4 threads (target='dev')
[2026-01-10T07:10:40.454+0000] {subprocess.py:106} INFO - [0m07:10:40
[2026-01-10T07:10:40.467+0000] {subprocess.py:106} INFO - [0m07:10:40  1 of 12 START sql table model STAGING_ANALYTICS.dim_date ....................... [RUN]
[2026-01-10T07:10:40.468+0000] {subprocess.py:106} INFO - [0m07:10:40  2 of 12 START sql view model STAGING_STAGING.stg_customers ..................... [RUN]
[2026-01-10T07:10:40.468+0000] {subprocess.py:106} INFO - [0m07:10:40  3 of 12 START sql view model STAGING_STAGING.stg_inventory_snapshots ........... [RUN]
[2026-01-10T07:10:40.470+0000] {subprocess.py:106} INFO - [0m07:10:40  4 of 12 START sql view model STAGING_STAGING.stg_order_items ................... [RUN]
[2026-01-10T07:10:41.386+0000] {subprocess.py:106} INFO - [0m07:10:41  4 of 12 OK created sql view model STAGING_STAGING.stg_order_items .............. [[32mSUCCESS 1[0m in 0.91s]
[2026-01-10T07:10:41.389+0000] {subprocess.py:106} INFO - [0m07:10:41  5 of 12 START sql view model STAGING_STAGING.stg_orders ........................ [RUN]
[2026-01-10T07:10:41.391+0000] {subprocess.py:106} INFO - [0m07:10:41  3 of 12 OK created sql view model STAGING_STAGING.stg_inventory_snapshots ...... [[32mSUCCESS 1[0m in 0.92s]
[2026-01-10T07:10:41.396+0000] {subprocess.py:106} INFO - [0m07:10:41  6 of 12 START sql view model STAGING_STAGING.stg_products ...................... [RUN]
[2026-01-10T07:10:41.449+0000] {subprocess.py:106} INFO - [0m07:10:41  2 of 12 OK created sql view model STAGING_STAGING.stg_customers ................ [[32mSUCCESS 1[0m in 0.98s]
[2026-01-10T07:10:41.451+0000] {subprocess.py:106} INFO - [0m07:10:41  7 of 12 START sql view model STAGING_STAGING.stg_stores ........................ [RUN]
[2026-01-10T07:10:42.231+0000] {subprocess.py:106} INFO - [0m07:10:42  5 of 12 OK created sql view model STAGING_STAGING.stg_orders ................... [[32mSUCCESS 1[0m in 0.84s]
[2026-01-10T07:10:42.234+0000] {subprocess.py:106} INFO - [0m07:10:42  8 of 12 START sql table model STAGING_ANALYTICS.fact_inventory_snapshot ........ [RUN]
[2026-01-10T07:10:42.254+0000] {subprocess.py:106} INFO - [0m07:10:42  6 of 12 OK created sql view model STAGING_STAGING.stg_products ................. [[32mSUCCESS 1[0m in 0.86s]
[2026-01-10T07:10:42.256+0000] {subprocess.py:106} INFO - [0m07:10:42  9 of 12 START sql table model STAGING_ANALYTICS.dim_customer ................... [RUN]
[2026-01-10T07:10:42.326+0000] {subprocess.py:106} INFO - [0m07:10:42  7 of 12 OK created sql view model STAGING_STAGING.stg_stores ................... [[32mSUCCESS 1[0m in 0.87s]
[2026-01-10T07:10:42.327+0000] {subprocess.py:106} INFO - [0m07:10:42  10 of 12 START sql table model STAGING_ANALYTICS.dim_product ................... [RUN]
[2026-01-10T07:10:42.560+0000] {subprocess.py:106} INFO - [0m07:10:42  1 of 12 OK created sql table model STAGING_ANALYTICS.dim_date .................. [[32mSUCCESS 1[0m in 2.09s]
[2026-01-10T07:10:42.562+0000] {subprocess.py:106} INFO - [0m07:10:42  11 of 12 START sql table model STAGING_ANALYTICS.dim_store ..................... [RUN]
[2026-01-10T07:10:43.787+0000] {subprocess.py:106} INFO - [0m07:10:43  9 of 12 OK created sql table model STAGING_ANALYTICS.dim_customer .............. [[32mSUCCESS 1[0m in 1.53s]
[2026-01-10T07:10:43.789+0000] {subprocess.py:106} INFO - [0m07:10:43  8 of 12 OK created sql table model STAGING_ANALYTICS.fact_inventory_snapshot ... [[32mSUCCESS 1[0m in 1.55s]
[2026-01-10T07:10:43.795+0000] {subprocess.py:106} INFO - [0m07:10:43  10 of 12 OK created sql table model STAGING_ANALYTICS.dim_product .............. [[32mSUCCESS 1[0m in 1.46s]
[2026-01-10T07:10:43.796+0000] {subprocess.py:106} INFO - [0m07:10:43  12 of 12 START sql table model STAGING_ANALYTICS.fact_sales .................... [RUN]
[2026-01-10T07:10:44.018+0000] {subprocess.py:106} INFO - [0m07:10:44  11 of 12 OK created sql table model STAGING_ANALYTICS.dim_store ................ [[32mSUCCESS 1[0m in 1.45s]
[2026-01-10T07:10:46.149+0000] {subprocess.py:106} INFO - [0m07:10:46  12 of 12 OK created sql table model STAGING_ANALYTICS.fact_sales ............... [[32mSUCCESS 1[0m in 2.35s]
[2026-01-10T07:10:46.156+0000] {subprocess.py:106} INFO - [0m07:10:46
[2026-01-10T07:10:46.157+0000] {subprocess.py:106} INFO - [0m07:10:46  Finished running 6 view models, 6 table models in 0 hours 0 minutes and 7.55 seconds (7.55s).
[2026-01-10T07:10:46.270+0000] {subprocess.py:106} INFO - [0m07:10:46
[2026-01-10T07:10:46.270+0000] {subprocess.py:106} INFO - [0m07:10:46  [32mCompleted successfully[0m
[2026-01-10T07:10:46.271+0000] {subprocess.py:106} INFO - [0m07:10:46
[2026-01-10T07:10:46.271+0000] {subprocess.py:106} INFO - [0m07:10:46  Done. PASS=12 WARN=0 ERROR=0 SKIP=0 TOTAL=12
[2026-01-10T07:10:46.893+0000] {subprocess.py:110} INFO - Command exited with return code 0
[2026-01-10T07:10:46.913+0000] {taskinstance.py:340} INFO - ::group::Post task execution logs
[2026-01-10T07:10:46.913+0000] {taskinstance.py:352} INFO - Marking task as SUCCESS. dag_id=retail_dbt_daily_pipeline, task_id=dbt_run, run_id=manual__2026-01-10T07:10:30.701295+00:00, execution_date=20260110T071030, start_date=20260110T071035, end_date=20260110T071046
[2026-01-10T07:10:46.945+0000] {local_task_job_runner.py:266} INFO - Task exited with return code 0
[2026-01-10T07:10:46.958+0000] {taskinstance.py:3895} INFO - 1 downstream tasks scheduled from follow-on schedule check
[2026-01-10T07:10:46.958+0000] {local_task_job_runner.py:245} INFO - ::endgroup::
