[2026-01-10T08:03:53.752+0000] {local_task_job_runner.py:123} INFO - ::group::Pre task execution logs
[2026-01-10T08:03:53.763+0000] {taskinstance.py:2613} INFO - Dependencies all met for dep_context=non-requeueable deps ti=<TaskInstance: retail_dbt_daily_pipeline.dbt_docs_generate manual__2026-01-10T08:03:26.471365+00:00 [queued]>
[2026-01-10T08:03:53.767+0000] {taskinstance.py:2613} INFO - Dependencies all met for dep_context=requeueable deps ti=<TaskInstance: retail_dbt_daily_pipeline.dbt_docs_generate manual__2026-01-10T08:03:26.471365+00:00 [queued]>
[2026-01-10T08:03:53.768+0000] {taskinstance.py:2866} INFO - Starting attempt 1 of 3
[2026-01-10T08:03:53.776+0000] {taskinstance.py:2889} INFO - Executing <Task(BashOperator): dbt_docs_generate> on 2026-01-10 08:03:26.471365+00:00
[2026-01-10T08:03:53.780+0000] {logging_mixin.py:190} WARNING - /home/***/.local/lib/python3.12/site-packages/***/task/task_runner/standard_task_runner.py:70 DeprecationWarning: This process (pid=767) is multi-threaded, use of fork() may lead to deadlocks in the child.
[2026-01-10T08:03:53.781+0000] {standard_task_runner.py:72} INFO - Started process 768 to run task
[2026-01-10T08:03:53.780+0000] {standard_task_runner.py:104} INFO - Running: ['***', 'tasks', 'run', 'retail_dbt_daily_pipeline', 'dbt_docs_generate', 'manual__2026-01-10T08:03:26.471365+00:00', '--job-id', '149', '--raw', '--subdir', 'DAGS_FOLDER/retail_dbt_daily_pipeline.py', '--cfg-path', '/tmp/tmpimxa919o']
[2026-01-10T08:03:53.782+0000] {standard_task_runner.py:105} INFO - Job 149: Subtask dbt_docs_generate
[2026-01-10T08:03:53.810+0000] {task_command.py:467} INFO - Running <TaskInstance: retail_dbt_daily_pipeline.dbt_docs_generate manual__2026-01-10T08:03:26.471365+00:00 [running]> on host 88a183b93207
[2026-01-10T08:03:53.858+0000] {taskinstance.py:3132} INFO - Exporting env vars: AIRFLOW_CTX_DAG_EMAIL='test@local' AIRFLOW_CTX_DAG_OWNER='***' AIRFLOW_CTX_DAG_ID='retail_dbt_daily_pipeline' AIRFLOW_CTX_TASK_ID='dbt_docs_generate' AIRFLOW_CTX_EXECUTION_DATE='2026-01-10T08:03:26.471365+00:00' AIRFLOW_CTX_TRY_NUMBER='1' AIRFLOW_CTX_DAG_RUN_ID='manual__2026-01-10T08:03:26.471365+00:00'
[2026-01-10T08:03:53.858+0000] {taskinstance.py:731} INFO - ::endgroup::
[2026-01-10T08:03:53.869+0000] {subprocess.py:78} INFO - Tmp dir root location: /tmp
[2026-01-10T08:03:53.870+0000] {subprocess.py:88} INFO - Running command: ['/usr/bin/bash', '-c', 'bash -lc "cd /opt/***/dbt/retail_dbt && /home/***/.local/bin/dbt docs generate"']
[2026-01-10T08:03:53.875+0000] {subprocess.py:99} INFO - Output:
[2026-01-10T08:03:55.450+0000] {subprocess.py:106} INFO - [0m08:03:55  Running with dbt=1.8.2
[2026-01-10T08:03:56.115+0000] {subprocess.py:106} INFO - [0m08:03:56  Registered adapter: snowflake=1.8.2
[2026-01-10T08:03:56.374+0000] {subprocess.py:106} INFO - [0m08:03:56  Found 12 models, 1 snapshot, 16 data tests, 6 sources, 575 macros
[2026-01-10T08:03:56.377+0000] {subprocess.py:106} INFO - [0m08:03:56
[2026-01-10T08:03:57.390+0000] {subprocess.py:106} INFO - [0m08:03:57  Concurrency: 4 threads (target='dev')
[2026-01-10T08:03:57.390+0000] {subprocess.py:106} INFO - [0m08:03:57
[2026-01-10T08:03:57.691+0000] {subprocess.py:106} INFO - [0m08:03:57  Building catalog
[2026-01-10T08:04:06.743+0000] {subprocess.py:106} INFO - [0m08:04:06  Catalog written to /opt/***/dbt/retail_dbt/target/catalog.json
[2026-01-10T08:04:07.302+0000] {subprocess.py:110} INFO - Command exited with return code 0
[2026-01-10T08:04:07.320+0000] {taskinstance.py:340} INFO - ::group::Post task execution logs
[2026-01-10T08:04:07.320+0000] {taskinstance.py:352} INFO - Marking task as SUCCESS. dag_id=retail_dbt_daily_pipeline, task_id=dbt_docs_generate, run_id=manual__2026-01-10T08:03:26.471365+00:00, execution_date=20260110T080326, start_date=20260110T080353, end_date=20260110T080407
[2026-01-10T08:04:07.330+0000] {local_task_job_runner.py:266} INFO - Task exited with return code 0
[2026-01-10T08:04:07.340+0000] {taskinstance.py:3895} INFO - 0 downstream tasks scheduled from follow-on schedule check
[2026-01-10T08:04:07.340+0000] {local_task_job_runner.py:245} INFO - ::endgroup::
