[2026-01-08T21:24:24.229+0000] {local_task_job_runner.py:123} INFO - ::group::Pre task execution logs
[2026-01-08T21:24:24.239+0000] {taskinstance.py:2613} INFO - Dependencies all met for dep_context=non-requeueable deps ti=<TaskInstance: retail_dbt_daily_pipeline.dbt_run manual__2026-01-08T21:19:07.948518+00:00 [queued]>
[2026-01-08T21:24:24.244+0000] {taskinstance.py:2613} INFO - Dependencies all met for dep_context=requeueable deps ti=<TaskInstance: retail_dbt_daily_pipeline.dbt_run manual__2026-01-08T21:19:07.948518+00:00 [queued]>
[2026-01-08T21:24:24.244+0000] {taskinstance.py:2866} INFO - Starting attempt 2 of 2
[2026-01-08T21:24:24.250+0000] {taskinstance.py:2889} INFO - Executing <Task(BashOperator): dbt_run> on 2026-01-08 21:19:07.948518+00:00
[2026-01-08T21:24:24.254+0000] {logging_mixin.py:190} WARNING - /home/***/.local/lib/python3.12/site-packages/***/task/task_runner/standard_task_runner.py:70 DeprecationWarning: This process (pid=792) is multi-threaded, use of fork() may lead to deadlocks in the child.
[2026-01-08T21:24:24.255+0000] {standard_task_runner.py:72} INFO - Started process 793 to run task
[2026-01-08T21:24:24.255+0000] {standard_task_runner.py:104} INFO - Running: ['***', 'tasks', 'run', 'retail_dbt_daily_pipeline', 'dbt_run', 'manual__2026-01-08T21:19:07.948518+00:00', '--job-id', '45', '--raw', '--subdir', 'DAGS_FOLDER/retail_dw_daily.py', '--cfg-path', '/tmp/tmpcf143rtx']
[2026-01-08T21:24:24.256+0000] {standard_task_runner.py:105} INFO - Job 45: Subtask dbt_run
[2026-01-08T21:24:24.283+0000] {task_command.py:467} INFO - Running <TaskInstance: retail_dbt_daily_pipeline.dbt_run manual__2026-01-08T21:19:07.948518+00:00 [running]> on host 5fc490f84247
[2026-01-08T21:24:24.331+0000] {taskinstance.py:3132} INFO - Exporting env vars: AIRFLOW_CTX_DAG_OWNER='data-engineering' AIRFLOW_CTX_DAG_ID='retail_dbt_daily_pipeline' AIRFLOW_CTX_TASK_ID='dbt_run' AIRFLOW_CTX_EXECUTION_DATE='2026-01-08T21:19:07.948518+00:00' AIRFLOW_CTX_TRY_NUMBER='2' AIRFLOW_CTX_DAG_RUN_ID='manual__2026-01-08T21:19:07.948518+00:00'
[2026-01-08T21:24:24.331+0000] {taskinstance.py:731} INFO - ::endgroup::
[2026-01-08T21:24:24.341+0000] {subprocess.py:78} INFO - Tmp dir root location: /tmp
[2026-01-08T21:24:24.342+0000] {subprocess.py:88} INFO - Running command: ['/usr/bin/bash', '-c', 'cd /opt/***/dbt/retail_dbt && dbt run']
[2026-01-08T21:24:24.347+0000] {subprocess.py:99} INFO - Output:
[2026-01-08T21:24:25.905+0000] {subprocess.py:106} INFO - [0m21:24:25  Running with dbt=1.8.2
[2026-01-08T21:24:26.556+0000] {subprocess.py:106} INFO - [0m21:24:26  Registered adapter: snowflake=1.8.2
[2026-01-08T21:24:26.901+0000] {subprocess.py:106} INFO - [0m21:24:26  Found 12 models, 1 snapshot, 16 data tests, 6 sources, 575 macros
[2026-01-08T21:24:26.904+0000] {subprocess.py:106} INFO - [0m21:24:26
[2026-01-08T21:24:29.055+0000] {subprocess.py:106} INFO - [0m21:24:29  Concurrency: 4 threads (target='dev')
[2026-01-08T21:24:29.056+0000] {subprocess.py:106} INFO - [0m21:24:29
[2026-01-08T21:24:29.071+0000] {subprocess.py:106} INFO - [0m21:24:29  1 of 12 START sql table model STAGING_ANALYTICS.dim_date ....................... [RUN]
[2026-01-08T21:24:29.072+0000] {subprocess.py:106} INFO - [0m21:24:29  2 of 12 START sql view model STAGING_STAGING.stg_customers ..................... [RUN]
[2026-01-08T21:24:29.072+0000] {subprocess.py:106} INFO - [0m21:24:29  3 of 12 START sql view model STAGING_STAGING.stg_inventory_snapshots ........... [RUN]
[2026-01-08T21:24:29.074+0000] {subprocess.py:106} INFO - [0m21:24:29  4 of 12 START sql view model STAGING_STAGING.stg_order_items ................... [RUN]
[2026-01-08T21:24:29.998+0000] {subprocess.py:106} INFO - [0m21:24:29  4 of 12 OK created sql view model STAGING_STAGING.stg_order_items .............. [[32mSUCCESS 1[0m in 0.92s]
[2026-01-08T21:24:29.999+0000] {subprocess.py:106} INFO - [0m21:24:29  3 of 12 OK created sql view model STAGING_STAGING.stg_inventory_snapshots ...... [[32mSUCCESS 1[0m in 0.92s]
[2026-01-08T21:24:30.001+0000] {subprocess.py:106} INFO - [0m21:24:30  2 of 12 OK created sql view model STAGING_STAGING.stg_customers ................ [[32mSUCCESS 1[0m in 0.92s]
[2026-01-08T21:24:30.004+0000] {subprocess.py:106} INFO - [0m21:24:30  5 of 12 START sql view model STAGING_STAGING.stg_orders ........................ [RUN]
[2026-01-08T21:24:30.005+0000] {subprocess.py:106} INFO - [0m21:24:30  6 of 12 START sql view model STAGING_STAGING.stg_products ...................... [RUN]
[2026-01-08T21:24:30.006+0000] {subprocess.py:106} INFO - [0m21:24:30  7 of 12 START sql view model STAGING_STAGING.stg_stores ........................ [RUN]
[2026-01-08T21:24:30.856+0000] {subprocess.py:106} INFO - [0m21:24:30  1 of 12 OK created sql table model STAGING_ANALYTICS.dim_date .................. [[32mSUCCESS 1[0m in 1.78s]
[2026-01-08T21:24:30.860+0000] {subprocess.py:106} INFO - [0m21:24:30  8 of 12 START sql table model STAGING_ANALYTICS.fact_inventory_snapshot ........ [RUN]
[2026-01-08T21:24:30.888+0000] {subprocess.py:106} INFO - [0m21:24:30  5 of 12 OK created sql view model STAGING_STAGING.stg_orders ................... [[32mSUCCESS 1[0m in 0.88s]
[2026-01-08T21:24:30.891+0000] {subprocess.py:106} INFO - [0m21:24:30  9 of 12 START sql table model STAGING_ANALYTICS.dim_customer ................... [RUN]
[2026-01-08T21:24:30.927+0000] {subprocess.py:106} INFO - [0m21:24:30  7 of 12 OK created sql view model STAGING_STAGING.stg_stores ................... [[32mSUCCESS 1[0m in 0.92s]
[2026-01-08T21:24:30.929+0000] {subprocess.py:106} INFO - [0m21:24:30  10 of 12 START sql table model STAGING_ANALYTICS.dim_store ..................... [RUN]
[2026-01-08T21:24:30.930+0000] {subprocess.py:106} INFO - [0m21:24:30  6 of 12 OK created sql view model STAGING_STAGING.stg_products ................. [[32mSUCCESS 1[0m in 0.92s]
[2026-01-08T21:24:30.935+0000] {subprocess.py:106} INFO - [0m21:24:30  11 of 12 START sql table model STAGING_ANALYTICS.dim_product ................... [RUN]
[2026-01-08T21:24:32.421+0000] {subprocess.py:106} INFO - [0m21:24:32  8 of 12 OK created sql table model STAGING_ANALYTICS.fact_inventory_snapshot ... [[32mSUCCESS 1[0m in 1.55s]
[2026-01-08T21:24:32.422+0000] {subprocess.py:106} INFO - [0m21:24:32  11 of 12 OK created sql table model STAGING_ANALYTICS.dim_product .............. [[32mSUCCESS 1[0m in 1.48s]
[2026-01-08T21:24:32.423+0000] {subprocess.py:106} INFO - [0m21:24:32  10 of 12 OK created sql table model STAGING_ANALYTICS.dim_store ................ [[32mSUCCESS 1[0m in 1.49s]
[2026-01-08T21:24:32.424+0000] {subprocess.py:106} INFO - [0m21:24:32  9 of 12 OK created sql table model STAGING_ANALYTICS.dim_customer .............. [[32mSUCCESS 1[0m in 1.53s]
[2026-01-08T21:24:32.430+0000] {subprocess.py:106} INFO - [0m21:24:32  12 of 12 START sql table model STAGING_ANALYTICS.fact_sales .................... [RUN]
[2026-01-08T21:24:34.353+0000] {subprocess.py:106} INFO - [0m21:24:34  12 of 12 OK created sql table model STAGING_ANALYTICS.fact_sales ............... [[32mSUCCESS 1[0m in 1.92s]
[2026-01-08T21:24:34.359+0000] {subprocess.py:106} INFO - [0m21:24:34
[2026-01-08T21:24:34.360+0000] {subprocess.py:106} INFO - [0m21:24:34  Finished running 6 view models, 6 table models in 0 hours 0 minutes and 7.45 seconds (7.45s).
[2026-01-08T21:24:34.449+0000] {subprocess.py:106} INFO - [0m21:24:34
[2026-01-08T21:24:34.450+0000] {subprocess.py:106} INFO - [0m21:24:34  [32mCompleted successfully[0m
[2026-01-08T21:24:34.450+0000] {subprocess.py:106} INFO - [0m21:24:34
[2026-01-08T21:24:34.450+0000] {subprocess.py:106} INFO - [0m21:24:34  Done. PASS=12 WARN=0 ERROR=0 SKIP=0 TOTAL=12
[2026-01-08T21:24:35.122+0000] {subprocess.py:110} INFO - Command exited with return code 0
[2026-01-08T21:24:35.140+0000] {taskinstance.py:340} INFO - ::group::Post task execution logs
[2026-01-08T21:24:35.140+0000] {taskinstance.py:352} INFO - Marking task as SUCCESS. dag_id=retail_dbt_daily_pipeline, task_id=dbt_run, run_id=manual__2026-01-08T21:19:07.948518+00:00, execution_date=20260108T211907, start_date=20260108T212424, end_date=20260108T212435
[2026-01-08T21:24:35.150+0000] {local_task_job_runner.py:266} INFO - Task exited with return code 0
[2026-01-08T21:24:35.159+0000] {dagrun.py:977} ERROR - Failed to get task for ti <TaskInstance: retail_dbt_daily_pipeline.save_dbt_state manual__2026-01-08T21:19:07.948518+00:00 [None]>. Marking it as removed.
[2026-01-08T21:24:35.163+0000] {taskinstance.py:3895} INFO - 1 downstream tasks scheduled from follow-on schedule check
[2026-01-08T21:24:35.164+0000] {local_task_job_runner.py:245} INFO - ::endgroup::
